Log file open, 02/04/19 18:44:59
LogWindows: Failed to load 'aqProf.dll' (GetLastError=126)
LogWindows: File 'aqProf.dll' does not exist
LogWindows: Failed to load 'VtuneApi.dll' (GetLastError=126)
LogWindows: File 'VtuneApi.dll' does not exist
LogWindows: Failed to load 'VtuneApi32e.dll' (GetLastError=126)
LogWindows: File 'VtuneApi32e.dll' does not exist
LogPakFile: Display: Found Pak file ../../../PeopleWithGuns/Content/Paks/PeopleWithGuns-WindowsNoEditor.pak attempting to mount.
LogPakFile: Display: Mounting pak file ../../../PeopleWithGuns/Content/Paks/PeopleWithGuns-WindowsNoEditor.pak.
LogPlatformFile: Not using cached read wrapper
LogTaskGraph: Started task graph with 5 named threads and 11 total threads with 3 sets of task threads.
LogStats: Stats thread started at 0.496390
LogD3D11RHI: Loaded GFSDK_Aftermath_Lib.x64.dll
LogICUInternationalization: Display: ICU TimeZone Detection - Raw Offset: +1:00, Platform Override: ''
LogPluginManager: Mounting plugin OnlineSubsystemSteam
LogPluginManager: Mounting plugin OnlineSubsystem
LogPluginManager: Mounting plugin OnlineSubsystemUtils
LogPluginManager: Mounting plugin Paper2D
LogPluginManager: Mounting plugin AISupport
LogPluginManager: Mounting plugin LightPropagationVolume
LogPluginManager: Mounting plugin AssetManagerEditor
LogPluginManager: Mounting plugin CryptoKeys
LogPluginManager: Mounting plugin FacialAnimation
LogPluginManager: Mounting plugin MeshEditor
LogPluginManager: Mounting plugin EditableMesh
LogPluginManager: Mounting plugin DatasmithContent
LogPluginManager: Mounting plugin AlembicImporter
LogPluginManager: Mounting plugin GeometryCache
LogPluginManager: Mounting plugin AppleImageUtils
LogPluginManager: Mounting plugin AppleVision
LogPluginManager: Mounting plugin BackChannel
LogPluginManager: Mounting plugin CharacterAI
LogPluginManager: Mounting plugin HTML5Networking
LogPluginManager: Mounting plugin AvfMedia
LogPluginManager: Mounting plugin ImgMedia
LogPluginManager: Mounting plugin LinearTimecode
LogPluginManager: Mounting plugin MediaCompositing
LogPluginManager: Mounting plugin WmfMedia
LogPluginManager: Mounting plugin TcpMessaging
LogPluginManager: Mounting plugin UdpMessaging
LogPluginManager: Mounting plugin ActorSequence
LogPluginManager: Mounting plugin NetcodeUnitTest
LogPluginManager: Mounting plugin OnlineSubsystemNull
LogPluginManager: Mounting plugin LauncherChunkInstaller
LogPluginManager: Mounting plugin AndroidPermission
LogPluginManager: Mounting plugin ArchVisCharacter
LogPluginManager: Mounting plugin AudioCapture
LogPluginManager: Mounting plugin CableComponent
LogPluginManager: Mounting plugin CustomMeshComponent
LogPluginManager: Mounting plugin ExampleDeviceProfileSelector
LogPluginManager: Mounting plugin ImmediatePhysics
LogPluginManager: Mounting plugin LocationServicesBPLibrary
LogPluginManager: Mounting plugin MobilePatchingUtils
LogPluginManager: Mounting plugin OculusVR
LogPluginManager: Mounting plugin ProceduralMeshComponent
LogPluginManager: Mounting plugin PhysXVehicles
LogPluginManager: Mounting plugin RuntimePhysXCooking
LogPluginManager: Mounting plugin WindowsMoviePlayer
LogStreaming: Display: Took  0.061s to configure plugins.
LogInit: Using libcurl 7.55.1-DEV
LogInit:  - built for x86_64-pc-win32
LogInit:  - supports SSL with OpenSSL/1.0.2h
LogInit:  - supports HTTP deflate (compression) using libz 1.2.8
LogInit:  - other features:
LogInit:      CURL_VERSION_SSL
LogInit:      CURL_VERSION_LIBZ
LogInit:      CURL_VERSION_IPV6
LogInit:      CURL_VERSION_ASYNCHDNS
LogInit:      CURL_VERSION_LARGEFILE
LogInit:      CURL_VERSION_IDN
LogInit:  CurlRequestOptions (configurable via config and command line):
LogInit:  - bVerifyPeer = false  - Libcurl will NOT verify peer certificate
LogInit:  - bUseHttpProxy = false  - Libcurl will NOT use HTTP proxy
LogInit:  - bDontReuseConnections = false  - Libcurl will reuse connections
LogInit:  - CertBundlePath = nullptr  - Libcurl will use whatever was configured at build time.
LogInit:  - MaxHostConnections = 16  - Libcurl will limit the number of connections to a host
LogInit:  - LocalHostAddr = Default
LogInit:  - BufferSize = 65536
LogOnline: Display: STEAM: Loading Steam SDK 1.39
LogInit: WinSock: version 1.1 (2.2), MaxSocks=32767, MaxUdp=65467
LogInit: Build: ++UE4+Release-4.20-CL-4369336
LogInit: Engine Version: 4.20.3-4369336+++UE4+Release-4.20
LogInit: Compatible Engine Version: 4.20.0-4212847+++UE4+Release-4.20
LogInit: Net CL: 4212847
LogInit: OS: Windows 10 (), CPU: Intel(R) Core(TM) i7-6500U CPU @ 2.50GHz, GPU: Intel(R) HD Graphics 520
LogInit: Compiled (64-bit): Sep 17 2018 12:36:23
LogInit: Compiled with Visual C++: 19.00.24215.01
LogInit: Build Configuration: Development
LogInit: Branch Name: ++UE4+Release-4.20
LogInit: Command Line:  
LogInit: Base Directory: C:/Users/Malo/Documents/GitHub/ProjetsHub2018/FPSUnreal/Builds/WindowsNoEditor/PeopleWithGuns/Binaries/Win64/
LogInit: Installed Engine Build: 0
LogDevObjectVersion: Number of dev versions registered: 20
LogDevObjectVersion:   Dev-Blueprints (B0D832E4-1F89-4F0D-ACCF-7EB736FD4AA2): 10
LogDevObjectVersion:   Dev-Build (E1C64328-A22C-4D53-A36C-8E866417BD8C): 0
LogDevObjectVersion:   Dev-Core (375EC13C-06E4-48FB-B500-84F0262A717E): 2
LogDevObjectVersion:   Dev-Editor (E4B068ED-F494-42E9-A231-DA0B2E46BB41): 24
LogDevObjectVersion:   Dev-Framework (CFFC743F-43B0-4480-9391-14DF171D2073): 34
LogDevObjectVersion:   Dev-Mobile (B02B49B5-BB20-44E9-A304-32B752E40360): 2
LogDevObjectVersion:   Dev-Networking (A4E4105C-59A1-49B5-A7C5-40C4547EDFEE): 0
LogDevObjectVersion:   Dev-Online (39C831C9-5AE6-47DC-9A44-9C173E1C8E7C): 0
LogDevObjectVersion:   Dev-Physics (78F01B33-EBEA-4F98-B9B4-84EACCB95AA2): 0
LogDevObjectVersion:   Dev-Platform (6631380F-2D4D-43E0-8009-CF276956A95A): 0
LogDevObjectVersion:   Dev-Rendering (12F88B9F-8875-4AFC-A67C-D90C383ABD29): 26
LogDevObjectVersion:   Dev-Sequencer (7B5AE74C-D270-4C10-A958-57980B212A5A): 9
LogDevObjectVersion:   Dev-VR (D7296918-1DD6-4BDD-9DE2-64A83CC13884): 2
LogDevObjectVersion:   Dev-LoadTimes (C2A15278-BFE7-4AFE-6C17-90FF531DF755): 1
LogDevObjectVersion:   Private-Geometry (6EACA3D4-40EC-4CC1-B786-8BED09428FC5): 3
LogDevObjectVersion:   Dev-AnimPhys (29E575DD-E0A3-4627-9D10-D276232CDCEA): 17
LogDevObjectVersion:   Dev-ReflectionCapture (6B266CEC-1EC7-4B8F-A30B-E4D90942FC07): 1
LogDevObjectVersion:   Dev-Automation (0DF73D61-A23F-47EA-B727-89E90C41499A): 1
LogDevObjectVersion:   FortniteMain (601D1886-AC64-4F84-AA16-D3DE0DEAC7D6): 12
LogDevObjectVersion:   Dev-Enterprise (9DFFBCD6-494F-0158-E221-12823C92A888): 1
LogStreaming: Display: Took  0.001s to delete old logs.
LogInit: Presizing for max 2097152 objects, including 0 objects not considered by GC, pre-allocating 0 bytes for permanent pool.
LogStreaming: Display: Async Loading initialized: Event Driven Loader: true, Async Loading Thread: false, Async Post Load: true
LogInit: Object subsystem initialized
[2019.02.04-17.45.00:314][  0]LogInit: Selected Device Profile: [WindowsNoEditor]
[2019.02.04-17.45.00:314][  0]LogInit: Applying CVar settings loaded from the selected device profile: [WindowsNoEditor]
[2019.02.04-17.45.00:325][  0]LogHAL: Display: Platform has ~ 8 GB [8464732160 / 8589934592 / 8], which maps to Default [LargestMinGB=32, LargerMinGB=12, DefaultMinGB=8, SmallerMinGB=6, SmallestMinGB=0)
[2019.02.04-17.45.00:325][  0]LogInit: Going up to parent DeviceProfile [Windows]
[2019.02.04-17.45.00:326][  0]LogInit: Setting Device Profile CVar: [[r.Vulkan.UseRealUBs:1]]
[2019.02.04-17.45.00:326][  0]LogInit: Going up to parent DeviceProfile []
[2019.02.04-17.45.00:329][  0]LogInit: Computer: DESKTOP-FT66DED
[2019.02.04-17.45.00:329][  0]LogInit: User: Malo
[2019.02.04-17.45.00:329][  0]LogInit: CPU Page size=4096, Cores=2
[2019.02.04-17.45.00:329][  0]LogInit: High frequency timer resolution =10.000000 MHz
[2019.02.04-17.45.00:330][  0]LogMemory: Memory total: Physical=7.9GB (8GB approx)
[2019.02.04-17.45.00:330][  0]LogMemory: Platform Memory Stats for WindowsNoEditor
[2019.02.04-17.45.00:330][  0]LogMemory: Process Physical Memory: 84.84 MB used, 84.84 MB peak
[2019.02.04-17.45.00:330][  0]LogMemory: Process Virtual Memory: 76.13 MB used, 76.13 MB peak
[2019.02.04-17.45.00:330][  0]LogMemory: Physical Memory: 5622.51 MB used,  2450.09 MB free, 8072.60 MB total
[2019.02.04-17.45.00:330][  0]LogMemory: Virtual Memory: 4543.49 MB used,  2450.09 MB free, 134217728.00 MB total
[2019.02.04-17.45.00:654][  0]LogInit: Using OS detected language (fr-FR).
[2019.02.04-17.45.00:654][  0]LogInit: Using OS detected locale (fr-FR).
[2019.02.04-17.45.00:656][  0]LogTextLocalizationManager: No localization for 'fr-FR' exists, so 'en' will be used for the language.
[2019.02.04-17.45.00:657][  0]LogTextLocalizationManager: No localization for 'fr-FR' exists, so 'en' will be used for the locale.
[2019.02.04-17.45.00:692][  0]LogStreaming: Display: Took  0.038s to InitEngineTextLocalization.
[2019.02.04-17.45.00:746][  0]LogSlate: New Slate User Created.  User Index 0, Is Virtual User: 0
[2019.02.04-17.45.00:746][  0]LogSlate: Slate User Registered.  User Index 0, Is Virtual User: 0
[2019.02.04-17.45.00:756][  0]LogD3D11RHI: D3D11 adapters:
[2019.02.04-17.45.00:786][  0]LogD3D11RHI:    0. 'Intel(R) HD Graphics 520' (Feature Level 11_0)
[2019.02.04-17.45.00:786][  0]LogD3D11RHI:       128/0/4036 MB DedicatedVideo/DedicatedSystem/SharedSystem, Outputs:1, VendorId:0x8086
[2019.02.04-17.45.00:804][  0]LogD3D11RHI:    1. 'Microsoft Basic Render Driver' (Feature Level 11_0)
[2019.02.04-17.45.00:804][  0]LogD3D11RHI:       0/0/4036 MB DedicatedVideo/DedicatedSystem/SharedSystem, Outputs:0, VendorId:0x1414
[2019.02.04-17.45.00:804][  0]LogD3D11RHI: Chosen D3D11 Adapter: 0
[2019.02.04-17.45.00:816][  0]LogD3D11RHI: Creating new Direct3DDevice
[2019.02.04-17.45.00:816][  0]LogD3D11RHI:     GPU DeviceId: 0x1916 (for the marketing name, search the web for "GPU Device Id")
[2019.02.04-17.45.00:817][  0]LogWindows: EnumDisplayDevices:
[2019.02.04-17.45.00:817][  0]LogWindows:    0. 'Intel(R) HD Graphics 520' (P:1 D:1)
[2019.02.04-17.45.00:817][  0]LogWindows:    1. 'Intel(R) HD Graphics 520' (P:0 D:0)
[2019.02.04-17.45.00:818][  0]LogWindows:    2. 'Intel(R) HD Graphics 520' (P:0 D:0)
[2019.02.04-17.45.00:818][  0]LogWindows: DebugString: FoundDriverCount:3 
[2019.02.04-17.45.00:818][  0]LogD3D11RHI:     Adapter Name: Intel(R) HD Graphics 520
[2019.02.04-17.45.00:818][  0]LogD3D11RHI:   Driver Version: 22.20.16.4771 (internal:22.20.16.4771, unified:22.20.16.4771)
[2019.02.04-17.45.00:818][  0]LogD3D11RHI:      Driver Date: 8-13-2017
[2019.02.04-17.45.00:818][  0]LogRHI: Texture pool is 1502 MB (70% of 2146 MB)
[2019.02.04-17.45.00:835][  0]LogD3D11RHI: Async texture creation enabled
[2019.02.04-17.45.00:869][  0]LogD3D11RHI: GPU Timing Frequency: 12.000000 (Debug: 2 0)
[2019.02.04-17.45.00:875][  0]LogShaderLibrary: Display: Failed to load Shared Shader Library: Global and no native library supported.
[2019.02.04-17.45.00:875][  0]LogShaderLibrary: Display: Failed to load Shared Shader Library: Global_SC and no native library supported.
[2019.02.04-17.45.00:876][  0]LogShaderLibrary: Display: Failed to load Shared Shader Library: Paper2D and no native library supported.
[2019.02.04-17.45.00:876][  0]LogShaderLibrary: Display: Failed to load Shared Shader Library: Paper2D_SC and no native library supported.
[2019.02.04-17.45.00:876][  0]LogShaderLibrary: Display: Failed to load Shared Shader Library: Paper2D and no native library supported.
[2019.02.04-17.45.00:876][  0]LogShaderLibrary: Display: Failed to load Shared Shader Library: Paper2D_SC and no native library supported.
[2019.02.04-17.45.00:876][  0]LogShaderLibrary: Display: Failed to load Shared Shader Library: CryptoKeys and no native library supported.
[2019.02.04-17.45.00:876][  0]LogShaderLibrary: Display: Failed to load Shared Shader Library: CryptoKeys_SC and no native library supported.
[2019.02.04-17.45.00:876][  0]LogShaderLibrary: Display: Failed to load Shared Shader Library: CryptoKeys and no native library supported.
[2019.02.04-17.45.00:876][  0]LogShaderLibrary: Display: Failed to load Shared Shader Library: CryptoKeys_SC and no native library supported.
[2019.02.04-17.45.00:876][  0]LogShaderLibrary: Display: Failed to load Shared Shader Library: MeshEditor and no native library supported.
[2019.02.04-17.45.00:876][  0]LogShaderLibrary: Display: Failed to load Shared Shader Library: MeshEditor_SC and no native library supported.
[2019.02.04-17.45.00:877][  0]LogShaderLibrary: Display: Failed to load Shared Shader Library: MeshEditor and no native library supported.
[2019.02.04-17.45.00:877][  0]LogShaderLibrary: Display: Failed to load Shared Shader Library: MeshEditor_SC and no native library supported.
[2019.02.04-17.45.00:877][  0]LogShaderLibrary: Display: Failed to load Shared Shader Library: DatasmithContent and no native library supported.
[2019.02.04-17.45.00:877][  0]LogShaderLibrary: Display: Failed to load Shared Shader Library: DatasmithContent_SC and no native library supported.
[2019.02.04-17.45.00:877][  0]LogShaderLibrary: Display: Failed to load Shared Shader Library: DatasmithContent and no native library supported.
[2019.02.04-17.45.00:877][  0]LogShaderLibrary: Display: Failed to load Shared Shader Library: DatasmithContent_SC and no native library supported.
[2019.02.04-17.45.00:877][  0]LogShaderLibrary: Display: Failed to load Shared Shader Library: MediaCompositing and no native library supported.
[2019.02.04-17.45.00:877][  0]LogShaderLibrary: Display: Failed to load Shared Shader Library: MediaCompositing_SC and no native library supported.
[2019.02.04-17.45.00:877][  0]LogShaderLibrary: Display: Failed to load Shared Shader Library: MediaCompositing and no native library supported.
[2019.02.04-17.45.00:878][  0]LogShaderLibrary: Display: Failed to load Shared Shader Library: MediaCompositing_SC and no native library supported.
[2019.02.04-17.45.00:878][  0]LogShaderLibrary: Display: Failed to load Shared Shader Library: OculusVR and no native library supported.
[2019.02.04-17.45.00:878][  0]LogShaderLibrary: Display: Failed to load Shared Shader Library: OculusVR_SC and no native library supported.
[2019.02.04-17.45.00:878][  0]LogShaderLibrary: Display: Failed to load Shared Shader Library: OculusVR and no native library supported.
[2019.02.04-17.45.00:879][  0]LogShaderLibrary: Display: Failed to load Shared Shader Library: OculusVR_SC and no native library supported.
[2019.02.04-17.45.00:880][  0]LogRHI: Display: Failed to open default shader pipeline cache for PeopleWithGuns using shader platform 0.
[2019.02.04-17.45.00:938][  0]LogMaterial: Verifying Global Shaders for PCD3D_SM5
[2019.02.04-17.45.00:974][  0]LogSlate: Using FreeType 2.6.0
[2019.02.04-17.45.00:978][  0]LogSlate: SlateFontServices - WITH_FREETYPE: 1, WITH_HARFBUZZ: 1
[2019.02.04-17.45.01:041][  0]LogShaderLibrary: Display: Failed to load Shared Shader Library: PeopleWithGuns and no native library supported.
[2019.02.04-17.45.01:042][  0]LogShaderLibrary: Display: Failed to load Shared Shader Library: PeopleWithGuns_SC and no native library supported.
[2019.02.04-17.45.01:049][  0]LogRHI: Display: Failed to open default shader pipeline cache for PeopleWithGuns using shader platform 0.
[2019.02.04-17.45.01:049][  0]LogShaderLibrary: Display: Failed to load Shared Shader Library: PeopleWithGuns and no native library supported.
[2019.02.04-17.45.01:049][  0]LogShaderLibrary: Display: Failed to load Shared Shader Library: PeopleWithGuns_SC and no native library supported.
[2019.02.04-17.45.01:049][  0]LogRHI: Display: Failed to open default shader pipeline cache for PeopleWithGuns using shader platform 0.
[2019.02.04-17.45.01:049][  0]LogInit: Using OS detected language (fr-FR).
[2019.02.04-17.45.01:050][  0]LogInit: Using OS detected locale (fr-FR).
[2019.02.04-17.45.01:050][  0]LogTextLocalizationManager: No localization for 'fr-FR' exists, so 'en' will be used for the language.
[2019.02.04-17.45.01:050][  0]LogTextLocalizationManager: No localization for 'fr-FR' exists, so 'en' will be used for the locale.
[2019.02.04-17.45.01:050][  0]LogStreaming: Display: Took  0.001s to InitGameTextLocalization.
[2019.02.04-17.45.01:086][  0]LogAssetRegistry: FAssetRegistry took 0.0347 seconds to start up
[2019.02.04-17.45.01:265][  0]LogStreaming: Display: Flushing async loaders.
[2019.02.04-17.45.01:280][  0]LogPackageLocalizationCache: Processed 8 localized package path(s) for 1 prioritized culture(s) in 0.013459 seconds
[2019.02.04-17.45.01:281][  0]LogPakFile: New pak file ../../../PeopleWithGuns/Content/Paks/PeopleWithGuns-WindowsNoEditor.pak added to pak precacher.
[2019.02.04-17.45.01:287][  0]LogInit: Selected Device Profile: [WindowsNoEditor]
[2019.02.04-17.45.01:319][  0]LogNetVersion: PeopleWithGuns 1.0.0, NetCL: 4212847, EngineNetVer: 5, GameNetVer: 0 (Checksum: 1271298656)
[2019.02.04-17.45.01:839][  0]LogMoviePlayer: Initializing movie player
[2019.02.04-17.45.02:030][  0]LogAndroidPermission: UAndroidPermissionCallbackProxy::GetInstance
[2019.02.04-17.45.02:030][  0]LogOcInput: OculusInput pre-init called
[2019.02.04-17.45.02:041][  0]LogUObjectArray: 33847 objects as part of root set at end of initial load.
[2019.02.04-17.45.02:041][  0]LogUObjectAllocator: 5088896 out of 0 bytes used by permanent object pool.
[2019.02.04-17.45.02:041][  0]LogUObjectArray: CloseDisregardForGC: 0/0 objects in disregard for GC pool
[2019.02.04-17.45.02:054][  0]LogEngine: Initializing Engine...
[2019.02.04-17.45.02:070][  0]LogStats: UGameplayTagsManager::ConstructGameplayTagTree: ImportINI prefixes -  0.000 s
[2019.02.04-17.45.02:070][  0]LogStats: UGameplayTagsManager::ConstructGameplayTagTree: Construct from data asset -  0.000 s
[2019.02.04-17.45.02:070][  0]LogStats: UGameplayTagsManager::ConstructGameplayTagTree: ImportINI -  0.001 s
[2019.02.04-17.45.02:070][  0]LogStats: UGameplayTagsManager::ConstructGameplayTagTree: GameplayTagTreeChangedEvent.Broadcast -  0.000 s
[2019.02.04-17.45.02:225][  0]LogInit: Initializing FReadOnlyCVARCache
[2019.02.04-17.45.02:402][  0]LogInit: XAudio2 using 'Casque (Conexant ISST Audio)' : 2 channels at 48 kHz using 32 bits per sample (channel mask 0x3)
[2019.02.04-17.45.02:425][  0]LogInit: FAudioDevice initialized.
[2019.02.04-17.45.02:437][  0]LogNetVersion: Set ProjectVersion to 1.0.0.0. Version Checksum will be recalculated on next use.
[2019.02.04-17.45.02:437][  0]LogInit: Texture streaming: Enabled
[2019.02.04-17.45.02:474][  0]LogSlate: Updating window title bar state: overlay mode, drag disabled, window buttons hidden, title bar hidden
[2019.02.04-17.45.02:476][  0]LogInit: Display: Game Engine Initialized.
[2019.02.04-17.45.02:476][  0]LogGameplayTags: Display: UGameplayTagsManager::DoneAddingNativeTags. DelegateIsBound: 0
[2019.02.04-17.45.02:476][  0]LogStats: UGameplayTagsManager::ConstructGameplayTagTree: ImportINI prefixes -  0.000 s
[2019.02.04-17.45.02:476][  0]LogStats: UGameplayTagsManager::ConstructGameplayTagTree: Construct from data asset -  0.000 s
[2019.02.04-17.45.02:477][  0]LogStats: UGameplayTagsManager::ConstructGameplayTagTree: ImportINI -  0.001 s
[2019.02.04-17.45.02:477][  0]LogStats: UGameplayTagsManager::ConstructGameplayTagTree: GameplayTagTreeChangedEvent.Broadcast -  0.000 s
[2019.02.04-17.45.02:496][  0]LogInit: Display: Starting Game.
[2019.02.04-17.45.02:496][  0]LogNet: Browse: /Game/ThirdPersonBP/Maps/MainMenu?Name=Player
[2019.02.04-17.45.02:497][  0]LogLoad: LoadMap: /Game/ThirdPersonBP/Maps/MainMenu?Name=Player
[2019.02.04-17.45.02:542][  0]LogAIModule: Creating AISystem for world MainMenu
[2019.02.04-17.45.02:544][  0]LogLoad: Game class is 'ThirdPersonGameMode_C'
[2019.02.04-17.45.02:546][  0]LogWorld: Bringing World /Game/ThirdPersonBP/Maps/MainMenu.MainMenu up for play (max tick rate 0) at 2019.02.04-18.45.02
[2019.02.04-17.45.02:547][  0]LogWorld: Bringing up level for play took: 0.001539
[2019.02.04-17.45.02:550][  0]LogGameMode: FindPlayerStart: PATHS NOT DEFINED or NO PLAYERSTART with positive rating
[2019.02.04-17.45.02:554][  0]LogUMG: Display: Widget Class OptionsMenu_C - Loaded Fast Template.
[2019.02.04-17.45.02:566][  0]LogLoad: Took 0.068873 seconds to LoadMap(/Game/ThirdPersonBP/Maps/MainMenu)
[2019.02.04-17.45.02:570][  0]LogSlate: Took 0.001323 seconds to synchronously load lazily loaded font '../../../Engine/Content/EngineFonts/Faces/RobotoBold.ufont' (160K)
[2019.02.04-17.45.02:573][  0]LogSlate: Took 0.001130 seconds to synchronously load lazily loaded font '../../../Engine/Content/Slate/Fonts/Roboto-Regular.ttf' (155K)
[2019.02.04-17.45.02:576][  0]LogSlate: Took 0.000989 seconds to synchronously load lazily loaded font '../../../Engine/Content/EngineFonts/Faces/RobotoLight.ufont' (167K)
[2019.02.04-17.45.02:671][  0]LogRenderer: Reallocating scene render targets to support 1920x1080 Format 10 NumSamples 1 (Frame:1).
[2019.02.04-17.45.02:671][  0]LogLoad: (Engine Initialization) Total time: 4.29 seconds
[2019.02.04-17.45.03:595][  0]LogContentStreaming: Texture pool size now 1000 MB
[2019.02.04-17.45.14:772][410]LogSlate: FSceneViewport::OnFocusLost() reason 0
[2019.02.04-17.45.23:235][760]LogUMG: Display: Widget Class MainMenu_C - Loaded Fast Template.
[2019.02.04-17.45.26:882][915]LogUMG: Display: Widget Class HostMenu_C - Loaded Fast Template.
[2019.02.04-17.45.28:040][964]LogSlate: FSceneViewport::OnFocusLost() reason 0
[2019.02.04-17.45.32:208][141]LogUMG: Display: Widget Class LoadingScreen_C - Loaded Fast Template.
[2019.02.04-17.45.32:244][141]LogInit: WinSock: I am DESKTOP-FT66DED (10.0.75.1:0)
[2019.02.04-17.45.32:401][141]LogNet: Browse: /Game/ThirdPersonBP/Maps/Lobby?listen
[2019.02.04-17.45.32:401][141]LogLoad: LoadMap: /Game/ThirdPersonBP/Maps/Lobby?listen
[2019.02.04-17.45.32:433][141]LogStreaming: Display: Flushing async loaders.
[2019.02.04-17.45.32:609][141]LogAIModule: Creating AISystem for world Lobby
[2019.02.04-17.45.32:609][141]LogLoad: Game class is 'LobbyGM_C'
[2019.02.04-17.45.32:610][141]LogTemp: Display: ParseSettings for GameNetDriver
[2019.02.04-17.45.32:610][141]LogTemp: Display: ParseSettings for SteamNetDriver_0
[2019.02.04-17.45.32:610][141]LogTemp: Display: ParseSettings for GameNetDriver
[2019.02.04-17.45.32:611][141]LogNet: ReplicationDriverClass is null! Not using ReplicationDriver.
[2019.02.04-17.45.32:611][141]LogNet: Display: SteamNetDriver_0 bound to port 7777
[2019.02.04-17.45.32:612][141]PacketHandlerLog: Loaded PacketHandler component: Engine.EngineHandlerComponentFactory (StatelessConnectHandlerComponent)
[2019.02.04-17.45.32:612][141]LogNet: GameNetDriver SteamNetDriver_0 IpNetDriver listening on port 7777
[2019.02.04-17.45.32:614][141]LogWorld: Bringing World /Game/ThirdPersonBP/Maps/Lobby.Lobby up for play (max tick rate 0) at 2019.02.04-18.45.32
[2019.02.04-17.45.32:615][141]LogWorld: Bringing up level for play took: 0.002477
[2019.02.04-17.45.32:632][141]LogUMG: Display: Widget Class FPSHud_C - Loaded Fast Template.
[2019.02.04-17.45.32:638][141]LogSlate: Took 0.001096 seconds to synchronously load lazily loaded font '../../../Engine/Content/EngineFonts/Faces/RobotoRegular.ufont' (155K)
[2019.02.04-17.45.32:644][141]LogLoad: Took 0.242614 seconds to LoadMap(/Game/ThirdPersonBP/Maps/Lobby)
[2019.02.04-17.45.39:519][246]LogContentStreaming: Texture pool size now 400 MB
[2019.02.04-17.45.39:526][248]LogRenderer: Reallocating scene render targets to support 1920x1080 Format 9 NumSamples 1 (Frame:107).
[2019.02.04-17.45.39:771][248]LogRenderer: Reallocating scene render targets to support 960x540 Format 9 NumSamples 1 (Frame:108).
[2019.02.04-17.45.49:473][710]LogSlate: Request Window 'PeopleWithGuns (64-bit Development PCD3D_SM5) ' being destroyed
[2019.02.04-17.45.49:504][710]LogSlate: Window 'PeopleWithGuns (64-bit Development PCD3D_SM5) ' being destroyed
[2019.02.04-17.45.49:505][710]LogWindowsTextInputMethodSystem: Display: IME system now deactivated.
[2019.02.04-17.45.49:526][710]LogSlate: Updating window title bar state: overlay mode, drag disabled, window buttons hidden, title bar hidden
[2019.02.04-17.45.49:526][710]LogEngine: All Windows Closed
[2019.02.04-17.45.49:526][710]LogWindows: FPlatformMisc::RequestExit(0)
[2019.02.04-17.45.49:579][711]LogNet: World NetDriver shutdown SteamNetDriver_0 [GameNetDriver]
[2019.02.04-17.45.49:579][711]LogNet: DestroyNamedNetDriver SteamNetDriver_0 [GameNetDriver]
[2019.02.04-17.45.49:579][711]LogExit: GameNetDriver SteamNetDriver_0 shut down
[2019.02.04-17.45.50:113][711]LogSlate: Slate User Destroyed.  User Index 0, Is Virtual User: 0
[2019.02.04-17.45.50:113][711]LogExit: Preparing to exit.
[2019.02.04-17.45.50:113][711]LogMoviePlayer: Shutting down movie player
[2019.02.04-17.45.50:121][711]LogSlate: Updating window title bar state: overlay mode, drag disabled, window buttons hidden, title bar hidden
[2019.02.04-17.45.50:125][711]LogExit: Game engine shut down
[2019.02.04-17.45.50:188][711]LogExit: Object subsystem successfully closed.
[2019.02.04-17.45.50:205][711]LogD3D11RHI: Shutdown
[2019.02.04-17.45.50:205][711]LogD3D11RHI: CleanupD3DDevice
[2019.02.04-17.45.50:213][711]LogD3D11RHI: ~FD3D11DynamicRHI
[2019.02.04-17.45.50:213][711]LogModuleManager: Shutting down and abandoning module AutomationController (182)
[2019.02.04-17.45.50:213][711]LogModuleManager: Shutting down and abandoning module AutomationWorker (180)
[2019.02.04-17.45.50:213][711]LogModuleManager: Shutting down and abandoning module AIModule (178)
[2019.02.04-17.45.50:213][711]LogModuleManager: Shutting down and abandoning module GameplayDebugger (177)
[2019.02.04-17.45.50:213][711]LogModuleManager: Shutting down and abandoning module NavigationSystem (175)
[2019.02.04-17.45.50:213][711]LogModuleManager: Shutting down and abandoning module WmfMediaFactory (172)
[2019.02.04-17.45.50:213][711]LogModuleManager: Shutting down and abandoning module OpenExrWrapper (170)
[2019.02.04-17.45.50:213][711]LogModuleManager: Shutting down and abandoning module ImgMediaFactory (168)
[2019.02.04-17.45.50:213][711]LogModuleManager: Shutting down and abandoning module AvfMediaFactory (166)
[2019.02.04-17.45.50:213][711]LogModuleManager: Shutting down and abandoning module CharacterAI (164)
[2019.02.04-17.45.50:213][711]LogModuleManager: Shutting down and abandoning module SessionServices (162)
[2019.02.04-17.45.50:213][711]LogModuleManager: Shutting down and abandoning module MovieSceneTracks (160)
[2019.02.04-17.45.50:213][711]LogModuleManager: Shutting down and abandoning module MovieScene (158)
[2019.02.04-17.45.50:213][711]LogModuleManager: Shutting down and abandoning module StreamingPauseRendering (156)
[2019.02.04-17.45.50:213][711]LogModuleManager: Shutting down and abandoning module ProfilerService (154)
[2019.02.04-17.45.50:293][711]LogModuleManager: Shutting down and abandoning module TaskGraph (152)
[2019.02.04-17.45.50:293][711]LogModuleManager: Shutting down and abandoning module ProceduralMeshComponent (150)
[2019.02.04-17.45.50:293][711]LogModuleManager: Shutting down and abandoning module OculusInput (148)
[2019.02.04-17.45.50:293][711]LogModuleManager: Shutting down and abandoning module MobilePatchingUtils (146)
[2019.02.04-17.45.50:293][711]LogModuleManager: Shutting down and abandoning module CustomMeshComponent (144)
[2019.02.04-17.45.50:293][711]LogModuleManager: Shutting down and abandoning module CableComponent (142)
[2019.02.04-17.45.50:294][711]LogModuleManager: Shutting down and abandoning module AudioCapture (140)
[2019.02.04-17.45.50:294][711]LogModuleManager: Shutting down and abandoning module ArchVisCharacter (138)
[2019.02.04-17.45.50:294][711]LogModuleManager: Shutting down and abandoning module AndroidPermission (136)
[2019.02.04-17.45.50:294][711]LogModuleManager: Shutting down and abandoning module MediaCompositing (132)
[2019.02.04-17.45.50:294][711]LogModuleManager: Shutting down and abandoning module LinearTimecode (130)
[2019.02.04-17.45.50:294][711]LogModuleManager: Shutting down and abandoning module ImgMedia (128)
[2019.02.04-17.45.50:296][711]LogModuleManager: Shutting down and abandoning module HTML5Networking (126)
[2019.02.04-17.45.50:296][711]LogModuleManager: Shutting down and abandoning module BackChannel (124)
[2019.02.04-17.45.50:296][711]LogModuleManager: Shutting down and abandoning module AppleVision (122)
[2019.02.04-17.45.50:296][711]LogModuleManager: Shutting down and abandoning module AppleImageUtils (120)
[2019.02.04-17.45.50:296][711]LogModuleManager: Shutting down and abandoning module GeometryCacheTracks (118)
[2019.02.04-17.45.50:296][711]LogModuleManager: Shutting down and abandoning module GeometryCache (116)
[2019.02.04-17.45.50:296][711]LogModuleManager: Shutting down and abandoning module DatasmithContent (114)
[2019.02.04-17.45.50:297][711]LogModuleManager: Shutting down and abandoning module EditableMesh (112)
[2019.02.04-17.45.50:297][711]LogModuleManager: Shutting down and abandoning module RuntimePhysXCooking (110)
[2019.02.04-17.45.50:297][711]LogModuleManager: Shutting down and abandoning module PhysXVehicles (108)
[2019.02.04-17.45.50:297][711]LogModuleManager: Shutting down and abandoning module LocationServicesBPLibrary (106)
[2019.02.04-17.45.50:297][711]LogModuleManager: Shutting down and abandoning module ImmediatePhysics (104)
[2019.02.04-17.45.50:297][711]LogModuleManager: Shutting down and abandoning module ActorSequence (102)
[2019.02.04-17.45.50:297][711]LogModuleManager: Shutting down and abandoning module UdpMessaging (100)
[2019.02.04-17.45.50:297][711]LogModuleManager: Shutting down and abandoning module TcpMessaging (98)
[2019.02.04-17.45.50:297][711]LogModuleManager: Shutting down and abandoning module FacialAnimation (96)
[2019.02.04-17.45.50:297][711]LogModuleManager: Shutting down and abandoning module LightPropagationVolumeRuntime (94)
[2019.02.04-17.45.50:297][711]LogModuleManager: Shutting down and abandoning module AISupportModule (92)
[2019.02.04-17.45.50:299][711]LogModuleManager: Shutting down and abandoning module Paper2D (90)
[2019.02.04-17.45.50:299][711]LogModuleManager: Shutting down and abandoning module WindowsMoviePlayer (88)
[2019.02.04-17.45.50:299][711]LogModuleManager: Shutting down and abandoning module WmfMedia (86)
[2019.02.04-17.45.50:300][711]LogModuleManager: Shutting down and abandoning module Media (85)
[2019.02.04-17.45.50:305][711]LogModuleManager: Shutting down and abandoning module PacketHandler (82)
[2019.02.04-17.45.50:305][711]LogModuleManager: Shutting down and abandoning module ClothingSystemRuntime (80)
[2019.02.04-17.45.50:305][711]LogModuleManager: Shutting down and abandoning module MediaAssets (78)
[2019.02.04-17.45.50:305][711]LogModuleManager: Shutting down and abandoning module Overlay (76)
[2019.02.04-17.45.50:305][711]LogModuleManager: Shutting down and abandoning module UMG (74)
[2019.02.04-17.45.50:305][711]LogModuleManager: Shutting down and abandoning module SlateReflector (72)
[2019.02.04-17.45.50:305][711]LogModuleManager: Shutting down and abandoning module Slate (70)
[2019.02.04-17.45.50:305][711]LogModuleManager: Shutting down and abandoning module MRMesh (68)
[2019.02.04-17.45.50:305][711]LogModuleManager: Shutting down and abandoning module Messaging (66)
[2019.02.04-17.45.50:305][711]LogModuleManager: Shutting down and abandoning module HeadMountedDisplay (64)
[2019.02.04-17.45.50:306][711]LogModuleManager: Shutting down and abandoning module XAudio2 (62)
[2019.02.04-17.45.50:306][711]LogModuleManager: Shutting down and abandoning module Networking (60)
[2019.02.04-17.45.50:306][711]LogModuleManager: Shutting down and abandoning module Core (58)
[2019.02.04-17.45.50:306][711]LogModuleManager: Shutting down and abandoning module LevelSequence (56)
[2019.02.04-17.45.50:306][711]LogModuleManager: Shutting down and abandoning module ImageWrapper (52)
[2019.02.04-17.45.50:306][711]LogModuleManager: Shutting down and abandoning module InputCore (50)
[2019.02.04-17.45.50:306][711]LogModuleManager: Shutting down and abandoning module PhysXCooking (48)
[2019.02.04-17.45.50:306][711]LogModuleManager: Shutting down and abandoning module OculusHMD (46)
[2019.02.04-17.45.50:306][711]LogModuleManager: Shutting down and abandoning module ExampleDeviceProfileSelector (44)
[2019.02.04-17.45.50:306][711]LogModuleManager: Shutting down and abandoning module LauncherChunkInstaller (42)
[2019.02.04-17.45.50:306][711]LogModuleManager: Shutting down and abandoning module OnlineSubsystem (38)
[2019.02.04-17.45.50:306][711]LogOnline: Display: STEAM: OnlineSubsystemSteam::Shutdown()
[2019.02.04-17.45.50:354][711]LogOnline: Display: STEAM: OnlineSubsystemSteam::Shutdown()
[2019.02.04-17.45.50:354][711]LogModuleManager: Shutting down and abandoning module HTTP (33)
[2019.02.04-17.45.50:357][711]LogModuleManager: Shutting down and abandoning module SSL (32)
[2019.02.04-17.45.50:357][711]LogModuleManager: Shutting down and abandoning module ShaderCore (28)
[2019.02.04-17.45.50:357][711]LogModuleManager: Shutting down and abandoning module Landscape (26)
[2019.02.04-17.45.50:357][711]LogModuleManager: Shutting down and abandoning module SlateRHIRenderer (24)
[2019.02.04-17.45.50:358][711]LogModuleManager: Shutting down and abandoning module OpenGLDrv (22)
[2019.02.04-17.45.50:358][711]LogModuleManager: Shutting down and abandoning module D3D11RHI (20)
[2019.02.04-17.45.50:358][711]LogModuleManager: Shutting down and abandoning module AnimGraphRuntime (18)
[2019.02.04-17.45.50:358][711]LogModuleManager: Shutting down and abandoning module Renderer (16)
[2019.02.04-17.45.50:358][711]LogModuleManager: Shutting down and abandoning module Engine (14)
[2019.02.04-17.45.50:358][711]LogModuleManager: Shutting down and abandoning module CoreUObject (12)
[2019.02.04-17.45.50:358][711]LogModuleManager: Shutting down and abandoning module NetworkFile (10)
[2019.02.04-17.45.50:358][711]LogModuleManager: Shutting down and abandoning module CookedIterativeFile (8)
[2019.02.04-17.45.50:358][711]LogModuleManager: Shutting down and abandoning module StreamingFile (6)
[2019.02.04-17.45.50:358][711]LogModuleManager: Shutting down and abandoning module SandboxFile (4)
[2019.02.04-17.45.50:358][711]LogModuleManager: Shutting down and abandoning module PakFile (2)
[2019.02.04-17.45.50:361][711]LogExit: Exiting.
[2019.02.04-17.45.50:365][711]Log file closed, 02/04/19 18:45:50
