Log file open, 02/04/19 16:27:08
LogWindows: Failed to load 'aqProf.dll' (GetLastError=126)
LogWindows: File 'aqProf.dll' does not exist
LogWindows: Failed to load 'VtuneApi.dll' (GetLastError=126)
LogWindows: File 'VtuneApi.dll' does not exist
LogWindows: Failed to load 'VtuneApi32e.dll' (GetLastError=126)
LogWindows: File 'VtuneApi32e.dll' does not exist
LogInit: Display: Running engine for game: PeopleWithGuns
LogPlatformFile: Not using cached read wrapper
LogTaskGraph: Started task graph with 5 named threads and 11 total threads with 3 sets of task threads.
LogStats: Stats thread started at 0.381944
LogD3D11RHI: Loaded GFSDK_Aftermath_Lib.x64.dll
LogICUInternationalization: Display: ICU TimeZone Detection - Raw Offset: +1:00, Platform Override: ''
LogPluginManager: Mounting plugin Paper2D
LogPluginManager: Mounting plugin AISupport
LogPluginManager: Mounting plugin LightPropagationVolume
LogPluginManager: Mounting plugin CLionSourceCodeAccess
LogPluginManager: Mounting plugin CodeLiteSourceCodeAccess
LogPluginManager: Mounting plugin GitSourceControl
LogPluginManager: Mounting plugin KDevelopSourceCodeAccess
LogPluginManager: Mounting plugin NullSourceCodeAccess
LogPluginManager: Mounting plugin PerforceSourceControl
LogPluginManager: Mounting plugin SubversionSourceControl
LogPluginManager: Mounting plugin UObjectPlugin
LogPluginManager: Mounting plugin VisualStudioCodeSourceCodeAccess
LogPluginManager: Mounting plugin VisualStudioSourceCodeAccess
LogPluginManager: Mounting plugin XCodeSourceCodeAccess
LogPluginManager: Mounting plugin AssetManagerEditor
LogPluginManager: Mounting plugin CryptoKeys
LogPluginManager: Mounting plugin DataValidation
LogPluginManager: Mounting plugin FacialAnimation
LogPluginManager: Mounting plugin GameplayTagsEditor
LogPluginManager: Mounting plugin MacGraphicsSwitching
LogPluginManager: Mounting plugin MeshEditor
LogPluginManager: Mounting plugin MobileLauncherProfileWizard
LogPluginManager: Mounting plugin PluginBrowser
LogPluginManager: Mounting plugin SpeedTreeImporter
LogPluginManager: Mounting plugin DatasmithContent
LogPluginManager: Mounting plugin AlembicImporter
LogPluginManager: Mounting plugin AppleImageUtils
LogPluginManager: Mounting plugin AppleVision
LogPluginManager: Mounting plugin BackChannel
LogPluginManager: Mounting plugin CharacterAI
LogPluginManager: Mounting plugin GeometryCache
LogPluginManager: Mounting plugin HTML5Networking
LogPluginManager: Mounting plugin ProxyLODPlugin
LogPluginManager: Mounting plugin MagicLeap
LogPluginManager: Mounting plugin MagicLeapEmulator
LogPluginManager: Mounting plugin MagicLeapMedia
LogPluginManager: Mounting plugin AndroidMedia
LogPluginManager: Mounting plugin AvfMedia
LogPluginManager: Mounting plugin ImgMedia
LogPluginManager: Mounting plugin LinearTimecode
LogPluginManager: Mounting plugin MediaCompositing
LogPluginManager: Mounting plugin MediaPlayerEditor
LogPluginManager: Mounting plugin WmfMedia
LogPluginManager: Mounting plugin TcpMessaging
LogPluginManager: Mounting plugin UdpMessaging
LogPluginManager: Mounting plugin ActorSequence
LogPluginManager: Mounting plugin LevelSequenceEditor
LogPluginManager: Mounting plugin MatineeToLevelSequence
LogPluginManager: Mounting plugin NetcodeUnitTest
LogPluginManager: Mounting plugin NUTUnrealEngine4
LogPluginManager: Mounting plugin OnlineSubsystemGooglePlay
LogPluginManager: Mounting plugin OnlineSubsystemIOS
LogPluginManager: Mounting plugin OnlineSubsystem
LogPluginManager: Mounting plugin OnlineSubsystemNull
LogPluginManager: Mounting plugin OnlineSubsystemSteam
LogPluginManager: Mounting plugin OnlineSubsystemUtils
LogPluginManager: Mounting plugin LauncherChunkInstaller
LogPluginManager: Mounting plugin AndroidDeviceProfileSelector
LogPluginManager: Mounting plugin AndroidMoviePlayer
LogPluginManager: Mounting plugin AndroidPermission
LogPluginManager: Mounting plugin AppleMoviePlayer
LogPluginManager: Mounting plugin ArchVisCharacter
LogPluginManager: Mounting plugin AudioCapture
LogPluginManager: Mounting plugin CableComponent
LogPluginManager: Mounting plugin CustomMeshComponent
LogPluginManager: Mounting plugin EditableMesh
LogPluginManager: Mounting plugin ExampleDeviceProfileSelector
LogPluginManager: Mounting plugin GoogleCloudMessaging
LogPluginManager: Mounting plugin ImmediatePhysics
LogPluginManager: Mounting plugin IOSDeviceProfileSelector
LogPluginManager: Mounting plugin LinuxDeviceProfileSelector
LogPluginManager: Mounting plugin LocationServicesBPLibrary
LogPluginManager: Mounting plugin MobilePatchingUtils
LogPluginManager: Mounting plugin OculusVR
LogPluginManager: Plugin shader directory ../../../Engine/Plugins/Runtime/Oculus/OculusVR/Shaders found
LogPluginManager: Mapping shader source directory ../../../Engine/Plugins/Runtime/Oculus/OculusVR/Shaders to virtual directory /Plugin/OculusVR
LogPluginManager: Mounting plugin PhysXVehicles
LogPluginManager: Mounting plugin ProceduralMeshComponent
LogPluginManager: Mounting plugin RuntimePhysXCooking
LogPluginManager: Mounting plugin SteamVR
LogPluginManager: Mounting plugin WindowsMoviePlayer
LogStreaming: Display: Took  0.285s to configure plugins.
LogInit: Using libcurl 7.55.1-DEV
LogInit:  - built for x86_64-pc-win32
LogInit:  - supports SSL with OpenSSL/1.0.2h
LogInit:  - supports HTTP deflate (compression) using libz 1.2.8
LogInit:  - other features:
LogInit:      CURL_VERSION_SSL
LogInit:      CURL_VERSION_LIBZ
LogInit:      CURL_VERSION_IPV6
LogInit:      CURL_VERSION_ASYNCHDNS
LogInit:      CURL_VERSION_LARGEFILE
LogInit:      CURL_VERSION_IDN
LogInit:  CurlRequestOptions (configurable via config and command line):
LogInit:  - bVerifyPeer = false  - Libcurl will NOT verify peer certificate
LogInit:  - bUseHttpProxy = false  - Libcurl will NOT use HTTP proxy
LogInit:  - bDontReuseConnections = false  - Libcurl will reuse connections
LogInit:  - CertBundlePath = nullptr  - Libcurl will use whatever was configured at build time.
LogInit:  - MaxHostConnections = 16  - Libcurl will limit the number of connections to a host
LogInit:  - LocalHostAddr = Default
LogInit:  - BufferSize = 65536
LogOnline: Display: STEAM: Loading Steam SDK 1.39
LogInit: WinSock: version 1.1 (2.2), MaxSocks=32767, MaxUdp=65467
LogInit: Build: ++UE4+Release-4.20-CL-4369336
LogInit: Engine Version: 4.20.3-4369336+++UE4+Release-4.20
LogInit: Compatible Engine Version: 4.20.0-4212847+++UE4+Release-4.20
LogInit: Net CL: 4212847
LogInit: OS: Windows 10 (), CPU: Intel(R) Core(TM) i7-6500U CPU @ 2.50GHz, GPU: Intel(R) HD Graphics 520
LogInit: Compiled (64-bit): Sep 17 2018 12:26:19
LogInit: Compiled with Visual C++: 19.13.26129.00
LogInit: Build Configuration: Development
LogInit: Branch Name: ++UE4+Release-4.20
LogInit: Command Line:  /Game/ThirdPersonBP/Maps/MainMenu -game -PIEVIACONSOLE -ResX=1280 -ResY=720  -Multiprocess -messaging -SessionName="Play in Standalone Game" -windowed 
LogInit: Base Directory: R:/UE_4.20/Engine/Binaries/Win64/
LogInit: Installed Engine Build: 1
LogDevObjectVersion: Number of dev versions registered: 20
LogDevObjectVersion:   Dev-Blueprints (B0D832E4-1F89-4F0D-ACCF-7EB736FD4AA2): 10
LogDevObjectVersion:   Dev-Build (E1C64328-A22C-4D53-A36C-8E866417BD8C): 0
LogDevObjectVersion:   Dev-Core (375EC13C-06E4-48FB-B500-84F0262A717E): 2
LogDevObjectVersion:   Dev-Editor (E4B068ED-F494-42E9-A231-DA0B2E46BB41): 24
LogDevObjectVersion:   Dev-Framework (CFFC743F-43B0-4480-9391-14DF171D2073): 34
LogDevObjectVersion:   Dev-Mobile (B02B49B5-BB20-44E9-A304-32B752E40360): 2
LogDevObjectVersion:   Dev-Networking (A4E4105C-59A1-49B5-A7C5-40C4547EDFEE): 0
LogDevObjectVersion:   Dev-Online (39C831C9-5AE6-47DC-9A44-9C173E1C8E7C): 0
LogDevObjectVersion:   Dev-Physics (78F01B33-EBEA-4F98-B9B4-84EACCB95AA2): 0
LogDevObjectVersion:   Dev-Platform (6631380F-2D4D-43E0-8009-CF276956A95A): 0
LogDevObjectVersion:   Dev-Rendering (12F88B9F-8875-4AFC-A67C-D90C383ABD29): 26
LogDevObjectVersion:   Dev-Sequencer (7B5AE74C-D270-4C10-A958-57980B212A5A): 9
LogDevObjectVersion:   Dev-VR (D7296918-1DD6-4BDD-9DE2-64A83CC13884): 2
LogDevObjectVersion:   Dev-LoadTimes (C2A15278-BFE7-4AFE-6C17-90FF531DF755): 1
LogDevObjectVersion:   Private-Geometry (6EACA3D4-40EC-4CC1-B786-8BED09428FC5): 3
LogDevObjectVersion:   Dev-AnimPhys (29E575DD-E0A3-4627-9D10-D276232CDCEA): 17
LogDevObjectVersion:   Dev-ReflectionCapture (6B266CEC-1EC7-4B8F-A30B-E4D90942FC07): 1
LogDevObjectVersion:   Dev-Automation (0DF73D61-A23F-47EA-B727-89E90C41499A): 1
LogDevObjectVersion:   FortniteMain (601D1886-AC64-4F84-AA16-D3DE0DEAC7D6): 12
LogDevObjectVersion:   Dev-Enterprise (9DFFBCD6-494F-0158-E221-12823C92A888): 1
LogStreaming: Display: Took  0.006s to delete old logs.
LogInit: Presizing for max 8388607 objects, including 0 objects not considered by GC, pre-allocating 0 bytes for permanent pool.
LogInit: Object subsystem initialized
[2019.02.04-15.27.12:001][  0]LogInit: Selected Device Profile: [Windows]
[2019.02.04-15.27.12:001][  0]LogInit: Applying CVar settings loaded from the selected device profile: [Windows]
[2019.02.04-15.27.12:021][  0]LogHAL: Display: Platform has ~ 8 GB [8464732160 / 8589934592 / 8], which maps to Default [LargestMinGB=32, LargerMinGB=12, DefaultMinGB=8, SmallerMinGB=6, SmallestMinGB=0)
[2019.02.04-15.27.12:022][  0]LogInit: Setting Device Profile CVar: [[r.Vulkan.UseRealUBs:1]]
[2019.02.04-15.27.12:022][  0]LogInit: Going up to parent DeviceProfile []
[2019.02.04-15.27.12:023][  0]LogInit: Computer: DESKTOP-FT66DED
[2019.02.04-15.27.12:023][  0]LogInit: User: Malo
[2019.02.04-15.27.12:023][  0]LogInit: CPU Page size=4096, Cores=2
[2019.02.04-15.27.12:023][  0]LogInit: High frequency timer resolution =10.000000 MHz
[2019.02.04-15.27.12:023][  0]LogMemory: Memory total: Physical=7.9GB (8GB approx)
[2019.02.04-15.27.12:024][  0]LogMemory: Platform Memory Stats for Windows
[2019.02.04-15.27.12:024][  0]LogMemory: Process Physical Memory: 129.98 MB used, 129.98 MB peak
[2019.02.04-15.27.12:024][  0]LogMemory: Process Virtual Memory: 94.91 MB used, 94.91 MB peak
[2019.02.04-15.27.12:024][  0]LogMemory: Physical Memory: 4178.45 MB used,  3894.15 MB free, 8072.60 MB total
[2019.02.04-15.27.12:024][  0]LogMemory: Virtual Memory: 4735.41 MB used,  3894.15 MB free, 134217728.00 MB total
[2019.02.04-15.27.12:175][  0]LogInit: Using OS detected language (fr-FR).
[2019.02.04-15.27.12:175][  0]LogInit: Using OS detected locale (fr-FR).
[2019.02.04-15.27.12:177][  0]LogTextLocalizationManager: No specific localization for 'fr-FR' exists, so the 'fr' localization will be used.
[2019.02.04-15.27.12:190][  0]LogStreaming: Display: Took  0.015s to InitEngineTextLocalization.
[2019.02.04-15.27.12:260][  0]LogSlate: New Slate User Created.  User Index 0, Is Virtual User: 0
[2019.02.04-15.27.12:261][  0]LogSlate: Slate User Registered.  User Index 0, Is Virtual User: 0
[2019.02.04-15.27.12:287][  0]LogHMD: Failed to initialize OpenVR with code 100
[2019.02.04-15.27.12:287][  0]LogD3D11RHI: D3D11 adapters:
[2019.02.04-15.27.12:326][  0]LogD3D11RHI:    0. 'Intel(R) HD Graphics 520' (Feature Level 11_0)
[2019.02.04-15.27.12:326][  0]LogD3D11RHI:       128/0/4036 MB DedicatedVideo/DedicatedSystem/SharedSystem, Outputs:1, VendorId:0x8086
[2019.02.04-15.27.12:337][  0]LogD3D11RHI:    1. 'Microsoft Basic Render Driver' (Feature Level 11_0)
[2019.02.04-15.27.12:337][  0]LogD3D11RHI:       0/0/4036 MB DedicatedVideo/DedicatedSystem/SharedSystem, Outputs:0, VendorId:0x1414
[2019.02.04-15.27.12:337][  0]LogD3D11RHI: Chosen D3D11 Adapter: 0
[2019.02.04-15.27.12:354][  0]LogD3D11RHI: Creating new Direct3DDevice
[2019.02.04-15.27.12:356][  0]LogD3D11RHI:     GPU DeviceId: 0x1916 (for the marketing name, search the web for "GPU Device Id")
[2019.02.04-15.27.12:356][  0]LogWindows: EnumDisplayDevices:
[2019.02.04-15.27.12:356][  0]LogWindows:    0. 'Intel(R) HD Graphics 520' (P:1 D:1)
[2019.02.04-15.27.12:357][  0]LogWindows:    1. 'Intel(R) HD Graphics 520' (P:0 D:0)
[2019.02.04-15.27.12:358][  0]LogWindows:    2. 'Intel(R) HD Graphics 520' (P:0 D:0)
[2019.02.04-15.27.12:359][  0]LogWindows: DebugString: FoundDriverCount:3 
[2019.02.04-15.27.12:359][  0]LogD3D11RHI:     Adapter Name: Intel(R) HD Graphics 520
[2019.02.04-15.27.12:359][  0]LogD3D11RHI:   Driver Version: 22.20.16.4771 (internal:22.20.16.4771, unified:22.20.16.4771)
[2019.02.04-15.27.12:359][  0]LogD3D11RHI:      Driver Date: 8-13-2017
[2019.02.04-15.27.12:359][  0]LogRHI: Texture pool is 1502 MB (70% of 2146 MB)
[2019.02.04-15.27.12:391][  0]LogD3D11RHI: Async texture creation enabled
[2019.02.04-15.27.12:406][  0]LogD3D11RHI: GPU Timing Frequency: 12.000000 (Debug: 2 0)
[2019.02.04-15.27.12:409][  0]LogShaderCompilers: Guid format shader working directory is -25 characters bigger than the processId version (C:/Users/Malo/Documents/GitHub/ProjetsHub2018/FPSUnreal/PeopleWithGuns/Intermediate/Shaders/WorkingDirectory/2768/).
[2019.02.04-15.27.12:410][  0]LogShaderCompilers: Cleaned the shader compiler working directory 'C:/Users/Malo/AppData/Local/Temp/UnrealShaderWorkingDir/7F25BEC94EE4ABF0637C9C919C4AD62A/'.
[2019.02.04-15.27.12:925][  0]LogTemp: Display: Loaded TP WindowsClientTargetPlatform
[2019.02.04-15.27.12:943][  0]LogTemp: Display: Loaded TP WindowsNoEditorTargetPlatform
[2019.02.04-15.27.12:963][  0]LogTemp: Display: Loaded TP WindowsServerTargetPlatform
[2019.02.04-15.27.12:971][  0]LogTemp: Display: Loaded TP WindowsTargetPlatform
[2019.02.04-15.27.12:972][  0]LogTargetPlatformManager: Display: Building Assets For Windows
[2019.02.04-15.27.13:048][  0]LogXGEController: Cannot use XGE Controller as Incredibuild is not installed on this machine.
[2019.02.04-15.27.13:048][  0]LogShaderCompilers: Cannot use XGE Shader Compiler as Incredibuild is not installed on this machine.
[2019.02.04-15.27.13:048][  0]LogShaderCompilers: Display: Using Local Shader Compiler.
[2019.02.04-15.27.13:944][  0]LogDerivedDataCache: Display: Max Cache Size: 512 MB
[2019.02.04-15.27.14:013][  0]LogDerivedDataCache: Loaded boot cache 0.07s 77MB C:/Users/Malo/AppData/Local/UnrealEngine/4.20/DerivedDataCache/Boot.ddc.
[2019.02.04-15.27.14:014][  0]LogDerivedDataCache: Display: Loaded Boot cache: C:/Users/Malo/AppData/Local/UnrealEngine/4.20/DerivedDataCache/Boot.ddc
[2019.02.04-15.27.14:014][  0]LogDerivedDataCache: FDerivedDataBackendGraph:  Pak pak cache file C:/Users/Malo/Documents/GitHub/ProjetsHub2018/FPSUnreal/PeopleWithGuns/DerivedDataCache/DDC.ddp not found, will not use a pak cache.
[2019.02.04-15.27.14:014][  0]LogDerivedDataCache: Unable to find inner node Pak for hierarchical cache Hierarchy.
[2019.02.04-15.27.14:014][  0]LogDerivedDataCache: FDerivedDataBackendGraph:  CompressedPak pak cache file C:/Users/Malo/Documents/GitHub/ProjetsHub2018/FPSUnreal/PeopleWithGuns/DerivedDataCache/Compressed.ddp not found, will not use a pak cache.
[2019.02.04-15.27.14:014][  0]LogDerivedDataCache: Unable to find inner node CompressedPak for hierarchical cache Hierarchy.
[2019.02.04-15.27.14:030][  0]LogDerivedDataCache: Display: Pak cache opened for reading ../../../Engine/DerivedDataCache/Compressed.ddp.
[2019.02.04-15.27.14:042][  0]LogDerivedDataCache: Using Local data cache path C:/Users/Malo/AppData/Local/UnrealEngine/Common/DerivedDataCache: Writable
[2019.02.04-15.27.14:042][  0]LogDerivedDataCache: Shared data cache path not found in *engine.ini, will not use an Shared cache.
[2019.02.04-15.27.14:042][  0]LogDerivedDataCache: Unable to find inner node Shared for hierarchical cache Hierarchy.
[2019.02.04-15.27.14:068][  0]LogMaterial: Verifying Global Shaders for PCD3D_SM5
[2019.02.04-15.27.14:069][  0]LogSlate: Using FreeType 2.6.0
[2019.02.04-15.27.14:070][  0]LogSlate: SlateFontServices - WITH_FREETYPE: 1, WITH_HARFBUZZ: 1
[2019.02.04-15.27.14:119][  0]LogInit: Using OS detected language (fr-FR).
[2019.02.04-15.27.14:119][  0]LogInit: Using OS detected locale (fr-FR).
[2019.02.04-15.27.14:119][  0]LogTextLocalizationManager: No localization for 'fr-FR' exists, so 'en' will be used for the language.
[2019.02.04-15.27.14:119][  0]LogTextLocalizationManager: No localization for 'fr-FR' exists, so 'en' will be used for the locale.
[2019.02.04-15.27.14:579][  0]LogStreaming: Display: Took  0.460s to InitGameTextLocalization.
[2019.02.04-15.27.14:587][  0]LogAssetRegistry: FAssetRegistry took 0.0049 seconds to start up
[2019.02.04-15.27.14:824][  0]LogPackageLocalizationCache: Processed 11 localized package path(s) for 1 prioritized culture(s) in 0.019664 seconds
[2019.02.04-15.27.14:965][  0]LogInit: Selected Device Profile: [Windows]
[2019.02.04-15.27.15:123][  0]LogSimplygon: Simplygon DLL not present - disabling.
[2019.02.04-15.27.15:128][  0]LogMeshReduction: Using SimplygonSwarm for distributed automatic mesh merging
[2019.02.04-15.27.15:128][  0]LogMeshReduction: Using ProxyLODMeshReduction for automatic mesh merging
[2019.02.04-15.27.15:128][  0]LogMeshReduction: Using QuadricMeshReduction for automatic static mesh reduction
[2019.02.04-15.27.15:128][  0]LogMeshReduction: No automatic skeletal mesh reduction module available
[2019.02.04-15.27.15:145][  0]LogNetVersion: PeopleWithGuns 1.0.0, NetCL: 4212847, EngineNetVer: 5, GameNetVer: 0 (Checksum: 1271298656)
[2019.02.04-15.27.15:769][  0]LogMoviePlayer: Initializing movie player
[2019.02.04-15.27.16:010][  0]LogTcpMessaging: Initializing TcpMessaging bridge
[2019.02.04-15.27.16:024][  0]LogUdpMessaging: Initializing bridge on interface 0.0.0.0:0 to multicast group 230.0.0.1:6666.
[2019.02.04-15.27.16:134][  0]SourceControl: Source control is disabled
[2019.02.04-15.27.16:134][  0]SourceControl: Source control is disabled
[2019.02.04-15.27.16:137][  0]SourceControl: Source control is disabled
[2019.02.04-15.27.16:303][  0]LogAndroidPermission: UAndroidPermissionCallbackProxy::GetInstance
[2019.02.04-15.27.16:567][  0]LogOcInput: OculusInput pre-init called
[2019.02.04-15.27.16:586][  0]LogUObjectArray: 42177 objects as part of root set at end of initial load.
[2019.02.04-15.27.16:586][  0]LogUObjectAllocator: 7442616 out of 0 bytes used by permanent object pool.
[2019.02.04-15.27.16:586][  0]LogUObjectArray: CloseDisregardForGC: 0/0 objects in disregard for GC pool
[2019.02.04-15.27.16:676][  0]LogEngine: Initializing Engine...
[2019.02.04-15.27.16:678][  0]LogHMD: Failed to initialize OpenVR with code 100
[2019.02.04-15.27.16:692][  0]LogStats: UGameplayTagsManager::ConstructGameplayTagTree: ImportINI prefixes -  0.000 s
[2019.02.04-15.27.16:692][  0]LogStats: UGameplayTagsManager::ConstructGameplayTagTree: Construct from data asset -  0.000 s
[2019.02.04-15.27.16:693][  0]LogStats: UGameplayTagsManager::ConstructGameplayTagTree: ImportINI -  0.000 s
[2019.02.04-15.27.16:693][  0]LogStats: UGameplayTagsManager::ConstructGameplayTagTree: GameplayTagTreeChangedEvent.Broadcast -  0.000 s
[2019.02.04-15.27.16:925][  0]LogInit: Initializing FReadOnlyCVARCache
[2019.02.04-15.27.16:968][  0]LogInit: XAudio2 using 'Casque (Conexant ISST Audio)' : 2 channels at 48 kHz using 32 bits per sample (channel mask 0x3)
[2019.02.04-15.27.16:983][  0]LogInit: FAudioDevice initialized.
[2019.02.04-15.27.16:995][  0]LogNetVersion: Set ProjectVersion to 1.0.0.0. Version Checksum will be recalculated on next use.
[2019.02.04-15.27.17:005][  0]LogInit: Texture streaming: Enabled
[2019.02.04-15.27.17:344][  0]LogSlate: Updating window title bar state: overlay mode, drag disabled, window buttons hidden, title bar hidden
[2019.02.04-15.27.17:344][  0]LogInit: Display: Game Engine Initialized.
[2019.02.04-15.27.17:344][  0]LogGameplayTags: Display: UGameplayTagsManager::DoneAddingNativeTags. DelegateIsBound: 0
[2019.02.04-15.27.17:344][  0]LogStats: UGameplayTagsManager::ConstructGameplayTagTree: ImportINI prefixes -  0.000 s
[2019.02.04-15.27.17:344][  0]LogStats: UGameplayTagsManager::ConstructGameplayTagTree: Construct from data asset -  0.000 s
[2019.02.04-15.27.17:344][  0]LogStats: UGameplayTagsManager::ConstructGameplayTagTree: ImportINI -  0.000 s
[2019.02.04-15.27.17:344][  0]LogStats: UGameplayTagsManager::ConstructGameplayTagTree: GameplayTagTreeChangedEvent.Broadcast -  0.000 s
[2019.02.04-15.27.17:367][  0]LogInit: Display: Starting Game.
[2019.02.04-15.27.17:367][  0]LogNet: Browse: /Game/ThirdPersonBP/Maps/MainMenu?Name=Player
[2019.02.04-15.27.17:367][  0]LogLoad: LoadMap: /Game/ThirdPersonBP/Maps/MainMenu?Name=Player
[2019.02.04-15.27.17:417][  0]LogAIModule: Creating AISystem for world MainMenu
[2019.02.04-15.27.17:424][  0]LogLoad: Game class is 'ThirdPersonGameMode_C'
[2019.02.04-15.27.17:425][  0]LogWorld: Bringing World /Game/ThirdPersonBP/Maps/MainMenu.MainMenu up for play (max tick rate 0) at 2019.02.04-16.27.17
[2019.02.04-15.27.17:425][  0]LogWorld: Bringing up level for play took: 0.000678
[2019.02.04-15.27.17:426][  0]LogGameMode: FindPlayerStart: PATHS NOT DEFINED or NO PLAYERSTART with positive rating
[2019.02.04-15.27.17:431][  0]LogLoad: Took 0.064170 seconds to LoadMap(/Game/ThirdPersonBP/Maps/MainMenu)
[2019.02.04-15.27.17:433][  0]LogSlate: Took 0.000237 seconds to synchronously load lazily loaded font '../../../Engine/Content/Slate/Fonts/Roboto-Regular.ttf' (155K)
[2019.02.04-15.27.17:532][  0]LogRenderer: Reallocating scene render targets to support 1280x720 Format 10 NumSamples 1 (Frame:1).
[2019.02.04-15.27.17:532][  0]LogLoad: (Engine Initialization) Total time: 13.16 seconds
[2019.02.04-15.27.17:532][  0]LogLoad: (Engine Initialization) Total Blueprint compile time: 0.00 seconds
[2019.02.04-15.27.17:875][  0]LogWindowsTextInputMethodSystem: Display: IME system now deactivated.
[2019.02.04-15.27.17:879][  0]LogContentStreaming: Texture pool size now 1000 MB
[2019.02.04-15.27.21:464][202]LogSlate: Window 'PeopleWithGuns (64-bit Development PCD3D_SM5) ' being destroyed
[2019.02.04-15.27.21:465][202]LogWindowsTextInputMethodSystem: Display: IME system now deactivated.
[2019.02.04-15.27.21:471][202]LogWindowsTextInputMethodSystem: Display: IME system now deactivated.
[2019.02.04-15.27.21:474][202]LogSlate: Updating window title bar state: overlay mode, drag disabled, window buttons hidden, title bar hidden
[2019.02.04-15.27.21:474][202]LogEngine: All Windows Closed
[2019.02.04-15.27.21:474][202]LogWindows: FPlatformMisc::RequestExit(0)
[2019.02.04-15.27.21:685][203]LogExit: Preparing to exit.
[2019.02.04-15.27.21:685][203]LogMoviePlayer: Shutting down movie player
[2019.02.04-15.27.22:052][203]LogSlate: Updating window title bar state: overlay mode, drag disabled, window buttons hidden, title bar hidden
[2019.02.04-15.27.22:063][203]LogExit: Game engine shut down
[2019.02.04-15.27.22:133][203]LogExit: Object subsystem successfully closed.
[2019.02.04-15.27.22:152][203]LogShaderCompilers: Display: Shaders left to compile 0
[2019.02.04-15.27.22:155][203]LogD3D11RHI: Shutdown
[2019.02.04-15.27.22:155][203]LogD3D11RHI: CleanupD3DDevice
[2019.02.04-15.27.22:161][203]LogD3D11RHI: ~FD3D11DynamicRHI
[2019.02.04-15.27.22:169][203]LogModuleManager: Shutting down and abandoning module SequenceRecorderSections (376)
[2019.02.04-15.27.22:169][203]LogModuleManager: Shutting down and abandoning module SequenceRecorder (374)
[2019.02.04-15.27.22:169][203]LogModuleManager: Shutting down and abandoning module AutomationController (372)
[2019.02.04-15.27.22:169][203]LogModuleManager: Shutting down and abandoning module AutomationWorker (370)
[2019.02.04-15.27.22:169][203]LogModuleManager: Shutting down and abandoning module AIModule (368)
[2019.02.04-15.27.22:169][203]LogModuleManager: Shutting down and abandoning module GameplayDebugger (367)
[2019.02.04-15.27.22:169][203]LogModuleManager: Shutting down and abandoning module AITestSuite (365)
[2019.02.04-15.27.22:169][203]LogModuleManager: Shutting down and abandoning module NavigationSystem (363)
[2019.02.04-15.27.22:169][203]LogModuleManager: Shutting down and abandoning module WmfMediaFactory (360)
[2019.02.04-15.27.22:169][203]LogModuleManager: Shutting down and abandoning module OpenExrWrapper (358)
[2019.02.04-15.27.22:169][203]LogModuleManager: Shutting down and abandoning module ImgMediaFactory (356)
[2019.02.04-15.27.22:169][203]LogModuleManager: Shutting down and abandoning module AvfMediaFactory (354)
[2019.02.04-15.27.22:169][203]LogModuleManager: Shutting down and abandoning module MagicLeapCameraPreviewFactory (352)
[2019.02.04-15.27.22:169][203]LogModuleManager: Shutting down and abandoning module MagicLeapMediaFactory (350)
[2019.02.04-15.27.22:169][203]LogModuleManager: Shutting down and abandoning module CharacterAI (348)
[2019.02.04-15.27.22:169][203]LogModuleManager: Shutting down and abandoning module SessionServices (346)
[2019.02.04-15.27.22:169][203]LogModuleManager: Shutting down and abandoning module MovieSceneCapture (344)
[2019.02.04-15.27.22:169][203]LogModuleManager: Shutting down and abandoning module MovieSceneTracks (342)
[2019.02.04-15.27.22:169][203]LogModuleManager: Shutting down and abandoning module MovieScene (340)
[2019.02.04-15.27.22:169][203]LogModuleManager: Shutting down and abandoning module StreamingPauseRendering (338)
[2019.02.04-15.27.22:169][203]LogModuleManager: Shutting down and abandoning module PortalServices (336)
[2019.02.04-15.27.22:169][203]LogModuleManager: Shutting down and abandoning module PortalRpc (334)
[2019.02.04-15.27.22:170][203]LogModuleManager: Shutting down and abandoning module MessagingRpc (332)
[2019.02.04-15.27.22:170][203]LogModuleManager: Shutting down and abandoning module ProfilerService (330)
[2019.02.04-15.27.22:370][203]LogModuleManager: Shutting down and abandoning module TaskGraph (328)
[2019.02.04-15.27.22:370][203]LogModuleManager: Shutting down and abandoning module SteamVRController (326)
[2019.02.04-15.27.22:370][203]LogModuleManager: Shutting down and abandoning module ProceduralMeshComponent (324)
[2019.02.04-15.27.22:370][203]LogModuleManager: Shutting down and abandoning module OculusInput (322)
[2019.02.04-15.27.22:370][203]LogModuleManager: Shutting down and abandoning module MobilePatchingUtils (320)
[2019.02.04-15.27.22:370][203]LogModuleManager: Shutting down and abandoning module EditableMesh (318)
[2019.02.04-15.27.22:370][203]LogModuleManager: Shutting down and abandoning module CustomMeshComponent (316)
[2019.02.04-15.27.22:370][203]LogModuleManager: Shutting down and abandoning module CableComponent (314)
[2019.02.04-15.27.22:370][203]LogModuleManager: Shutting down and abandoning module AudioCapture (312)
[2019.02.04-15.27.22:370][203]LogModuleManager: Shutting down and abandoning module ArchVisCharacter (310)
[2019.02.04-15.27.22:370][203]LogModuleManager: Shutting down and abandoning module AndroidPermission (308)
[2019.02.04-15.27.22:370][203]LogModuleManager: Shutting down and abandoning module NUTUnrealEngine4 (304)
[2019.02.04-15.27.22:370][203]LogModuleManager: Shutting down and abandoning module NetcodeUnitTest (302)
[2019.02.04-15.27.22:371][203]LogModuleManager: Shutting down and abandoning module MediaCompositing (300)
[2019.02.04-15.27.22:371][203]LogModuleManager: Shutting down and abandoning module LinearTimecode (298)
[2019.02.04-15.27.22:371][203]LogModuleManager: Shutting down and abandoning module ImgMedia (296)
[2019.02.04-15.27.22:373][203]LogModuleManager: Shutting down and abandoning module HTML5Networking (294)
[2019.02.04-15.27.22:373][203]LogModuleManager: Shutting down and abandoning module GeometryCacheTracks (292)
[2019.02.04-15.27.22:373][203]LogModuleManager: Shutting down and abandoning module GeometryCacheSequencer (291)
[2019.02.04-15.27.22:374][203]LogModuleManager: Shutting down and abandoning module GeometryCache (288)
[2019.02.04-15.27.22:374][203]LogModuleManager: Shutting down and abandoning module GeometryCacheEd (287)
[2019.02.04-15.27.22:374][203]LogModuleManager: Shutting down and abandoning module BackChannel (284)
[2019.02.04-15.27.22:374][203]LogModuleManager: Shutting down and abandoning module AppleVision (282)
[2019.02.04-15.27.22:374][203]LogModuleManager: Shutting down and abandoning module AppleImageUtils (280)
[2019.02.04-15.27.22:374][203]LogModuleManager: Shutting down and abandoning module DatasmithContent (278)
[2019.02.04-15.27.22:374][203]LogModuleManager: Shutting down and abandoning module CryptoKeysOpenSSL (276)
[2019.02.04-15.27.22:374][203]LogModuleManager: Shutting down and abandoning module CryptoKeys (274)
[2019.02.04-15.27.22:374][203]LogModuleManager: Shutting down and abandoning module VisualStudioSourceCodeAccess (272)
[2019.02.04-15.27.22:374][203]LogModuleManager: Shutting down and abandoning module HotReload (271)
[2019.02.04-15.27.22:375][203]LogModuleManager: Shutting down and abandoning module DirectoryWatcher (270)
[2019.02.04-15.27.22:375][203]LogModuleManager: Shutting down and abandoning module VisualStudioCodeSourceCodeAccess (266)
[2019.02.04-15.27.22:375][203]LogModuleManager: Shutting down and abandoning module UObjectPlugin (264)
[2019.02.04-15.27.22:375][203]LogModuleManager: Shutting down and abandoning module SubversionSourceControl (262)
[2019.02.04-15.27.22:375][203]LogModuleManager: Shutting down and abandoning module PerforceSourceControl (260)
[2019.02.04-15.27.22:375][203]LogModuleManager: Shutting down and abandoning module SourceControl (259)
[2019.02.04-15.27.22:375][203]LogModuleManager: Shutting down and abandoning module CLionSourceCodeAccess (256)
[2019.02.04-15.27.22:375][203]LogModuleManager: Shutting down and abandoning module RuntimePhysXCooking (254)
[2019.02.04-15.27.22:375][203]LogModuleManager: Shutting down and abandoning module PhysXVehiclesEditor (252)
[2019.02.04-15.27.22:375][203]LogModuleManager: Shutting down and abandoning module PhysXVehicles (250)
[2019.02.04-15.27.22:375][203]LogModuleManager: Shutting down and abandoning module LocationServicesBPLibrary (248)
[2019.02.04-15.27.22:375][203]LogModuleManager: Shutting down and abandoning module ImmediatePhysicsEditor (246)
[2019.02.04-15.27.22:375][203]LogModuleManager: Shutting down and abandoning module ImmediatePhysics (244)
[2019.02.04-15.27.22:375][203]LogModuleManager: Shutting down and abandoning module ActorSequence (242)
[2019.02.04-15.27.22:375][203]LogModuleManager: Shutting down and abandoning module UdpMessaging (240)
[2019.02.04-15.27.22:476][203]LogModuleManager: Shutting down and abandoning module TcpMessaging (238)
[2019.02.04-15.27.23:017][203]LogModuleManager: Shutting down and abandoning module MagicLeapAudio (236)
[2019.02.04-15.27.23:017][203]LogModuleManager: Shutting down and abandoning module GameplayTagsEditor (234)
[2019.02.04-15.27.23:017][203]LogModuleManager: Shutting down and abandoning module FacialAnimation (232)
[2019.02.04-15.27.23:017][203]LogModuleManager: Shutting down and abandoning module DataValidation (230)
[2019.02.04-15.27.23:017][203]LogModuleManager: Shutting down and abandoning module AssetManagerEditor (228)
[2019.02.04-15.27.23:017][203]LogModuleManager: Shutting down and abandoning module TreeMap (227)
[2019.02.04-15.27.23:017][203]LogModuleManager: Shutting down and abandoning module LightPropagationVolumeRuntime (224)
[2019.02.04-15.27.23:017][203]LogModuleManager: Shutting down and abandoning module AISupportModule (222)
[2019.02.04-15.27.23:017][203]LogModuleManager: Shutting down and abandoning module Paper2D (220)
[2019.02.04-15.27.23:017][203]LogModuleManager: Shutting down and abandoning module PIEPreviewDeviceProfileSelector (218)
[2019.02.04-15.27.23:017][203]LogModuleManager: Shutting down and abandoning module WindowsMoviePlayer (216)
[2019.02.04-15.27.23:018][203]LogModuleManager: Shutting down and abandoning module WmfMedia (214)
[2019.02.04-15.27.23:019][203]LogModuleManager: Shutting down and abandoning module Media (213)
[2019.02.04-15.27.23:025][203]LogModuleManager: Shutting down and abandoning module PacketHandler (210)
[2019.02.04-15.27.23:025][203]LogModuleManager: Shutting down and abandoning module ClothingSystemEditor (208)
[2019.02.04-15.27.23:025][203]LogModuleManager: Shutting down and abandoning module ClothingSystemRuntime (206)
[2019.02.04-15.27.23:025][203]LogModuleManager: Shutting down and abandoning module MediaAssets (204)
[2019.02.04-15.27.23:025][203]LogModuleManager: Shutting down and abandoning module Overlay (202)
[2019.02.04-15.27.23:025][203]LogModuleManager: Shutting down and abandoning module OverlayEditor (201)
[2019.02.04-15.27.23:025][203]LogModuleManager: Shutting down and abandoning module VREditor (198)
[2019.02.04-15.27.23:025][203]LogModuleManager: Shutting down and abandoning module StringTableEditor (196)
[2019.02.04-15.27.23:025][203]LogModuleManager: Shutting down and abandoning module GameplayTasksEditor (194)
[2019.02.04-15.27.23:025][203]LogModuleManager: Shutting down and abandoning module BehaviorTreeEditor (192)
[2019.02.04-15.27.23:025][203]LogModuleManager: Shutting down and abandoning module FunctionalTesting (190)
[2019.02.04-15.27.23:025][203]LogModuleManager: Shutting down and abandoning module CollisionAnalyzer (188)
[2019.02.04-15.27.23:025][203]LogModuleManager: Shutting down and abandoning module WorkspaceMenuStructure (187)
[2019.02.04-15.27.23:025][203]LogModuleManager: Shutting down and abandoning module UMG (184)
[2019.02.04-15.27.23:025][203]LogModuleManager: Shutting down and abandoning module UMGEditor (183)
[2019.02.04-15.27.23:026][203]LogModuleManager: Shutting down and abandoning module Sequencer (182)
[2019.02.04-15.27.23:026][203]LogModuleManager: Shutting down and abandoning module MessageLog (179)
[2019.02.04-15.27.23:026][203]LogModuleManager: Shutting down and abandoning module SlateReflector (174)
[2019.02.04-15.27.23:026][203]LogModuleManager: Shutting down and abandoning module Slate (172)
[2019.02.04-15.27.23:026][203]LogModuleManager: Shutting down and abandoning module EditorStyle (170)
[2019.02.04-15.27.23:027][203]LogModuleManager: Shutting down and abandoning module MRMesh (168)
[2019.02.04-15.27.23:027][203]LogModuleManager: Shutting down and abandoning module Messaging (166)
[2019.02.04-15.27.23:027][203]LogModuleManager: Shutting down and abandoning module SourceCodeAccess (164)
[2019.02.04-15.27.23:027][203]LogModuleManager: Shutting down and abandoning module HeadMountedDisplay (162)
[2019.02.04-15.27.23:027][203]LogModuleManager: Shutting down and abandoning module XAudio2 (160)
[2019.02.04-15.27.23:027][203]LogModuleManager: Shutting down and abandoning module Networking (158)
[2019.02.04-15.27.23:027][203]LogModuleManager: Shutting down and abandoning module Core (156)
[2019.02.04-15.27.23:027][203]LogModuleManager: Shutting down and abandoning module LevelSequence (154)
[2019.02.04-15.27.23:027][203]LogModuleManager: Shutting down and abandoning module KismetCompiler (152)
[2019.02.04-15.27.23:027][203]LogModuleManager: Shutting down and abandoning module MeshUtilities (150)
[2019.02.04-15.27.23:027][203]LogModuleManager: Shutting down and abandoning module MeshMergeUtilities (149)
[2019.02.04-15.27.23:027][203]LogModuleManager: Shutting down and abandoning module MeshReductionInterface (148)
[2019.02.04-15.27.23:027][203]LogModuleManager: Shutting down and abandoning module SimplygonSwarm (147)
[2019.02.04-15.27.23:027][203]LogModuleManager: Shutting down and abandoning module ProxyLODMeshReduction (145)
[2019.02.04-15.27.23:027][203]LogModuleManager: Shutting down and abandoning module SimplygonMeshReduction (143)
[2019.02.04-15.27.23:027][203]LogModuleManager: Shutting down and abandoning module QuadricMeshReduction (141)
[2019.02.04-15.27.23:027][203]LogModuleManager: Shutting down and abandoning module MaterialBaking (137)
[2019.02.04-15.27.23:027][203]LogModuleManager: Shutting down and abandoning module DerivedDataCache (132)
[2019.02.04-15.27.23:048][203]LogDerivedDataCache: Shutdown
[2019.02.04-15.27.23:048][203]LogModuleManager: Shutting down and abandoning module XGEController (130)
[2019.02.04-15.27.23:048][203]LogModuleManager: Shutting down and abandoning module TargetPlatform (128)
[2019.02.04-15.27.23:048][203]LogModuleManager: Shutting down and abandoning module VulkanShaderFormat (127)
[2019.02.04-15.27.23:048][203]LogModuleManager: Shutting down and abandoning module ShaderFormatVectorVM (125)
[2019.02.04-15.27.23:048][203]LogModuleManager: Shutting down and abandoning module ShaderFormatOpenGL (123)
[2019.02.04-15.27.23:048][203]LogModuleManager: Shutting down and abandoning module ShaderFormatD3D (121)
[2019.02.04-15.27.23:048][203]LogModuleManager: Shutting down and abandoning module MetalShaderFormat (119)
[2019.02.04-15.27.23:048][203]LogModuleManager: Shutting down and abandoning module TextureFormatUncompressed (117)
[2019.02.04-15.27.23:048][203]LogModuleManager: Shutting down and abandoning module TextureFormatPVR (115)
[2019.02.04-15.27.23:048][203]LogModuleManager: Shutting down and abandoning module TextureFormatDXT (113)
[2019.02.04-15.27.23:048][203]LogModuleManager: Shutting down and abandoning module TextureFormatIntelISPCTexComp (111)
[2019.02.04-15.27.23:048][203]LogModuleManager: Shutting down and abandoning module TextureFormatASTC (109)
[2019.02.04-15.27.23:048][203]LogModuleManager: Shutting down and abandoning module ImageWrapper (108)
[2019.02.04-15.27.23:048][203]LogModuleManager: Shutting down and abandoning module TextureFormatAndroid (105)
[2019.02.04-15.27.23:048][203]LogModuleManager: Shutting down and abandoning module AudioFormatOpus (103)
[2019.02.04-15.27.23:048][203]LogModuleManager: Shutting down and abandoning module AudioFormatOgg (101)
[2019.02.04-15.27.23:048][203]LogModuleManager: Shutting down and abandoning module AudioFormatADPCM (99)
[2019.02.04-15.27.23:048][203]LogModuleManager: Shutting down and abandoning module WindowsTargetPlatform (97)
[2019.02.04-15.27.23:048][203]LogModuleManager: Shutting down and abandoning module WindowsServerTargetPlatform (95)
[2019.02.04-15.27.23:048][203]LogModuleManager: Shutting down and abandoning module WindowsNoEditorTargetPlatform (93)
[2019.02.04-15.27.23:048][203]LogModuleManager: Shutting down and abandoning module WindowsClientTargetPlatform (91)
[2019.02.04-15.27.23:048][203]LogModuleManager: Shutting down and abandoning module InputCore (88)
[2019.02.04-15.27.23:048][203]LogModuleManager: Shutting down and abandoning module Settings (86)
[2019.02.04-15.27.23:048][203]LogModuleManager: Shutting down and abandoning module PhysXCooking (84)
[2019.02.04-15.27.23:049][203]LogModuleManager: Shutting down and abandoning module SteamVR (82)
[2019.02.04-15.27.23:049][203]LogModuleManager: Shutting down and abandoning module OculusHMD (80)
[2019.02.04-15.27.23:049][203]LogModuleManager: Shutting down and abandoning module ExampleDeviceProfileSelector (78)
[2019.02.04-15.27.23:049][203]LogModuleManager: Shutting down and abandoning module LauncherChunkInstaller (76)
[2019.02.04-15.27.23:049][203]LogModuleManager: Shutting down and abandoning module OnlineBlueprintSupport (74)
[2019.02.04-15.27.23:049][203]LogModuleManager: Shutting down and abandoning module OnlineSubsystem (70)
[2019.02.04-15.27.23:049][203]LogOnline: Display: STEAM: OnlineSubsystemSteam::Shutdown()
[2019.02.04-15.27.23:087][203]LogOnline: Display: STEAM: OnlineSubsystemSteam::Shutdown()
[2019.02.04-15.27.23:088][203]LogModuleManager: Shutting down and abandoning module XMPP (65)
[2019.02.04-15.27.23:088][203]LogModuleManager: Shutting down and abandoning module WebSockets (64)
[2019.02.04-15.27.23:111][203]LogModuleManager: Shutting down and abandoning module HTTP (61)
[2019.02.04-15.27.23:139][203]LogModuleManager: Shutting down and abandoning module SSL (60)
[2019.02.04-15.27.23:140][203]LogModuleManager: Shutting down and abandoning module MagicLeapEmulator (56)
[2019.02.04-15.27.23:140][203]LogModuleManager: Shutting down and abandoning module MagicLeapPrivileges (54)
[2019.02.04-15.27.23:140][203]LogModuleManager: Shutting down and abandoning module MagicLeapIdentity (52)
[2019.02.04-15.27.23:140][203]LogModuleManager: Shutting down and abandoning module MagicLeapHelperVulkan (50)
[2019.02.04-15.27.23:140][203]LogModuleManager: Shutting down and abandoning module MagicLeapHelperOpenGL (48)
[2019.02.04-15.27.23:140][203]LogModuleManager: Shutting down and abandoning module MagicLeapSecureStorage (46)
[2019.02.04-15.27.23:140][203]LogModuleManager: Shutting down and abandoning module MagicLeapGestures (44)
[2019.02.04-15.27.23:140][203]LogModuleManager: Shutting down and abandoning module MagicLeapEyeTracker (42)
[2019.02.04-15.27.23:141][203]LogModuleManager: Shutting down and abandoning module MagicLeapController (40)
[2019.02.04-15.27.23:141][203]LogSlate: Slate User Destroyed.  User Index 0, Is Virtual User: 0
[2019.02.04-15.27.23:141][203]LogModuleManager: Shutting down and abandoning module MagicLeap (38)
[2019.02.04-15.27.23:141][203]LogModuleManager: Shutting down and abandoning module AnimationModifiers (36)
[2019.02.04-15.27.23:141][203]LogModuleManager: Shutting down and abandoning module PropertyEditor (35)
[2019.02.04-15.27.23:141][203]LogModuleManager: Shutting down and abandoning module AudioEditor (32)
[2019.02.04-15.27.23:141][203]LogModuleManager: Shutting down and abandoning module TextureCompressor (30)
[2019.02.04-15.27.23:141][203]LogModuleManager: Shutting down and abandoning module ShaderCore (28)
[2019.02.04-15.27.23:141][203]LogModuleManager: Shutting down and abandoning module Landscape (26)
[2019.02.04-15.27.23:141][203]LogModuleManager: Shutting down and abandoning module SlateRHIRenderer (24)
[2019.02.04-15.27.23:141][203]LogModuleManager: Shutting down and abandoning module OpenGLDrv (22)
[2019.02.04-15.27.23:141][203]LogModuleManager: Shutting down and abandoning module D3D11RHI (20)
[2019.02.04-15.27.23:141][203]LogModuleManager: Shutting down and abandoning module AnimGraphRuntime (18)
[2019.02.04-15.27.23:141][203]LogModuleManager: Shutting down and abandoning module Renderer (16)
[2019.02.04-15.27.23:141][203]LogModuleManager: Shutting down and abandoning module Engine (14)
[2019.02.04-15.27.23:141][203]LogModuleManager: Shutting down and abandoning module CoreUObject (12)
[2019.02.04-15.27.23:141][203]LogModuleManager: Shutting down and abandoning module NetworkFile (10)
[2019.02.04-15.27.23:141][203]LogModuleManager: Shutting down and abandoning module CookedIterativeFile (8)
[2019.02.04-15.27.23:141][203]LogModuleManager: Shutting down and abandoning module StreamingFile (6)
[2019.02.04-15.27.23:141][203]LogModuleManager: Shutting down and abandoning module SandboxFile (4)
[2019.02.04-15.27.23:141][203]LogModuleManager: Shutting down and abandoning module PakFile (2)
[2019.02.04-15.27.23:144][203]LogExit: Exiting.
[2019.02.04-15.27.23:157][203]Log file closed, 02/04/19 16:27:23
