Log file open, 02/04/19 17:30:07
LogWindows: Failed to load 'aqProf.dll' (GetLastError=126)
LogWindows: File 'aqProf.dll' does not exist
LogWindows: Failed to load 'VtuneApi.dll' (GetLastError=126)
LogWindows: File 'VtuneApi.dll' does not exist
LogWindows: Failed to load 'VtuneApi32e.dll' (GetLastError=126)
LogWindows: File 'VtuneApi32e.dll' does not exist
LogInit: Display: Running engine for game: PeopleWithGuns
LogPlatformFile: Not using cached read wrapper
LogTaskGraph: Started task graph with 5 named threads and 11 total threads with 3 sets of task threads.
LogStats: Stats thread started at 0.262624
LogD3D11RHI: Loaded GFSDK_Aftermath_Lib.x64.dll
LogICUInternationalization: Display: ICU TimeZone Detection - Raw Offset: +1:00, Platform Override: ''
LogPluginManager: Mounting plugin Paper2D
LogPluginManager: Mounting plugin AISupport
LogPluginManager: Mounting plugin LightPropagationVolume
LogPluginManager: Mounting plugin CLionSourceCodeAccess
LogPluginManager: Mounting plugin CodeLiteSourceCodeAccess
LogPluginManager: Mounting plugin GitSourceControl
LogPluginManager: Mounting plugin KDevelopSourceCodeAccess
LogPluginManager: Mounting plugin NullSourceCodeAccess
LogPluginManager: Mounting plugin PerforceSourceControl
LogPluginManager: Mounting plugin SubversionSourceControl
LogPluginManager: Mounting plugin UObjectPlugin
LogPluginManager: Mounting plugin VisualStudioCodeSourceCodeAccess
LogPluginManager: Mounting plugin VisualStudioSourceCodeAccess
LogPluginManager: Mounting plugin XCodeSourceCodeAccess
LogPluginManager: Mounting plugin AssetManagerEditor
LogPluginManager: Mounting plugin CryptoKeys
LogPluginManager: Mounting plugin DataValidation
LogPluginManager: Mounting plugin FacialAnimation
LogPluginManager: Mounting plugin GameplayTagsEditor
LogPluginManager: Mounting plugin MacGraphicsSwitching
LogPluginManager: Mounting plugin MeshEditor
LogPluginManager: Mounting plugin MobileLauncherProfileWizard
LogPluginManager: Mounting plugin PluginBrowser
LogPluginManager: Mounting plugin SpeedTreeImporter
LogPluginManager: Mounting plugin DatasmithContent
LogPluginManager: Mounting plugin AlembicImporter
LogPluginManager: Mounting plugin AppleImageUtils
LogPluginManager: Mounting plugin AppleVision
LogPluginManager: Mounting plugin BackChannel
LogPluginManager: Mounting plugin CharacterAI
LogPluginManager: Mounting plugin GeometryCache
LogPluginManager: Mounting plugin HTML5Networking
LogPluginManager: Mounting plugin ProxyLODPlugin
LogPluginManager: Mounting plugin MagicLeap
LogPluginManager: Mounting plugin MagicLeapEmulator
LogPluginManager: Mounting plugin MagicLeapMedia
LogPluginManager: Mounting plugin AndroidMedia
LogPluginManager: Mounting plugin AvfMedia
LogPluginManager: Mounting plugin ImgMedia
LogPluginManager: Mounting plugin LinearTimecode
LogPluginManager: Mounting plugin MediaCompositing
LogPluginManager: Mounting plugin MediaPlayerEditor
LogPluginManager: Mounting plugin WmfMedia
LogPluginManager: Mounting plugin TcpMessaging
LogPluginManager: Mounting plugin UdpMessaging
LogPluginManager: Mounting plugin ActorSequence
LogPluginManager: Mounting plugin LevelSequenceEditor
LogPluginManager: Mounting plugin MatineeToLevelSequence
LogPluginManager: Mounting plugin NetcodeUnitTest
LogPluginManager: Mounting plugin NUTUnrealEngine4
LogPluginManager: Mounting plugin OnlineSubsystemGooglePlay
LogPluginManager: Mounting plugin OnlineSubsystemIOS
LogPluginManager: Mounting plugin OnlineSubsystem
LogPluginManager: Mounting plugin OnlineSubsystemNull
LogPluginManager: Mounting plugin OnlineSubsystemUtils
LogPluginManager: Mounting plugin LauncherChunkInstaller
LogPluginManager: Mounting plugin AndroidDeviceProfileSelector
LogPluginManager: Mounting plugin AndroidMoviePlayer
LogPluginManager: Mounting plugin AndroidPermission
LogPluginManager: Mounting plugin AppleMoviePlayer
LogPluginManager: Mounting plugin ArchVisCharacter
LogPluginManager: Mounting plugin AudioCapture
LogPluginManager: Mounting plugin CableComponent
LogPluginManager: Mounting plugin CustomMeshComponent
LogPluginManager: Mounting plugin EditableMesh
LogPluginManager: Mounting plugin ExampleDeviceProfileSelector
LogPluginManager: Mounting plugin GoogleCloudMessaging
LogPluginManager: Mounting plugin ImmediatePhysics
LogPluginManager: Mounting plugin IOSDeviceProfileSelector
LogPluginManager: Mounting plugin LinuxDeviceProfileSelector
LogPluginManager: Mounting plugin LocationServicesBPLibrary
LogPluginManager: Mounting plugin MobilePatchingUtils
LogPluginManager: Mounting plugin OculusVR
LogPluginManager: Plugin shader directory ../../../Engine/Plugins/Runtime/Oculus/OculusVR/Shaders found
LogPluginManager: Mapping shader source directory ../../../Engine/Plugins/Runtime/Oculus/OculusVR/Shaders to virtual directory /Plugin/OculusVR
LogPluginManager: Mounting plugin PhysXVehicles
LogPluginManager: Mounting plugin ProceduralMeshComponent
LogPluginManager: Mounting plugin RuntimePhysXCooking
LogPluginManager: Mounting plugin SteamVR
LogPluginManager: Mounting plugin WindowsMoviePlayer
LogStreaming: Display: Took  0.306s to configure plugins.
LogInit: Using libcurl 7.55.1-DEV
LogInit:  - built for x86_64-pc-win32
LogInit:  - supports SSL with OpenSSL/1.0.2h
LogInit:  - supports HTTP deflate (compression) using libz 1.2.8
LogInit:  - other features:
LogInit:      CURL_VERSION_SSL
LogInit:      CURL_VERSION_LIBZ
LogInit:      CURL_VERSION_IPV6
LogInit:      CURL_VERSION_ASYNCHDNS
LogInit:      CURL_VERSION_LARGEFILE
LogInit:      CURL_VERSION_IDN
LogInit:  CurlRequestOptions (configurable via config and command line):
LogInit:  - bVerifyPeer = false  - Libcurl will NOT verify peer certificate
LogInit:  - bUseHttpProxy = false  - Libcurl will NOT use HTTP proxy
LogInit:  - bDontReuseConnections = false  - Libcurl will reuse connections
LogInit:  - CertBundlePath = nullptr  - Libcurl will use whatever was configured at build time.
LogInit:  - MaxHostConnections = 16  - Libcurl will limit the number of connections to a host
LogInit:  - LocalHostAddr = Default
LogInit:  - BufferSize = 65536
LogModuleManager: Warning: ModuleManager: Unable to load module 'OnlineSubsystemSteam'  - 0 instances of that module name found.
LogInit: WinSock: version 1.1 (2.2), MaxSocks=32767, MaxUdp=65467
LogInit: Build: ++UE4+Release-4.20-CL-4369336
LogInit: Engine Version: 4.20.3-4369336+++UE4+Release-4.20
LogInit: Compatible Engine Version: 4.20.0-4212847+++UE4+Release-4.20
LogInit: Net CL: 4212847
LogInit: OS: Windows 10 (), CPU: Intel(R) Core(TM) i7-6500U CPU @ 2.50GHz, GPU: Intel(R) HD Graphics 520
LogInit: Compiled (64-bit): Sep 17 2018 12:26:19
LogInit: Compiled with Visual C++: 19.13.26129.00
LogInit: Build Configuration: Development
LogInit: Branch Name: ++UE4+Release-4.20
LogInit: Command Line: -EpicPortal  -epicusername="Hookibibi" -epicuserid=e13323db472b437e907144303bb07345 -epiclocale=fr-FR
LogInit: Base Directory: R:/UE_4.20/Engine/Binaries/Win64/
LogInit: Installed Engine Build: 1
LogDevObjectVersion: Number of dev versions registered: 20
LogDevObjectVersion:   Dev-Blueprints (B0D832E4-1F89-4F0D-ACCF-7EB736FD4AA2): 10
LogDevObjectVersion:   Dev-Build (E1C64328-A22C-4D53-A36C-8E866417BD8C): 0
LogDevObjectVersion:   Dev-Core (375EC13C-06E4-48FB-B500-84F0262A717E): 2
LogDevObjectVersion:   Dev-Editor (E4B068ED-F494-42E9-A231-DA0B2E46BB41): 24
LogDevObjectVersion:   Dev-Framework (CFFC743F-43B0-4480-9391-14DF171D2073): 34
LogDevObjectVersion:   Dev-Mobile (B02B49B5-BB20-44E9-A304-32B752E40360): 2
LogDevObjectVersion:   Dev-Networking (A4E4105C-59A1-49B5-A7C5-40C4547EDFEE): 0
LogDevObjectVersion:   Dev-Online (39C831C9-5AE6-47DC-9A44-9C173E1C8E7C): 0
LogDevObjectVersion:   Dev-Physics (78F01B33-EBEA-4F98-B9B4-84EACCB95AA2): 0
LogDevObjectVersion:   Dev-Platform (6631380F-2D4D-43E0-8009-CF276956A95A): 0
LogDevObjectVersion:   Dev-Rendering (12F88B9F-8875-4AFC-A67C-D90C383ABD29): 26
LogDevObjectVersion:   Dev-Sequencer (7B5AE74C-D270-4C10-A958-57980B212A5A): 9
LogDevObjectVersion:   Dev-VR (D7296918-1DD6-4BDD-9DE2-64A83CC13884): 2
LogDevObjectVersion:   Dev-LoadTimes (C2A15278-BFE7-4AFE-6C17-90FF531DF755): 1
LogDevObjectVersion:   Private-Geometry (6EACA3D4-40EC-4CC1-B786-8BED09428FC5): 3
LogDevObjectVersion:   Dev-AnimPhys (29E575DD-E0A3-4627-9D10-D276232CDCEA): 17
LogDevObjectVersion:   Dev-ReflectionCapture (6B266CEC-1EC7-4B8F-A30B-E4D90942FC07): 1
LogDevObjectVersion:   Dev-Automation (0DF73D61-A23F-47EA-B727-89E90C41499A): 1
LogDevObjectVersion:   FortniteMain (601D1886-AC64-4F84-AA16-D3DE0DEAC7D6): 12
LogDevObjectVersion:   Dev-Enterprise (9DFFBCD6-494F-0158-E221-12823C92A888): 1
LogStreaming: Display: Took  0.004s to delete old logs.
LogInit: Presizing for max 8388607 objects, including 0 objects not considered by GC, pre-allocating 0 bytes for permanent pool.
LogInit: Object subsystem initialized
[2019.02.04-16.30.08:363][  0]LogInit: Selected Device Profile: [Windows]
[2019.02.04-16.30.08:363][  0]LogInit: Applying CVar settings loaded from the selected device profile: [Windows]
[2019.02.04-16.30.08:393][  0]LogHAL: Display: Platform has ~ 8 GB [8464732160 / 8589934592 / 8], which maps to Default [LargestMinGB=32, LargerMinGB=12, DefaultMinGB=8, SmallerMinGB=6, SmallestMinGB=0)
[2019.02.04-16.30.08:393][  0]LogInit: Setting Device Profile CVar: [[r.Vulkan.UseRealUBs:1]]
[2019.02.04-16.30.08:393][  0]LogInit: Going up to parent DeviceProfile []
[2019.02.04-16.30.08:394][  0]LogInit: Computer: DESKTOP-FT66DED
[2019.02.04-16.30.08:394][  0]LogInit: User: Malo
[2019.02.04-16.30.08:394][  0]LogInit: CPU Page size=4096, Cores=2
[2019.02.04-16.30.08:394][  0]LogInit: High frequency timer resolution =10.000000 MHz
[2019.02.04-16.30.08:394][  0]LogMemory: Memory total: Physical=7.9GB (8GB approx)
[2019.02.04-16.30.08:395][  0]LogMemory: Platform Memory Stats for Windows
[2019.02.04-16.30.08:395][  0]LogMemory: Process Physical Memory: 101.95 MB used, 101.95 MB peak
[2019.02.04-16.30.08:395][  0]LogMemory: Process Virtual Memory: 92.29 MB used, 92.29 MB peak
[2019.02.04-16.30.08:395][  0]LogMemory: Physical Memory: 5923.63 MB used,  2148.97 MB free, 8072.60 MB total
[2019.02.04-16.30.08:395][  0]LogMemory: Virtual Memory: 4624.86 MB used,  2148.97 MB free, 134217728.00 MB total
[2019.02.04-16.30.08:430][  0]LogInit: Using OS detected language (fr-FR).
[2019.02.04-16.30.08:430][  0]LogInit: Using OS detected locale (fr-FR).
[2019.02.04-16.30.08:432][  0]LogTextLocalizationManager: No specific localization for 'fr-FR' exists, so the 'fr' localization will be used.
[2019.02.04-16.30.08:435][  0]LogStreaming: Display: Took  0.005s to InitEngineTextLocalization.
[2019.02.04-16.30.08:436][  0]LogInit: Setting process to per monitor DPI aware
[2019.02.04-16.30.08:499][  0]LogSlate: New Slate User Created.  User Index 0, Is Virtual User: 0
[2019.02.04-16.30.08:499][  0]LogSlate: Slate User Registered.  User Index 0, Is Virtual User: 0
[2019.02.04-16.30.08:846][  0]LogHMD: Failed to initialize OpenVR with code 100
[2019.02.04-16.30.08:846][  0]LogD3D11RHI: D3D11 adapters:
[2019.02.04-16.30.08:861][  0]LogD3D11RHI:    0. 'Intel(R) HD Graphics 520' (Feature Level 11_0)
[2019.02.04-16.30.08:861][  0]LogD3D11RHI:       128/0/4036 MB DedicatedVideo/DedicatedSystem/SharedSystem, Outputs:1, VendorId:0x8086
[2019.02.04-16.30.08:865][  0]LogD3D11RHI:    1. 'Microsoft Basic Render Driver' (Feature Level 11_0)
[2019.02.04-16.30.08:865][  0]LogD3D11RHI:       0/0/4036 MB DedicatedVideo/DedicatedSystem/SharedSystem, Outputs:0, VendorId:0x1414
[2019.02.04-16.30.08:865][  0]LogD3D11RHI: Chosen D3D11 Adapter: 0
[2019.02.04-16.30.08:874][  0]LogD3D11RHI: Creating new Direct3DDevice
[2019.02.04-16.30.08:874][  0]LogD3D11RHI:     GPU DeviceId: 0x1916 (for the marketing name, search the web for "GPU Device Id")
[2019.02.04-16.30.08:875][  0]LogWindows: EnumDisplayDevices:
[2019.02.04-16.30.08:875][  0]LogWindows:    0. 'Intel(R) HD Graphics 520' (P:1 D:1)
[2019.02.04-16.30.08:876][  0]LogWindows:    1. 'Intel(R) HD Graphics 520' (P:0 D:0)
[2019.02.04-16.30.08:877][  0]LogWindows:    2. 'Intel(R) HD Graphics 520' (P:0 D:0)
[2019.02.04-16.30.08:877][  0]LogWindows: DebugString: FoundDriverCount:3 
[2019.02.04-16.30.08:877][  0]LogD3D11RHI:     Adapter Name: Intel(R) HD Graphics 520
[2019.02.04-16.30.08:877][  0]LogD3D11RHI:   Driver Version: 22.20.16.4771 (internal:22.20.16.4771, unified:22.20.16.4771)
[2019.02.04-16.30.08:877][  0]LogD3D11RHI:      Driver Date: 8-13-2017
[2019.02.04-16.30.08:877][  0]LogRHI: Texture pool is 1502 MB (70% of 2146 MB)
[2019.02.04-16.30.08:888][  0]LogD3D11RHI: Async texture creation enabled
[2019.02.04-16.30.08:914][  0]LogD3D11RHI: GPU Timing Frequency: 12.000000 (Debug: 2 0)
[2019.02.04-16.30.08:916][  0]LogShaderCompilers: Guid format shader working directory is -26 characters bigger than the processId version (C:/Users/Malo/Documents/GitHub/ProjetsHub2018/FPSUnreal/PeopleWithGuns/Intermediate/Shaders/WorkingDirectory/12352/).
[2019.02.04-16.30.08:916][  0]LogShaderCompilers: Cleaned the shader compiler working directory 'C:/Users/Malo/AppData/Local/Temp/UnrealShaderWorkingDir/CE4202B44AE09B4FD36954A40B0B07C0/'.
[2019.02.04-16.30.09:663][  0]LogTemp: Display: Loaded TP AllDesktopTargetPlatform
[2019.02.04-16.30.09:692][  0]LogTemp: Display: Loaded TP MacClientTargetPlatform
[2019.02.04-16.30.09:722][  0]LogTemp: Display: Loaded TP MacNoEditorTargetPlatform
[2019.02.04-16.30.09:750][  0]LogTemp: Display: Loaded TP MacServerTargetPlatform
[2019.02.04-16.30.09:779][  0]LogTemp: Display: Loaded TP MacTargetPlatform
[2019.02.04-16.30.09:808][  0]LogTemp: Display: Loaded TP WindowsClientTargetPlatform
[2019.02.04-16.30.09:836][  0]LogTemp: Display: Loaded TP WindowsNoEditorTargetPlatform
[2019.02.04-16.30.09:866][  0]LogTemp: Display: Loaded TP WindowsServerTargetPlatform
[2019.02.04-16.30.09:879][  0]LogTemp: Display: Loaded TP WindowsTargetPlatform
[2019.02.04-16.30.10:072][  0]LogTemp: Display: Loaded TP AndroidTargetPlatform
[2019.02.04-16.30.10:072][  0]LogTemp: Display: Loaded TP AndroidTargetPlatform
[2019.02.04-16.30.10:072][  0]LogTemp: Display: Loaded TP AndroidTargetPlatform
[2019.02.04-16.30.10:072][  0]LogTemp: Display: Loaded TP AndroidTargetPlatform
[2019.02.04-16.30.10:072][  0]LogTemp: Display: Loaded TP AndroidTargetPlatform
[2019.02.04-16.30.10:072][  0]LogTemp: Display: Loaded TP AndroidTargetPlatform
[2019.02.04-16.30.10:072][  0]LogTemp: Display: Loaded TP AndroidTargetPlatform
[2019.02.04-16.30.10:073][  0]LogTemp: Display: Loaded TP AndroidTargetPlatform
[2019.02.04-16.30.10:073][  0]LogTemp: Display: Loaded TP AndroidTargetPlatform
[2019.02.04-16.30.10:073][  0]LogTemp: Display: Loaded TP AndroidTargetPlatform
[2019.02.04-16.30.10:073][  0]LogTemp: Display: Loaded TP AndroidTargetPlatform
[2019.02.04-16.30.10:073][  0]LogTemp: Display: Loaded TP AndroidTargetPlatform
[2019.02.04-16.30.10:073][  0]LogTemp: Display: Loaded TP AndroidTargetPlatform
[2019.02.04-16.30.10:073][  0]LogTemp: Display: Loaded TP AndroidTargetPlatform
[2019.02.04-16.30.10:073][  0]LogTemp: Display: Loaded TP AndroidTargetPlatform
[2019.02.04-16.30.10:073][  0]LogTemp: Display: Loaded TP AndroidTargetPlatform
[2019.02.04-16.30.10:073][  0]LogTemp: Display: Loaded TP AndroidTargetPlatform
[2019.02.04-16.30.10:073][  0]LogTemp: Display: Loaded TP AndroidTargetPlatform
[2019.02.04-16.30.10:075][  0]LogTemp: Display: Loaded TP HTML5TargetPlatform
[2019.02.04-16.30.10:168][  0]LogTemp: Display: Loaded TP IOSTargetPlatform
[2019.02.04-16.30.10:168][  0]LogTemp: Display: Loaded TP IOSTargetPlatform
[2019.02.04-16.30.10:222][  0]LogTemp: Display: Loaded TP TVOSTargetPlatform
[2019.02.04-16.30.10:222][  0]LogTemp: Display: Loaded TP TVOSTargetPlatform
[2019.02.04-16.30.10:247][  0]LogTemp: Display: Loaded TP LinuxClientTargetPlatform
[2019.02.04-16.30.10:272][  0]LogTemp: Display: Loaded TP LinuxNoEditorTargetPlatform
[2019.02.04-16.30.10:296][  0]LogTemp: Display: Loaded TP LinuxServerTargetPlatform
[2019.02.04-16.30.10:323][  0]LogTemp: Display: Loaded TP LinuxTargetPlatform
[2019.02.04-16.30.10:342][  0]LogTemp: Display: Loaded TP LuminTargetPlatform
[2019.02.04-16.30.10:342][  0]LogTargetPlatformManager: Display: Building Assets For Windows
[2019.02.04-16.30.10:434][  0]LogXGEController: Cannot use XGE Controller as Incredibuild is not installed on this machine.
[2019.02.04-16.30.10:434][  0]LogShaderCompilers: Cannot use XGE Shader Compiler as Incredibuild is not installed on this machine.
[2019.02.04-16.30.10:434][  0]LogShaderCompilers: Display: Using Local Shader Compiler.
[2019.02.04-16.30.11:902][  0]LogDerivedDataCache: Display: Max Cache Size: 512 MB
[2019.02.04-16.30.12:008][  0]LogDerivedDataCache: Loaded boot cache 0.11s 70MB C:/Users/Malo/AppData/Local/UnrealEngine/4.20/DerivedDataCache/Boot.ddc.
[2019.02.04-16.30.12:008][  0]LogDerivedDataCache: Display: Loaded Boot cache: C:/Users/Malo/AppData/Local/UnrealEngine/4.20/DerivedDataCache/Boot.ddc
[2019.02.04-16.30.12:008][  0]LogDerivedDataCache: FDerivedDataBackendGraph:  Pak pak cache file C:/Users/Malo/Documents/GitHub/ProjetsHub2018/FPSUnreal/PeopleWithGuns/DerivedDataCache/DDC.ddp not found, will not use a pak cache.
[2019.02.04-16.30.12:009][  0]LogDerivedDataCache: Unable to find inner node Pak for hierarchical cache Hierarchy.
[2019.02.04-16.30.12:009][  0]LogDerivedDataCache: FDerivedDataBackendGraph:  CompressedPak pak cache file C:/Users/Malo/Documents/GitHub/ProjetsHub2018/FPSUnreal/PeopleWithGuns/DerivedDataCache/Compressed.ddp not found, will not use a pak cache.
[2019.02.04-16.30.12:009][  0]LogDerivedDataCache: Unable to find inner node CompressedPak for hierarchical cache Hierarchy.
[2019.02.04-16.30.12:033][  0]LogDerivedDataCache: Display: Pak cache opened for reading ../../../Engine/DerivedDataCache/Compressed.ddp.
[2019.02.04-16.30.12:046][  0]LogDerivedDataCache: Using Local data cache path C:/Users/Malo/AppData/Local/UnrealEngine/Common/DerivedDataCache: Writable
[2019.02.04-16.30.12:046][  0]LogDerivedDataCache: Shared data cache path not found in *engine.ini, will not use an Shared cache.
[2019.02.04-16.30.12:046][  0]LogDerivedDataCache: Unable to find inner node Shared for hierarchical cache Hierarchy.
[2019.02.04-16.30.12:086][  0]LogMaterial: Verifying Global Shaders for PCD3D_SM5
[2019.02.04-16.30.12:089][  0]LogSlate: Using FreeType 2.6.0
[2019.02.04-16.30.12:090][  0]LogSlate: SlateFontServices - WITH_FREETYPE: 1, WITH_HARFBUZZ: 1
[2019.02.04-16.30.12:211][  0]LogAssetRegistry: FAssetRegistry took 0.0327 seconds to start up
[2019.02.04-16.30.12:977][  0]LogInit: Selected Device Profile: [Windows]
[2019.02.04-16.30.13:291][  0]LogSimplygon: Simplygon DLL not present - disabling.
[2019.02.04-16.30.13:297][  0]LogMeshReduction: Using SimplygonSwarm for distributed automatic mesh merging
[2019.02.04-16.30.13:297][  0]LogMeshReduction: Using ProxyLODMeshReduction for automatic mesh merging
[2019.02.04-16.30.13:297][  0]LogMeshReduction: Using QuadricMeshReduction for automatic static mesh reduction
[2019.02.04-16.30.13:297][  0]LogMeshReduction: No automatic skeletal mesh reduction module available
[2019.02.04-16.30.13:326][  0]LogNetVersion: PeopleWithGuns 1.0.0, NetCL: 4212847, EngineNetVer: 5, GameNetVer: 0 (Checksum: 1271298656)
[2019.02.04-16.30.14:456][  0]LogPackageLocalizationCache: Processed 11 localized package path(s) for 2 prioritized culture(s) in 0.238785 seconds
[2019.02.04-16.30.14:471][  0]LogUObjectArray: 38425 objects as part of root set at end of initial load.
[2019.02.04-16.30.14:471][  0]LogUObjectAllocator: 6690872 out of 0 bytes used by permanent object pool.
[2019.02.04-16.30.14:471][  0]LogUObjectArray: CloseDisregardForGC: 0/0 objects in disregard for GC pool
[2019.02.04-16.30.16:232][  0]LogTcpMessaging: Initializing TcpMessaging bridge
[2019.02.04-16.30.16:250][  0]LogUdpMessaging: Initializing bridge on interface 0.0.0.0:0 to multicast group 230.0.0.1:6666.
[2019.02.04-16.30.16:518][  0]SourceControl: Source control is disabled
[2019.02.04-16.30.16:518][  0]SourceControl: Source control is disabled
[2019.02.04-16.30.16:521][  0]SourceControl: Source control is disabled
[2019.02.04-16.30.16:523][  0]SourceControl: Source control is disabled
[2019.02.04-16.30.16:792][  0]LogAndroidPermission: UAndroidPermissionCallbackProxy::GetInstance
[2019.02.04-16.30.17:052][  0]LogOcInput: OculusInput pre-init called
[2019.02.04-16.30.17:163][  0]LogEngine: Initializing Engine...
[2019.02.04-16.30.17:165][  0]LogHMD: Failed to initialize OpenVR with code 100
[2019.02.04-16.30.17:168][  0]LogStats: UGameplayTagsManager::ConstructGameplayTagTree: ImportINI prefixes -  0.000 s
[2019.02.04-16.30.17:169][  0]LogStats: UGameplayTagsManager::ConstructGameplayTagTree: Construct from data asset -  0.000 s
[2019.02.04-16.30.17:169][  0]LogStats: UGameplayTagsManager::ConstructGameplayTagTree: ImportINI -  0.000 s
[2019.02.04-16.30.17:169][  0]LogStats: UGameplayTagsManager::ConstructGameplayTagTree: GameplayTagTreeChangedEvent.Broadcast -  0.000 s
[2019.02.04-16.30.17:699][  0]LogInit: Initializing FReadOnlyCVARCache
[2019.02.04-16.30.17:719][  0]LogAIModule: Creating AISystem for world Untitled
[2019.02.04-16.30.17:813][  0]LogInit: XAudio2 using 'Casque (Conexant ISST Audio)' : 2 channels at 48 kHz using 32 bits per sample (channel mask 0x3)
[2019.02.04-16.30.17:847][  0]LogInit: FAudioDevice initialized.
[2019.02.04-16.30.17:848][  0]LogNetVersion: Set ProjectVersion to 1.0.0.0. Version Checksum will be recalculated on next use.
[2019.02.04-16.30.17:948][  0]LogDerivedDataCache: Saved boot cache 0.10s 70MB C:/Users/Malo/AppData/Local/UnrealEngine/4.20/DerivedDataCache/Boot.ddc.
[2019.02.04-16.30.17:968][  0]LogInit: Texture streaming: Enabled
[2019.02.04-16.30.17:997][  0]LogEngineSessionManager: EngineSessionManager initialized
[2019.02.04-16.30.18:034][  0]LogInit: Transaction tracking system initialized
[2019.02.04-16.30.18:070][  0]BlueprintLog: New page: Editor Load
[2019.02.04-16.30.18:193][  0]LocalizationService: Localization service is disabled
[2019.02.04-16.30.19:273][  0]LogCook: Display: Max memory allowance for cook 16384mb min free memory 0mb
[2019.02.04-16.30.19:273][  0]LogCook: Display: Mobile HDR setting 1
[2019.02.04-16.30.19:273][  0]LogGameplayTags: Display: UGameplayTagsManager::DoneAddingNativeTags. DelegateIsBound: 0
[2019.02.04-16.30.19:273][  0]LogStats: UGameplayTagsManager::ConstructGameplayTagTree: ImportINI prefixes -  0.000 s
[2019.02.04-16.30.19:273][  0]LogStats: UGameplayTagsManager::ConstructGameplayTagTree: Construct from data asset -  0.000 s
[2019.02.04-16.30.19:274][  0]LogStats: UGameplayTagsManager::ConstructGameplayTagTree: ImportINI -  0.000 s
[2019.02.04-16.30.19:274][  0]LogStats: UGameplayTagsManager::ConstructGameplayTagTree: GameplayTagTreeChangedEvent.Broadcast -  0.000 s
[2019.02.04-16.30.19:500][  0]LogFileCache: Scanning file cache for directory 'C:/Users/Malo/Documents/GitHub/ProjetsHub2018/FPSUnreal/PeopleWithGuns/Content/' took 0.11s
[2019.02.04-16.30.19:500][  0]SourceControl: Source control is disabled
[2019.02.04-16.30.19:500][  0]Cmd: MAP LOAD FILE="C:/Users/Malo/Documents/GitHub/ProjetsHub2018/FPSUnreal/PeopleWithGuns/Content/ThirdPersonBP/Maps/MainMenu.umap" TEMPLATE=0 SHOWPROGRESS=1 FEATURELEVEL=3
[2019.02.04-16.30.19:501][  0]LightingResults: New page: Lighting Build
[2019.02.04-16.30.19:505][  0]MapCheck: New page: Map Check
[2019.02.04-16.30.19:505][  0]LightingResults: New page: Lighting Build
[2019.02.04-16.30.20:470][  0]LogAIModule: Creating AISystem for world MainMenu
[2019.02.04-16.30.20:479][  0]LogEditorServer: Finished looking for orphan Actors (0.001 secs)
[2019.02.04-16.30.20:587][  0]Cmd: MAP CHECKDEP NOCLEARLOG
[2019.02.04-16.30.20:772][  0]MapCheck: Map check complete: 0 Error(s), 0 Warning(s), took 184,736ms to complete.
[2019.02.04-16.30.20:772][  0]LogFileHelpers: Loading map 'MainMenu' took 1.272
[2019.02.04-16.30.20:917][  0]LogSlate: Updating window title bar state: overlay mode, drag disabled, window buttons hidden, title bar hidden
[2019.02.04-16.30.20:933][  0]LogSlate: Updating window title bar state: overlay mode, drag disabled, window buttons hidden, title bar hidden
[2019.02.04-16.30.20:946][  0]LogSlate: Updating window title bar state: overlay mode, drag disabled, window buttons hidden, title bar hidden
[2019.02.04-16.30.20:964][  0]LogSlate: Updating window title bar state: overlay mode, drag disabled, window buttons hidden, title bar hidden
[2019.02.04-16.30.20:973][  0]LogCollectionManager: Loaded 0 collections in 0.001354 seconds
[2019.02.04-16.30.21:017][  0]LogFileCache: Scanning file cache for directory 'C:/Users/Malo/Documents/GitHub/ProjetsHub2018/FPSUnreal/PeopleWithGuns/Saved/Collections/' took 0.01s
[2019.02.04-16.30.21:017][  0]LogFileCache: Scanning file cache for directory 'C:/Users/Malo/Documents/GitHub/ProjetsHub2018/FPSUnreal/PeopleWithGuns/Content/Developers/Malo/Collections/' took 0.01s
[2019.02.04-16.30.21:017][  0]LogFileCache: Scanning file cache for directory 'C:/Users/Malo/Documents/GitHub/ProjetsHub2018/FPSUnreal/PeopleWithGuns/Content/Collections/' took 0.01s
[2019.02.04-16.30.21:017][  0]LogCollectionManager: Rebuilt the GUID cache for 0 collections in 0.000001 seconds
[2019.02.04-16.30.21:036][  0]LogContentBrowser: Native class hierarchy populated in 0.0183 seconds. Added 2572 classes and 603 folders.
[2019.02.04-16.30.21:045][  0]LogContentBrowser: Native class hierarchy updated for 'WidgetCarousel' in 0.0004 seconds. Added 0 classes and 0 folders.
[2019.02.04-16.30.21:149][  0]LogContentBrowser: Native class hierarchy updated for 'AddContentDialog' in 0.0008 seconds. Added 0 classes and 0 folders.
[2019.02.04-16.30.21:167][  0]LogContentBrowser: Native class hierarchy updated for 'SceneOutliner' in 0.0005 seconds. Added 1 classes and 2 folders.
[2019.02.04-16.30.23:391][  0]LogSlate: Only BGRA pngs, bmps or icos are supported in by External Image Picker
[2019.02.04-16.30.23:437][  0]LogDirectoryWatcher: Warning: Failed to begin reading directory changes for C:/Users/Malo/Documents/GitHub/ProjetsHub2018/FPSUnreal/PeopleWithGuns/Plugins/. Error: Le fichier spécifié est introuvable. (0x00000002)
[2019.02.04-16.30.23:445][  0]LogSlate: Took 0.000304 seconds to synchronously load lazily loaded font '../../../Engine/Content/Slate/Fonts/Roboto-Regular.ttf' (155K)
[2019.02.04-16.30.23:453][  0]LogSlate: Took 0.000305 seconds to synchronously load lazily loaded font '../../../Engine/Content/Slate/Fonts/Roboto-Bold.ttf' (160K)
[2019.02.04-16.30.23:458][  0]LogSlate: Took 0.000272 seconds to synchronously load lazily loaded font '../../../Engine/Content/Editor/Slate/Fonts/FontAwesome.ttf' (139K)
[2019.02.04-16.30.23:627][  0]LogRenderer: Reallocating scene render targets to support 1528x536 Format 9 NumSamples 1 (Frame:1).
[2019.02.04-16.30.24:738][  0]LogTemp: Executing iPhonePackager certificates Engine -bundlename com.YourCompany.PeopleWithGuns
[2019.02.04-16.30.24:738][  0]LogTemp: CWD: R:\UE_4.20\Engine\Binaries\DotNET\IOS
[2019.02.04-16.30.24:738][  0]LogTemp: Initial Dir: R:\UE_4.20
[2019.02.04-16.30.24:738][  0]LogTemp: Env CWD: R:\UE_4.20\Engine\Binaries\DotNET\IOS
[2019.02.04-16.30.24:738][  0]LogTemp: BranchPath = DESKTOP-FT66DED/R/UE_4.20/Engine/Binaries --- GameBranchPath = DESKTOP-FT66DED/R/UE_4.20/Engine/Binaries
[2019.02.04-16.30.24:738][  0]LogTemp: IPP ERROR: Could not find provision directory 'C:\Users\Malo\AppData\Local/Apple Computer/MobileDevice/Provisioning Profiles/'.
[2019.02.04-16.30.24:756][  0]LogContentBrowser: Native class hierarchy updated for 'HierarchicalLODOutliner' in 0.0004 seconds. Added 0 classes and 0 folders.
[2019.02.04-16.30.24:756][  0]LogLoad: (Engine Initialization) Total time: 20.45 seconds
[2019.02.04-16.30.24:756][  0]LogLoad: (Engine Initialization) Total Blueprint compile time: 0.00 seconds
[2019.02.04-16.30.25:170][  0]LogEditorViewport: Clicking Background
[2019.02.04-16.30.25:280][  0]LogContentStreaming: Texture pool size now 400 MB
[2019.02.04-16.30.25:747][  1]LogRenderer: Reallocating scene render targets to support 1528x552 Format 9 NumSamples 1 (Frame:5).
[2019.02.04-16.30.25:812][  1]LogSlate: Took 0.000334 seconds to synchronously load lazily loaded font '../../../Engine/Content/Slate/Fonts/Roboto-Light.ttf' (167K)
[2019.02.04-16.30.26:410][  6]LogAssetRegistry: Asset discovery search completed in 14.2221 seconds
[2019.02.04-16.30.26:414][  6]LogCollectionManager: Rebuilt the object cache for 0 collections in 0.000001 seconds (found 0 objects)
[2019.02.04-16.30.26:414][  6]LogCollectionManager: Fixed up redirectors for 0 collections in 0.000129 seconds (updated 0 objects)
[2019.02.04-16.30.30:069][107]LogSlate: FSceneViewport::OnFocusLost() reason 2
[2019.02.04-16.30.57:183][827]LogSlate: Window 'Plugins' being destroyed
[2019.02.04-16.30.57:194][827]LogSlate: Window 'Plugins' being destroyed
[2019.02.04-16.30.57:288][827]LogDirectoryWatcher: A directory notification for '../../../Engine/Plugins/' was aborted.
[2019.02.04-16.30.57:913][852]LogSlate: FSceneViewport::OnFocusLost() reason 0
[2019.02.04-16.30.58:452][854]LogSlate: Window 'PeopleWithGuns - Unreal Editor' being destroyed
[2019.02.04-16.30.58:454][854]LogWindowsTextInputMethodSystem: Display: IME system now deactivated.
[2019.02.04-16.30.58:778][855]Cmd: QUIT_EDITOR
[2019.02.04-16.30.58:929][855]LogExit: Preparing to exit.
[2019.02.04-16.31.00:140][855]LogExit: Editor shut down
[2019.02.04-16.31.00:141][855]LogExit: Transaction tracking system shut down
[2019.02.04-16.31.00:940][855]LogExit: Object subsystem successfully closed.
[2019.02.04-16.31.00:953][855]LogShaderCompilers: Display: Shaders left to compile 0
[2019.02.04-16.31.00:958][855]LogD3D11RHI: Shutdown
[2019.02.04-16.31.00:958][855]LogD3D11RHI: CleanupD3DDevice
[2019.02.04-16.31.00:967][855]LogD3D11RHI: ~FD3D11DynamicRHI
[2019.02.04-16.31.00:994][855]LogModuleManager: Shutting down and abandoning module HierarchicalLODOutliner (613)
[2019.02.04-16.31.00:994][855]LogModuleManager: Shutting down and abandoning module ExternalImagePicker (611)
[2019.02.04-16.31.00:994][855]LogModuleManager: Shutting down and abandoning module SceneOutliner (609)
[2019.02.04-16.31.00:994][855]LogModuleManager: Shutting down and abandoning module AddContentDialog (607)
[2019.02.04-16.31.00:995][855]LogModuleManager: Shutting down and abandoning module WidgetCarousel (606)
[2019.02.04-16.31.00:995][855]LogModuleManager: Shutting down and abandoning module EditorWidgets (603)
[2019.02.04-16.31.00:995][855]LogModuleManager: Shutting down and abandoning module CollectionManager (601)
[2019.02.04-16.31.00:995][855]LogModuleManager: Shutting down and abandoning module StatsViewer (599)
[2019.02.04-16.31.00:995][855]LogModuleManager: Shutting down and abandoning module FoliageEdit (597)
[2019.02.04-16.31.00:995][855]LogModuleManager: Shutting down and abandoning module LandscapeEditor (595)
[2019.02.04-16.31.00:996][855]LogModuleManager: Shutting down and abandoning module MeshPaintMode (593)
[2019.02.04-16.31.00:996][855]LogModuleManager: Shutting down and abandoning module SceneDepthPickerMode (591)
[2019.02.04-16.31.00:996][855]LogModuleManager: Shutting down and abandoning module ActorPickerMode (589)
[2019.02.04-16.31.00:996][855]LogModuleManager: Shutting down and abandoning module GeometryMode (587)
[2019.02.04-16.31.00:996][855]LogModuleManager: Shutting down and abandoning module TextureAlignMode (585)
[2019.02.04-16.31.00:996][855]LogModuleManager: Shutting down and abandoning module BspMode (583)
[2019.02.04-16.31.00:996][855]LogModuleManager: Shutting down and abandoning module PIEPreviewDeviceProfileSelector (581)
[2019.02.04-16.31.00:996][855]LogModuleManager: Shutting down and abandoning module SequenceRecorderSections (579)
[2019.02.04-16.31.00:996][855]LogModuleManager: Shutting down and abandoning module AutomationWorker (577)
[2019.02.04-16.31.00:996][855]LogModuleManager: Shutting down and abandoning module AudioCaptureEditor (575)
[2019.02.04-16.31.00:996][855]LogModuleManager: Shutting down and abandoning module SequenceRecorder (574)
[2019.02.04-16.31.00:996][855]LogModuleManager: Shutting down and abandoning module MatineeToLevelSequence (571)
[2019.02.04-16.31.00:996][855]LogModuleManager: Shutting down and abandoning module LevelSequenceEditor (569)
[2019.02.04-16.31.00:996][855]LogModuleManager: Shutting down and abandoning module PlacementMode (568)
[2019.02.04-16.31.00:996][855]LogModuleManager: Shutting down and abandoning module MaterialEditor (567)
[2019.02.04-16.31.00:996][855]LogModuleManager: Shutting down and abandoning module WmfMediaFactory (563)
[2019.02.04-16.31.00:996][855]LogModuleManager: Shutting down and abandoning module WmfMediaEditor (561)
[2019.02.04-16.31.00:996][855]LogModuleManager: Shutting down and abandoning module MediaPlayerEditor (559)
[2019.02.04-16.31.00:996][855]LogModuleManager: Shutting down and abandoning module OpenExrWrapper (557)
[2019.02.04-16.31.00:996][855]LogModuleManager: Shutting down and abandoning module ImgMediaFactory (555)
[2019.02.04-16.31.00:997][855]LogModuleManager: Shutting down and abandoning module ImgMediaEditor (553)
[2019.02.04-16.31.00:997][855]LogModuleManager: Shutting down and abandoning module AvfMediaFactory (551)
[2019.02.04-16.31.00:997][855]LogModuleManager: Shutting down and abandoning module AvfMediaEditor (549)
[2019.02.04-16.31.00:997][855]LogModuleManager: Shutting down and abandoning module AndroidMediaFactory (547)
[2019.02.04-16.31.00:997][855]LogModuleManager: Shutting down and abandoning module AndroidMediaEditor (545)
[2019.02.04-16.31.00:997][855]LogModuleManager: Shutting down and abandoning module MagicLeapCameraPreviewFactory (543)
[2019.02.04-16.31.00:997][855]LogModuleManager: Shutting down and abandoning module MagicLeapMediaFactory (541)
[2019.02.04-16.31.00:997][855]LogModuleManager: Shutting down and abandoning module MagicLeapMediaEditor (539)
[2019.02.04-16.31.00:997][855]LogModuleManager: Shutting down and abandoning module CharacterAI (537)
[2019.02.04-16.31.00:997][855]LogModuleManager: Shutting down and abandoning module SmartSnapping (535)
[2019.02.04-16.31.00:997][855]LogModuleManager: Shutting down and abandoning module SessionServices (533)
[2019.02.04-16.31.00:997][855]LogModuleManager: Shutting down and abandoning module ViewportSnapping (531)
[2019.02.04-16.31.00:997][855]LogModuleManager: Shutting down and abandoning module ViewportInteraction (529)
[2019.02.04-16.31.00:997][855]LogModuleManager: Shutting down and abandoning module ClothPainter (527)
[2019.02.04-16.31.00:997][855]LogModuleManager: Shutting down and abandoning module SkeletalMeshEditor (526)
[2019.02.04-16.31.00:998][855]LogModuleManager: Shutting down and abandoning module LogVisualizer (523)
[2019.02.04-16.31.00:998][855]LogModuleManager: Shutting down and abandoning module IntroTutorials (521)
[2019.02.04-16.31.00:998][855]LogModuleManager: Shutting down and abandoning module GameProjectGeneration (520)
[2019.02.04-16.31.00:998][855]LogModuleManager: Shutting down and abandoning module LuminPlatformEditor (517)
[2019.02.04-16.31.00:998][855]LogModuleManager: Shutting down and abandoning module IOSPlatformEditor (515)
[2019.02.04-16.31.00:998][855]LogModuleManager: Shutting down and abandoning module HTML5PlatformEditor (513)
[2019.02.04-16.31.00:998][855]LogModuleManager: Shutting down and abandoning module AndroidPlatformEditor (511)
[2019.02.04-16.31.00:998][855]LogModuleManager: Shutting down and abandoning module AndroidDeviceDetection (510)
[2019.02.04-16.31.01:302][855]LogModuleManager: Shutting down and abandoning module WindowsPlatformEditor (507)
[2019.02.04-16.31.01:302][855]LogModuleManager: Shutting down and abandoning module LuminRuntimeSettings (505)
[2019.02.04-16.31.01:302][855]LogModuleManager: Shutting down and abandoning module IOSRuntimeSettings (503)
[2019.02.04-16.31.01:303][855]LogModuleManager: Shutting down and abandoning module AndroidRuntimeSettings (501)
[2019.02.04-16.31.01:303][855]LogModuleManager: Shutting down and abandoning module InputBindingEditor (499)
[2019.02.04-16.31.01:303][855]LogModuleManager: Shutting down and abandoning module MergeActors (497)
[2019.02.04-16.31.01:303][855]LogModuleManager: Shutting down and abandoning module LocalizationDashboard (495)
[2019.02.04-16.31.01:303][855]LogModuleManager: Shutting down and abandoning module LocalizationService (494)
[2019.02.04-16.31.01:303][855]LogModuleManager: Shutting down and abandoning module HardwareTargeting (491)
[2019.02.04-16.31.01:303][855]LogModuleManager: Shutting down and abandoning module DeviceProfileEditor (489)
[2019.02.04-16.31.01:303][855]LogModuleManager: Shutting down and abandoning module UndoHistory (487)
[2019.02.04-16.31.01:303][855]LogModuleManager: Shutting down and abandoning module XmlParser (485)
[2019.02.04-16.31.01:303][855]LogModuleManager: Shutting down and abandoning module Blutility (483)
[2019.02.04-16.31.01:303][855]LogModuleManager: Shutting down and abandoning module ProjectSettingsViewer (481)
[2019.02.04-16.31.01:303][855]LogModuleManager: Shutting down and abandoning module ProjectTargetPlatformEditor (480)
[2019.02.04-16.31.01:303][855]LogModuleManager: Shutting down and abandoning module EditorSettingsViewer (477)
[2019.02.04-16.31.01:303][855]LogModuleManager: Shutting down and abandoning module SettingsEditor (475)
[2019.02.04-16.31.01:303][855]LogModuleManager: Shutting down and abandoning module ProjectLauncher (473)
[2019.02.04-16.31.01:303][855]LogModuleManager: Shutting down and abandoning module SessionFrontend (471)
[2019.02.04-16.31.01:303][855]LogModuleManager: Shutting down and abandoning module ProfilerClient (469)
[2019.02.04-16.31.01:303][855]LogModuleManager: Shutting down and abandoning module DeviceManager (467)
[2019.02.04-16.31.01:303][855]LogModuleManager: Shutting down and abandoning module TargetDeviceServices (466)
[2019.02.04-16.31.01:369][855]LogModuleManager: Shutting down and abandoning module AutomationController (463)
[2019.02.04-16.31.01:369][855]LogModuleManager: Shutting down and abandoning module AutomationWindow (461)
[2019.02.04-16.31.01:369][855]LogModuleManager: Shutting down and abandoning module Layers (459)
[2019.02.04-16.31.01:369][855]LogModuleManager: Shutting down and abandoning module ComponentVisualizers (457)
[2019.02.04-16.31.01:370][855]LogModuleManager: Shutting down and abandoning module DetailCustomizations (455)
[2019.02.04-16.31.01:370][855]LogModuleManager: Shutting down and abandoning module PackagesDialog (453)
[2019.02.04-16.31.01:370][855]LogModuleManager: Shutting down and abandoning module Persona (451)
[2019.02.04-16.31.01:370][855]LogModuleManager: Shutting down and abandoning module AdvancedPreviewScene (450)
[2019.02.04-16.31.01:370][855]LogModuleManager: Shutting down and abandoning module AnimGraph (448)
[2019.02.04-16.31.01:370][855]LogModuleManager: Shutting down and abandoning module Kismet (445)
[2019.02.04-16.31.01:371][855]LogModuleManager: Shutting down and abandoning module GraphEditor (443)
[2019.02.04-16.31.01:372][855]LogModuleManager: Shutting down and abandoning module ClassViewer (441)
[2019.02.04-16.31.01:372][855]LogModuleManager: Shutting down and abandoning module Toolbox (439)
[2019.02.04-16.31.01:372][855]LogModuleManager: Shutting down and abandoning module ModuleUI (437)
[2019.02.04-16.31.01:372][855]LogModuleManager: Shutting down and abandoning module MovieSceneTools (435)
[2019.02.04-16.31.01:372][855]LogModuleManager: Shutting down and abandoning module OutputLog (433)
[2019.02.04-16.31.01:372][855]LogModuleManager: Shutting down and abandoning module GammaUI (431)
[2019.02.04-16.31.01:372][855]LogModuleManager: Shutting down and abandoning module Documentation (429)
[2019.02.04-16.31.01:372][855]LogModuleManager: Shutting down and abandoning module MovieSceneTracks (427)
[2019.02.04-16.31.01:372][855]LogModuleManager: Shutting down and abandoning module MovieScene (425)
[2019.02.04-16.31.01:372][855]LogModuleManager: Shutting down and abandoning module StreamingPauseRendering (423)
[2019.02.04-16.31.01:372][855]LogModuleManager: Shutting down and abandoning module LauncherPlatform (421)
[2019.02.04-16.31.01:372][855]LogModuleManager: Shutting down and abandoning module AnalyticsET (419)
[2019.02.04-16.31.01:372][855]LogModuleManager: Shutting down and abandoning module PortalServices (417)
[2019.02.04-16.31.01:372][855]LogModuleManager: Shutting down and abandoning module PortalRpc (415)
[2019.02.04-16.31.01:372][855]LogModuleManager: Shutting down and abandoning module MessagingRpc (413)
[2019.02.04-16.31.01:372][855]LogModuleManager: Shutting down and abandoning module AIModule (411)
[2019.02.04-16.31.01:372][855]LogModuleManager: Shutting down and abandoning module GameplayDebugger (410)
[2019.02.04-16.31.01:373][855]LogModuleManager: Shutting down and abandoning module AITestSuite (408)
[2019.02.04-16.31.01:373][855]LogModuleManager: Shutting down and abandoning module NavigationSystem (406)
[2019.02.04-16.31.01:373][855]LogModuleManager: Shutting down and abandoning module DesktopPlatform (403)
[2019.02.04-16.31.01:373][855]LogModuleManager: Shutting down and abandoning module ProfilerService (401)
[2019.02.04-16.31.01:396][855]LogModuleManager: Shutting down and abandoning module TaskGraph (399)
[2019.02.04-16.31.01:396][855]LogModuleManager: Shutting down and abandoning module SteamVRController (397)
[2019.02.04-16.31.01:396][855]LogModuleManager: Shutting down and abandoning module ProceduralMeshComponentEditor (395)
[2019.02.04-16.31.01:396][855]LogModuleManager: Shutting down and abandoning module ProceduralMeshComponent (393)
[2019.02.04-16.31.01:396][855]LogModuleManager: Shutting down and abandoning module OculusInput (391)
[2019.02.04-16.31.01:396][855]LogModuleManager: Shutting down and abandoning module MobilePatchingUtils (389)
[2019.02.04-16.31.01:396][855]LogModuleManager: Shutting down and abandoning module EditableMesh (387)
[2019.02.04-16.31.01:396][855]LogModuleManager: Shutting down and abandoning module CustomMeshComponent (385)
[2019.02.04-16.31.01:396][855]LogModuleManager: Shutting down and abandoning module CableComponent (383)
[2019.02.04-16.31.01:396][855]LogModuleManager: Shutting down and abandoning module AudioCapture (381)
[2019.02.04-16.31.01:396][855]LogModuleManager: Shutting down and abandoning module ArchVisCharacter (379)
[2019.02.04-16.31.01:397][855]LogModuleManager: Shutting down and abandoning module AndroidPermission (377)
[2019.02.04-16.31.01:397][855]LogModuleManager: Shutting down and abandoning module NUTUnrealEngine4 (375)
[2019.02.04-16.31.01:397][855]LogModuleManager: Shutting down and abandoning module NetcodeUnitTest (373)
[2019.02.04-16.31.01:397][855]LogModuleManager: Shutting down and abandoning module MediaCompositingEditor (371)
[2019.02.04-16.31.01:397][855]LogModuleManager: Shutting down and abandoning module MediaCompositing (369)
[2019.02.04-16.31.01:397][855]LogModuleManager: Shutting down and abandoning module LinearTimecode (367)
[2019.02.04-16.31.01:397][855]LogModuleManager: Shutting down and abandoning module ImgMedia (365)
[2019.02.04-16.31.01:403][855]LogModuleManager: Shutting down and abandoning module HTML5Networking (363)
[2019.02.04-16.31.01:403][855]LogModuleManager: Shutting down and abandoning module GeometryCacheTracks (361)
[2019.02.04-16.31.01:403][855]LogModuleManager: Shutting down and abandoning module GeometryCacheSequencer (359)
[2019.02.04-16.31.01:404][855]LogModuleManager: Shutting down and abandoning module BackChannel (357)
[2019.02.04-16.31.01:404][855]LogModuleManager: Shutting down and abandoning module AppleVision (355)
[2019.02.04-16.31.01:404][855]LogModuleManager: Shutting down and abandoning module AppleImageUtils (353)
[2019.02.04-16.31.01:404][855]LogModuleManager: Shutting down and abandoning module AlembicImporter (351)
[2019.02.04-16.31.01:404][855]LogModuleManager: Shutting down and abandoning module AlembicLibrary (350)
[2019.02.04-16.31.01:404][855]LogModuleManager: Shutting down and abandoning module GeometryCache (349)
[2019.02.04-16.31.01:404][855]LogModuleManager: Shutting down and abandoning module GeometryCacheEd (348)
[2019.02.04-16.31.01:405][855]LogModuleManager: Shutting down and abandoning module DatasmithContentEditor (343)
[2019.02.04-16.31.01:405][855]LogModuleManager: Shutting down and abandoning module DatasmithContent (341)
[2019.02.04-16.31.01:406][855]LogModuleManager: Shutting down and abandoning module SpeedTreeImporter (339)
[2019.02.04-16.31.01:406][855]LogModuleManager: Shutting down and abandoning module PluginBrowser (337)
[2019.02.04-16.31.01:406][855]LogModuleManager: Shutting down and abandoning module MobileLauncherProfileWizard (335)
[2019.02.04-16.31.01:406][855]LogModuleManager: Shutting down and abandoning module PolygonModeling (333)
[2019.02.04-16.31.01:406][855]LogModuleManager: Shutting down and abandoning module MeshEditor (331)
[2019.02.04-16.31.01:406][855]LogModuleManager: Shutting down and abandoning module CryptoKeysOpenSSL (329)
[2019.02.04-16.31.01:406][855]LogModuleManager: Shutting down and abandoning module CryptoKeys (327)
[2019.02.04-16.31.01:406][855]LogModuleManager: Shutting down and abandoning module VisualStudioSourceCodeAccess (325)
[2019.02.04-16.31.01:406][855]LogModuleManager: Shutting down and abandoning module VisualStudioCodeSourceCodeAccess (323)
[2019.02.04-16.31.01:406][855]LogModuleManager: Shutting down and abandoning module UObjectPlugin (321)
[2019.02.04-16.31.01:406][855]LogModuleManager: Shutting down and abandoning module SubversionSourceControl (319)
[2019.02.04-16.31.01:406][855]LogModuleManager: Shutting down and abandoning module PerforceSourceControl (317)
[2019.02.04-16.31.01:406][855]LogModuleManager: Shutting down and abandoning module GitSourceControl (315)
[2019.02.04-16.31.01:406][855]LogModuleManager: Shutting down and abandoning module SourceControl (314)
[2019.02.04-16.31.01:406][855]LogModuleManager: Shutting down and abandoning module CLionSourceCodeAccess (311)
[2019.02.04-16.31.01:406][855]LogModuleManager: Shutting down and abandoning module LightPropagationVolumeEditor (309)
[2019.02.04-16.31.01:406][855]LogModuleManager: Shutting down and abandoning module PaperTiledImporter (307)
[2019.02.04-16.31.01:406][855]LogModuleManager: Shutting down and abandoning module PaperSpriteSheetImporter (305)
[2019.02.04-16.31.01:406][855]LogModuleManager: Shutting down and abandoning module Paper2DEditor (303)
[2019.02.04-16.31.01:406][855]LogModuleManager: Shutting down and abandoning module MeshPaint (302)
[2019.02.04-16.31.01:406][855]LogModuleManager: Shutting down and abandoning module RuntimePhysXCooking (299)
[2019.02.04-16.31.01:406][855]LogModuleManager: Shutting down and abandoning module PhysXVehiclesEditor (297)
[2019.02.04-16.31.01:406][855]LogModuleManager: Shutting down and abandoning module PhysXVehicles (295)
[2019.02.04-16.31.01:406][855]LogModuleManager: Shutting down and abandoning module OculusEditor (293)
[2019.02.04-16.31.01:406][855]LogModuleManager: Shutting down and abandoning module LocationServicesBPLibrary (291)
[2019.02.04-16.31.01:406][855]LogModuleManager: Shutting down and abandoning module ImmediatePhysicsEditor (289)
[2019.02.04-16.31.01:406][855]LogModuleManager: Shutting down and abandoning module ImmediatePhysics (287)
[2019.02.04-16.31.01:406][855]LogModuleManager: Shutting down and abandoning module ActorSequence (285)
[2019.02.04-16.31.01:406][855]LogModuleManager: Shutting down and abandoning module UdpMessaging (283)
[2019.02.04-16.31.01:508][855]LogModuleManager: Shutting down and abandoning module TcpMessaging (281)
[2019.02.04-16.31.01:609][855]LogModuleManager: Shutting down and abandoning module MagicLeapAudio (279)
[2019.02.04-16.31.01:609][855]LogModuleManager: Shutting down and abandoning module GameplayTagsEditor (277)
[2019.02.04-16.31.01:609][855]LogModuleManager: Shutting down and abandoning module FacialAnimationEditor (275)
[2019.02.04-16.31.01:609][855]LogModuleManager: Shutting down and abandoning module FacialAnimation (273)
[2019.02.04-16.31.01:609][855]LogModuleManager: Shutting down and abandoning module DataValidation (271)
[2019.02.04-16.31.01:609][855]LogModuleManager: Shutting down and abandoning module AssetManagerEditor (269)
[2019.02.04-16.31.01:609][855]LogModuleManager: Shutting down and abandoning module LevelEditor (268)
[2019.02.04-16.31.01:610][855]LogModuleManager: Shutting down and abandoning module PixelInspectorModule (267)
[2019.02.04-16.31.01:610][855]LogModuleManager: Shutting down and abandoning module CommonMenuExtensions (265)
[2019.02.04-16.31.01:610][855]LogModuleManager: Shutting down and abandoning module MainFrame (263)
[2019.02.04-16.31.01:610][855]LogModuleManager: Shutting down and abandoning module HotReload (262)
[2019.02.04-16.31.01:611][855]LogModuleManager: Shutting down and abandoning module ContentBrowser (258)
[2019.02.04-16.31.01:612][855]LogModuleManager: Shutting down and abandoning module TreeMap (256)
[2019.02.04-16.31.01:612][855]LogModuleManager: Shutting down and abandoning module LightPropagationVolumeRuntime (253)
[2019.02.04-16.31.01:612][855]LogModuleManager: Shutting down and abandoning module AISupportModule (251)
[2019.02.04-16.31.01:612][855]LogModuleManager: Shutting down and abandoning module Paper2D (249)
[2019.02.04-16.31.01:613][855]LogModuleManager: Shutting down and abandoning module WindowsMoviePlayer (247)
[2019.02.04-16.31.01:613][855]LogModuleManager: Shutting down and abandoning module WmfMedia (245)
[2019.02.04-16.31.01:615][855]LogModuleManager: Shutting down and abandoning module Media (244)
[2019.02.04-16.31.01:622][855]LogModuleManager: Shutting down and abandoning module PacketHandler (241)
[2019.02.04-16.31.01:622][855]LogModuleManager: Shutting down and abandoning module ClothingSystemEditor (239)
[2019.02.04-16.31.01:622][855]LogModuleManager: Shutting down and abandoning module ClothingSystemRuntime (237)
[2019.02.04-16.31.01:622][855]LogModuleManager: Shutting down and abandoning module MediaAssets (235)
[2019.02.04-16.31.01:622][855]LogModuleManager: Shutting down and abandoning module Overlay (233)
[2019.02.04-16.31.01:622][855]LogModuleManager: Shutting down and abandoning module OverlayEditor (232)
[2019.02.04-16.31.01:622][855]LogModuleManager: Shutting down and abandoning module VREditor (229)
[2019.02.04-16.31.01:622][855]LogModuleManager: Shutting down and abandoning module StringTableEditor (227)
[2019.02.04-16.31.01:622][855]LogModuleManager: Shutting down and abandoning module GameplayTasksEditor (225)
[2019.02.04-16.31.01:622][855]LogModuleManager: Shutting down and abandoning module BehaviorTreeEditor (223)
[2019.02.04-16.31.01:622][855]LogModuleManager: Shutting down and abandoning module FunctionalTesting (221)
[2019.02.04-16.31.01:622][855]LogModuleManager: Shutting down and abandoning module CollisionAnalyzer (219)
[2019.02.04-16.31.01:622][855]LogModuleManager: Shutting down and abandoning module WorkspaceMenuStructure (218)
[2019.02.04-16.31.01:622][855]LogModuleManager: Shutting down and abandoning module UMG (215)
[2019.02.04-16.31.01:622][855]LogModuleManager: Shutting down and abandoning module UMGEditor (214)
[2019.02.04-16.31.01:622][855]LogModuleManager: Shutting down and abandoning module Sequencer (213)
[2019.02.04-16.31.01:622][855]LogModuleManager: Shutting down and abandoning module MessageLog (210)
[2019.02.04-16.31.01:622][855]LogModuleManager: Shutting down and abandoning module SlateReflector (205)
[2019.02.04-16.31.01:622][855]LogModuleManager: Shutting down and abandoning module Slate (203)
[2019.02.04-16.31.01:622][855]LogModuleManager: Shutting down and abandoning module EditorStyle (201)
[2019.02.04-16.31.01:624][855]LogModuleManager: Shutting down and abandoning module MRMesh (199)
[2019.02.04-16.31.01:624][855]LogModuleManager: Shutting down and abandoning module SourceCodeAccess (197)
[2019.02.04-16.31.01:625][855]LogModuleManager: Shutting down and abandoning module HeadMountedDisplay (195)
[2019.02.04-16.31.01:625][855]LogModuleManager: Shutting down and abandoning module XAudio2 (193)
[2019.02.04-16.31.01:625][855]LogModuleManager: Shutting down and abandoning module Networking (191)
[2019.02.04-16.31.01:625][855]LogModuleManager: Shutting down and abandoning module Core (189)
[2019.02.04-16.31.01:625][855]LogModuleManager: Shutting down and abandoning module LevelSequence (187)
[2019.02.04-16.31.01:625][855]LogModuleManager: Shutting down and abandoning module KismetCompiler (185)
[2019.02.04-16.31.01:625][855]LogModuleManager: Shutting down and abandoning module MeshUtilities (183)
[2019.02.04-16.31.01:625][855]LogModuleManager: Shutting down and abandoning module MeshMergeUtilities (182)
[2019.02.04-16.31.01:625][855]LogModuleManager: Shutting down and abandoning module MeshReductionInterface (181)
[2019.02.04-16.31.01:625][855]LogModuleManager: Shutting down and abandoning module SimplygonSwarm (180)
[2019.02.04-16.31.01:625][855]LogModuleManager: Shutting down and abandoning module ProxyLODMeshReduction (178)
[2019.02.04-16.31.01:625][855]LogModuleManager: Shutting down and abandoning module SimplygonMeshReduction (176)
[2019.02.04-16.31.01:625][855]LogModuleManager: Shutting down and abandoning module QuadricMeshReduction (174)
[2019.02.04-16.31.01:625][855]LogModuleManager: Shutting down and abandoning module MaterialBaking (170)
[2019.02.04-16.31.01:625][855]LogModuleManager: Shutting down and abandoning module DirectoryWatcher (166)
[2019.02.04-16.31.01:625][855]LogModuleManager: Shutting down and abandoning module DerivedDataCache (163)
[2019.02.04-16.31.01:849][855]LogDerivedDataCache: Shutdown
[2019.02.04-16.31.01:849][855]LogModuleManager: Shutting down and abandoning module XGEController (161)
[2019.02.04-16.31.01:849][855]LogModuleManager: Shutting down and abandoning module TargetPlatform (159)
[2019.02.04-16.31.01:849][855]LogModuleManager: Shutting down and abandoning module VulkanShaderFormat (158)
[2019.02.04-16.31.01:849][855]LogModuleManager: Shutting down and abandoning module ShaderFormatVectorVM (156)
[2019.02.04-16.31.01:849][855]LogModuleManager: Shutting down and abandoning module ShaderFormatOpenGL (154)
[2019.02.04-16.31.01:849][855]LogModuleManager: Shutting down and abandoning module ShaderFormatD3D (152)
[2019.02.04-16.31.01:849][855]LogModuleManager: Shutting down and abandoning module MetalShaderFormat (150)
[2019.02.04-16.31.01:849][855]LogModuleManager: Shutting down and abandoning module TextureFormatUncompressed (148)
[2019.02.04-16.31.01:849][855]LogModuleManager: Shutting down and abandoning module TextureFormatPVR (146)
[2019.02.04-16.31.01:849][855]LogModuleManager: Shutting down and abandoning module TextureFormatDXT (144)
[2019.02.04-16.31.01:849][855]LogModuleManager: Shutting down and abandoning module TextureFormatIntelISPCTexComp (142)
[2019.02.04-16.31.01:850][855]LogModuleManager: Shutting down and abandoning module TextureFormatASTC (140)
[2019.02.04-16.31.01:850][855]LogModuleManager: Shutting down and abandoning module ImageWrapper (139)
[2019.02.04-16.31.01:850][855]LogModuleManager: Shutting down and abandoning module TextureFormatAndroid (136)
[2019.02.04-16.31.01:850][855]LogModuleManager: Shutting down and abandoning module AudioFormatOpus (134)
[2019.02.04-16.31.01:850][855]LogModuleManager: Shutting down and abandoning module AudioFormatOgg (132)
[2019.02.04-16.31.01:850][855]LogModuleManager: Shutting down and abandoning module AudioFormatADPCM (130)
[2019.02.04-16.31.01:850][855]LogModuleManager: Shutting down and abandoning module LuminTargetPlatform (128)
[2019.02.04-16.31.01:850][855]LogModuleManager: Shutting down and abandoning module LinuxTargetPlatform (126)
[2019.02.04-16.31.01:850][855]LogModuleManager: Shutting down and abandoning module LinuxServerTargetPlatform (124)
[2019.02.04-16.31.01:850][855]LogModuleManager: Shutting down and abandoning module LinuxNoEditorTargetPlatform (122)
[2019.02.04-16.31.01:850][855]LogModuleManager: Shutting down and abandoning module LinuxClientTargetPlatform (120)
[2019.02.04-16.31.01:850][855]LogModuleManager: Shutting down and abandoning module TVOSTargetPlatform (118)
[2019.02.04-16.31.01:851][855]LogModuleManager: Shutting down and abandoning module Messaging (116)
[2019.02.04-16.31.01:851][855]LogModuleManager: Shutting down and abandoning module IOSTargetPlatform (114)
[2019.02.04-16.31.01:852][855]LogModuleManager: Shutting down and abandoning module HTML5TargetPlatform (112)
[2019.02.04-16.31.01:852][855]LogModuleManager: Shutting down and abandoning module AndroidTargetPlatform (110)
[2019.02.04-16.31.01:862][855]LogModuleManager: Shutting down and abandoning module WindowsTargetPlatform (108)
[2019.02.04-16.31.01:862][855]LogModuleManager: Shutting down and abandoning module WindowsServerTargetPlatform (106)
[2019.02.04-16.31.01:862][855]LogModuleManager: Shutting down and abandoning module WindowsNoEditorTargetPlatform (104)
[2019.02.04-16.31.01:862][855]LogModuleManager: Shutting down and abandoning module WindowsClientTargetPlatform (102)
[2019.02.04-16.31.01:862][855]LogModuleManager: Shutting down and abandoning module MacTargetPlatform (100)
[2019.02.04-16.31.01:862][855]LogModuleManager: Shutting down and abandoning module MacServerTargetPlatform (98)
[2019.02.04-16.31.01:862][855]LogModuleManager: Shutting down and abandoning module MacNoEditorTargetPlatform (96)
[2019.02.04-16.31.01:862][855]LogModuleManager: Shutting down and abandoning module MacClientTargetPlatform (94)
[2019.02.04-16.31.01:862][855]LogModuleManager: Shutting down and abandoning module AllDesktopTargetPlatform (92)
[2019.02.04-16.31.01:862][855]LogModuleManager: Shutting down and abandoning module InputCore (89)
[2019.02.04-16.31.01:862][855]LogModuleManager: Shutting down and abandoning module Settings (87)
[2019.02.04-16.31.01:862][855]LogModuleManager: Shutting down and abandoning module PhysXCooking (85)
[2019.02.04-16.31.01:862][855]LogModuleManager: Shutting down and abandoning module SteamVR (83)
[2019.02.04-16.31.01:862][855]LogModuleManager: Shutting down and abandoning module OculusHMD (81)
[2019.02.04-16.31.01:862][855]LogModuleManager: Shutting down and abandoning module ExampleDeviceProfileSelector (79)
[2019.02.04-16.31.01:862][855]LogModuleManager: Shutting down and abandoning module LauncherChunkInstaller (77)
[2019.02.04-16.31.01:862][855]LogModuleManager: Shutting down and abandoning module OnlineBlueprintSupport (75)
[2019.02.04-16.31.01:862][855]LogModuleManager: Shutting down and abandoning module OnlineSubsystem (71)
[2019.02.04-16.31.01:863][855]LogModuleManager: Shutting down and abandoning module XMPP (65)
[2019.02.04-16.31.01:863][855]LogModuleManager: Shutting down and abandoning module WebSockets (64)
[2019.02.04-16.31.01:883][855]LogModuleManager: Shutting down and abandoning module HTTP (61)
[2019.02.04-16.31.01:883][855]LogHttp: Display: Http module shutting down, but needs to wait on 1 outstanding Http requests:
[2019.02.04-16.31.01:883][855]LogHttp: Display: 	verb=[POST] url=[https://datarouter.ol.epicgames.com/datarouter/api/v1/public/data?SessionID=%7BFA25B2B6-46A3-EBAB-1262-94A3DB2DAB82%7D&AppID=UEEditor.Rocket.Release&AppVersion=4.20.3-4369336%2B%2B%2BUE4%2BRelease-4.20&UserID=a4d8b5eb44ce9fb17b7240bbdca66db1%7Ce13323db472b437e907144303bb07345%7C256f2a14-a5f3-4699-86f1-9ff3e8e37f47&AppEnvironment=datacollector-binary&UploadType=eteventstream] status=Processing
[2019.02.04-16.31.01:889][855]LogModuleManager: Shutting down and abandoning module SSL (60)
[2019.02.04-16.31.01:891][855]LogModuleManager: Shutting down and abandoning module MagicLeapEmulator (56)
[2019.02.04-16.31.01:891][855]LogModuleManager: Shutting down and abandoning module MagicLeapPrivileges (54)
[2019.02.04-16.31.01:891][855]LogModuleManager: Shutting down and abandoning module MagicLeapIdentity (52)
[2019.02.04-16.31.01:891][855]LogModuleManager: Shutting down and abandoning module MagicLeapHelperVulkan (50)
[2019.02.04-16.31.01:891][855]LogModuleManager: Shutting down and abandoning module MagicLeapHelperOpenGL (48)
[2019.02.04-16.31.01:891][855]LogModuleManager: Shutting down and abandoning module MagicLeapSecureStorage (46)
[2019.02.04-16.31.01:891][855]LogModuleManager: Shutting down and abandoning module MagicLeapGestures (44)
[2019.02.04-16.31.01:891][855]LogModuleManager: Shutting down and abandoning module MagicLeapEyeTracker (42)
[2019.02.04-16.31.01:891][855]LogModuleManager: Shutting down and abandoning module MagicLeapController (40)
[2019.02.04-16.31.01:891][855]LogSlate: Slate User Destroyed.  User Index 0, Is Virtual User: 0
[2019.02.04-16.31.01:891][855]LogModuleManager: Shutting down and abandoning module MagicLeap (38)
[2019.02.04-16.31.01:892][855]LogModuleManager: Shutting down and abandoning module AnimationModifiers (36)
[2019.02.04-16.31.01:892][855]LogModuleManager: Shutting down and abandoning module PropertyEditor (35)
[2019.02.04-16.31.01:892][855]LogModuleManager: Shutting down and abandoning module AudioEditor (32)
[2019.02.04-16.31.01:892][855]LogModuleManager: Shutting down and abandoning module TextureCompressor (30)
[2019.02.04-16.31.01:892][855]LogModuleManager: Shutting down and abandoning module ShaderCore (28)
[2019.02.04-16.31.01:892][855]LogModuleManager: Shutting down and abandoning module Landscape (26)
[2019.02.04-16.31.01:892][855]LogModuleManager: Shutting down and abandoning module SlateRHIRenderer (24)
[2019.02.04-16.31.01:893][855]LogModuleManager: Shutting down and abandoning module OpenGLDrv (22)
[2019.02.04-16.31.01:893][855]LogModuleManager: Shutting down and abandoning module D3D11RHI (20)
[2019.02.04-16.31.01:893][855]LogModuleManager: Shutting down and abandoning module AnimGraphRuntime (18)
[2019.02.04-16.31.01:893][855]LogModuleManager: Shutting down and abandoning module Renderer (16)
[2019.02.04-16.31.01:893][855]LogModuleManager: Shutting down and abandoning module Engine (14)
[2019.02.04-16.31.01:893][855]LogModuleManager: Shutting down and abandoning module CoreUObject (12)
[2019.02.04-16.31.01:893][855]LogModuleManager: Shutting down and abandoning module NetworkFile (10)
[2019.02.04-16.31.01:893][855]LogModuleManager: Shutting down and abandoning module CookedIterativeFile (8)
[2019.02.04-16.31.01:894][855]LogModuleManager: Shutting down and abandoning module StreamingFile (6)
[2019.02.04-16.31.01:894][855]LogModuleManager: Shutting down and abandoning module SandboxFile (4)
[2019.02.04-16.31.01:894][855]LogModuleManager: Shutting down and abandoning module PakFile (2)
[2019.02.04-16.31.01:901][855]LogExit: Exiting.
[2019.02.04-16.31.01:944][855]Log file closed, 02/04/19 17:31:01
