Log file open, 03/27/19 23:49:29
LogWindows: Failed to load 'aqProf.dll' (GetLastError=126)
LogWindows: File 'aqProf.dll' does not exist
LogWindows: Failed to load 'VtuneApi.dll' (GetLastError=126)
LogWindows: File 'VtuneApi.dll' does not exist
LogWindows: Failed to load 'VtuneApi32e.dll' (GetLastError=126)
LogWindows: File 'VtuneApi32e.dll' does not exist
LogInit: Display: Running engine without a game
LogPlatformFile: Not using cached read wrapper
LogInit: Display: Loading recent project file: C:/Users/Malo/Documents/GitHub/ProjetsHub2018/FPSUnreal/PeopleWithGuns/PeopleWithGuns.uproject
LogTaskGraph: Started task graph with 5 named threads and 11 total threads with 3 sets of task threads.
LogStats: Stats thread started at 0.978715
LogD3D11RHI: Loaded GFSDK_Aftermath_Lib.x64.dll
LogICUInternationalization: Display: ICU TimeZone Detection - Raw Offset: +1:00, Platform Override: ''
LogPluginManager: Mounting plugin Paper2D
LogPluginManager: Mounting plugin AISupport
LogPluginManager: Mounting plugin LightPropagationVolume
LogPluginManager: Mounting plugin CLionSourceCodeAccess
LogPluginManager: Mounting plugin CodeLiteSourceCodeAccess
LogPluginManager: Mounting plugin GitSourceControl
LogPluginManager: Mounting plugin KDevelopSourceCodeAccess
LogPluginManager: Mounting plugin NullSourceCodeAccess
LogPluginManager: Mounting plugin PerforceSourceControl
LogPluginManager: Mounting plugin SubversionSourceControl
LogPluginManager: Mounting plugin UObjectPlugin
LogPluginManager: Mounting plugin VisualStudioCodeSourceCodeAccess
LogPluginManager: Mounting plugin VisualStudioSourceCodeAccess
LogPluginManager: Mounting plugin XCodeSourceCodeAccess
LogPluginManager: Mounting plugin AssetManagerEditor
LogPluginManager: Mounting plugin CryptoKeys
LogPluginManager: Mounting plugin DataValidation
LogPluginManager: Mounting plugin FacialAnimation
LogPluginManager: Mounting plugin GameplayTagsEditor
LogPluginManager: Mounting plugin MacGraphicsSwitching
LogPluginManager: Mounting plugin MeshEditor
LogPluginManager: Mounting plugin MobileLauncherProfileWizard
LogPluginManager: Mounting plugin PluginBrowser
LogPluginManager: Mounting plugin SpeedTreeImporter
LogPluginManager: Mounting plugin DatasmithContent
LogPluginManager: Mounting plugin AlembicImporter
LogPluginManager: Mounting plugin AppleImageUtils
LogPluginManager: Mounting plugin AppleVision
LogPluginManager: Mounting plugin BackChannel
LogPluginManager: Mounting plugin CharacterAI
LogPluginManager: Mounting plugin GeometryCache
LogPluginManager: Mounting plugin HTML5Networking
LogPluginManager: Mounting plugin ProxyLODPlugin
LogPluginManager: Mounting plugin MagicLeap
LogPluginManager: Mounting plugin MagicLeapEmulator
LogPluginManager: Mounting plugin MagicLeapMedia
LogPluginManager: Mounting plugin AndroidMedia
LogPluginManager: Mounting plugin AvfMedia
LogPluginManager: Mounting plugin ImgMedia
LogPluginManager: Mounting plugin LinearTimecode
LogPluginManager: Mounting plugin MediaCompositing
LogPluginManager: Mounting plugin MediaPlayerEditor
LogPluginManager: Mounting plugin WmfMedia
LogPluginManager: Mounting plugin TcpMessaging
LogPluginManager: Mounting plugin UdpMessaging
LogPluginManager: Mounting plugin ActorSequence
LogPluginManager: Mounting plugin LevelSequenceEditor
LogPluginManager: Mounting plugin MatineeToLevelSequence
LogPluginManager: Mounting plugin NetcodeUnitTest
LogPluginManager: Mounting plugin NUTUnrealEngine4
LogPluginManager: Mounting plugin OnlineSubsystemGooglePlay
LogPluginManager: Mounting plugin OnlineSubsystemIOS
LogPluginManager: Mounting plugin OnlineSubsystem
LogPluginManager: Mounting plugin OnlineSubsystemNull
LogPluginManager: Mounting plugin OnlineSubsystemSteam
LogPluginManager: Mounting plugin OnlineSubsystemUtils
LogPluginManager: Mounting plugin LauncherChunkInstaller
LogPluginManager: Mounting plugin AndroidDeviceProfileSelector
LogPluginManager: Mounting plugin AndroidMoviePlayer
LogPluginManager: Mounting plugin AndroidPermission
LogPluginManager: Mounting plugin AppleMoviePlayer
LogPluginManager: Mounting plugin ArchVisCharacter
LogPluginManager: Mounting plugin AudioCapture
LogPluginManager: Mounting plugin CableComponent
LogPluginManager: Mounting plugin CustomMeshComponent
LogPluginManager: Mounting plugin EditableMesh
LogPluginManager: Mounting plugin ExampleDeviceProfileSelector
LogPluginManager: Mounting plugin GoogleCloudMessaging
LogPluginManager: Mounting plugin ImmediatePhysics
LogPluginManager: Mounting plugin IOSDeviceProfileSelector
LogPluginManager: Mounting plugin LinuxDeviceProfileSelector
LogPluginManager: Mounting plugin LocationServicesBPLibrary
LogPluginManager: Mounting plugin MobilePatchingUtils
LogPluginManager: Mounting plugin OculusVR
LogPluginManager: Plugin shader directory ../../../Engine/Plugins/Runtime/Oculus/OculusVR/Shaders found
LogPluginManager: Mapping shader source directory ../../../Engine/Plugins/Runtime/Oculus/OculusVR/Shaders to virtual directory /Plugin/OculusVR
LogPluginManager: Mounting plugin PhysXVehicles
LogPluginManager: Mounting plugin ProceduralMeshComponent
LogPluginManager: Mounting plugin RuntimePhysXCooking
LogPluginManager: Mounting plugin WindowsMoviePlayer
LogStreaming: Display: Took  0.143s to configure plugins.
LogInit: Using libcurl 7.55.1-DEV
LogInit:  - built for x86_64-pc-win32
LogInit:  - supports SSL with OpenSSL/1.0.2h
LogInit:  - supports HTTP deflate (compression) using libz 1.2.8
LogInit:  - other features:
LogInit:      CURL_VERSION_SSL
LogInit:      CURL_VERSION_LIBZ
LogInit:      CURL_VERSION_IPV6
LogInit:      CURL_VERSION_ASYNCHDNS
LogInit:      CURL_VERSION_LARGEFILE
LogInit:      CURL_VERSION_IDN
LogInit:  CurlRequestOptions (configurable via config and command line):
LogInit:  - bVerifyPeer = false  - Libcurl will NOT verify peer certificate
LogInit:  - bUseHttpProxy = false  - Libcurl will NOT use HTTP proxy
LogInit:  - bDontReuseConnections = false  - Libcurl will reuse connections
LogInit:  - CertBundlePath = nullptr  - Libcurl will use whatever was configured at build time.
LogInit:  - MaxHostConnections = 16  - Libcurl will limit the number of connections to a host
LogInit:  - LocalHostAddr = Default
LogInit:  - BufferSize = 65536
LogOnline: Display: STEAM: Loading Steam SDK 1.39
LogOnline: Warning: STEAM: Steam API disabled!
LogOnline: Display: STEAM: OnlineSubsystemSteam::Shutdown()
LogInit: WinSock: version 1.1 (2.2), MaxSocks=32767, MaxUdp=65467
LogInit: Build: ++UE4+Release-4.20-CL-4369336
LogInit: Engine Version: 4.20.3-4369336+++UE4+Release-4.20
LogInit: Compatible Engine Version: 4.20.0-4212847+++UE4+Release-4.20
LogInit: Net CL: 4212847
LogInit: OS: Windows 10 (), CPU: Intel(R) Core(TM) i7-6500U CPU @ 2.50GHz, GPU: Intel(R) HD Graphics 520
LogInit: Compiled (64-bit): Sep 17 2018 12:26:19
LogInit: Compiled with Visual C++: 19.13.26129.00
LogInit: Build Configuration: Development
LogInit: Branch Name: ++UE4+Release-4.20
LogInit: Command Line: -EpicPortal  -epicusername="Hookibibi" -epicuserid=e13323db472b437e907144303bb07345 -epiclocale=fr-FR
LogInit: Base Directory: R:/UE_4.20/Engine/Binaries/Win64/
LogInit: Installed Engine Build: 1
LogDevObjectVersion: Number of dev versions registered: 20
LogDevObjectVersion:   Dev-Blueprints (B0D832E4-1F89-4F0D-ACCF-7EB736FD4AA2): 10
LogDevObjectVersion:   Dev-Build (E1C64328-A22C-4D53-A36C-8E866417BD8C): 0
LogDevObjectVersion:   Dev-Core (375EC13C-06E4-48FB-B500-84F0262A717E): 2
LogDevObjectVersion:   Dev-Editor (E4B068ED-F494-42E9-A231-DA0B2E46BB41): 24
LogDevObjectVersion:   Dev-Framework (CFFC743F-43B0-4480-9391-14DF171D2073): 34
LogDevObjectVersion:   Dev-Mobile (B02B49B5-BB20-44E9-A304-32B752E40360): 2
LogDevObjectVersion:   Dev-Networking (A4E4105C-59A1-49B5-A7C5-40C4547EDFEE): 0
LogDevObjectVersion:   Dev-Online (39C831C9-5AE6-47DC-9A44-9C173E1C8E7C): 0
LogDevObjectVersion:   Dev-Physics (78F01B33-EBEA-4F98-B9B4-84EACCB95AA2): 0
LogDevObjectVersion:   Dev-Platform (6631380F-2D4D-43E0-8009-CF276956A95A): 0
LogDevObjectVersion:   Dev-Rendering (12F88B9F-8875-4AFC-A67C-D90C383ABD29): 26
LogDevObjectVersion:   Dev-Sequencer (7B5AE74C-D270-4C10-A958-57980B212A5A): 9
LogDevObjectVersion:   Dev-VR (D7296918-1DD6-4BDD-9DE2-64A83CC13884): 2
LogDevObjectVersion:   Dev-LoadTimes (C2A15278-BFE7-4AFE-6C17-90FF531DF755): 1
LogDevObjectVersion:   Private-Geometry (6EACA3D4-40EC-4CC1-B786-8BED09428FC5): 3
LogDevObjectVersion:   Dev-AnimPhys (29E575DD-E0A3-4627-9D10-D276232CDCEA): 17
LogDevObjectVersion:   Dev-ReflectionCapture (6B266CEC-1EC7-4B8F-A30B-E4D90942FC07): 1
LogDevObjectVersion:   Dev-Automation (0DF73D61-A23F-47EA-B727-89E90C41499A): 1
LogDevObjectVersion:   FortniteMain (601D1886-AC64-4F84-AA16-D3DE0DEAC7D6): 12
LogDevObjectVersion:   Dev-Enterprise (9DFFBCD6-494F-0158-E221-12823C92A888): 1
LogStreaming: Display: Took  0.003s to delete old logs.
LogInit: Presizing for max 8388607 objects, including 0 objects not considered by GC, pre-allocating 0 bytes for permanent pool.
LogInit: Object subsystem initialized
[2019.03.27-22.49.30:263][  0]LogInit: Selected Device Profile: [Windows]
[2019.03.27-22.49.30:263][  0]LogInit: Applying CVar settings loaded from the selected device profile: [Windows]
[2019.03.27-22.49.30:278][  0]LogHAL: Display: Platform has ~ 8 GB [8464732160 / 8589934592 / 8], which maps to Default [LargestMinGB=32, LargerMinGB=12, DefaultMinGB=8, SmallerMinGB=6, SmallestMinGB=0)
[2019.03.27-22.49.30:278][  0]LogInit: Setting Device Profile CVar: [[r.Vulkan.UseRealUBs:1]]
[2019.03.27-22.49.30:278][  0]LogInit: Going up to parent DeviceProfile []
[2019.03.27-22.49.30:279][  0]LogInit: Computer: DESKTOP-FT66DED
[2019.03.27-22.49.30:279][  0]LogInit: User: Malo
[2019.03.27-22.49.30:279][  0]LogInit: CPU Page size=4096, Cores=2
[2019.03.27-22.49.30:279][  0]LogInit: High frequency timer resolution =10.000000 MHz
[2019.03.27-22.49.30:279][  0]LogMemory: Memory total: Physical=7.9GB (8GB approx)
[2019.03.27-22.49.30:279][  0]LogMemory: Platform Memory Stats for Windows
[2019.03.27-22.49.30:279][  0]LogMemory: Process Physical Memory: 101.13 MB used, 101.13 MB peak
[2019.03.27-22.49.30:279][  0]LogMemory: Process Virtual Memory: 96.12 MB used, 96.12 MB peak
[2019.03.27-22.49.30:279][  0]LogMemory: Physical Memory: 5292.14 MB used,  2780.46 MB free, 8072.60 MB total
[2019.03.27-22.49.30:279][  0]LogMemory: Virtual Memory: 4628.76 MB used,  2780.46 MB free, 134217728.00 MB total
[2019.03.27-22.49.30:300][  0]LogInit: Using OS detected language (fr-FR).
[2019.03.27-22.49.30:300][  0]LogInit: Using OS detected locale (fr-FR).
[2019.03.27-22.49.30:302][  0]LogTextLocalizationManager: No specific localization for 'fr-FR' exists, so the 'fr' localization will be used.
[2019.03.27-22.49.30:304][  0]LogStreaming: Display: Took  0.004s to InitEngineTextLocalization.
[2019.03.27-22.49.30:305][  0]LogInit: Setting process to per monitor DPI aware
[2019.03.27-22.49.30:328][  0]LogSlate: New Slate User Created.  User Index 0, Is Virtual User: 0
[2019.03.27-22.49.30:328][  0]LogSlate: Slate User Registered.  User Index 0, Is Virtual User: 0
[2019.03.27-22.49.30:844][  0]LogD3D11RHI: D3D11 adapters:
[2019.03.27-22.49.30:859][  0]LogD3D11RHI:    0. 'Intel(R) HD Graphics 520' (Feature Level 11_0)
[2019.03.27-22.49.30:859][  0]LogD3D11RHI:       128/0/4036 MB DedicatedVideo/DedicatedSystem/SharedSystem, Outputs:1, VendorId:0x8086
[2019.03.27-22.49.30:863][  0]LogD3D11RHI:    1. 'Microsoft Basic Render Driver' (Feature Level 11_0)
[2019.03.27-22.49.30:863][  0]LogD3D11RHI:       0/0/4036 MB DedicatedVideo/DedicatedSystem/SharedSystem, Outputs:0, VendorId:0x1414
[2019.03.27-22.49.30:863][  0]LogD3D11RHI: Chosen D3D11 Adapter: 0
[2019.03.27-22.49.30:873][  0]LogD3D11RHI: Creating new Direct3DDevice
[2019.03.27-22.49.30:873][  0]LogD3D11RHI:     GPU DeviceId: 0x1916 (for the marketing name, search the web for "GPU Device Id")
[2019.03.27-22.49.30:873][  0]LogWindows: EnumDisplayDevices:
[2019.03.27-22.49.30:873][  0]LogWindows:    0. 'Intel(R) HD Graphics 520' (P:1 D:1)
[2019.03.27-22.49.30:874][  0]LogWindows:    1. 'Intel(R) HD Graphics 520' (P:0 D:0)
[2019.03.27-22.49.30:874][  0]LogWindows:    2. 'Intel(R) HD Graphics 520' (P:0 D:0)
[2019.03.27-22.49.30:875][  0]LogWindows: DebugString: FoundDriverCount:3 
[2019.03.27-22.49.30:875][  0]LogD3D11RHI:     Adapter Name: Intel(R) HD Graphics 520
[2019.03.27-22.49.30:875][  0]LogD3D11RHI:   Driver Version: 22.20.16.4771 (internal:22.20.16.4771, unified:22.20.16.4771)
[2019.03.27-22.49.30:875][  0]LogD3D11RHI:      Driver Date: 8-13-2017
[2019.03.27-22.49.30:875][  0]LogRHI: Texture pool is 1502 MB (70% of 2146 MB)
[2019.03.27-22.49.30:885][  0]LogD3D11RHI: Async texture creation enabled
[2019.03.27-22.49.30:899][  0]LogD3D11RHI: GPU Timing Frequency: 12.000000 (Debug: 2 0)
[2019.03.27-22.49.30:901][  0]LogShaderCompilers: Guid format shader working directory is -26 characters bigger than the processId version (C:/Users/Malo/Documents/GitHub/ProjetsHub2018/FPSUnreal/PeopleWithGuns/Intermediate/Shaders/WorkingDirectory/11848/).
[2019.03.27-22.49.30:901][  0]LogShaderCompilers: Cleaned the shader compiler working directory 'C:/Users/Malo/AppData/Local/Temp/UnrealShaderWorkingDir/CCD751984DFCEE46D105E680C798F937/'.
[2019.03.27-22.49.31:741][  0]LogTemp: Display: Loaded TP AllDesktopTargetPlatform
[2019.03.27-22.49.31:771][  0]LogTemp: Display: Loaded TP MacClientTargetPlatform
[2019.03.27-22.49.31:812][  0]LogTemp: Display: Loaded TP MacNoEditorTargetPlatform
[2019.03.27-22.49.31:847][  0]LogTemp: Display: Loaded TP MacServerTargetPlatform
[2019.03.27-22.49.31:881][  0]LogTemp: Display: Loaded TP MacTargetPlatform
[2019.03.27-22.49.31:913][  0]LogTemp: Display: Loaded TP WindowsClientTargetPlatform
[2019.03.27-22.49.31:944][  0]LogTemp: Display: Loaded TP WindowsNoEditorTargetPlatform
[2019.03.27-22.49.31:968][  0]LogTemp: Display: Loaded TP WindowsServerTargetPlatform
[2019.03.27-22.49.31:978][  0]LogTemp: Display: Loaded TP WindowsTargetPlatform
[2019.03.27-22.49.32:123][  0]LogTemp: Display: Loaded TP AndroidTargetPlatform
[2019.03.27-22.49.32:123][  0]LogTemp: Display: Loaded TP AndroidTargetPlatform
[2019.03.27-22.49.32:123][  0]LogTemp: Display: Loaded TP AndroidTargetPlatform
[2019.03.27-22.49.32:123][  0]LogTemp: Display: Loaded TP AndroidTargetPlatform
[2019.03.27-22.49.32:123][  0]LogTemp: Display: Loaded TP AndroidTargetPlatform
[2019.03.27-22.49.32:123][  0]LogTemp: Display: Loaded TP AndroidTargetPlatform
[2019.03.27-22.49.32:123][  0]LogTemp: Display: Loaded TP AndroidTargetPlatform
[2019.03.27-22.49.32:123][  0]LogTemp: Display: Loaded TP AndroidTargetPlatform
[2019.03.27-22.49.32:123][  0]LogTemp: Display: Loaded TP AndroidTargetPlatform
[2019.03.27-22.49.32:123][  0]LogTemp: Display: Loaded TP AndroidTargetPlatform
[2019.03.27-22.49.32:123][  0]LogTemp: Display: Loaded TP AndroidTargetPlatform
[2019.03.27-22.49.32:123][  0]LogTemp: Display: Loaded TP AndroidTargetPlatform
[2019.03.27-22.49.32:123][  0]LogTemp: Display: Loaded TP AndroidTargetPlatform
[2019.03.27-22.49.32:123][  0]LogTemp: Display: Loaded TP AndroidTargetPlatform
[2019.03.27-22.49.32:123][  0]LogTemp: Display: Loaded TP AndroidTargetPlatform
[2019.03.27-22.49.32:123][  0]LogTemp: Display: Loaded TP AndroidTargetPlatform
[2019.03.27-22.49.32:123][  0]LogTemp: Display: Loaded TP AndroidTargetPlatform
[2019.03.27-22.49.32:123][  0]LogTemp: Display: Loaded TP AndroidTargetPlatform
[2019.03.27-22.49.32:126][  0]LogTemp: Display: Loaded TP HTML5TargetPlatform
[2019.03.27-22.49.32:201][  0]LogTemp: Display: Loaded TP IOSTargetPlatform
[2019.03.27-22.49.32:201][  0]LogTemp: Display: Loaded TP IOSTargetPlatform
[2019.03.27-22.49.32:250][  0]LogTemp: Display: Loaded TP TVOSTargetPlatform
[2019.03.27-22.49.32:251][  0]LogTemp: Display: Loaded TP TVOSTargetPlatform
[2019.03.27-22.49.32:279][  0]LogTemp: Display: Loaded TP LinuxClientTargetPlatform
[2019.03.27-22.49.32:307][  0]LogTemp: Display: Loaded TP LinuxNoEditorTargetPlatform
[2019.03.27-22.49.32:340][  0]LogTemp: Display: Loaded TP LinuxServerTargetPlatform
[2019.03.27-22.49.32:367][  0]LogTemp: Display: Loaded TP LinuxTargetPlatform
[2019.03.27-22.49.32:386][  0]LogTemp: Display: Loaded TP LuminTargetPlatform
[2019.03.27-22.49.32:386][  0]LogTargetPlatformManager: Display: Building Assets For Windows
[2019.03.27-22.49.32:469][  0]LogXGEController: Cannot use XGE Controller as Incredibuild is not installed on this machine.
[2019.03.27-22.49.32:470][  0]LogShaderCompilers: Cannot use XGE Shader Compiler as Incredibuild is not installed on this machine.
[2019.03.27-22.49.32:470][  0]LogShaderCompilers: Display: Using Local Shader Compiler.
[2019.03.27-22.49.33:903][  0]LogDerivedDataCache: Display: Max Cache Size: 512 MB
[2019.03.27-22.49.33:998][  0]LogDerivedDataCache: Loaded boot cache 0.09s 70MB C:/Users/Malo/AppData/Local/UnrealEngine/4.20/DerivedDataCache/Boot.ddc.
[2019.03.27-22.49.33:999][  0]LogDerivedDataCache: Display: Loaded Boot cache: C:/Users/Malo/AppData/Local/UnrealEngine/4.20/DerivedDataCache/Boot.ddc
[2019.03.27-22.49.34:000][  0]LogDerivedDataCache: FDerivedDataBackendGraph:  Pak pak cache file C:/Users/Malo/Documents/GitHub/ProjetsHub2018/FPSUnreal/PeopleWithGuns/DerivedDataCache/DDC.ddp not found, will not use a pak cache.
[2019.03.27-22.49.34:000][  0]LogDerivedDataCache: Unable to find inner node Pak for hierarchical cache Hierarchy.
[2019.03.27-22.49.34:000][  0]LogDerivedDataCache: FDerivedDataBackendGraph:  CompressedPak pak cache file C:/Users/Malo/Documents/GitHub/ProjetsHub2018/FPSUnreal/PeopleWithGuns/DerivedDataCache/Compressed.ddp not found, will not use a pak cache.
[2019.03.27-22.49.34:000][  0]LogDerivedDataCache: Unable to find inner node CompressedPak for hierarchical cache Hierarchy.
[2019.03.27-22.49.34:025][  0]LogDerivedDataCache: Display: Pak cache opened for reading ../../../Engine/DerivedDataCache/Compressed.ddp.
[2019.03.27-22.49.34:038][  0]LogDerivedDataCache: Using Local data cache path C:/Users/Malo/AppData/Local/UnrealEngine/Common/DerivedDataCache: Writable
[2019.03.27-22.49.34:038][  0]LogDerivedDataCache: Shared data cache path not found in *engine.ini, will not use an Shared cache.
[2019.03.27-22.49.34:038][  0]LogDerivedDataCache: Unable to find inner node Shared for hierarchical cache Hierarchy.
[2019.03.27-22.49.34:065][  0]LogMaterial: Verifying Global Shaders for PCD3D_SM5
[2019.03.27-22.49.34:067][  0]LogSlate: Using FreeType 2.6.0
[2019.03.27-22.49.34:068][  0]LogSlate: SlateFontServices - WITH_FREETYPE: 1, WITH_HARFBUZZ: 1
[2019.03.27-22.49.34:188][  0]LogAssetRegistry: FAssetRegistry took 0.0300 seconds to start up
[2019.03.27-22.49.34:999][  0]LogInit: Selected Device Profile: [Windows]
[2019.03.27-22.49.35:313][  0]LogSimplygon: Simplygon DLL not present - disabling.
[2019.03.27-22.49.35:318][  0]LogMeshReduction: Using SimplygonSwarm for distributed automatic mesh merging
[2019.03.27-22.49.35:318][  0]LogMeshReduction: Using ProxyLODMeshReduction for automatic mesh merging
[2019.03.27-22.49.35:318][  0]LogMeshReduction: Using QuadricMeshReduction for automatic static mesh reduction
[2019.03.27-22.49.35:318][  0]LogMeshReduction: No automatic skeletal mesh reduction module available
[2019.03.27-22.49.35:350][  0]LogNetVersion: PeopleWithGuns 1.0.0, NetCL: 4212847, EngineNetVer: 5, GameNetVer: 0 (Checksum: 1271298656)
[2019.03.27-22.49.36:420][  0]LogPackageLocalizationCache: Processed 10 localized package path(s) for 2 prioritized culture(s) in 0.187863 seconds
[2019.03.27-22.49.36:432][  0]LogUObjectArray: 38209 objects as part of root set at end of initial load.
[2019.03.27-22.49.36:432][  0]LogUObjectAllocator: 6663656 out of 0 bytes used by permanent object pool.
[2019.03.27-22.49.36:432][  0]LogUObjectArray: CloseDisregardForGC: 0/0 objects in disregard for GC pool
[2019.03.27-22.49.37:960][  0]LogTcpMessaging: Initializing TcpMessaging bridge
[2019.03.27-22.49.37:975][  0]LogUdpMessaging: Initializing bridge on interface 0.0.0.0:0 to multicast group 230.0.0.1:6666.
[2019.03.27-22.49.38:216][  0]SourceControl: Source control is disabled
[2019.03.27-22.49.38:216][  0]SourceControl: Source control is disabled
[2019.03.27-22.49.38:219][  0]SourceControl: Source control is disabled
[2019.03.27-22.49.38:222][  0]SourceControl: Source control is disabled
[2019.03.27-22.49.38:425][  0]LogAndroidPermission: UAndroidPermissionCallbackProxy::GetInstance
[2019.03.27-22.49.38:645][  0]LogOcInput: OculusInput pre-init called
[2019.03.27-22.49.38:733][  0]LogEngine: Initializing Engine...
[2019.03.27-22.49.38:737][  0]LogStats: UGameplayTagsManager::ConstructGameplayTagTree: ImportINI prefixes -  0.000 s
[2019.03.27-22.49.38:737][  0]LogStats: UGameplayTagsManager::ConstructGameplayTagTree: Construct from data asset -  0.000 s
[2019.03.27-22.49.38:737][  0]LogStats: UGameplayTagsManager::ConstructGameplayTagTree: ImportINI -  0.000 s
[2019.03.27-22.49.38:737][  0]LogStats: UGameplayTagsManager::ConstructGameplayTagTree: GameplayTagTreeChangedEvent.Broadcast -  0.000 s
[2019.03.27-22.49.39:052][  0]LogInit: Initializing FReadOnlyCVARCache
[2019.03.27-22.49.39:067][  0]LogAIModule: Creating AISystem for world Untitled
[2019.03.27-22.49.39:129][  0]LogInit: XAudio2 using 'Casque (Conexant ISST Audio)' : 2 channels at 48 kHz using 32 bits per sample (channel mask 0x3)
[2019.03.27-22.49.39:150][  0]LogInit: FAudioDevice initialized.
[2019.03.27-22.49.39:151][  0]LogNetVersion: Set ProjectVersion to 1.0.0.0. Version Checksum will be recalculated on next use.
[2019.03.27-22.49.39:231][  0]LogDerivedDataCache: Saved boot cache 0.08s 70MB C:/Users/Malo/AppData/Local/UnrealEngine/4.20/DerivedDataCache/Boot.ddc.
[2019.03.27-22.49.39:248][  0]LogInit: Texture streaming: Enabled
[2019.03.27-22.49.39:269][  0]LogEngineSessionManager: EngineSessionManager initialized
[2019.03.27-22.49.39:283][  0]LogInit: Transaction tracking system initialized
[2019.03.27-22.49.39:303][  0]BlueprintLog: New page: Editor Load
[2019.03.27-22.49.39:372][  0]LocalizationService: Localization service is disabled
[2019.03.27-22.49.40:199][  0]LogCook: Display: Max memory allowance for cook 16384mb min free memory 0mb
[2019.03.27-22.49.40:199][  0]LogCook: Display: Mobile HDR setting 1
[2019.03.27-22.49.40:199][  0]LogGameplayTags: Display: UGameplayTagsManager::DoneAddingNativeTags. DelegateIsBound: 0
[2019.03.27-22.49.40:199][  0]LogStats: UGameplayTagsManager::ConstructGameplayTagTree: ImportINI prefixes -  0.000 s
[2019.03.27-22.49.40:199][  0]LogStats: UGameplayTagsManager::ConstructGameplayTagTree: Construct from data asset -  0.000 s
[2019.03.27-22.49.40:199][  0]LogStats: UGameplayTagsManager::ConstructGameplayTagTree: ImportINI -  0.000 s
[2019.03.27-22.49.40:200][  0]LogStats: UGameplayTagsManager::ConstructGameplayTagTree: GameplayTagTreeChangedEvent.Broadcast -  0.000 s
[2019.03.27-22.49.40:373][  0]LogFileCache: Scanning file cache for directory 'C:/Users/Malo/Documents/GitHub/ProjetsHub2018/FPSUnreal/PeopleWithGuns/Content/' took 0.07s
[2019.03.27-22.49.40:373][  0]SourceControl: Source control is disabled
[2019.03.27-22.49.40:464][  0]LogSlate: Took 0.000263 seconds to synchronously load lazily loaded font '../../../Engine/Content/Slate/Fonts/Roboto-Regular.ttf' (155K)
[2019.03.27-22.49.50:906][  0]LogSlate: Window 'Restore Packages' being destroyed
[2019.03.27-22.49.50:907][  0]LogWindowsTextInputMethodSystem: Display: IME system now deactivated.
[2019.03.27-22.49.50:947][  0]LogWindowsTextInputMethodSystem: Display: IME system now deactivated.
[2019.03.27-22.49.50:949][  0]Cmd: MAP LOAD FILE="C:/Users/Malo/Documents/GitHub/ProjetsHub2018/FPSUnreal/PeopleWithGuns/Content/ThirdPersonBP/Maps/MainMenu.umap" TEMPLATE=0 SHOWPROGRESS=1 FEATURELEVEL=3
[2019.03.27-22.49.50:950][  0]LightingResults: New page: Lighting Build
[2019.03.27-22.49.50:955][  0]MapCheck: New page: Map Check
[2019.03.27-22.49.50:955][  0]LightingResults: New page: Lighting Build
[2019.03.27-22.49.51:459][  0]LogAIModule: Creating AISystem for world MainMenu
[2019.03.27-22.49.51:461][  0]LogEditorServer: Finished looking for orphan Actors (0.000 secs)
[2019.03.27-22.49.51:534][  0]Cmd: MAP CHECKDEP NOCLEARLOG
[2019.03.27-22.49.51:660][  0]MapCheck: Map check complete: 0 Error(s), 0 Warning(s), took 125,147ms to complete.
[2019.03.27-22.49.51:660][  0]LogFileHelpers: Loading map 'MainMenu' took 0.711
[2019.03.27-22.49.51:732][  0]LogSlate: Updating window title bar state: overlay mode, drag disabled, window buttons hidden, title bar hidden
[2019.03.27-22.49.51:751][  0]LogSlate: Updating window title bar state: overlay mode, drag disabled, window buttons hidden, title bar hidden
[2019.03.27-22.49.51:766][  0]LogSlate: Updating window title bar state: overlay mode, drag disabled, window buttons hidden, title bar hidden
[2019.03.27-22.49.51:782][  0]LogSlate: Updating window title bar state: overlay mode, drag disabled, window buttons hidden, title bar hidden
[2019.03.27-22.49.51:792][  0]LogCollectionManager: Loaded 0 collections in 0.001978 seconds
[2019.03.27-22.49.51:838][  0]LogFileCache: Scanning file cache for directory 'C:/Users/Malo/Documents/GitHub/ProjetsHub2018/FPSUnreal/PeopleWithGuns/Saved/Collections/' took 0.01s
[2019.03.27-22.49.51:838][  0]LogFileCache: Scanning file cache for directory 'C:/Users/Malo/Documents/GitHub/ProjetsHub2018/FPSUnreal/PeopleWithGuns/Content/Developers/Malo/Collections/' took 0.01s
[2019.03.27-22.49.51:838][  0]LogFileCache: Scanning file cache for directory 'C:/Users/Malo/Documents/GitHub/ProjetsHub2018/FPSUnreal/PeopleWithGuns/Content/Collections/' took 0.01s
[2019.03.27-22.49.51:838][  0]LogCollectionManager: Rebuilt the GUID cache for 0 collections in 0.000000 seconds
[2019.03.27-22.49.51:856][  0]LogContentBrowser: Native class hierarchy populated in 0.0174 seconds. Added 2572 classes and 602 folders.
[2019.03.27-22.49.51:862][  0]LogContentBrowser: Native class hierarchy updated for 'WidgetCarousel' in 0.0003 seconds. Added 0 classes and 0 folders.
[2019.03.27-22.49.51:918][  0]LogContentBrowser: Native class hierarchy updated for 'AddContentDialog' in 0.0004 seconds. Added 0 classes and 0 folders.
[2019.03.27-22.49.51:923][  0]LogContentBrowser: Native class hierarchy updated for 'SceneOutliner' in 0.0004 seconds. Added 1 classes and 2 folders.
[2019.03.27-22.49.52:005][  0]LogSlate: Took 0.000377 seconds to synchronously load lazily loaded font '../../../Engine/Content/Slate/Fonts/Roboto-Bold.ttf' (160K)
[2019.03.27-22.49.52:011][  0]LogSlate: Took 0.000390 seconds to synchronously load lazily loaded font '../../../Engine/Content/Editor/Slate/Fonts/FontAwesome.ttf' (139K)
[2019.03.27-22.49.52:071][  0]LogRenderer: Reallocating scene render targets to support 1528x536 Format 9 NumSamples 1 (Frame:1).
[2019.03.27-22.49.52:962][  0]LogContentBrowser: Native class hierarchy updated for 'HierarchicalLODOutliner' in 0.0004 seconds. Added 0 classes and 0 folders.
[2019.03.27-22.49.52:962][  0]LogLoad: (Engine Initialization) Total time: 25.43 seconds
[2019.03.27-22.49.52:962][  0]LogLoad: (Engine Initialization) Total Blueprint compile time: 0.00 seconds
[2019.03.27-22.49.52:982][  0]LogSlate: FSceneViewport::OnFocusLost() reason 0
[2019.03.27-22.49.53:005][  0]LogContentStreaming: Texture pool size now 400 MB
[2019.03.27-22.49.53:055][  0]LogRenderer: Reallocating scene render targets to support 1528x552 Format 9 NumSamples 1 (Frame:2).
[2019.03.27-22.49.53:284][  0]LogSlate: Took 0.000211 seconds to synchronously load lazily loaded font '../../../Engine/Content/Slate/Fonts/Roboto-Light.ttf' (167K)
[2019.03.27-22.49.53:479][  3]LogAssetRegistry: Asset discovery search completed in 19.3136 seconds
[2019.03.27-22.49.53:482][  3]LogCollectionManager: Rebuilt the object cache for 0 collections in 0.000001 seconds (found 0 objects)
[2019.03.27-22.49.53:482][  3]LogCollectionManager: Fixed up redirectors for 0 collections in 0.000084 seconds (updated 0 objects)
[2019.03.27-22.49.57:746][254]LogSlate: Took 0.000268 seconds to synchronously load lazily loaded font '../../../Engine/Content/Slate/Fonts/Roboto-Light.ttf' (167K)
[2019.03.27-22.50.00:641][254]LogAIModule: Creating AISystem for world Arena01
[2019.03.27-22.50.00:687][254]LogAssetEditorManager: Opening Asset editor for World /Game/ThirdPersonBP/Maps/Arena01.Arena01
[2019.03.27-22.50.00:732][254]Cmd: MAP LOAD FILE="C:/Users/Malo/Documents/GitHub/ProjetsHub2018/FPSUnreal/PeopleWithGuns/Content/ThirdPersonBP/Maps/Arena01.umap" TEMPLATE=0 SHOWPROGRESS=1 FEATURELEVEL=3
[2019.03.27-22.50.00:732][254]LightingResults: New page: Lighting Build
[2019.03.27-22.50.00:734][254]LoadErrors: New page: Loading map: Arena01.umap
[2019.03.27-22.50.00:735][254]MapCheck: New page: Map Check
[2019.03.27-22.50.00:735][254]LightingResults: New page: Lighting Build
[2019.03.27-22.50.00:939][254]LogEditorServer: Finished looking for orphan Actors (0.000 secs)
[2019.03.27-22.50.01:005][254]Cmd: MAP CHECKDEP NOCLEARLOG
[2019.03.27-22.50.01:124][254]MapCheck: Map check complete: 0 Error(s), 0 Warning(s), took 118,821ms to complete.
[2019.03.27-22.50.01:124][254]LogFileHelpers: Loading map 'Arena01' took 0.393
[2019.03.27-22.50.05:942][497]LogEditorViewport: Clicking on Actor (LMB): StaticMeshActor (Floor)
[2019.03.27-22.50.07:232][564]LogSlate: FSceneViewport::OnFocusLost() reason 2
[2019.03.27-22.50.08:261][625]LogSlate: FSceneViewport::OnFocusLost() reason 2
[2019.03.27-22.50.12:252][848]LogSlate: FSceneViewport::OnFocusLost() reason 0
[2019.03.27-22.50.17:755][113]Cmd: BRUSH ADD SELECTNEWBRUSH
[2019.03.27-22.50.18:890][174]LogSlate: FSceneViewport::OnFocusLost() reason 0
[2019.03.27-22.50.20:090][205]Cmd: BRUSH ADD SELECTNEWBRUSH
[2019.03.27-22.50.20:814][241]LogSlate: FSceneViewport::OnFocusLost() reason 0
[2019.03.27-22.50.27:472][476]Cmd: BRUSH ADD SELECTNEWBRUSH
[2019.03.27-22.50.36:175][859]LogSlate: FSceneViewport::OnFocusLost() reason 0
[2019.03.27-22.50.37:801][917]Cmd: BRUSH ADD SELECTNEWBRUSH
[2019.03.27-22.50.40:202][ 48]Cmd: DELETE
[2019.03.27-22.50.40:202][ 48]Cmd: ACTOR DELETE
[2019.03.27-22.50.40:215][ 48]LogEditorActor: Deleted Actor: Brush
[2019.03.27-22.50.40:255][ 48]LogEditorActor: Deleted 1 Actors (0.053 secs)
[2019.03.27-22.50.41:156][100]Cmd: TRANSACTION UNDO
[2019.03.27-22.50.41:156][100]LogEditorTransaction: Undo Delete Actors
[2019.03.27-22.50.41:175][100]LogActorComponent: ~FComponentReregisterContext: (/Game/ThirdPersonBP/Maps/Arena01.Arena01:PersistentLevel.BoxBrush5.BrushComponent0) Component already registered.
[2019.03.27-22.50.41:961][130]Cmd: TRANSACTION UNDO
[2019.03.27-22.50.41:961][130]LogEditorTransaction: Undo Brush Add
[2019.03.27-22.50.42:340][149]Cmd: TRANSACTION UNDO
[2019.03.27-22.50.42:340][149]LogEditorTransaction: Undo Move Actors
[2019.03.27-22.50.42:356][149]LogActorComponent: ~FComponentReregisterContext: (/Game/ThirdPersonBP/Maps/Arena01.Arena01:PersistentLevel.BoxBrush3.BrushComponent0) Component already registered.
[2019.03.27-22.50.42:361][149]LogActorComponent: ~FComponentReregisterContext: (/Game/ThirdPersonBP/Maps/Arena01.Arena01:PersistentLevel.BoxBrush2.BrushComponent0) Component already registered.
[2019.03.27-22.50.42:361][149]LogActorComponent: ~FComponentReregisterContext: (/Game/ThirdPersonBP/Maps/Arena01.Arena01:PersistentLevel.BoxBrush5.BrushComponent0) Component already registered.
[2019.03.27-22.50.42:756][167]Cmd: TRANSACTION UNDO
[2019.03.27-22.50.42:756][167]LogEditorTransaction: Undo Move Actors
[2019.03.27-22.50.42:772][167]LogActorComponent: ~FComponentReregisterContext: (/Game/ThirdPersonBP/Maps/Arena01.Arena01:PersistentLevel.BoxBrush3.BrushComponent0) Component already registered.
[2019.03.27-22.50.42:776][167]LogActorComponent: ~FComponentReregisterContext: (/Game/ThirdPersonBP/Maps/Arena01.Arena01:PersistentLevel.BoxBrush2.BrushComponent0) Component already registered.
[2019.03.27-22.50.42:777][167]LogActorComponent: ~FComponentReregisterContext: (/Game/ThirdPersonBP/Maps/Arena01.Arena01:PersistentLevel.BoxBrush5.BrushComponent0) Component already registered.
[2019.03.27-22.50.43:155][182]Cmd: TRANSACTION UNDO
[2019.03.27-22.50.43:155][182]LogEditorTransaction: Undo Brush Add
[2019.03.27-22.50.43:577][204]Cmd: TRANSACTION UNDO
[2019.03.27-22.50.43:577][204]LogEditorTransaction: Undo Brush Add
[2019.03.27-22.50.46:204][354]LogSlate: FSceneViewport::OnFocusLost() reason 0
[2019.03.27-22.50.56:279][793]LogSlate: FSceneViewport::OnFocusLost() reason 0
[2019.03.27-22.50.57:552][842]LogSlate: FSceneViewport::OnFocusLost() reason 0
[2019.03.27-22.50.59:990][925]LogSlate: FSceneViewport::OnFocusLost() reason 0
[2019.03.27-22.51.00:890][955]LogSlate: FSceneViewport::OnFocusLost() reason 0
[2019.03.27-22.51.01:855][  0]LogSlate: FSceneViewport::OnFocusLost() reason 0
[2019.03.27-22.51.05:075][107]LogSlate: FSceneViewport::OnFocusLost() reason 0
[2019.03.27-22.51.06:167][154]LogSlate: FSceneViewport::OnFocusLost() reason 0
[2019.03.27-22.51.07:038][194]LogSlate: FSceneViewport::OnFocusLost() reason 0
[2019.03.27-22.51.11:344][335]Cmd: EDIT COPY
[2019.03.27-22.51.12:896][395]Cmd: EDIT PASTE
[2019.03.27-22.51.16:552][548]Cmd: EDIT PASTE
[2019.03.27-22.51.25:556][928]Cmd: EDIT PASTE
[2019.03.27-22.51.57:636][699]LogSlate: FSceneViewport::OnFocusLost() reason 2
[2019.03.27-22.51.58:045][699]LogSavePackage: Moving 'C:/Users/Malo/Documents/GitHub/ProjetsHub2018/FPSUnreal/PeopleWithGuns/Saved/Arena01586FDC674C8907412F33AB8E3FDF36E5.tmp' to 'C:/Users/Malo/Documents/GitHub/ProjetsHub2018/FPSUnreal/PeopleWithGuns/Content/ThirdPersonBP/Maps/Arena01.umap'
[2019.03.27-22.51.58:655][699]LogSavePackage: Moving 'C:/Users/Malo/Documents/GitHub/ProjetsHub2018/FPSUnreal/PeopleWithGuns/Saved/Arena01_BuiltData931A0BB54B5E989F1F54F6AC703D964E.tmp' to 'C:/Users/Malo/Documents/GitHub/ProjetsHub2018/FPSUnreal/PeopleWithGuns/Content/ThirdPersonBP/Maps/Arena01_BuiltData.uasset'
[2019.03.27-22.51.59:800][760]Cmd: EDIT PASTE
[2019.03.27-22.52.09:483][138]Cmd: EDIT PASTE
[2019.03.27-22.52.16:429][407]Cmd: EDIT PASTE
[2019.03.27-22.52.33:420][104]Cmd: EDIT PASTE
[2019.03.27-22.52.51:158][720]LogSlate: FSceneViewport::OnFocusLost() reason 2
[2019.03.27-22.52.51:513][720]LogSavePackage: Moving 'C:/Users/Malo/Documents/GitHub/ProjetsHub2018/FPSUnreal/PeopleWithGuns/Saved/Arena012DDE191F48F00EC14B7928B109730357.tmp' to 'C:/Users/Malo/Documents/GitHub/ProjetsHub2018/FPSUnreal/PeopleWithGuns/Content/ThirdPersonBP/Maps/Arena01.umap'
[2019.03.27-22.52.52:019][720]LogSavePackage: Moving 'C:/Users/Malo/Documents/GitHub/ProjetsHub2018/FPSUnreal/PeopleWithGuns/Saved/Arena01_BuiltDataC88406AC41B2AFAE8255FC899D52D3A1.tmp' to 'C:/Users/Malo/Documents/GitHub/ProjetsHub2018/FPSUnreal/PeopleWithGuns/Content/ThirdPersonBP/Maps/Arena01_BuiltData.uasset'
[2019.03.27-22.52.52:821][764]LogSlate: FSceneViewport::OnFocusLost() reason 0
[2019.03.27-22.53.00:239][146]Cmd: BRUSH ADD SELECTNEWBRUSH
[2019.03.27-22.53.01:836][229]LogSlate: FSceneViewport::OnFocusLost() reason 0
[2019.03.27-22.53.06:872][476]LogSlate: FSceneViewport::OnFocusLost() reason 0
[2019.03.27-22.53.16:503][850]LogSlate: FSceneViewport::OnFocusLost() reason 0
[2019.03.27-22.53.23:796][176]LogSlate: FSceneViewport::OnFocusLost() reason 0
[2019.03.27-22.53.30:878][454]LogSlate: FSceneViewport::OnFocusLost() reason 0
[2019.03.27-22.53.33:511][574]LogSlate: FSceneViewport::OnFocusLost() reason 0
[2019.03.27-22.53.44:900][ 57]LogSlate: FSceneViewport::OnFocusLost() reason 0
[2019.03.27-22.53.50:662][259]LogSlate: FSceneViewport::OnFocusLost() reason 0
[2019.03.27-22.53.58:763][527]LogSlate: FSceneViewport::OnFocusLost() reason 0
[2019.03.27-22.54.06:738][909]LogSlate: FSceneViewport::OnFocusLost() reason 0
[2019.03.27-22.54.10:213][ 50]LogSlate: FSceneViewport::OnFocusLost() reason 0
[2019.03.27-22.54.13:017][160]LogSlate: FSceneViewport::OnFocusLost() reason 0
[2019.03.27-22.54.18:449][342]LogSlate: FSceneViewport::OnFocusLost() reason 0
[2019.03.27-22.54.23:428][533]Cmd: EDIT COPY
[2019.03.27-22.54.23:912][547]Cmd: EDIT PASTE
[2019.03.27-22.54.46:469][443]LogSlate: FSceneViewport::OnFocusLost() reason 2
[2019.03.27-22.54.49:650][630]LogTemp: Repeating last play command: Selected Viewport
[2019.03.27-22.54.49:676][630]LogBlueprintUserMessages: Early PlayInEditor Detection: Level '/Game/ThirdPersonBP/Maps/Arena01.Arena01:PersistentLevel' has LevelScriptBlueprint '/Game/ThirdPersonBP/Maps/Arena01.Arena01:PersistentLevel.Arena01' with GeneratedClass '/Game/ThirdPersonBP/Maps/Arena01.Arena01_C' with ClassGeneratedBy '/Game/ThirdPersonBP/Maps/Arena01.Arena01:PersistentLevel.Arena01'
[2019.03.27-22.54.49:677][630]LogPlayLevel: PlayLevel: No blueprints needed recompiling
[2019.03.27-22.54.49:685][630]LogOnline: Warning: STEAM: Steam API disabled!
[2019.03.27-22.54.49:685][630]LogOnline: Display: STEAM: OnlineSubsystemSteam::Shutdown()
[2019.03.27-22.54.49:700][630]PIE: New page: PIE session: Arena01 (28 mars 2019 00:54:49)
[2019.03.27-22.54.49:701][630]LogPlayLevel: Creating play world package: /Game/ThirdPersonBP/Maps/UEDPIE_0_Arena01
[2019.03.27-22.54.49:729][630]LogPlayLevel: PIE: StaticDuplicateObject took: (0.027522s)
[2019.03.27-22.54.49:731][630]LogAIModule: Creating AISystem for world Arena01
[2019.03.27-22.54.49:731][630]LogPlayLevel: PIE: World Init took: (0.002173s)
[2019.03.27-22.54.49:732][630]LogPlayLevel: PIE: Created PIE world by copying editor world from /Game/ThirdPersonBP/Maps/Arena01.Arena01 to /Game/ThirdPersonBP/Maps/UEDPIE_0_Arena01.Arena01 (0.030388s)
[2019.03.27-22.54.49:795][630]LogInit: XAudio2 using 'Casque (Conexant ISST Audio)' : 2 channels at 48 kHz using 32 bits per sample (channel mask 0x3)
[2019.03.27-22.54.49:809][630]LogInit: FAudioDevice initialized.
[2019.03.27-22.54.49:857][630]LogLoad: Game class is 'ThirdPersonGameMode_C'
[2019.03.27-22.54.49:872][630]LogWorld: Bringing World /Game/ThirdPersonBP/Maps/UEDPIE_0_Arena01.Arena01 up for play (max tick rate 60) at 2019.03.27-23.54.49
[2019.03.27-22.54.49:879][630]LogWorld: Bringing up level for play took: 0.009763
[2019.03.27-22.54.49:917][630]LogContentBrowser: Native class hierarchy updated for 'MovieSceneCapture' in 0.0004 seconds. Added 10 classes and 0 folders.
[2019.03.27-22.54.49:944][630]LogSlate: Updating window title bar state: overlay mode, drag disabled, window buttons hidden, title bar hidden
[2019.03.27-22.54.49:966][630]PIE: Play in editor start time for /Game/ThirdPersonBP/Maps/UEDPIE_0_Arena01 0,3
[2019.03.27-22.54.49:966][630]LogBlueprintUserMessages: Late PlayInEditor Detection: Level '/Game/ThirdPersonBP/Maps/Arena01.Arena01:PersistentLevel' has LevelScriptBlueprint '/Game/ThirdPersonBP/Maps/Arena01.Arena01:PersistentLevel.Arena01' with GeneratedClass '/Game/ThirdPersonBP/Maps/Arena01.Arena01_C' with ClassGeneratedBy '/Game/ThirdPersonBP/Maps/Arena01.Arena01:PersistentLevel.Arena01'
[2019.03.27-22.56.46:160][509]LogBlueprintUserMessages: Early EndPlayMap Detection: Level '/Game/ThirdPersonBP/Maps/Arena01.Arena01:PersistentLevel' has LevelScriptBlueprint '/Game/ThirdPersonBP/Maps/Arena01.Arena01:PersistentLevel.Arena01' with GeneratedClass '/Game/ThirdPersonBP/Maps/Arena01.Arena01_C' with ClassGeneratedBy '/Game/ThirdPersonBP/Maps/Arena01.Arena01:PersistentLevel.Arena01'
[2019.03.27-22.56.46:163][509]LogOnline: Warning: OSS: Can't destroy a null online session (GameSession)
[2019.03.27-22.56.46:165][509]LogSlate: Updating window title bar state: overlay mode, drag disabled, window buttons hidden, title bar hidden
[2019.03.27-22.56.46:215][509]LogPlayLevel: Display: Shutting down PIE online subsystems
[2019.03.27-22.56.46:216][509]LogBlueprintUserMessages: Late EndPlayMap Detection: Level '/Game/ThirdPersonBP/Maps/Arena01.Arena01:PersistentLevel' has LevelScriptBlueprint '/Game/ThirdPersonBP/Maps/Arena01.Arena01:PersistentLevel.Arena01' with GeneratedClass '/Game/ThirdPersonBP/Maps/Arena01.Arena01_C' with ClassGeneratedBy '/Game/ThirdPersonBP/Maps/Arena01.Arena01:PersistentLevel.Arena01'
[2019.03.27-22.56.46:252][509]LogSlate: Updating window title bar state: overlay mode, drag disabled, window buttons hidden, title bar hidden
[2019.03.27-22.56.46:287][510]LogPlayLevel: Display: Destroying online subsystem :Context_2
[2019.03.27-22.56.56:243][ 73]LogSlate: FSceneViewport::OnFocusLost() reason 0
[2019.03.27-22.56.56:692][ 78]LogSavePackage: Moving 'C:/Users/Malo/Documents/GitHub/ProjetsHub2018/FPSUnreal/PeopleWithGuns/Saved/Arena01F48F35F54F392F87EDEB40A062E9A32D.tmp' to 'C:/Users/Malo/Documents/GitHub/ProjetsHub2018/FPSUnreal/PeopleWithGuns/Content/ThirdPersonBP/Maps/Arena01.umap'
[2019.03.27-22.56.57:212][ 78]LogSavePackage: Moving 'C:/Users/Malo/Documents/GitHub/ProjetsHub2018/FPSUnreal/PeopleWithGuns/Saved/Arena01_BuiltData75758CBB4953C0A72C33F589C689B102.tmp' to 'C:/Users/Malo/Documents/GitHub/ProjetsHub2018/FPSUnreal/PeopleWithGuns/Content/ThirdPersonBP/Maps/Arena01_BuiltData.uasset'
[2019.03.27-22.56.57:634][102]LogSlate: FSceneViewport::OnFocusLost() reason 0
[2019.03.27-22.56.57:872][107]LogSlate: Window 'PeopleWithGuns - Unreal Editor' being destroyed
[2019.03.27-22.56.58:267][108]Cmd: QUIT_EDITOR
[2019.03.27-22.56.59:102][108]LogWindowsTextInputMethodSystem: Display: IME system now deactivated.
[2019.03.27-22.56.59:124][108]LogExit: Preparing to exit.
[2019.03.27-22.56.59:301][108]LogExit: Editor shut down
[2019.03.27-22.56.59:302][108]LogExit: Transaction tracking system shut down
[2019.03.27-22.56.59:762][108]LogExit: Object subsystem successfully closed.
[2019.03.27-22.56.59:777][108]LogShaderCompilers: Display: Shaders left to compile 0
[2019.03.27-22.56.59:782][108]LogD3D11RHI: Shutdown
[2019.03.27-22.56.59:782][108]LogD3D11RHI: CleanupD3DDevice
[2019.03.27-22.56.59:814][108]LogD3D11RHI: ~FD3D11DynamicRHI
[2019.03.27-22.56.59:856][108]LogModuleManager: Shutting down and abandoning module MovieSceneCapture (612)
[2019.03.27-22.56.59:856][108]LogModuleManager: Shutting down and abandoning module Voice (610)
[2019.03.27-22.56.59:856][108]LogModuleManager: Shutting down and abandoning module HierarchicalLODOutliner (608)
[2019.03.27-22.56.59:856][108]LogModuleManager: Shutting down and abandoning module SceneOutliner (606)
[2019.03.27-22.56.59:856][108]LogModuleManager: Shutting down and abandoning module AddContentDialog (604)
[2019.03.27-22.56.59:857][108]LogModuleManager: Shutting down and abandoning module WidgetCarousel (603)
[2019.03.27-22.56.59:857][108]LogModuleManager: Shutting down and abandoning module EditorWidgets (600)
[2019.03.27-22.56.59:857][108]LogModuleManager: Shutting down and abandoning module CollectionManager (598)
[2019.03.27-22.56.59:858][108]LogModuleManager: Shutting down and abandoning module StatsViewer (596)
[2019.03.27-22.56.59:858][108]LogModuleManager: Shutting down and abandoning module FoliageEdit (594)
[2019.03.27-22.56.59:859][108]LogModuleManager: Shutting down and abandoning module LandscapeEditor (592)
[2019.03.27-22.56.59:860][108]LogModuleManager: Shutting down and abandoning module MeshPaintMode (590)
[2019.03.27-22.56.59:860][108]LogModuleManager: Shutting down and abandoning module SceneDepthPickerMode (588)
[2019.03.27-22.56.59:860][108]LogModuleManager: Shutting down and abandoning module ActorPickerMode (586)
[2019.03.27-22.56.59:860][108]LogModuleManager: Shutting down and abandoning module GeometryMode (584)
[2019.03.27-22.56.59:860][108]LogModuleManager: Shutting down and abandoning module TextureAlignMode (582)
[2019.03.27-22.56.59:860][108]LogModuleManager: Shutting down and abandoning module BspMode (580)
[2019.03.27-22.56.59:860][108]LogModuleManager: Shutting down and abandoning module PIEPreviewDeviceProfileSelector (578)
[2019.03.27-22.56.59:861][108]LogModuleManager: Shutting down and abandoning module SequenceRecorderSections (576)
[2019.03.27-22.56.59:861][108]LogModuleManager: Shutting down and abandoning module AutomationWorker (574)
[2019.03.27-22.56.59:861][108]LogModuleManager: Shutting down and abandoning module AudioCaptureEditor (572)
[2019.03.27-22.56.59:861][108]LogModuleManager: Shutting down and abandoning module SequenceRecorder (571)
[2019.03.27-22.56.59:861][108]LogModuleManager: Shutting down and abandoning module MatineeToLevelSequence (568)
[2019.03.27-22.56.59:862][108]LogModuleManager: Shutting down and abandoning module LevelSequenceEditor (566)
[2019.03.27-22.56.59:863][108]LogModuleManager: Shutting down and abandoning module PlacementMode (565)
[2019.03.27-22.56.59:864][108]LogModuleManager: Shutting down and abandoning module MaterialEditor (564)
[2019.03.27-22.56.59:866][108]LogModuleManager: Shutting down and abandoning module WmfMediaFactory (560)
[2019.03.27-22.56.59:866][108]LogModuleManager: Shutting down and abandoning module WmfMediaEditor (558)
[2019.03.27-22.56.59:866][108]LogModuleManager: Shutting down and abandoning module MediaPlayerEditor (556)
[2019.03.27-22.56.59:867][108]LogModuleManager: Shutting down and abandoning module OpenExrWrapper (554)
[2019.03.27-22.56.59:867][108]LogModuleManager: Shutting down and abandoning module ImgMediaFactory (552)
[2019.03.27-22.56.59:867][108]LogModuleManager: Shutting down and abandoning module ImgMediaEditor (550)
[2019.03.27-22.56.59:867][108]LogModuleManager: Shutting down and abandoning module AvfMediaFactory (548)
[2019.03.27-22.56.59:867][108]LogModuleManager: Shutting down and abandoning module AvfMediaEditor (546)
[2019.03.27-22.56.59:867][108]LogModuleManager: Shutting down and abandoning module AndroidMediaFactory (544)
[2019.03.27-22.56.59:867][108]LogModuleManager: Shutting down and abandoning module AndroidMediaEditor (542)
[2019.03.27-22.56.59:867][108]LogModuleManager: Shutting down and abandoning module MagicLeapCameraPreviewFactory (540)
[2019.03.27-22.56.59:867][108]LogModuleManager: Shutting down and abandoning module MagicLeapMediaFactory (538)
[2019.03.27-22.56.59:867][108]LogModuleManager: Shutting down and abandoning module MagicLeapMediaEditor (536)
[2019.03.27-22.56.59:867][108]LogModuleManager: Shutting down and abandoning module CharacterAI (534)
[2019.03.27-22.56.59:867][108]LogModuleManager: Shutting down and abandoning module SmartSnapping (532)
[2019.03.27-22.56.59:867][108]LogModuleManager: Shutting down and abandoning module SessionServices (530)
[2019.03.27-22.56.59:867][108]LogModuleManager: Shutting down and abandoning module ViewportSnapping (528)
[2019.03.27-22.56.59:867][108]LogModuleManager: Shutting down and abandoning module ViewportInteraction (526)
[2019.03.27-22.56.59:867][108]LogModuleManager: Shutting down and abandoning module ClothPainter (524)
[2019.03.27-22.56.59:868][108]LogModuleManager: Shutting down and abandoning module SkeletalMeshEditor (523)
[2019.03.27-22.56.59:870][108]LogModuleManager: Shutting down and abandoning module LogVisualizer (520)
[2019.03.27-22.56.59:871][108]LogModuleManager: Shutting down and abandoning module IntroTutorials (518)
[2019.03.27-22.56.59:873][108]LogModuleManager: Shutting down and abandoning module GameProjectGeneration (517)
[2019.03.27-22.56.59:873][108]LogModuleManager: Shutting down and abandoning module LuminPlatformEditor (514)
[2019.03.27-22.56.59:873][108]LogModuleManager: Shutting down and abandoning module IOSPlatformEditor (512)
[2019.03.27-22.56.59:874][108]LogModuleManager: Shutting down and abandoning module HTML5PlatformEditor (510)
[2019.03.27-22.56.59:874][108]LogModuleManager: Shutting down and abandoning module AndroidPlatformEditor (508)
[2019.03.27-22.56.59:874][108]LogModuleManager: Shutting down and abandoning module AndroidDeviceDetection (507)
[2019.03.27-22.57.00:774][108]LogModuleManager: Shutting down and abandoning module WindowsPlatformEditor (504)
[2019.03.27-22.57.00:774][108]LogModuleManager: Shutting down and abandoning module LuminRuntimeSettings (502)
[2019.03.27-22.57.00:774][108]LogModuleManager: Shutting down and abandoning module IOSRuntimeSettings (500)
[2019.03.27-22.57.00:774][108]LogModuleManager: Shutting down and abandoning module AndroidRuntimeSettings (498)
[2019.03.27-22.57.00:774][108]LogModuleManager: Shutting down and abandoning module InputBindingEditor (496)
[2019.03.27-22.57.00:775][108]LogModuleManager: Shutting down and abandoning module MergeActors (494)
[2019.03.27-22.57.00:775][108]LogModuleManager: Shutting down and abandoning module LocalizationDashboard (492)
[2019.03.27-22.57.00:776][108]LogModuleManager: Shutting down and abandoning module LocalizationService (491)
[2019.03.27-22.57.00:776][108]LogModuleManager: Shutting down and abandoning module HardwareTargeting (488)
[2019.03.27-22.57.00:776][108]LogModuleManager: Shutting down and abandoning module DeviceProfileEditor (486)
[2019.03.27-22.57.00:777][108]LogModuleManager: Shutting down and abandoning module UndoHistory (484)
[2019.03.27-22.57.00:777][108]LogModuleManager: Shutting down and abandoning module XmlParser (482)
[2019.03.27-22.57.00:777][108]LogModuleManager: Shutting down and abandoning module Blutility (480)
[2019.03.27-22.57.00:777][108]LogModuleManager: Shutting down and abandoning module ProjectSettingsViewer (478)
[2019.03.27-22.57.00:777][108]LogModuleManager: Shutting down and abandoning module ProjectTargetPlatformEditor (477)
[2019.03.27-22.57.00:777][108]LogModuleManager: Shutting down and abandoning module EditorSettingsViewer (474)
[2019.03.27-22.57.00:777][108]LogModuleManager: Shutting down and abandoning module SettingsEditor (472)
[2019.03.27-22.57.00:779][108]LogModuleManager: Shutting down and abandoning module ProjectLauncher (470)
[2019.03.27-22.57.00:779][108]LogModuleManager: Shutting down and abandoning module SessionFrontend (468)
[2019.03.27-22.57.00:779][108]LogModuleManager: Shutting down and abandoning module ProfilerClient (466)
[2019.03.27-22.57.00:780][108]LogModuleManager: Shutting down and abandoning module DeviceManager (464)
[2019.03.27-22.57.00:780][108]LogModuleManager: Shutting down and abandoning module TargetDeviceServices (463)
[2019.03.27-22.57.00:846][108]LogModuleManager: Shutting down and abandoning module AutomationController (460)
[2019.03.27-22.57.00:846][108]LogModuleManager: Shutting down and abandoning module AutomationWindow (458)
[2019.03.27-22.57.00:847][108]LogModuleManager: Shutting down and abandoning module Layers (456)
[2019.03.27-22.57.00:848][108]LogModuleManager: Shutting down and abandoning module ComponentVisualizers (454)
[2019.03.27-22.57.00:848][108]LogModuleManager: Shutting down and abandoning module DetailCustomizations (452)
[2019.03.27-22.57.00:849][108]LogModuleManager: Shutting down and abandoning module PackagesDialog (450)
[2019.03.27-22.57.00:849][108]LogModuleManager: Shutting down and abandoning module Persona (448)
[2019.03.27-22.57.00:850][108]LogModuleManager: Shutting down and abandoning module AdvancedPreviewScene (447)
[2019.03.27-22.57.00:850][108]LogModuleManager: Shutting down and abandoning module AnimGraph (445)
[2019.03.27-22.57.00:850][108]LogModuleManager: Shutting down and abandoning module Kismet (442)
[2019.03.27-22.57.00:852][108]LogModuleManager: Shutting down and abandoning module GraphEditor (440)
[2019.03.27-22.57.00:854][108]LogModuleManager: Shutting down and abandoning module ClassViewer (438)
[2019.03.27-22.57.00:854][108]LogModuleManager: Shutting down and abandoning module Toolbox (436)
[2019.03.27-22.57.00:854][108]LogModuleManager: Shutting down and abandoning module ModuleUI (434)
[2019.03.27-22.57.00:854][108]LogModuleManager: Shutting down and abandoning module MovieSceneTools (432)
[2019.03.27-22.57.00:854][108]LogModuleManager: Shutting down and abandoning module OutputLog (430)
[2019.03.27-22.57.00:855][108]LogModuleManager: Shutting down and abandoning module GammaUI (428)
[2019.03.27-22.57.00:855][108]LogModuleManager: Shutting down and abandoning module Documentation (426)
[2019.03.27-22.57.00:855][108]LogModuleManager: Shutting down and abandoning module MovieSceneTracks (424)
[2019.03.27-22.57.00:855][108]LogModuleManager: Shutting down and abandoning module MovieScene (422)
[2019.03.27-22.57.00:855][108]LogModuleManager: Shutting down and abandoning module StreamingPauseRendering (420)
[2019.03.27-22.57.00:856][108]LogModuleManager: Shutting down and abandoning module LauncherPlatform (418)
[2019.03.27-22.57.00:856][108]LogModuleManager: Shutting down and abandoning module AnalyticsET (416)
[2019.03.27-22.57.00:856][108]LogModuleManager: Shutting down and abandoning module PortalServices (414)
[2019.03.27-22.57.00:856][108]LogModuleManager: Shutting down and abandoning module PortalRpc (412)
[2019.03.27-22.57.00:856][108]LogModuleManager: Shutting down and abandoning module MessagingRpc (410)
[2019.03.27-22.57.00:856][108]LogModuleManager: Shutting down and abandoning module AIModule (408)
[2019.03.27-22.57.00:856][108]LogModuleManager: Shutting down and abandoning module GameplayDebugger (407)
[2019.03.27-22.57.00:856][108]LogModuleManager: Shutting down and abandoning module AITestSuite (405)
[2019.03.27-22.57.00:857][108]LogModuleManager: Shutting down and abandoning module NavigationSystem (403)
[2019.03.27-22.57.00:857][108]LogModuleManager: Shutting down and abandoning module DesktopPlatform (400)
[2019.03.27-22.57.00:857][108]LogModuleManager: Shutting down and abandoning module ProfilerService (398)
[2019.03.27-22.57.00:981][108]LogModuleManager: Shutting down and abandoning module TaskGraph (396)
[2019.03.27-22.57.00:982][108]LogModuleManager: Shutting down and abandoning module ProceduralMeshComponentEditor (394)
[2019.03.27-22.57.00:982][108]LogModuleManager: Shutting down and abandoning module ProceduralMeshComponent (392)
[2019.03.27-22.57.00:983][108]LogModuleManager: Shutting down and abandoning module OculusInput (390)
[2019.03.27-22.57.00:983][108]LogModuleManager: Shutting down and abandoning module MobilePatchingUtils (388)
[2019.03.27-22.57.00:983][108]LogModuleManager: Shutting down and abandoning module EditableMesh (386)
[2019.03.27-22.57.00:983][108]LogModuleManager: Shutting down and abandoning module CustomMeshComponent (384)
[2019.03.27-22.57.00:983][108]LogModuleManager: Shutting down and abandoning module CableComponent (382)
[2019.03.27-22.57.00:983][108]LogModuleManager: Shutting down and abandoning module AudioCapture (380)
[2019.03.27-22.57.00:983][108]LogModuleManager: Shutting down and abandoning module ArchVisCharacter (378)
[2019.03.27-22.57.00:983][108]LogModuleManager: Shutting down and abandoning module AndroidPermission (376)
[2019.03.27-22.57.00:983][108]LogModuleManager: Shutting down and abandoning module NUTUnrealEngine4 (374)
[2019.03.27-22.57.00:983][108]LogModuleManager: Shutting down and abandoning module NetcodeUnitTest (372)
[2019.03.27-22.57.00:984][108]LogModuleManager: Shutting down and abandoning module MediaCompositingEditor (370)
[2019.03.27-22.57.00:984][108]LogModuleManager: Shutting down and abandoning module MediaCompositing (368)
[2019.03.27-22.57.00:984][108]LogModuleManager: Shutting down and abandoning module LinearTimecode (366)
[2019.03.27-22.57.00:984][108]LogModuleManager: Shutting down and abandoning module ImgMedia (364)
[2019.03.27-22.57.00:988][108]LogModuleManager: Shutting down and abandoning module HTML5Networking (362)
[2019.03.27-22.57.00:988][108]LogModuleManager: Shutting down and abandoning module GeometryCacheTracks (360)
[2019.03.27-22.57.00:988][108]LogModuleManager: Shutting down and abandoning module GeometryCacheSequencer (358)
[2019.03.27-22.57.00:988][108]LogModuleManager: Shutting down and abandoning module BackChannel (356)
[2019.03.27-22.57.00:989][108]LogModuleManager: Shutting down and abandoning module AppleVision (354)
[2019.03.27-22.57.00:989][108]LogModuleManager: Shutting down and abandoning module AppleImageUtils (352)
[2019.03.27-22.57.00:989][108]LogModuleManager: Shutting down and abandoning module AlembicImporter (350)
[2019.03.27-22.57.00:989][108]LogModuleManager: Shutting down and abandoning module AlembicLibrary (349)
[2019.03.27-22.57.00:989][108]LogModuleManager: Shutting down and abandoning module GeometryCache (348)
[2019.03.27-22.57.00:989][108]LogModuleManager: Shutting down and abandoning module GeometryCacheEd (347)
[2019.03.27-22.57.00:989][108]LogModuleManager: Shutting down and abandoning module DatasmithContentEditor (342)
[2019.03.27-22.57.00:990][108]LogModuleManager: Shutting down and abandoning module DatasmithContent (340)
[2019.03.27-22.57.00:990][108]LogModuleManager: Shutting down and abandoning module SpeedTreeImporter (338)
[2019.03.27-22.57.00:990][108]LogModuleManager: Shutting down and abandoning module PluginBrowser (336)
[2019.03.27-22.57.00:992][108]LogModuleManager: Shutting down and abandoning module MobileLauncherProfileWizard (334)
[2019.03.27-22.57.00:993][108]LogModuleManager: Shutting down and abandoning module PolygonModeling (332)
[2019.03.27-22.57.00:993][108]LogModuleManager: Shutting down and abandoning module MeshEditor (330)
[2019.03.27-22.57.00:993][108]LogModuleManager: Shutting down and abandoning module CryptoKeysOpenSSL (328)
[2019.03.27-22.57.00:993][108]LogModuleManager: Shutting down and abandoning module CryptoKeys (326)
[2019.03.27-22.57.00:993][108]LogModuleManager: Shutting down and abandoning module VisualStudioSourceCodeAccess (324)
[2019.03.27-22.57.00:993][108]LogModuleManager: Shutting down and abandoning module VisualStudioCodeSourceCodeAccess (322)
[2019.03.27-22.57.00:994][108]LogModuleManager: Shutting down and abandoning module UObjectPlugin (320)
[2019.03.27-22.57.00:994][108]LogModuleManager: Shutting down and abandoning module SubversionSourceControl (318)
[2019.03.27-22.57.00:995][108]LogModuleManager: Shutting down and abandoning module PerforceSourceControl (316)
[2019.03.27-22.57.00:996][108]LogModuleManager: Shutting down and abandoning module GitSourceControl (314)
[2019.03.27-22.57.00:997][108]LogModuleManager: Shutting down and abandoning module SourceControl (313)
[2019.03.27-22.57.00:997][108]LogModuleManager: Shutting down and abandoning module CLionSourceCodeAccess (310)
[2019.03.27-22.57.00:997][108]LogModuleManager: Shutting down and abandoning module LightPropagationVolumeEditor (308)
[2019.03.27-22.57.00:997][108]LogModuleManager: Shutting down and abandoning module PaperTiledImporter (306)
[2019.03.27-22.57.00:997][108]LogModuleManager: Shutting down and abandoning module PaperSpriteSheetImporter (304)
[2019.03.27-22.57.00:997][108]LogModuleManager: Shutting down and abandoning module Paper2DEditor (302)
[2019.03.27-22.57.00:998][108]LogModuleManager: Shutting down and abandoning module MeshPaint (301)
[2019.03.27-22.57.00:999][108]LogModuleManager: Shutting down and abandoning module RuntimePhysXCooking (298)
[2019.03.27-22.57.00:999][108]LogModuleManager: Shutting down and abandoning module PhysXVehiclesEditor (296)
[2019.03.27-22.57.00:999][108]LogModuleManager: Shutting down and abandoning module PhysXVehicles (294)
[2019.03.27-22.57.00:999][108]LogModuleManager: Shutting down and abandoning module OculusEditor (292)
[2019.03.27-22.57.00:999][108]LogModuleManager: Shutting down and abandoning module LocationServicesBPLibrary (290)
[2019.03.27-22.57.00:999][108]LogModuleManager: Shutting down and abandoning module ImmediatePhysicsEditor (288)
[2019.03.27-22.57.00:999][108]LogModuleManager: Shutting down and abandoning module ImmediatePhysics (286)
[2019.03.27-22.57.00:999][108]LogModuleManager: Shutting down and abandoning module ActorSequence (284)
[2019.03.27-22.57.01:000][108]LogModuleManager: Shutting down and abandoning module UdpMessaging (282)
[2019.03.27-22.57.01:100][108]LogModuleManager: Shutting down and abandoning module TcpMessaging (280)
[2019.03.27-22.57.01:202][108]LogModuleManager: Shutting down and abandoning module MagicLeapAudio (278)
[2019.03.27-22.57.01:202][108]LogModuleManager: Shutting down and abandoning module GameplayTagsEditor (276)
[2019.03.27-22.57.01:204][108]LogModuleManager: Shutting down and abandoning module FacialAnimationEditor (274)
[2019.03.27-22.57.01:204][108]LogModuleManager: Shutting down and abandoning module FacialAnimation (272)
[2019.03.27-22.57.01:204][108]LogModuleManager: Shutting down and abandoning module DataValidation (270)
[2019.03.27-22.57.01:204][108]LogModuleManager: Shutting down and abandoning module AssetManagerEditor (268)
[2019.03.27-22.57.01:206][108]LogModuleManager: Shutting down and abandoning module LevelEditor (267)
[2019.03.27-22.57.01:208][108]LogModuleManager: Shutting down and abandoning module PixelInspectorModule (266)
[2019.03.27-22.57.01:209][108]LogModuleManager: Shutting down and abandoning module CommonMenuExtensions (264)
[2019.03.27-22.57.01:209][108]LogModuleManager: Shutting down and abandoning module MainFrame (262)
[2019.03.27-22.57.01:209][108]LogModuleManager: Shutting down and abandoning module HotReload (261)
[2019.03.27-22.57.01:210][108]LogModuleManager: Shutting down and abandoning module ContentBrowser (257)
[2019.03.27-22.57.01:211][108]LogModuleManager: Shutting down and abandoning module TreeMap (255)
[2019.03.27-22.57.01:211][108]LogModuleManager: Shutting down and abandoning module LightPropagationVolumeRuntime (252)
[2019.03.27-22.57.01:211][108]LogModuleManager: Shutting down and abandoning module AISupportModule (250)
[2019.03.27-22.57.01:211][108]LogModuleManager: Shutting down and abandoning module Paper2D (248)
[2019.03.27-22.57.01:212][108]LogModuleManager: Shutting down and abandoning module WindowsMoviePlayer (246)
[2019.03.27-22.57.01:212][108]LogModuleManager: Shutting down and abandoning module WmfMedia (244)
[2019.03.27-22.57.01:215][108]LogModuleManager: Shutting down and abandoning module Media (243)
[2019.03.27-22.57.01:221][108]LogModuleManager: Shutting down and abandoning module PacketHandler (240)
[2019.03.27-22.57.01:221][108]LogModuleManager: Shutting down and abandoning module ClothingSystemEditor (238)
[2019.03.27-22.57.01:221][108]LogModuleManager: Shutting down and abandoning module ClothingSystemRuntime (236)
[2019.03.27-22.57.01:222][108]LogModuleManager: Shutting down and abandoning module MediaAssets (234)
[2019.03.27-22.57.01:222][108]LogModuleManager: Shutting down and abandoning module Overlay (232)
[2019.03.27-22.57.01:222][108]LogModuleManager: Shutting down and abandoning module OverlayEditor (231)
[2019.03.27-22.57.01:222][108]LogModuleManager: Shutting down and abandoning module VREditor (228)
[2019.03.27-22.57.01:223][108]LogModuleManager: Shutting down and abandoning module StringTableEditor (226)
[2019.03.27-22.57.01:223][108]LogModuleManager: Shutting down and abandoning module GameplayTasksEditor (224)
[2019.03.27-22.57.01:223][108]LogModuleManager: Shutting down and abandoning module BehaviorTreeEditor (222)
[2019.03.27-22.57.01:225][108]LogModuleManager: Shutting down and abandoning module FunctionalTesting (220)
[2019.03.27-22.57.01:226][108]LogModuleManager: Shutting down and abandoning module CollisionAnalyzer (218)
[2019.03.27-22.57.01:227][108]LogModuleManager: Shutting down and abandoning module WorkspaceMenuStructure (217)
[2019.03.27-22.57.01:227][108]LogModuleManager: Shutting down and abandoning module UMG (214)
[2019.03.27-22.57.01:227][108]LogModuleManager: Shutting down and abandoning module UMGEditor (213)
[2019.03.27-22.57.01:228][108]LogModuleManager: Shutting down and abandoning module Sequencer (212)
[2019.03.27-22.57.01:230][108]LogModuleManager: Shutting down and abandoning module MessageLog (209)
[2019.03.27-22.57.01:230][108]LogModuleManager: Shutting down and abandoning module SlateReflector (204)
[2019.03.27-22.57.01:232][108]LogModuleManager: Shutting down and abandoning module Slate (202)
[2019.03.27-22.57.01:232][108]LogModuleManager: Shutting down and abandoning module EditorStyle (200)
[2019.03.27-22.57.01:234][108]LogModuleManager: Shutting down and abandoning module MRMesh (198)
[2019.03.27-22.57.01:235][108]LogModuleManager: Shutting down and abandoning module SourceCodeAccess (196)
[2019.03.27-22.57.01:235][108]LogModuleManager: Shutting down and abandoning module HeadMountedDisplay (194)
[2019.03.27-22.57.01:235][108]LogModuleManager: Shutting down and abandoning module XAudio2 (192)
[2019.03.27-22.57.01:235][108]LogModuleManager: Shutting down and abandoning module Networking (190)
[2019.03.27-22.57.01:235][108]LogModuleManager: Shutting down and abandoning module Core (188)
[2019.03.27-22.57.01:235][108]LogModuleManager: Shutting down and abandoning module LevelSequence (186)
[2019.03.27-22.57.01:235][108]LogModuleManager: Shutting down and abandoning module KismetCompiler (184)
[2019.03.27-22.57.01:235][108]LogModuleManager: Shutting down and abandoning module MeshUtilities (182)
[2019.03.27-22.57.01:236][108]LogModuleManager: Shutting down and abandoning module MeshMergeUtilities (181)
[2019.03.27-22.57.01:236][108]LogModuleManager: Shutting down and abandoning module MeshReductionInterface (180)
[2019.03.27-22.57.01:236][108]LogModuleManager: Shutting down and abandoning module SimplygonSwarm (179)
[2019.03.27-22.57.01:237][108]LogModuleManager: Shutting down and abandoning module ProxyLODMeshReduction (177)
[2019.03.27-22.57.01:238][108]LogModuleManager: Shutting down and abandoning module SimplygonMeshReduction (175)
[2019.03.27-22.57.01:238][108]LogModuleManager: Shutting down and abandoning module QuadricMeshReduction (173)
[2019.03.27-22.57.01:238][108]LogModuleManager: Shutting down and abandoning module MaterialBaking (169)
[2019.03.27-22.57.01:239][108]LogModuleManager: Shutting down and abandoning module DirectoryWatcher (165)
[2019.03.27-22.57.01:239][108]LogModuleManager: Shutting down and abandoning module DerivedDataCache (162)
[2019.03.27-22.57.01:335][108]LogDerivedDataCache: Shutdown
[2019.03.27-22.57.01:335][108]LogModuleManager: Shutting down and abandoning module XGEController (160)
[2019.03.27-22.57.01:335][108]LogModuleManager: Shutting down and abandoning module TargetPlatform (158)
[2019.03.27-22.57.01:335][108]LogModuleManager: Shutting down and abandoning module VulkanShaderFormat (157)
[2019.03.27-22.57.01:336][108]LogModuleManager: Shutting down and abandoning module ShaderFormatVectorVM (155)
[2019.03.27-22.57.01:336][108]LogModuleManager: Shutting down and abandoning module ShaderFormatOpenGL (153)
[2019.03.27-22.57.01:337][108]LogModuleManager: Shutting down and abandoning module ShaderFormatD3D (151)
[2019.03.27-22.57.01:337][108]LogModuleManager: Shutting down and abandoning module MetalShaderFormat (149)
[2019.03.27-22.57.01:337][108]LogModuleManager: Shutting down and abandoning module TextureFormatUncompressed (147)
[2019.03.27-22.57.01:337][108]LogModuleManager: Shutting down and abandoning module TextureFormatPVR (145)
[2019.03.27-22.57.01:337][108]LogModuleManager: Shutting down and abandoning module TextureFormatDXT (143)
[2019.03.27-22.57.01:338][108]LogModuleManager: Shutting down and abandoning module TextureFormatIntelISPCTexComp (141)
[2019.03.27-22.57.01:338][108]LogModuleManager: Shutting down and abandoning module TextureFormatASTC (139)
[2019.03.27-22.57.01:338][108]LogModuleManager: Shutting down and abandoning module ImageWrapper (138)
[2019.03.27-22.57.01:338][108]LogModuleManager: Shutting down and abandoning module TextureFormatAndroid (135)
[2019.03.27-22.57.01:338][108]LogModuleManager: Shutting down and abandoning module AudioFormatOpus (133)
[2019.03.27-22.57.01:338][108]LogModuleManager: Shutting down and abandoning module AudioFormatOgg (131)
[2019.03.27-22.57.01:338][108]LogModuleManager: Shutting down and abandoning module AudioFormatADPCM (129)
[2019.03.27-22.57.01:338][108]LogModuleManager: Shutting down and abandoning module LuminTargetPlatform (127)
[2019.03.27-22.57.01:338][108]LogModuleManager: Shutting down and abandoning module LinuxTargetPlatform (125)
[2019.03.27-22.57.01:339][108]LogModuleManager: Shutting down and abandoning module LinuxServerTargetPlatform (123)
[2019.03.27-22.57.01:339][108]LogModuleManager: Shutting down and abandoning module LinuxNoEditorTargetPlatform (121)
[2019.03.27-22.57.01:339][108]LogModuleManager: Shutting down and abandoning module LinuxClientTargetPlatform (119)
[2019.03.27-22.57.01:342][108]LogModuleManager: Shutting down and abandoning module TVOSTargetPlatform (117)
[2019.03.27-22.57.01:343][108]LogModuleManager: Shutting down and abandoning module Messaging (115)
[2019.03.27-22.57.01:343][108]LogModuleManager: Shutting down and abandoning module IOSTargetPlatform (113)
[2019.03.27-22.57.01:351][108]LogModuleManager: Shutting down and abandoning module HTML5TargetPlatform (111)
[2019.03.27-22.57.01:352][108]LogModuleManager: Shutting down and abandoning module AndroidTargetPlatform (109)
[2019.03.27-22.57.01:375][108]LogModuleManager: Shutting down and abandoning module WindowsTargetPlatform (107)
[2019.03.27-22.57.01:375][108]LogModuleManager: Shutting down and abandoning module WindowsServerTargetPlatform (105)
[2019.03.27-22.57.01:375][108]LogModuleManager: Shutting down and abandoning module WindowsNoEditorTargetPlatform (103)
[2019.03.27-22.57.01:376][108]LogModuleManager: Shutting down and abandoning module WindowsClientTargetPlatform (101)
[2019.03.27-22.57.01:376][108]LogModuleManager: Shutting down and abandoning module MacTargetPlatform (99)
[2019.03.27-22.57.01:376][108]LogModuleManager: Shutting down and abandoning module MacServerTargetPlatform (97)
[2019.03.27-22.57.01:376][108]LogModuleManager: Shutting down and abandoning module MacNoEditorTargetPlatform (95)
[2019.03.27-22.57.01:376][108]LogModuleManager: Shutting down and abandoning module MacClientTargetPlatform (93)
[2019.03.27-22.57.01:376][108]LogModuleManager: Shutting down and abandoning module AllDesktopTargetPlatform (91)
[2019.03.27-22.57.01:376][108]LogModuleManager: Shutting down and abandoning module InputCore (88)
[2019.03.27-22.57.01:377][108]LogModuleManager: Shutting down and abandoning module Settings (86)
[2019.03.27-22.57.01:377][108]LogModuleManager: Shutting down and abandoning module PhysXCooking (84)
[2019.03.27-22.57.01:377][108]LogModuleManager: Shutting down and abandoning module OculusHMD (82)
[2019.03.27-22.57.01:379][108]LogModuleManager: Shutting down and abandoning module ExampleDeviceProfileSelector (80)
[2019.03.27-22.57.01:379][108]LogModuleManager: Shutting down and abandoning module LauncherChunkInstaller (78)
[2019.03.27-22.57.01:379][108]LogModuleManager: Shutting down and abandoning module OnlineBlueprintSupport (76)
[2019.03.27-22.57.01:379][108]LogModuleManager: Shutting down and abandoning module OnlineSubsystem (72)
[2019.03.27-22.57.01:385][108]LogModuleManager: Shutting down and abandoning module XMPP (65)
[2019.03.27-22.57.01:387][108]LogModuleManager: Shutting down and abandoning module WebSockets (64)
[2019.03.27-22.57.01:409][108]LogModuleManager: Shutting down and abandoning module HTTP (61)
[2019.03.27-22.57.01:409][108]LogHttp: Display: Http module shutting down, but needs to wait on 1 outstanding Http requests:
[2019.03.27-22.57.01:409][108]LogHttp: Display: 	verb=[POST] url=[https://datarouter.ol.epicgames.com/datarouter/api/v1/public/data?SessionID=%7B88DE6BAF-4853-21AC-0735-84BFAF2B4FA7%7D&AppID=UEEditor.Rocket.Release&AppVersion=4.20.3-4369336%2B%2B%2BUE4%2BRelease-4.20&UserID=a4d8b5eb44ce9fb17b7240bbdca66db1%7Ce13323db472b437e907144303bb07345%7C256f2a14-a5f3-4699-86f1-9ff3e8e37f47&AppEnvironment=datacollector-binary&UploadType=eteventstream] status=Processing
[2019.03.27-22.57.01:429][108]LogModuleManager: Shutting down and abandoning module SSL (60)
[2019.03.27-22.57.01:435][108]LogModuleManager: Shutting down and abandoning module MagicLeapEmulator (56)
[2019.03.27-22.57.01:435][108]LogModuleManager: Shutting down and abandoning module MagicLeapPrivileges (54)
[2019.03.27-22.57.01:435][108]LogModuleManager: Shutting down and abandoning module MagicLeapIdentity (52)
[2019.03.27-22.57.01:435][108]LogModuleManager: Shutting down and abandoning module MagicLeapHelperVulkan (50)
[2019.03.27-22.57.01:435][108]LogModuleManager: Shutting down and abandoning module MagicLeapHelperOpenGL (48)
[2019.03.27-22.57.01:436][108]LogModuleManager: Shutting down and abandoning module MagicLeapSecureStorage (46)
[2019.03.27-22.57.01:436][108]LogModuleManager: Shutting down and abandoning module MagicLeapGestures (44)
[2019.03.27-22.57.01:436][108]LogModuleManager: Shutting down and abandoning module MagicLeapEyeTracker (42)
[2019.03.27-22.57.01:436][108]LogModuleManager: Shutting down and abandoning module MagicLeapController (40)
[2019.03.27-22.57.01:436][108]LogSlate: Slate User Destroyed.  User Index 0, Is Virtual User: 0
[2019.03.27-22.57.01:436][108]LogModuleManager: Shutting down and abandoning module MagicLeap (38)
[2019.03.27-22.57.01:436][108]LogModuleManager: Shutting down and abandoning module AnimationModifiers (36)
[2019.03.27-22.57.01:439][108]LogModuleManager: Shutting down and abandoning module PropertyEditor (35)
[2019.03.27-22.57.01:441][108]LogModuleManager: Shutting down and abandoning module AudioEditor (32)
[2019.03.27-22.57.01:443][108]LogModuleManager: Shutting down and abandoning module TextureCompressor (30)
[2019.03.27-22.57.01:444][108]LogModuleManager: Shutting down and abandoning module ShaderCore (28)
[2019.03.27-22.57.01:444][108]LogModuleManager: Shutting down and abandoning module Landscape (26)
[2019.03.27-22.57.01:445][108]LogModuleManager: Shutting down and abandoning module SlateRHIRenderer (24)
[2019.03.27-22.57.01:446][108]LogModuleManager: Shutting down and abandoning module OpenGLDrv (22)
[2019.03.27-22.57.01:446][108]LogModuleManager: Shutting down and abandoning module D3D11RHI (20)
[2019.03.27-22.57.01:446][108]LogModuleManager: Shutting down and abandoning module AnimGraphRuntime (18)
[2019.03.27-22.57.01:446][108]LogModuleManager: Shutting down and abandoning module Renderer (16)
[2019.03.27-22.57.01:446][108]LogModuleManager: Shutting down and abandoning module Engine (14)
[2019.03.27-22.57.01:446][108]LogModuleManager: Shutting down and abandoning module CoreUObject (12)
[2019.03.27-22.57.01:446][108]LogModuleManager: Shutting down and abandoning module NetworkFile (10)
[2019.03.27-22.57.01:447][108]LogModuleManager: Shutting down and abandoning module CookedIterativeFile (8)
[2019.03.27-22.57.01:447][108]LogModuleManager: Shutting down and abandoning module StreamingFile (6)
[2019.03.27-22.57.01:447][108]LogModuleManager: Shutting down and abandoning module SandboxFile (4)
[2019.03.27-22.57.01:447][108]LogModuleManager: Shutting down and abandoning module PakFile (2)
[2019.03.27-22.57.01:460][108]LogExit: Exiting.
[2019.03.27-22.57.01:470][108]Log file closed, 03/27/19 23:57:01
