Log file open, 03/28/19 00:57:27
LogWindows: Failed to load 'aqProf.dll' (GetLastError=126)
LogWindows: File 'aqProf.dll' does not exist
LogWindows: Failed to load 'VSPerf140.dll' (GetLastError=126)
LogWindows: File 'VSPerf140.dll' does not exist
LogWindows: Failed to load 'VtuneApi.dll' (GetLastError=126)
LogWindows: File 'VtuneApi.dll' does not exist
LogWindows: Failed to load 'VtuneApi32e.dll' (GetLastError=126)
LogWindows: File 'VtuneApi32e.dll' does not exist
LogInit: Display: Running engine for game: PeopleWithGuns
LogPlatformFile: Not using cached read wrapper
LogTaskGraph: Started task graph with 5 named threads and 14 total threads with 3 sets of task threads.
LogStats: Stats thread started at 0.204069
LogD3D11RHI: Loaded GFSDK_Aftermath_Lib.x64.dll
LogICUInternationalization: Display: ICU TimeZone Detection - Raw Offset: +1:00, Platform Override: ''
LogPluginManager: Mounting plugin Paper2D
LogPluginManager: Mounting plugin AISupport
LogPluginManager: Mounting plugin LightPropagationVolume
LogPluginManager: Mounting plugin CLionSourceCodeAccess
LogPluginManager: Mounting plugin CodeLiteSourceCodeAccess
LogPluginManager: Mounting plugin GitSourceControl
LogPluginManager: Mounting plugin KDevelopSourceCodeAccess
LogPluginManager: Mounting plugin NullSourceCodeAccess
LogPluginManager: Mounting plugin PerforceSourceControl
LogPluginManager: Mounting plugin SubversionSourceControl
LogPluginManager: Mounting plugin UObjectPlugin
LogPluginManager: Mounting plugin VisualStudioCodeSourceCodeAccess
LogPluginManager: Mounting plugin VisualStudioSourceCodeAccess
LogPluginManager: Mounting plugin XCodeSourceCodeAccess
LogPluginManager: Mounting plugin AssetManagerEditor
LogPluginManager: Mounting plugin CryptoKeys
LogPluginManager: Mounting plugin DataValidation
LogPluginManager: Mounting plugin FacialAnimation
LogPluginManager: Mounting plugin GameplayTagsEditor
LogPluginManager: Mounting plugin MacGraphicsSwitching
LogPluginManager: Mounting plugin MeshEditor
LogPluginManager: Mounting plugin MobileLauncherProfileWizard
LogPluginManager: Mounting plugin PluginBrowser
LogPluginManager: Mounting plugin SpeedTreeImporter
LogPluginManager: Mounting plugin DatasmithContent
LogPluginManager: Mounting plugin AlembicImporter
LogPluginManager: Mounting plugin AppleImageUtils
LogPluginManager: Mounting plugin AppleVision
LogPluginManager: Mounting plugin BackChannel
LogPluginManager: Mounting plugin CharacterAI
LogPluginManager: Mounting plugin GeometryCache
LogPluginManager: Mounting plugin HTML5Networking
LogPluginManager: Mounting plugin ProxyLODPlugin
LogPluginManager: Mounting plugin MagicLeap
LogPluginManager: Mounting plugin MagicLeapEmulator
LogPluginManager: Mounting plugin MagicLeapMedia
LogPluginManager: Mounting plugin AndroidMedia
LogPluginManager: Mounting plugin AvfMedia
LogPluginManager: Mounting plugin ImgMedia
LogPluginManager: Mounting plugin LinearTimecode
LogPluginManager: Mounting plugin MediaCompositing
LogPluginManager: Mounting plugin MediaPlayerEditor
LogPluginManager: Mounting plugin WmfMedia
LogPluginManager: Mounting plugin TcpMessaging
LogPluginManager: Mounting plugin UdpMessaging
LogPluginManager: Mounting plugin ActorSequence
LogPluginManager: Mounting plugin LevelSequenceEditor
LogPluginManager: Mounting plugin MatineeToLevelSequence
LogPluginManager: Mounting plugin NetcodeUnitTest
LogPluginManager: Mounting plugin NUTUnrealEngine4
LogPluginManager: Mounting plugin OnlineSubsystemGooglePlay
LogPluginManager: Mounting plugin OnlineSubsystemIOS
LogPluginManager: Mounting plugin OnlineSubsystem
LogPluginManager: Mounting plugin OnlineSubsystemNull
LogPluginManager: Mounting plugin OnlineSubsystemSteam
LogPluginManager: Mounting plugin OnlineSubsystemUtils
LogPluginManager: Mounting plugin LauncherChunkInstaller
LogPluginManager: Mounting plugin AndroidDeviceProfileSelector
LogPluginManager: Mounting plugin AndroidMoviePlayer
LogPluginManager: Mounting plugin AndroidPermission
LogPluginManager: Mounting plugin AppleMoviePlayer
LogPluginManager: Mounting plugin ArchVisCharacter
LogPluginManager: Mounting plugin AudioCapture
LogPluginManager: Mounting plugin CableComponent
LogPluginManager: Mounting plugin CustomMeshComponent
LogPluginManager: Mounting plugin EditableMesh
LogPluginManager: Mounting plugin ExampleDeviceProfileSelector
LogPluginManager: Mounting plugin GoogleCloudMessaging
LogPluginManager: Mounting plugin ImmediatePhysics
LogPluginManager: Mounting plugin IOSDeviceProfileSelector
LogPluginManager: Mounting plugin LinuxDeviceProfileSelector
LogPluginManager: Mounting plugin LocationServicesBPLibrary
LogPluginManager: Mounting plugin MobilePatchingUtils
LogPluginManager: Mounting plugin OculusVR
LogPluginManager: Plugin shader directory ../../../Engine/Plugins/Runtime/Oculus/OculusVR/Shaders found
LogPluginManager: Mapping shader source directory ../../../Engine/Plugins/Runtime/Oculus/OculusVR/Shaders to virtual directory /Plugin/OculusVR
LogPluginManager: Mounting plugin PhysXVehicles
LogPluginManager: Mounting plugin ProceduralMeshComponent
LogPluginManager: Mounting plugin RuntimePhysXCooking
LogPluginManager: Mounting plugin WindowsMoviePlayer
LogStreaming: Display: Took  0.172s to configure plugins.
LogInit: Using libcurl 7.55.1-DEV
LogInit:  - built for x86_64-pc-win32
LogInit:  - supports SSL with OpenSSL/1.0.2h
LogInit:  - supports HTTP deflate (compression) using libz 1.2.8
LogInit:  - other features:
LogInit:      CURL_VERSION_SSL
LogInit:      CURL_VERSION_LIBZ
LogInit:      CURL_VERSION_IPV6
LogInit:      CURL_VERSION_ASYNCHDNS
LogInit:      CURL_VERSION_LARGEFILE
LogInit:      CURL_VERSION_IDN
LogInit:  CurlRequestOptions (configurable via config and command line):
LogInit:  - bVerifyPeer = false  - Libcurl will NOT verify peer certificate
LogInit:  - bUseHttpProxy = false  - Libcurl will NOT use HTTP proxy
LogInit:  - bDontReuseConnections = false  - Libcurl will reuse connections
LogInit:  - CertBundlePath = nullptr  - Libcurl will use whatever was configured at build time.
LogInit:  - MaxHostConnections = 16  - Libcurl will limit the number of connections to a host
LogInit:  - LocalHostAddr = Default
LogInit:  - BufferSize = 65536
LogOnline: Display: STEAM: Loading Steam SDK 1.39
LogOnline: Warning: STEAM: Steam API disabled!
LogOnline: Display: STEAM: OnlineSubsystemSteam::Shutdown()
LogInit: WinSock: version 1.1 (2.2), MaxSocks=32767, MaxUdp=65467
LogInit: Build: ++UE4+Release-4.20-CL-4369336
LogInit: Engine Version: 4.20.3-4369336+++UE4+Release-4.20
LogInit: Compatible Engine Version: 4.20.0-4212847+++UE4+Release-4.20
LogInit: Net CL: 4212847
LogInit: OS: Windows 10 (), CPU: Intel(R) Core(TM) i5-7400 CPU @ 3.00GHz, GPU: NVIDIA GeForce GTX 1060 3GB
LogInit: Compiled (64-bit): Sep 17 2018 12:26:19
LogInit: Compiled with Visual C++: 19.13.26129.00
LogInit: Build Configuration: Development
LogInit: Branch Name: ++UE4+Release-4.20
LogInit: Command Line: -EpicPortal  -epicusername="Hookibibi" -epicuserid=e13323db472b437e907144303bb07345 -epiclocale=fr-FR
LogInit: Base Directory: C:/Program Files/Epic Games/UE_4.20/Engine/Binaries/Win64/
LogInit: Installed Engine Build: 1
LogDevObjectVersion: Number of dev versions registered: 20
LogDevObjectVersion:   Dev-Blueprints (B0D832E4-1F89-4F0D-ACCF-7EB736FD4AA2): 10
LogDevObjectVersion:   Dev-Build (E1C64328-A22C-4D53-A36C-8E866417BD8C): 0
LogDevObjectVersion:   Dev-Core (375EC13C-06E4-48FB-B500-84F0262A717E): 2
LogDevObjectVersion:   Dev-Editor (E4B068ED-F494-42E9-A231-DA0B2E46BB41): 24
LogDevObjectVersion:   Dev-Framework (CFFC743F-43B0-4480-9391-14DF171D2073): 34
LogDevObjectVersion:   Dev-Mobile (B02B49B5-BB20-44E9-A304-32B752E40360): 2
LogDevObjectVersion:   Dev-Networking (A4E4105C-59A1-49B5-A7C5-40C4547EDFEE): 0
LogDevObjectVersion:   Dev-Online (39C831C9-5AE6-47DC-9A44-9C173E1C8E7C): 0
LogDevObjectVersion:   Dev-Physics (78F01B33-EBEA-4F98-B9B4-84EACCB95AA2): 0
LogDevObjectVersion:   Dev-Platform (6631380F-2D4D-43E0-8009-CF276956A95A): 0
LogDevObjectVersion:   Dev-Rendering (12F88B9F-8875-4AFC-A67C-D90C383ABD29): 26
LogDevObjectVersion:   Dev-Sequencer (7B5AE74C-D270-4C10-A958-57980B212A5A): 9
LogDevObjectVersion:   Dev-VR (D7296918-1DD6-4BDD-9DE2-64A83CC13884): 2
LogDevObjectVersion:   Dev-LoadTimes (C2A15278-BFE7-4AFE-6C17-90FF531DF755): 1
LogDevObjectVersion:   Private-Geometry (6EACA3D4-40EC-4CC1-B786-8BED09428FC5): 3
LogDevObjectVersion:   Dev-AnimPhys (29E575DD-E0A3-4627-9D10-D276232CDCEA): 17
LogDevObjectVersion:   Dev-ReflectionCapture (6B266CEC-1EC7-4B8F-A30B-E4D90942FC07): 1
LogDevObjectVersion:   Dev-Automation (0DF73D61-A23F-47EA-B727-89E90C41499A): 1
LogDevObjectVersion:   FortniteMain (601D1886-AC64-4F84-AA16-D3DE0DEAC7D6): 12
LogDevObjectVersion:   Dev-Enterprise (9DFFBCD6-494F-0158-E221-12823C92A888): 1
LogStreaming: Display: Took  0.004s to delete old logs.
LogInit: Presizing for max 8388607 objects, including 0 objects not considered by GC, pre-allocating 0 bytes for permanent pool.
LogInit: Object subsystem initialized
[2019.03.27-23.57.28:196][  0]LogInit: Selected Device Profile: [Windows]
[2019.03.27-23.57.28:196][  0]LogInit: Applying CVar settings loaded from the selected device profile: [Windows]
[2019.03.27-23.57.28:244][  0]LogHAL: Display: Platform has ~ 16 GB [17143238656 / 17179869184 / 16], which maps to Larger [LargestMinGB=32, LargerMinGB=12, DefaultMinGB=8, SmallerMinGB=6, SmallestMinGB=0)
[2019.03.27-23.57.28:244][  0]LogInit: Setting Device Profile CVar: [[r.Vulkan.UseRealUBs:1]]
[2019.03.27-23.57.28:244][  0]LogInit: Going up to parent DeviceProfile []
[2019.03.27-23.57.28:244][  0]LogInit: Computer: DESKTOP-IL37EE6
[2019.03.27-23.57.28:244][  0]LogInit: User: fox56
[2019.03.27-23.57.28:244][  0]LogInit: CPU Page size=4096, Cores=4
[2019.03.27-23.57.28:244][  0]LogInit: High frequency timer resolution =2.929693 MHz
[2019.03.27-23.57.28:245][  0]LogMemory: Memory total: Physical=16.0GB (16GB approx)
[2019.03.27-23.57.28:245][  0]LogMemory: Platform Memory Stats for Windows
[2019.03.27-23.57.28:245][  0]LogMemory: Process Physical Memory: 101.27 MB used, 101.27 MB peak
[2019.03.27-23.57.28:245][  0]LogMemory: Process Virtual Memory: 96.14 MB used, 96.14 MB peak
[2019.03.27-23.57.28:245][  0]LogMemory: Physical Memory: 11216.79 MB used,  5132.27 MB free, 16349.07 MB total
[2019.03.27-23.57.28:245][  0]LogMemory: Virtual Memory: 4637.25 MB used,  5132.27 MB free, 134217728.00 MB total
[2019.03.27-23.57.28:266][  0]LogInit: Using OS detected language (fr-FR).
[2019.03.27-23.57.28:266][  0]LogInit: Using OS detected locale (fr-FR).
[2019.03.27-23.57.28:267][  0]LogTextLocalizationManager: No specific localization for 'fr-FR' exists, so the 'fr' localization will be used.
[2019.03.27-23.57.28:272][  0]LogStreaming: Display: Took  0.006s to InitEngineTextLocalization.
[2019.03.27-23.57.28:272][  0]LogInit: Setting process to per monitor DPI aware
[2019.03.27-23.57.28:308][  0]LogSlate: New Slate User Created.  User Index 0, Is Virtual User: 0
[2019.03.27-23.57.28:308][  0]LogSlate: Slate User Registered.  User Index 0, Is Virtual User: 0
[2019.03.27-23.57.28:509][  0]LogD3D11RHI: D3D11 adapters:
[2019.03.27-23.57.28:589][  0]LogD3D11RHI:    0. 'NVIDIA GeForce GTX 1060 3GB' (Feature Level 11_0)
[2019.03.27-23.57.28:589][  0]LogD3D11RHI:       2988/0/8174 MB DedicatedVideo/DedicatedSystem/SharedSystem, Outputs:1, VendorId:0x10de
[2019.03.27-23.57.28:592][  0]LogD3D11RHI:    1. 'Microsoft Basic Render Driver' (Feature Level 11_0)
[2019.03.27-23.57.28:592][  0]LogD3D11RHI:       0/0/8174 MB DedicatedVideo/DedicatedSystem/SharedSystem, Outputs:0, VendorId:0x1414
[2019.03.27-23.57.28:592][  0]LogD3D11RHI: Chosen D3D11 Adapter: 0
[2019.03.27-23.57.28:601][  0]LogD3D11RHI: Creating new Direct3DDevice
[2019.03.27-23.57.28:601][  0]LogD3D11RHI:     GPU DeviceId: 0x1c02 (for the marketing name, search the web for "GPU Device Id")
[2019.03.27-23.57.28:601][  0]LogWindows: EnumDisplayDevices:
[2019.03.27-23.57.28:601][  0]LogWindows:    0. 'NVIDIA GeForce GTX 1060 3GB' (P:1 D:1)
[2019.03.27-23.57.28:602][  0]LogWindows:    1. 'NVIDIA GeForce GTX 1060 3GB' (P:0 D:0)
[2019.03.27-23.57.28:602][  0]LogWindows:    2. 'NVIDIA GeForce GTX 1060 3GB' (P:0 D:0)
[2019.03.27-23.57.28:602][  0]LogWindows:    3. 'NVIDIA GeForce GTX 1060 3GB' (P:0 D:0)
[2019.03.27-23.57.28:602][  0]LogWindows: DebugString: FoundDriverCount:4 
[2019.03.27-23.57.28:602][  0]LogD3D11RHI:     Adapter Name: NVIDIA GeForce GTX 1060 3GB
[2019.03.27-23.57.28:602][  0]LogD3D11RHI:   Driver Version: 417.71 (internal:25.21.14.1771, unified:417.71)
[2019.03.27-23.57.28:602][  0]LogD3D11RHI:      Driver Date: 1-11-2019
[2019.03.27-23.57.28:602][  0]LogRHI: Texture pool is 2091 MB (70% of 2988 MB)
[2019.03.27-23.57.28:642][  0]LogD3D11RHI: Async texture creation enabled
[2019.03.27-23.57.28:667][  0]LogD3D11RHI: GPU Timing Frequency: 1000.000000 (Debug: 2 2)
[2019.03.27-23.57.28:717][  0]LogShaderCompilers: Guid format shader working directory is -40 characters bigger than the processId version (../../../../../../Users/fox56/Documents/GitHub/ProjetsHub2018/FPSUnreal/PeopleWithGuns/Intermediate/Shaders/WorkingDirectory/3988/).
[2019.03.27-23.57.28:717][  0]LogShaderCompilers: Cleaned the shader compiler working directory 'C:/Users/fox56/AppData/Local/Temp/UnrealShaderWorkingDir/8D68DB904E40C95DD21DB39EA065B3A7/'.
[2019.03.27-23.57.29:282][  0]LogTemp: Display: Loaded TP AllDesktopTargetPlatform
[2019.03.27-23.57.29:297][  0]LogTemp: Display: Loaded TP MacClientTargetPlatform
[2019.03.27-23.57.29:313][  0]LogTemp: Display: Loaded TP MacNoEditorTargetPlatform
[2019.03.27-23.57.29:329][  0]LogTemp: Display: Loaded TP MacServerTargetPlatform
[2019.03.27-23.57.29:345][  0]LogTemp: Display: Loaded TP MacTargetPlatform
[2019.03.27-23.57.29:361][  0]LogTemp: Display: Loaded TP WindowsClientTargetPlatform
[2019.03.27-23.57.29:377][  0]LogTemp: Display: Loaded TP WindowsNoEditorTargetPlatform
[2019.03.27-23.57.29:394][  0]LogTemp: Display: Loaded TP WindowsServerTargetPlatform
[2019.03.27-23.57.29:403][  0]LogTemp: Display: Loaded TP WindowsTargetPlatform
[2019.03.27-23.57.29:500][  0]LogTemp: Display: Loaded TP AndroidTargetPlatform
[2019.03.27-23.57.29:500][  0]LogTemp: Display: Loaded TP AndroidTargetPlatform
[2019.03.27-23.57.29:500][  0]LogTemp: Display: Loaded TP AndroidTargetPlatform
[2019.03.27-23.57.29:500][  0]LogTemp: Display: Loaded TP AndroidTargetPlatform
[2019.03.27-23.57.29:500][  0]LogTemp: Display: Loaded TP AndroidTargetPlatform
[2019.03.27-23.57.29:500][  0]LogTemp: Display: Loaded TP AndroidTargetPlatform
[2019.03.27-23.57.29:500][  0]LogTemp: Display: Loaded TP AndroidTargetPlatform
[2019.03.27-23.57.29:500][  0]LogTemp: Display: Loaded TP AndroidTargetPlatform
[2019.03.27-23.57.29:500][  0]LogTemp: Display: Loaded TP AndroidTargetPlatform
[2019.03.27-23.57.29:500][  0]LogTemp: Display: Loaded TP AndroidTargetPlatform
[2019.03.27-23.57.29:500][  0]LogTemp: Display: Loaded TP AndroidTargetPlatform
[2019.03.27-23.57.29:500][  0]LogTemp: Display: Loaded TP AndroidTargetPlatform
[2019.03.27-23.57.29:500][  0]LogTemp: Display: Loaded TP AndroidTargetPlatform
[2019.03.27-23.57.29:500][  0]LogTemp: Display: Loaded TP AndroidTargetPlatform
[2019.03.27-23.57.29:500][  0]LogTemp: Display: Loaded TP AndroidTargetPlatform
[2019.03.27-23.57.29:500][  0]LogTemp: Display: Loaded TP AndroidTargetPlatform
[2019.03.27-23.57.29:500][  0]LogTemp: Display: Loaded TP AndroidTargetPlatform
[2019.03.27-23.57.29:500][  0]LogTemp: Display: Loaded TP AndroidTargetPlatform
[2019.03.27-23.57.29:502][  0]LogTemp: Display: Loaded TP HTML5TargetPlatform
[2019.03.27-23.57.29:567][  0]LogTemp: Display: Loaded TP IOSTargetPlatform
[2019.03.27-23.57.29:567][  0]LogTemp: Display: Loaded TP IOSTargetPlatform
[2019.03.27-23.57.29:595][  0]LogTemp: Display: Loaded TP TVOSTargetPlatform
[2019.03.27-23.57.29:595][  0]LogTemp: Display: Loaded TP TVOSTargetPlatform
[2019.03.27-23.57.29:609][  0]LogTemp: Display: Loaded TP LinuxClientTargetPlatform
[2019.03.27-23.57.29:624][  0]LogTemp: Display: Loaded TP LinuxNoEditorTargetPlatform
[2019.03.27-23.57.29:639][  0]LogTemp: Display: Loaded TP LinuxServerTargetPlatform
[2019.03.27-23.57.29:654][  0]LogTemp: Display: Loaded TP LinuxTargetPlatform
[2019.03.27-23.57.29:664][  0]LogTemp: Display: Loaded TP LuminTargetPlatform
[2019.03.27-23.57.29:665][  0]LogTargetPlatformManager: Display: Building Assets For Windows
[2019.03.27-23.57.29:739][  0]LogXGEController: Cannot use XGE Controller as Incredibuild is not installed on this machine.
[2019.03.27-23.57.29:739][  0]LogShaderCompilers: Cannot use XGE Shader Compiler as Incredibuild is not installed on this machine.
[2019.03.27-23.57.29:739][  0]LogShaderCompilers: Display: Using Local Shader Compiler.
[2019.03.27-23.57.30:620][  0]LogDerivedDataCache: Display: Max Cache Size: 512 MB
[2019.03.27-23.57.31:741][  0]LogDerivedDataCache: Loaded boot cache 1.12s 77MB C:/Users/fox56/AppData/Local/UnrealEngine/4.20/DerivedDataCache/Boot.ddc.
[2019.03.27-23.57.31:742][  0]LogDerivedDataCache: Display: Loaded Boot cache: C:/Users/fox56/AppData/Local/UnrealEngine/4.20/DerivedDataCache/Boot.ddc
[2019.03.27-23.57.31:742][  0]LogDerivedDataCache: FDerivedDataBackendGraph:  Pak pak cache file ../../../../../../Users/fox56/Documents/GitHub/ProjetsHub2018/FPSUnreal/PeopleWithGuns/DerivedDataCache/DDC.ddp not found, will not use a pak cache.
[2019.03.27-23.57.31:742][  0]LogDerivedDataCache: Unable to find inner node Pak for hierarchical cache Hierarchy.
[2019.03.27-23.57.31:742][  0]LogDerivedDataCache: FDerivedDataBackendGraph:  CompressedPak pak cache file ../../../../../../Users/fox56/Documents/GitHub/ProjetsHub2018/FPSUnreal/PeopleWithGuns/DerivedDataCache/Compressed.ddp not found, will not use a pak cache.
[2019.03.27-23.57.31:742][  0]LogDerivedDataCache: Unable to find inner node CompressedPak for hierarchical cache Hierarchy.
[2019.03.27-23.57.31:759][  0]LogDerivedDataCache: Display: Pak cache opened for reading ../../../Engine/DerivedDataCache/Compressed.ddp.
[2019.03.27-23.57.31:771][  0]LogDerivedDataCache: Using Local data cache path C:/Users/fox56/AppData/Local/UnrealEngine/Common/DerivedDataCache: Writable
[2019.03.27-23.57.31:771][  0]LogDerivedDataCache: Shared data cache path not found in *engine.ini, will not use an Shared cache.
[2019.03.27-23.57.31:771][  0]LogDerivedDataCache: Unable to find inner node Shared for hierarchical cache Hierarchy.
[2019.03.27-23.57.31:790][  0]LogMaterial: Verifying Global Shaders for PCD3D_SM5
[2019.03.27-23.57.31:791][  0]LogSlate: Using FreeType 2.6.0
[2019.03.27-23.57.31:818][  0]LogSlate: SlateFontServices - WITH_FREETYPE: 1, WITH_HARFBUZZ: 1
[2019.03.27-23.57.34:363][  0]LogAssetRegistry: FAssetRegistry took 0.0271 seconds to start up
[2019.03.27-23.57.34:752][  0]LogInit: Selected Device Profile: [Windows]
[2019.03.27-23.57.35:160][  0]LogSimplygon: Simplygon DLL not present - disabling.
[2019.03.27-23.57.35:165][  0]LogMeshReduction: Using SimplygonSwarm for distributed automatic mesh merging
[2019.03.27-23.57.35:165][  0]LogMeshReduction: Using ProxyLODMeshReduction for automatic mesh merging
[2019.03.27-23.57.35:165][  0]LogMeshReduction: Using QuadricMeshReduction for automatic static mesh reduction
[2019.03.27-23.57.35:165][  0]LogMeshReduction: No automatic skeletal mesh reduction module available
[2019.03.27-23.57.35:461][  0]LogNetVersion: PeopleWithGuns 1.0.0, NetCL: 4212847, EngineNetVer: 5, GameNetVer: 0 (Checksum: 1271298656)
[2019.03.27-23.57.36:206][  0]LogPackageLocalizationCache: Processed 10 localized package path(s) for 2 prioritized culture(s) in 0.138342 seconds
[2019.03.27-23.57.36:214][  0]LogUObjectArray: 38209 objects as part of root set at end of initial load.
[2019.03.27-23.57.36:214][  0]LogUObjectAllocator: 6663648 out of 0 bytes used by permanent object pool.
[2019.03.27-23.57.36:214][  0]LogUObjectArray: CloseDisregardForGC: 0/0 objects in disregard for GC pool
[2019.03.27-23.58.05:303][  0]LogTcpMessaging: Initializing TcpMessaging bridge
[2019.03.27-23.58.05:316][  0]LogUdpMessaging: Initializing bridge on interface 0.0.0.0:0 to multicast group 230.0.0.1:6666.
[2019.03.27-23.58.06:186][  0]SourceControl: Source control is disabled
[2019.03.27-23.58.06:186][  0]SourceControl: Source control is disabled
[2019.03.27-23.58.06:188][  0]SourceControl: Source control is disabled
[2019.03.27-23.58.06:189][  0]SourceControl: Source control is disabled
[2019.03.27-23.58.06:506][  0]LogAndroidPermission: UAndroidPermissionCallbackProxy::GetInstance
[2019.03.27-23.58.06:600][  0]LogOcInput: OculusInput pre-init called
[2019.03.27-23.58.06:744][  0]LogEngine: Initializing Engine...
[2019.03.27-23.58.06:746][  0]LogStats: UGameplayTagsManager::ConstructGameplayTagTree: ImportINI prefixes -  0.000 s
[2019.03.27-23.58.06:746][  0]LogStats: UGameplayTagsManager::ConstructGameplayTagTree: Construct from data asset -  0.000 s
[2019.03.27-23.58.06:747][  0]LogStats: UGameplayTagsManager::ConstructGameplayTagTree: ImportINI -  0.000 s
[2019.03.27-23.58.06:747][  0]LogStats: UGameplayTagsManager::ConstructGameplayTagTree: GameplayTagTreeChangedEvent.Broadcast -  0.000 s
[2019.03.27-23.58.06:958][  0]LogInit: Initializing FReadOnlyCVARCache
[2019.03.27-23.58.06:975][  0]LogAIModule: Creating AISystem for world Untitled
[2019.03.27-23.58.07:058][  0]LogInit: XAudio2 using 'Casque pour téléphone (Corsair VOID PRO Surround USB Adapter)' : 6 channels at 48 kHz using 16 bits per sample (channel mask 0x3f)
[2019.03.27-23.58.07:219][  0]LogInit: FAudioDevice initialized.
[2019.03.27-23.58.07:219][  0]LogNetVersion: Set ProjectVersion to 1.0.0.0. Version Checksum will be recalculated on next use.
[2019.03.27-23.58.07:392][  0]LogDerivedDataCache: Saved boot cache 0.17s 77MB C:/Users/fox56/AppData/Local/UnrealEngine/4.20/DerivedDataCache/Boot.ddc.
[2019.03.27-23.58.07:396][  0]LogInit: Texture streaming: Enabled
[2019.03.27-23.58.07:417][  0]LogEngineSessionManager: EngineSessionManager initialized
[2019.03.27-23.58.07:539][  0]LogInit: Transaction tracking system initialized
[2019.03.27-23.58.07:570][  0]BlueprintLog: New page: Editor Load
[2019.03.27-23.58.07:899][  0]LocalizationService: Localization service is disabled
[2019.03.27-23.58.08:510][  0]LogCook: Display: Max memory allowance for cook 16384mb min free memory 0mb
[2019.03.27-23.58.08:510][  0]LogCook: Display: Mobile HDR setting 1
[2019.03.27-23.58.08:537][  0]LogGameplayTags: Display: UGameplayTagsManager::DoneAddingNativeTags. DelegateIsBound: 0
[2019.03.27-23.58.08:537][  0]LogStats: UGameplayTagsManager::ConstructGameplayTagTree: ImportINI prefixes -  0.000 s
[2019.03.27-23.58.08:537][  0]LogStats: UGameplayTagsManager::ConstructGameplayTagTree: Construct from data asset -  0.000 s
[2019.03.27-23.58.08:537][  0]LogStats: UGameplayTagsManager::ConstructGameplayTagTree: ImportINI -  0.000 s
[2019.03.27-23.58.08:537][  0]LogStats: UGameplayTagsManager::ConstructGameplayTagTree: GameplayTagTreeChangedEvent.Broadcast -  0.000 s
[2019.03.27-23.58.09:550][  0]LogFileCache: Scanning file cache for directory 'C:/Users/fox56/Documents/GitHub/ProjetsHub2018/FPSUnreal/PeopleWithGuns/Content/' took 0.08s
[2019.03.27-23.58.10:010][  0]SourceControl: Source control is disabled
[2019.03.27-23.58.10:010][  0]Cmd: MAP LOAD FILE="../../../../../../Users/fox56/Documents/GitHub/ProjetsHub2018/FPSUnreal/PeopleWithGuns/Content/ThirdPersonBP/Maps/MainMenu.umap" TEMPLATE=0 SHOWPROGRESS=1 FEATURELEVEL=3
[2019.03.27-23.58.10:016][  0]LightingResults: New page: Lighting Build
[2019.03.27-23.58.10:019][  0]MapCheck: New page: Map Check
[2019.03.27-23.58.10:019][  0]LightingResults: New page: Lighting Build
[2019.03.27-23.58.12:944][  0]LogAIModule: Creating AISystem for world MainMenu
[2019.03.27-23.58.12:945][  0]LogEditorServer: Finished looking for orphan Actors (0.000 secs)
[2019.03.27-23.58.12:987][  0]Cmd: MAP CHECKDEP NOCLEARLOG
[2019.03.27-23.58.13:068][  0]MapCheck: Map check complete: 0 Error(s), 0 Warning(s), took 81,671ms to complete.
[2019.03.27-23.58.13:068][  0]LogFileHelpers: Loading map 'MainMenu' took 3.058
[2019.03.27-23.58.15:240][  0]LogSlate: Updating window title bar state: overlay mode, drag disabled, window buttons hidden, title bar hidden
[2019.03.27-23.58.15:303][  0]LogSlate: Updating window title bar state: overlay mode, drag disabled, window buttons hidden, title bar hidden
[2019.03.27-23.58.15:311][  0]LogSlate: Updating window title bar state: overlay mode, drag disabled, window buttons hidden, title bar hidden
[2019.03.27-23.58.15:320][  0]LogSlate: Updating window title bar state: overlay mode, drag disabled, window buttons hidden, title bar hidden
[2019.03.27-23.58.15:448][  0]LogCollectionManager: Loaded 0 collections in 0.002865 seconds
[2019.03.27-23.58.16:170][  0]LogFileCache: Scanning file cache for directory 'C:/Users/fox56/Documents/GitHub/ProjetsHub2018/FPSUnreal/PeopleWithGuns/Saved/Collections/' took 0.01s
[2019.03.27-23.58.16:170][  0]LogFileCache: Scanning file cache for directory 'C:/Users/fox56/Documents/GitHub/ProjetsHub2018/FPSUnreal/PeopleWithGuns/Content/Developers/fox56/Collections/' took 0.01s
[2019.03.27-23.58.16:170][  0]LogFileCache: Scanning file cache for directory 'C:/Users/fox56/Documents/GitHub/ProjetsHub2018/FPSUnreal/PeopleWithGuns/Content/Collections/' took 0.01s
[2019.03.27-23.58.16:170][  0]LogCollectionManager: Rebuilt the GUID cache for 0 collections in 0.000000 seconds
[2019.03.27-23.58.16:221][  0]LogContentBrowser: Native class hierarchy populated in 0.0485 seconds. Added 2572 classes and 602 folders.
[2019.03.27-23.58.16:427][  0]LogContentBrowser: Native class hierarchy updated for 'WidgetCarousel' in 0.0002 seconds. Added 0 classes and 0 folders.
[2019.03.27-23.58.20:599][  0]LogContentBrowser: Native class hierarchy updated for 'AddContentDialog' in 0.0002 seconds. Added 0 classes and 0 folders.
[2019.03.27-23.58.20:727][  0]LogContentBrowser: Native class hierarchy updated for 'SceneOutliner' in 0.0003 seconds. Added 1 classes and 2 folders.
[2019.03.27-23.58.23:491][  0]LogSlate: Took 0.096590 seconds to synchronously load lazily loaded font '../../../Engine/Content/Slate/Fonts/Roboto-Regular.ttf' (155K)
[2019.03.27-23.58.23:513][  0]LogSlate: Took 0.020790 seconds to synchronously load lazily loaded font '../../../Engine/Content/Slate/Fonts/Roboto-Bold.ttf' (160K)
[2019.03.27-23.58.23:658][  0]LogSlate: Took 0.033079 seconds to synchronously load lazily loaded font '../../../Engine/Content/Editor/Slate/Fonts/FontAwesome.ttf' (139K)
[2019.03.27-23.58.24:371][  0]LogRenderer: Reallocating scene render targets to support 1208x576 Format 10 NumSamples 1 (Frame:1).
[2019.03.27-23.58.25:455][  0]LogContentBrowser: Native class hierarchy updated for 'HierarchicalLODOutliner' in 0.0002 seconds. Added 0 classes and 0 folders.
[2019.03.27-23.58.25:455][  0]LogLoad: (Engine Initialization) Total time: 60.03 seconds
[2019.03.27-23.58.25:455][  0]LogLoad: (Engine Initialization) Total Blueprint compile time: 0.00 seconds
[2019.03.27-23.58.25:519][  0]LogSlate: FSceneViewport::OnFocusLost() reason 0
[2019.03.27-23.58.25:524][  0]LogWindowsTextInputMethodSystem: Display: IME system now deactivated.
[2019.03.27-23.58.25:635][  0]LogContentStreaming: Texture pool size now 1000 MB
[2019.03.27-23.58.25:870][  0]LogSlate: Took 0.039414 seconds to synchronously load lazily loaded font '../../../Engine/Content/Slate/Fonts/Roboto-Light.ttf' (167K)
[2019.03.27-23.58.27:433][147]LogPackageName: Warning: String asset reference "JW_FlameDungeon.FX.SM_FX_Embers" is in short form, which is unsupported and -- even if valid -- resolving it will be really slow.
[2019.03.27-23.58.27:433][147]LogPackageName: Warning: Please consider resaving package in order to speed-up loading.
[2019.03.27-23.58.27:715][179]LogPackageName: SearchForPackageOnDisk took   0.264s, but failed to resolve JW_FlameDungeon.
[2019.03.27-23.58.27:715][179]LogPackageName: Warning: String asset reference "JW_FlameDungeon.FX.SM_FX_Embers" could not be resolved.
[2019.03.27-23.58.27:782][187]LogPackageName: Warning: String asset reference "JW_FlameDungeon.FX.SM_FogPlane02" is in short form, which is unsupported and -- even if valid -- resolving it will be really slow.
[2019.03.27-23.58.27:782][187]LogPackageName: Warning: Please consider resaving package in order to speed-up loading.
[2019.03.27-23.58.28:024][216]LogPackageName: SearchForPackageOnDisk took   0.248s, but failed to resolve JW_FlameDungeon.
[2019.03.27-23.58.28:024][216]LogPackageName: Warning: String asset reference "JW_FlameDungeon.FX.SM_FogPlane02" could not be resolved.
[2019.03.27-23.58.33:692][893]LogPackageName: Warning: String asset reference "StaticMesh'FX_Meshes_IB.SM_Debris_Box_RadialFull'" is in short form, which is unsupported and -- even if valid -- resolving it will be really slow.
[2019.03.27-23.58.33:692][893]LogPackageName: Warning: Please consider resaving package in order to speed-up loading.
[2019.03.27-23.58.33:943][923]LogPackageName: SearchForPackageOnDisk took   0.247s, but failed to resolve StaticMesh'FX_Meshes_IB.
[2019.03.27-23.58.33:943][923]LogPackageName: Warning: String asset reference "StaticMesh'FX_Meshes_IB.SM_Debris_Box_RadialFull'" could not be resolved.
[2019.03.27-23.58.34:705][ 13]LogPackageName: Warning: String asset reference "JW_Ice_Mountain.Mesh.SM_SnowBoulder" is in short form, which is unsupported and -- even if valid -- resolving it will be really slow.
[2019.03.27-23.58.34:705][ 13]LogPackageName: Warning: Please consider resaving package in order to speed-up loading.
[2019.03.27-23.58.34:998][ 48]LogPackageName: SearchForPackageOnDisk took   0.300s, but failed to resolve JW_Ice_Mountain.
[2019.03.27-23.58.34:998][ 48]LogPackageName: Warning: String asset reference "JW_Ice_Mountain.Mesh.SM_SnowBoulder" could not be resolved.
[2019.03.27-23.58.35:456][103]LogPackageName: Warning: String asset reference "FX_Meshes.UI.SM_SelectionMesh_01" is in short form, which is unsupported and -- even if valid -- resolving it will be really slow.
[2019.03.27-23.58.35:456][103]LogPackageName: Warning: Please consider resaving package in order to speed-up loading.
[2019.03.27-23.58.35:818][142]LogPackageName: SearchForPackageOnDisk took   0.365s, but failed to resolve FX_Meshes.
[2019.03.27-23.58.35:818][142]LogPackageName: Warning: String asset reference "FX_Meshes.UI.SM_SelectionMesh_01" could not be resolved.
[2019.03.27-23.58.35:915][154]LogPackageName: Warning: String asset reference "FX_Meshes.UI.SM_SelectionMesh_01" is in short form, which is unsupported and -- even if valid -- resolving it will be really slow.
[2019.03.27-23.58.35:915][154]LogPackageName: Warning: Please consider resaving package in order to speed-up loading.
[2019.03.27-23.58.36:183][186]LogPackageName: SearchForPackageOnDisk took   0.264s, but failed to resolve FX_Meshes.
[2019.03.27-23.58.36:183][186]LogPackageName: Warning: String asset reference "FX_Meshes.UI.SM_SelectionMesh_01" could not be resolved.
[2019.03.27-23.58.36:549][223]LogPackageName: Warning: String asset reference "'FX_Ambient.Meshes.SM_Bats'" is in short form, which is unsupported and -- even if valid -- resolving it will be really slow.
[2019.03.27-23.58.36:549][223]LogPackageName: Warning: Please consider resaving package in order to speed-up loading.
[2019.03.27-23.58.36:991][267]LogPackageName: SearchForPackageOnDisk took   0.445s, but failed to resolve 'FX_Ambient.
[2019.03.27-23.58.36:991][267]LogPackageName: Warning: String asset reference "'FX_Ambient.Meshes.SM_Bats'" could not be resolved.
[2019.03.27-23.58.37:091][279]LogPackageName: Warning: String asset reference "CastleEffects.TouchToMoveArrow" is in short form, which is unsupported and -- even if valid -- resolving it will be really slow.
[2019.03.27-23.58.37:091][279]LogPackageName: Warning: Please consider resaving package in order to speed-up loading.
[2019.03.27-23.58.37:517][325]LogPackageName: SearchForPackageOnDisk took   0.425s, but failed to resolve CastleEffects.
[2019.03.27-23.58.37:517][325]LogPackageName: Warning: String asset reference "CastleEffects.TouchToMoveArrow" could not be resolved.
[2019.03.27-23.58.38:651][454]LogPackageName: Warning: String asset reference "StaticMesh'FX_Meshes.Fire.SM_Dungeon_Pipes_Lava01_Cool'" is in short form, which is unsupported and -- even if valid -- resolving it will be really slow.
[2019.03.27-23.58.38:651][454]LogPackageName: Warning: Please consider resaving package in order to speed-up loading.
[2019.03.27-23.58.38:901][482]LogPackageName: SearchForPackageOnDisk took   0.254s, but failed to resolve StaticMesh'FX_Meshes.
[2019.03.27-23.58.38:901][482]LogPackageName: Warning: String asset reference "StaticMesh'FX_Meshes.Fire.SM_Dungeon_Pipes_Lava01_Cool'" could not be resolved.
[2019.03.27-23.58.38:935][486]LogPackageName: Warning: String asset reference "m_FogSheet_02" is in short form, which is unsupported and -- even if valid -- resolving it will be really slow.
[2019.03.27-23.58.38:935][486]LogPackageName: Warning: Please consider resaving package in order to speed-up loading.
[2019.03.27-23.58.39:225][521]LogPackageName: SearchForPackageOnDisk took   0.283s to resolve m_FogSheet_02.
[2019.03.27-23.58.39:933][604]LogPackageName: Warning: String asset reference "FX_Test_LAN.Meshes.SM_IceWall01" is in short form, which is unsupported and -- even if valid -- resolving it will be really slow.
[2019.03.27-23.58.39:933][604]LogPackageName: Warning: Please consider resaving package in order to speed-up loading.
[2019.03.27-23.58.40:209][637]LogPackageName: SearchForPackageOnDisk took   0.270s, but failed to resolve FX_Test_LAN.
[2019.03.27-23.58.40:209][637]LogPackageName: Warning: String asset reference "FX_Test_LAN.Meshes.SM_IceWall01" could not be resolved.
[2019.03.27-23.58.42:226][878]LogPackageName: Warning: String asset reference "m_FogSheet_02" is in short form, which is unsupported and -- even if valid -- resolving it will be really slow.
[2019.03.27-23.58.42:226][878]LogPackageName: Warning: Please consider resaving package in order to speed-up loading.
[2019.03.27-23.58.42:459][906]LogPackageName: SearchForPackageOnDisk took   0.240s to resolve m_FogSheet_02.
[2019.03.27-23.58.42:484][909]LogPackageName: Warning: String asset reference "m_FogSheet_02" is in short form, which is unsupported and -- even if valid -- resolving it will be really slow.
[2019.03.27-23.58.42:484][909]LogPackageName: Warning: Please consider resaving package in order to speed-up loading.
[2019.03.27-23.58.42:727][938]LogPackageName: SearchForPackageOnDisk took   0.236s to resolve m_FogSheet_02.
[2019.03.27-23.58.42:742][940]LogPackageName: Warning: String asset reference "m_FogSheet_02" is in short form, which is unsupported and -- even if valid -- resolving it will be really slow.
[2019.03.27-23.58.42:742][940]LogPackageName: Warning: Please consider resaving package in order to speed-up loading.
[2019.03.27-23.58.42:977][968]LogPackageName: SearchForPackageOnDisk took   0.230s to resolve m_FogSheet_02.
[2019.03.27-23.59.07:859][931]LogPackageName: Warning: String asset reference "JW_Ice_Mountain.Mesh.SM_SnowBoulder" is in short form, which is unsupported and -- even if valid -- resolving it will be really slow.
[2019.03.27-23.59.07:859][931]LogPackageName: Warning: Please consider resaving package in order to speed-up loading.
[2019.03.27-23.59.08:118][962]LogPackageName: SearchForPackageOnDisk took   0.261s, but failed to resolve JW_Ice_Mountain.
[2019.03.27-23.59.08:118][962]LogPackageName: Warning: String asset reference "JW_Ice_Mountain.Mesh.SM_SnowBoulder" could not be resolved.
[2019.03.27-23.59.08:231][975]LogPackageName: Warning: String asset reference "S_Survival_CA_Chicken_02.SM.S_Survival_CA_Chicken_02" is in short form, which is unsupported and -- even if valid -- resolving it will be really slow.
[2019.03.27-23.59.08:231][975]LogPackageName: Warning: Please consider resaving package in order to speed-up loading.
[2019.03.27-23.59.08:479][  5]LogPackageName: SearchForPackageOnDisk took   0.242s to resolve S_Survival_CA_Chicken_02.
[2019.03.27-23.59.09:589][138]LogPackageName: Warning: String asset reference "JW_Ice_Mountain.Mesh.SM_SnowBoulder" is in short form, which is unsupported and -- even if valid -- resolving it will be really slow.
[2019.03.27-23.59.09:589][138]LogPackageName: Warning: Please consider resaving package in order to speed-up loading.
[2019.03.27-23.59.09:864][170]LogPackageName: SearchForPackageOnDisk took   0.271s, but failed to resolve JW_Ice_Mountain.
[2019.03.27-23.59.09:864][170]LogPackageName: Warning: String asset reference "JW_Ice_Mountain.Mesh.SM_SnowBoulder" could not be resolved.
[2019.03.27-23.59.09:932][178]LogPackageName: Warning: String asset reference "Env_ALL_Artifacts.Mesh.Env_ALL_Terminus001" is in short form, which is unsupported and -- even if valid -- resolving it will be really slow.
[2019.03.27-23.59.09:932][178]LogPackageName: Warning: Please consider resaving package in order to speed-up loading.
[2019.03.27-23.59.10:174][207]LogPackageName: SearchForPackageOnDisk took   0.245s, but failed to resolve Env_ALL_Artifacts.
[2019.03.27-23.59.10:174][207]LogPackageName: Warning: String asset reference "Env_ALL_Artifacts.Mesh.Env_ALL_Terminus001" could not be resolved.
[2019.03.27-23.59.26:168][ 12]LogAssetRegistry: Asset discovery search completed in 111.8276 seconds
[2019.03.27-23.59.26:171][ 12]LogCollectionManager: Rebuilt the object cache for 0 collections in 0.000000 seconds (found 0 objects)
[2019.03.27-23.59.26:171][ 12]LogCollectionManager: Fixed up redirectors for 0 collections in 0.000065 seconds (updated 0 objects)
[2019.03.28-00.03.07:006][ 28]LogSlate: Took 0.005093 seconds to synchronously load lazily loaded font '../../../Engine/Content/Slate/Fonts/Roboto-Light.ttf' (167K)
[2019.03.28-00.03.07:024][ 28]LogAssetEditorManager: Opening Asset editor for Blueprint /Game/ThirdPersonBP/Blueprints/Character/ThirdPersonCharacter.ThirdPersonCharacter
[2019.03.28-00.03.08:017][ 28]LogContentBrowser: Native class hierarchy updated for 'BlueprintGraph' in 0.0007 seconds. Added 116 classes and 0 folders.
[2019.03.28-00.03.09:986][ 28]LogSlate: Took 0.029579 seconds to synchronously load lazily loaded font '../../../Engine/Content/Slate/Fonts/Roboto-BoldCondensed.ttf' (158K)
[2019.03.28-00.03.11:623][ 29]LogSlate: Took 0.028941 seconds to synchronously load lazily loaded font '../../../Engine/Content/Slate/Fonts/Roboto-Italic.ttf' (157K)
[2019.03.28-00.04.02:570][297]BlueprintLog: New page: Compile ThirdPersonCharacter
[2019.03.28-00.04.03:807][297]LogSavePackage: Moving '../../../../../../Users/fox56/Documents/GitHub/ProjetsHub2018/FPSUnreal/PeopleWithGuns/Saved/ThirdPersonCharacter223D9B2A4744639FE1CF4A81CF0EC592.tmp' to '../../../../../../Users/fox56/Documents/GitHub/ProjetsHub2018/FPSUnreal/PeopleWithGuns/Content/ThirdPersonBP/Blueprints/Character/ThirdPersonCharacter.uasset'
[2019.03.28-00.04.06:214][457]LogTemp: Repeating last play command: Standalone Game
[2019.03.28-00.07.51:196][ 76]BlueprintLog: New page: Compile ThirdPersonCharacter
[2019.03.28-00.07.51:993][ 76]LogSavePackage: Moving '../../../../../../Users/fox56/Documents/GitHub/ProjetsHub2018/FPSUnreal/PeopleWithGuns/Saved/ThirdPersonCharacterB30E48814D5CCF9C1877438E643C9814.tmp' to '../../../../../../Users/fox56/Documents/GitHub/ProjetsHub2018/FPSUnreal/PeopleWithGuns/Content/ThirdPersonBP/Blueprints/Character/ThirdPersonCharacter.uasset'
[2019.03.28-00.08.11:421][531]LogSlate: Window 'ThirdPersonCharacter' being destroyed
[2019.03.28-00.08.11:426][531]LogSlate: Window 'ThirdPersonCharacter' being destroyed
[2019.03.28-00.08.12:883][658]LogSlate: Window 'PeopleWithGuns - Unreal Editor' being destroyed
[2019.03.28-00.08.12:884][658]LogWindowsTextInputMethodSystem: Display: IME system now deactivated.
[2019.03.28-00.08.13:106][659]Cmd: QUIT_EDITOR
[2019.03.28-00.08.13:160][659]LogExit: Preparing to exit.
[2019.03.28-00.08.13:721][659]LogExit: Editor shut down
[2019.03.28-00.08.13:722][659]LogExit: Transaction tracking system shut down
[2019.03.28-00.08.14:487][659]LogExit: Object subsystem successfully closed.
[2019.03.28-00.08.14:508][659]LogShaderCompilers: Display: Shaders left to compile 0
[2019.03.28-00.08.14:511][659]LogD3D11RHI: Shutdown
[2019.03.28-00.08.14:511][659]LogD3D11RHI: CleanupD3DDevice
[2019.03.28-00.08.14:514][659]LogD3D11RHI: ~FD3D11DynamicRHI
[2019.03.28-00.08.14:571][659]LogModuleManager: Shutting down and abandoning module BlueprintGraph (610)
[2019.03.28-00.08.14:571][659]LogModuleManager: Shutting down and abandoning module HierarchicalLODOutliner (608)
[2019.03.28-00.08.14:571][659]LogModuleManager: Shutting down and abandoning module SceneOutliner (606)
[2019.03.28-00.08.14:572][659]LogModuleManager: Shutting down and abandoning module AddContentDialog (604)
[2019.03.28-00.08.14:588][659]LogModuleManager: Shutting down and abandoning module WidgetCarousel (603)
[2019.03.28-00.08.14:588][659]LogModuleManager: Shutting down and abandoning module EditorWidgets (600)
[2019.03.28-00.08.14:588][659]LogModuleManager: Shutting down and abandoning module CollectionManager (598)
[2019.03.28-00.08.14:588][659]LogModuleManager: Shutting down and abandoning module StatsViewer (596)
[2019.03.28-00.08.14:588][659]LogModuleManager: Shutting down and abandoning module FoliageEdit (594)
[2019.03.28-00.08.14:588][659]LogModuleManager: Shutting down and abandoning module LandscapeEditor (592)
[2019.03.28-00.08.14:588][659]LogModuleManager: Shutting down and abandoning module MeshPaintMode (590)
[2019.03.28-00.08.14:588][659]LogModuleManager: Shutting down and abandoning module SceneDepthPickerMode (588)
[2019.03.28-00.08.14:588][659]LogModuleManager: Shutting down and abandoning module ActorPickerMode (586)
[2019.03.28-00.08.14:588][659]LogModuleManager: Shutting down and abandoning module GeometryMode (584)
[2019.03.28-00.08.14:588][659]LogModuleManager: Shutting down and abandoning module TextureAlignMode (582)
[2019.03.28-00.08.14:588][659]LogModuleManager: Shutting down and abandoning module BspMode (580)
[2019.03.28-00.08.14:588][659]LogModuleManager: Shutting down and abandoning module PIEPreviewDeviceProfileSelector (578)
[2019.03.28-00.08.14:588][659]LogModuleManager: Shutting down and abandoning module SequenceRecorderSections (576)
[2019.03.28-00.08.14:588][659]LogModuleManager: Shutting down and abandoning module AutomationWorker (574)
[2019.03.28-00.08.14:588][659]LogModuleManager: Shutting down and abandoning module AudioCaptureEditor (572)
[2019.03.28-00.08.14:588][659]LogModuleManager: Shutting down and abandoning module SequenceRecorder (571)
[2019.03.28-00.08.14:588][659]LogModuleManager: Shutting down and abandoning module MatineeToLevelSequence (568)
[2019.03.28-00.08.14:588][659]LogModuleManager: Shutting down and abandoning module LevelSequenceEditor (566)
[2019.03.28-00.08.14:588][659]LogModuleManager: Shutting down and abandoning module PlacementMode (565)
[2019.03.28-00.08.14:588][659]LogModuleManager: Shutting down and abandoning module MaterialEditor (564)
[2019.03.28-00.08.14:588][659]LogModuleManager: Shutting down and abandoning module WmfMediaFactory (560)
[2019.03.28-00.08.14:588][659]LogModuleManager: Shutting down and abandoning module WmfMediaEditor (558)
[2019.03.28-00.08.14:588][659]LogModuleManager: Shutting down and abandoning module MediaPlayerEditor (556)
[2019.03.28-00.08.14:589][659]LogModuleManager: Shutting down and abandoning module OpenExrWrapper (554)
[2019.03.28-00.08.14:589][659]LogModuleManager: Shutting down and abandoning module ImgMediaFactory (552)
[2019.03.28-00.08.14:589][659]LogModuleManager: Shutting down and abandoning module ImgMediaEditor (550)
[2019.03.28-00.08.14:589][659]LogModuleManager: Shutting down and abandoning module AvfMediaFactory (548)
[2019.03.28-00.08.14:589][659]LogModuleManager: Shutting down and abandoning module AvfMediaEditor (546)
[2019.03.28-00.08.14:589][659]LogModuleManager: Shutting down and abandoning module AndroidMediaFactory (544)
[2019.03.28-00.08.14:589][659]LogModuleManager: Shutting down and abandoning module AndroidMediaEditor (542)
[2019.03.28-00.08.14:589][659]LogModuleManager: Shutting down and abandoning module MagicLeapCameraPreviewFactory (540)
[2019.03.28-00.08.14:589][659]LogModuleManager: Shutting down and abandoning module MagicLeapMediaFactory (538)
[2019.03.28-00.08.14:589][659]LogModuleManager: Shutting down and abandoning module MagicLeapMediaEditor (536)
[2019.03.28-00.08.14:589][659]LogModuleManager: Shutting down and abandoning module CharacterAI (534)
[2019.03.28-00.08.14:589][659]LogModuleManager: Shutting down and abandoning module SmartSnapping (532)
[2019.03.28-00.08.14:589][659]LogModuleManager: Shutting down and abandoning module SessionServices (530)
[2019.03.28-00.08.14:589][659]LogModuleManager: Shutting down and abandoning module ViewportSnapping (528)
[2019.03.28-00.08.14:589][659]LogModuleManager: Shutting down and abandoning module ViewportInteraction (526)
[2019.03.28-00.08.14:589][659]LogModuleManager: Shutting down and abandoning module ClothPainter (524)
[2019.03.28-00.08.14:589][659]LogModuleManager: Shutting down and abandoning module SkeletalMeshEditor (523)
[2019.03.28-00.08.14:589][659]LogModuleManager: Shutting down and abandoning module LogVisualizer (520)
[2019.03.28-00.08.14:589][659]LogModuleManager: Shutting down and abandoning module IntroTutorials (518)
[2019.03.28-00.08.14:589][659]LogModuleManager: Shutting down and abandoning module GameProjectGeneration (517)
[2019.03.28-00.08.14:589][659]LogModuleManager: Shutting down and abandoning module LuminPlatformEditor (514)
[2019.03.28-00.08.14:589][659]LogModuleManager: Shutting down and abandoning module IOSPlatformEditor (512)
[2019.03.28-00.08.14:589][659]LogModuleManager: Shutting down and abandoning module HTML5PlatformEditor (510)
[2019.03.28-00.08.14:589][659]LogModuleManager: Shutting down and abandoning module AndroidPlatformEditor (508)
[2019.03.28-00.08.14:589][659]LogModuleManager: Shutting down and abandoning module AndroidDeviceDetection (507)
[2019.03.28-00.08.15:306][659]LogModuleManager: Shutting down and abandoning module WindowsPlatformEditor (504)
[2019.03.28-00.08.15:306][659]LogModuleManager: Shutting down and abandoning module LuminRuntimeSettings (502)
[2019.03.28-00.08.15:306][659]LogModuleManager: Shutting down and abandoning module IOSRuntimeSettings (500)
[2019.03.28-00.08.15:306][659]LogModuleManager: Shutting down and abandoning module AndroidRuntimeSettings (498)
[2019.03.28-00.08.15:306][659]LogModuleManager: Shutting down and abandoning module InputBindingEditor (496)
[2019.03.28-00.08.15:306][659]LogModuleManager: Shutting down and abandoning module MergeActors (494)
[2019.03.28-00.08.15:307][659]LogModuleManager: Shutting down and abandoning module LocalizationDashboard (492)
[2019.03.28-00.08.15:307][659]LogModuleManager: Shutting down and abandoning module LocalizationService (491)
[2019.03.28-00.08.15:307][659]LogModuleManager: Shutting down and abandoning module HardwareTargeting (488)
[2019.03.28-00.08.15:307][659]LogModuleManager: Shutting down and abandoning module DeviceProfileEditor (486)
[2019.03.28-00.08.15:307][659]LogModuleManager: Shutting down and abandoning module UndoHistory (484)
[2019.03.28-00.08.15:307][659]LogModuleManager: Shutting down and abandoning module XmlParser (482)
[2019.03.28-00.08.15:307][659]LogModuleManager: Shutting down and abandoning module Blutility (480)
[2019.03.28-00.08.15:307][659]LogModuleManager: Shutting down and abandoning module ProjectSettingsViewer (478)
[2019.03.28-00.08.15:307][659]LogModuleManager: Shutting down and abandoning module ProjectTargetPlatformEditor (477)
[2019.03.28-00.08.15:307][659]LogModuleManager: Shutting down and abandoning module EditorSettingsViewer (474)
[2019.03.28-00.08.15:307][659]LogModuleManager: Shutting down and abandoning module SettingsEditor (472)
[2019.03.28-00.08.15:307][659]LogModuleManager: Shutting down and abandoning module ProjectLauncher (470)
[2019.03.28-00.08.15:307][659]LogModuleManager: Shutting down and abandoning module SessionFrontend (468)
[2019.03.28-00.08.15:307][659]LogModuleManager: Shutting down and abandoning module ProfilerClient (466)
[2019.03.28-00.08.15:307][659]LogModuleManager: Shutting down and abandoning module DeviceManager (464)
[2019.03.28-00.08.15:307][659]LogModuleManager: Shutting down and abandoning module TargetDeviceServices (463)
[2019.03.28-00.08.15:363][659]LogModuleManager: Shutting down and abandoning module AutomationController (460)
[2019.03.28-00.08.15:363][659]LogModuleManager: Shutting down and abandoning module AutomationWindow (458)
[2019.03.28-00.08.15:363][659]LogModuleManager: Shutting down and abandoning module Layers (456)
[2019.03.28-00.08.15:363][659]LogModuleManager: Shutting down and abandoning module ComponentVisualizers (454)
[2019.03.28-00.08.15:363][659]LogModuleManager: Shutting down and abandoning module DetailCustomizations (452)
[2019.03.28-00.08.15:363][659]LogModuleManager: Shutting down and abandoning module PackagesDialog (450)
[2019.03.28-00.08.15:363][659]LogModuleManager: Shutting down and abandoning module Persona (448)
[2019.03.28-00.08.15:363][659]LogModuleManager: Shutting down and abandoning module AdvancedPreviewScene (447)
[2019.03.28-00.08.15:363][659]LogModuleManager: Shutting down and abandoning module AnimGraph (445)
[2019.03.28-00.08.15:363][659]LogModuleManager: Shutting down and abandoning module Kismet (442)
[2019.03.28-00.08.15:375][659]LogModuleManager: Shutting down and abandoning module GraphEditor (440)
[2019.03.28-00.08.15:375][659]LogModuleManager: Shutting down and abandoning module ClassViewer (438)
[2019.03.28-00.08.15:375][659]LogModuleManager: Shutting down and abandoning module Toolbox (436)
[2019.03.28-00.08.15:375][659]LogModuleManager: Shutting down and abandoning module ModuleUI (434)
[2019.03.28-00.08.15:375][659]LogModuleManager: Shutting down and abandoning module MovieSceneTools (432)
[2019.03.28-00.08.15:375][659]LogModuleManager: Shutting down and abandoning module OutputLog (430)
[2019.03.28-00.08.15:375][659]LogModuleManager: Shutting down and abandoning module GammaUI (428)
[2019.03.28-00.08.15:375][659]LogModuleManager: Shutting down and abandoning module Documentation (426)
[2019.03.28-00.08.15:376][659]LogModuleManager: Shutting down and abandoning module MovieSceneTracks (424)
[2019.03.28-00.08.15:376][659]LogModuleManager: Shutting down and abandoning module MovieScene (422)
[2019.03.28-00.08.15:376][659]LogModuleManager: Shutting down and abandoning module StreamingPauseRendering (420)
[2019.03.28-00.08.15:376][659]LogModuleManager: Shutting down and abandoning module LauncherPlatform (418)
[2019.03.28-00.08.15:376][659]LogModuleManager: Shutting down and abandoning module AnalyticsET (416)
[2019.03.28-00.08.15:376][659]LogModuleManager: Shutting down and abandoning module PortalServices (414)
[2019.03.28-00.08.15:376][659]LogModuleManager: Shutting down and abandoning module PortalRpc (412)
[2019.03.28-00.08.15:376][659]LogModuleManager: Shutting down and abandoning module MessagingRpc (410)
[2019.03.28-00.08.15:376][659]LogModuleManager: Shutting down and abandoning module AIModule (408)
[2019.03.28-00.08.15:376][659]LogModuleManager: Shutting down and abandoning module GameplayDebugger (407)
[2019.03.28-00.08.15:376][659]LogModuleManager: Shutting down and abandoning module AITestSuite (405)
[2019.03.28-00.08.15:376][659]LogModuleManager: Shutting down and abandoning module NavigationSystem (403)
[2019.03.28-00.08.15:376][659]LogModuleManager: Shutting down and abandoning module DesktopPlatform (400)
[2019.03.28-00.08.15:376][659]LogModuleManager: Shutting down and abandoning module ProfilerService (398)
[2019.03.28-00.08.15:505][659]LogModuleManager: Shutting down and abandoning module TaskGraph (396)
[2019.03.28-00.08.15:505][659]LogModuleManager: Shutting down and abandoning module ProceduralMeshComponentEditor (394)
[2019.03.28-00.08.15:505][659]LogModuleManager: Shutting down and abandoning module ProceduralMeshComponent (392)
[2019.03.28-00.08.15:505][659]LogModuleManager: Shutting down and abandoning module OculusInput (390)
[2019.03.28-00.08.15:505][659]LogModuleManager: Shutting down and abandoning module MobilePatchingUtils (388)
[2019.03.28-00.08.15:505][659]LogModuleManager: Shutting down and abandoning module EditableMesh (386)
[2019.03.28-00.08.15:505][659]LogModuleManager: Shutting down and abandoning module CustomMeshComponent (384)
[2019.03.28-00.08.15:505][659]LogModuleManager: Shutting down and abandoning module CableComponent (382)
[2019.03.28-00.08.15:505][659]LogModuleManager: Shutting down and abandoning module AudioCapture (380)
[2019.03.28-00.08.15:505][659]LogModuleManager: Shutting down and abandoning module ArchVisCharacter (378)
[2019.03.28-00.08.15:505][659]LogModuleManager: Shutting down and abandoning module AndroidPermission (376)
[2019.03.28-00.08.15:505][659]LogModuleManager: Shutting down and abandoning module NUTUnrealEngine4 (374)
[2019.03.28-00.08.15:505][659]LogModuleManager: Shutting down and abandoning module NetcodeUnitTest (372)
[2019.03.28-00.08.15:505][659]LogModuleManager: Shutting down and abandoning module MediaCompositingEditor (370)
[2019.03.28-00.08.15:505][659]LogModuleManager: Shutting down and abandoning module MediaCompositing (368)
[2019.03.28-00.08.15:506][659]LogModuleManager: Shutting down and abandoning module LinearTimecode (366)
[2019.03.28-00.08.15:506][659]LogModuleManager: Shutting down and abandoning module ImgMedia (364)
[2019.03.28-00.08.15:508][659]LogModuleManager: Shutting down and abandoning module HTML5Networking (362)
[2019.03.28-00.08.15:508][659]LogModuleManager: Shutting down and abandoning module GeometryCacheTracks (360)
[2019.03.28-00.08.15:508][659]LogModuleManager: Shutting down and abandoning module GeometryCacheSequencer (358)
[2019.03.28-00.08.15:508][659]LogModuleManager: Shutting down and abandoning module BackChannel (356)
[2019.03.28-00.08.15:508][659]LogModuleManager: Shutting down and abandoning module AppleVision (354)
[2019.03.28-00.08.15:508][659]LogModuleManager: Shutting down and abandoning module AppleImageUtils (352)
[2019.03.28-00.08.15:508][659]LogModuleManager: Shutting down and abandoning module AlembicImporter (350)
[2019.03.28-00.08.15:508][659]LogModuleManager: Shutting down and abandoning module AlembicLibrary (349)
[2019.03.28-00.08.15:508][659]LogModuleManager: Shutting down and abandoning module GeometryCache (348)
[2019.03.28-00.08.15:508][659]LogModuleManager: Shutting down and abandoning module GeometryCacheEd (347)
[2019.03.28-00.08.15:508][659]LogModuleManager: Shutting down and abandoning module DatasmithContentEditor (342)
[2019.03.28-00.08.15:508][659]LogModuleManager: Shutting down and abandoning module DatasmithContent (340)
[2019.03.28-00.08.15:509][659]LogModuleManager: Shutting down and abandoning module SpeedTreeImporter (338)
[2019.03.28-00.08.15:509][659]LogModuleManager: Shutting down and abandoning module PluginBrowser (336)
[2019.03.28-00.08.15:509][659]LogModuleManager: Shutting down and abandoning module MobileLauncherProfileWizard (334)
[2019.03.28-00.08.15:509][659]LogModuleManager: Shutting down and abandoning module PolygonModeling (332)
[2019.03.28-00.08.15:509][659]LogModuleManager: Shutting down and abandoning module MeshEditor (330)
[2019.03.28-00.08.15:509][659]LogModuleManager: Shutting down and abandoning module CryptoKeysOpenSSL (328)
[2019.03.28-00.08.15:509][659]LogModuleManager: Shutting down and abandoning module CryptoKeys (326)
[2019.03.28-00.08.15:509][659]LogModuleManager: Shutting down and abandoning module VisualStudioSourceCodeAccess (324)
[2019.03.28-00.08.15:509][659]LogModuleManager: Shutting down and abandoning module VisualStudioCodeSourceCodeAccess (322)
[2019.03.28-00.08.15:509][659]LogModuleManager: Shutting down and abandoning module UObjectPlugin (320)
[2019.03.28-00.08.15:509][659]LogModuleManager: Shutting down and abandoning module SubversionSourceControl (318)
[2019.03.28-00.08.15:509][659]LogModuleManager: Shutting down and abandoning module PerforceSourceControl (316)
[2019.03.28-00.08.15:509][659]LogModuleManager: Shutting down and abandoning module GitSourceControl (314)
[2019.03.28-00.08.15:509][659]LogModuleManager: Shutting down and abandoning module SourceControl (313)
[2019.03.28-00.08.15:509][659]LogModuleManager: Shutting down and abandoning module CLionSourceCodeAccess (310)
[2019.03.28-00.08.15:509][659]LogModuleManager: Shutting down and abandoning module LightPropagationVolumeEditor (308)
[2019.03.28-00.08.15:509][659]LogModuleManager: Shutting down and abandoning module PaperTiledImporter (306)
[2019.03.28-00.08.15:509][659]LogModuleManager: Shutting down and abandoning module PaperSpriteSheetImporter (304)
[2019.03.28-00.08.15:509][659]LogModuleManager: Shutting down and abandoning module Paper2DEditor (302)
[2019.03.28-00.08.15:509][659]LogModuleManager: Shutting down and abandoning module MeshPaint (301)
[2019.03.28-00.08.15:509][659]LogModuleManager: Shutting down and abandoning module RuntimePhysXCooking (298)
[2019.03.28-00.08.15:509][659]LogModuleManager: Shutting down and abandoning module PhysXVehiclesEditor (296)
[2019.03.28-00.08.15:509][659]LogModuleManager: Shutting down and abandoning module PhysXVehicles (294)
[2019.03.28-00.08.15:509][659]LogModuleManager: Shutting down and abandoning module OculusEditor (292)
[2019.03.28-00.08.15:509][659]LogModuleManager: Shutting down and abandoning module LocationServicesBPLibrary (290)
[2019.03.28-00.08.15:509][659]LogModuleManager: Shutting down and abandoning module ImmediatePhysicsEditor (288)
[2019.03.28-00.08.15:509][659]LogModuleManager: Shutting down and abandoning module ImmediatePhysics (286)
[2019.03.28-00.08.15:509][659]LogModuleManager: Shutting down and abandoning module ActorSequence (284)
[2019.03.28-00.08.15:509][659]LogModuleManager: Shutting down and abandoning module UdpMessaging (282)
[2019.03.28-00.08.15:656][659]LogModuleManager: Shutting down and abandoning module TcpMessaging (280)
[2019.03.28-00.08.15:757][659]LogModuleManager: Shutting down and abandoning module MagicLeapAudio (278)
[2019.03.28-00.08.15:757][659]LogModuleManager: Shutting down and abandoning module GameplayTagsEditor (276)
[2019.03.28-00.08.15:757][659]LogModuleManager: Shutting down and abandoning module FacialAnimationEditor (274)
[2019.03.28-00.08.15:757][659]LogModuleManager: Shutting down and abandoning module FacialAnimation (272)
[2019.03.28-00.08.15:757][659]LogModuleManager: Shutting down and abandoning module DataValidation (270)
[2019.03.28-00.08.15:757][659]LogModuleManager: Shutting down and abandoning module AssetManagerEditor (268)
[2019.03.28-00.08.15:757][659]LogModuleManager: Shutting down and abandoning module LevelEditor (267)
[2019.03.28-00.08.15:757][659]LogModuleManager: Shutting down and abandoning module PixelInspectorModule (266)
[2019.03.28-00.08.15:757][659]LogModuleManager: Shutting down and abandoning module CommonMenuExtensions (264)
[2019.03.28-00.08.15:758][659]LogModuleManager: Shutting down and abandoning module MainFrame (262)
[2019.03.28-00.08.15:758][659]LogModuleManager: Shutting down and abandoning module HotReload (261)
[2019.03.28-00.08.15:758][659]LogModuleManager: Shutting down and abandoning module ContentBrowser (257)
[2019.03.28-00.08.15:759][659]LogModuleManager: Shutting down and abandoning module TreeMap (255)
[2019.03.28-00.08.15:759][659]LogModuleManager: Shutting down and abandoning module LightPropagationVolumeRuntime (252)
[2019.03.28-00.08.15:759][659]LogModuleManager: Shutting down and abandoning module AISupportModule (250)
[2019.03.28-00.08.15:759][659]LogModuleManager: Shutting down and abandoning module Paper2D (248)
[2019.03.28-00.08.15:759][659]LogModuleManager: Shutting down and abandoning module WindowsMoviePlayer (246)
[2019.03.28-00.08.15:759][659]LogModuleManager: Shutting down and abandoning module WmfMedia (244)
[2019.03.28-00.08.15:760][659]LogModuleManager: Shutting down and abandoning module Media (243)
[2019.03.28-00.08.15:766][659]LogModuleManager: Shutting down and abandoning module PacketHandler (240)
[2019.03.28-00.08.15:766][659]LogModuleManager: Shutting down and abandoning module ClothingSystemEditor (238)
[2019.03.28-00.08.15:766][659]LogModuleManager: Shutting down and abandoning module ClothingSystemRuntime (236)
[2019.03.28-00.08.15:766][659]LogModuleManager: Shutting down and abandoning module MediaAssets (234)
[2019.03.28-00.08.15:766][659]LogModuleManager: Shutting down and abandoning module Overlay (232)
[2019.03.28-00.08.15:766][659]LogModuleManager: Shutting down and abandoning module OverlayEditor (231)
[2019.03.28-00.08.15:766][659]LogModuleManager: Shutting down and abandoning module VREditor (228)
[2019.03.28-00.08.15:766][659]LogModuleManager: Shutting down and abandoning module StringTableEditor (226)
[2019.03.28-00.08.15:766][659]LogModuleManager: Shutting down and abandoning module GameplayTasksEditor (224)
[2019.03.28-00.08.15:766][659]LogModuleManager: Shutting down and abandoning module BehaviorTreeEditor (222)
[2019.03.28-00.08.15:766][659]LogModuleManager: Shutting down and abandoning module FunctionalTesting (220)
[2019.03.28-00.08.15:766][659]LogModuleManager: Shutting down and abandoning module CollisionAnalyzer (218)
[2019.03.28-00.08.15:766][659]LogModuleManager: Shutting down and abandoning module WorkspaceMenuStructure (217)
[2019.03.28-00.08.15:766][659]LogModuleManager: Shutting down and abandoning module UMG (214)
[2019.03.28-00.08.15:766][659]LogModuleManager: Shutting down and abandoning module UMGEditor (213)
[2019.03.28-00.08.15:766][659]LogModuleManager: Shutting down and abandoning module Sequencer (212)
[2019.03.28-00.08.15:767][659]LogModuleManager: Shutting down and abandoning module MessageLog (209)
[2019.03.28-00.08.15:767][659]LogModuleManager: Shutting down and abandoning module SlateReflector (204)
[2019.03.28-00.08.15:767][659]LogModuleManager: Shutting down and abandoning module Slate (202)
[2019.03.28-00.08.15:767][659]LogModuleManager: Shutting down and abandoning module EditorStyle (200)
[2019.03.28-00.08.15:768][659]LogModuleManager: Shutting down and abandoning module MRMesh (198)
[2019.03.28-00.08.15:768][659]LogModuleManager: Shutting down and abandoning module SourceCodeAccess (196)
[2019.03.28-00.08.15:768][659]LogModuleManager: Shutting down and abandoning module HeadMountedDisplay (194)
[2019.03.28-00.08.15:768][659]LogModuleManager: Shutting down and abandoning module XAudio2 (192)
[2019.03.28-00.08.15:768][659]LogModuleManager: Shutting down and abandoning module Networking (190)
[2019.03.28-00.08.15:768][659]LogModuleManager: Shutting down and abandoning module Core (188)
[2019.03.28-00.08.15:768][659]LogModuleManager: Shutting down and abandoning module LevelSequence (186)
[2019.03.28-00.08.15:768][659]LogModuleManager: Shutting down and abandoning module KismetCompiler (184)
[2019.03.28-00.08.15:768][659]LogModuleManager: Shutting down and abandoning module MeshUtilities (182)
[2019.03.28-00.08.15:768][659]LogModuleManager: Shutting down and abandoning module MeshMergeUtilities (181)
[2019.03.28-00.08.15:768][659]LogModuleManager: Shutting down and abandoning module MeshReductionInterface (180)
[2019.03.28-00.08.15:768][659]LogModuleManager: Shutting down and abandoning module SimplygonSwarm (179)
[2019.03.28-00.08.15:768][659]LogModuleManager: Shutting down and abandoning module ProxyLODMeshReduction (177)
[2019.03.28-00.08.15:768][659]LogModuleManager: Shutting down and abandoning module SimplygonMeshReduction (175)
[2019.03.28-00.08.15:768][659]LogModuleManager: Shutting down and abandoning module QuadricMeshReduction (173)
[2019.03.28-00.08.15:768][659]LogModuleManager: Shutting down and abandoning module MaterialBaking (169)
[2019.03.28-00.08.15:768][659]LogModuleManager: Shutting down and abandoning module DirectoryWatcher (165)
[2019.03.28-00.08.15:769][659]LogModuleManager: Shutting down and abandoning module DerivedDataCache (162)
[2019.03.28-00.08.15:773][659]LogDerivedDataCache: Shutdown
[2019.03.28-00.08.15:773][659]LogModuleManager: Shutting down and abandoning module XGEController (160)
[2019.03.28-00.08.15:773][659]LogModuleManager: Shutting down and abandoning module TargetPlatform (158)
[2019.03.28-00.08.15:773][659]LogModuleManager: Shutting down and abandoning module VulkanShaderFormat (157)
[2019.03.28-00.08.15:773][659]LogModuleManager: Shutting down and abandoning module ShaderFormatVectorVM (155)
[2019.03.28-00.08.15:773][659]LogModuleManager: Shutting down and abandoning module ShaderFormatOpenGL (153)
[2019.03.28-00.08.15:773][659]LogModuleManager: Shutting down and abandoning module ShaderFormatD3D (151)
[2019.03.28-00.08.15:773][659]LogModuleManager: Shutting down and abandoning module MetalShaderFormat (149)
[2019.03.28-00.08.15:773][659]LogModuleManager: Shutting down and abandoning module TextureFormatUncompressed (147)
[2019.03.28-00.08.15:773][659]LogModuleManager: Shutting down and abandoning module TextureFormatPVR (145)
[2019.03.28-00.08.15:773][659]LogModuleManager: Shutting down and abandoning module TextureFormatDXT (143)
[2019.03.28-00.08.15:773][659]LogModuleManager: Shutting down and abandoning module TextureFormatIntelISPCTexComp (141)
[2019.03.28-00.08.15:773][659]LogModuleManager: Shutting down and abandoning module TextureFormatASTC (139)
[2019.03.28-00.08.15:773][659]LogModuleManager: Shutting down and abandoning module ImageWrapper (138)
[2019.03.28-00.08.15:773][659]LogModuleManager: Shutting down and abandoning module TextureFormatAndroid (135)
[2019.03.28-00.08.15:773][659]LogModuleManager: Shutting down and abandoning module AudioFormatOpus (133)
[2019.03.28-00.08.15:773][659]LogModuleManager: Shutting down and abandoning module AudioFormatOgg (131)
[2019.03.28-00.08.15:774][659]LogModuleManager: Shutting down and abandoning module AudioFormatADPCM (129)
[2019.03.28-00.08.15:774][659]LogModuleManager: Shutting down and abandoning module LuminTargetPlatform (127)
[2019.03.28-00.08.15:774][659]LogModuleManager: Shutting down and abandoning module LinuxTargetPlatform (125)
[2019.03.28-00.08.15:774][659]LogModuleManager: Shutting down and abandoning module LinuxServerTargetPlatform (123)
[2019.03.28-00.08.15:774][659]LogModuleManager: Shutting down and abandoning module LinuxNoEditorTargetPlatform (121)
[2019.03.28-00.08.15:774][659]LogModuleManager: Shutting down and abandoning module LinuxClientTargetPlatform (119)
[2019.03.28-00.08.15:774][659]LogModuleManager: Shutting down and abandoning module TVOSTargetPlatform (117)
[2019.03.28-00.08.15:774][659]LogModuleManager: Shutting down and abandoning module Messaging (115)
[2019.03.28-00.08.15:774][659]LogModuleManager: Shutting down and abandoning module IOSTargetPlatform (113)
[2019.03.28-00.08.15:775][659]LogModuleManager: Shutting down and abandoning module HTML5TargetPlatform (111)
[2019.03.28-00.08.15:775][659]LogModuleManager: Shutting down and abandoning module AndroidTargetPlatform (109)
[2019.03.28-00.08.15:780][659]LogModuleManager: Shutting down and abandoning module WindowsTargetPlatform (107)
[2019.03.28-00.08.15:780][659]LogModuleManager: Shutting down and abandoning module WindowsServerTargetPlatform (105)
[2019.03.28-00.08.15:780][659]LogModuleManager: Shutting down and abandoning module WindowsNoEditorTargetPlatform (103)
[2019.03.28-00.08.15:780][659]LogModuleManager: Shutting down and abandoning module WindowsClientTargetPlatform (101)
[2019.03.28-00.08.15:780][659]LogModuleManager: Shutting down and abandoning module MacTargetPlatform (99)
[2019.03.28-00.08.15:780][659]LogModuleManager: Shutting down and abandoning module MacServerTargetPlatform (97)
[2019.03.28-00.08.15:780][659]LogModuleManager: Shutting down and abandoning module MacNoEditorTargetPlatform (95)
[2019.03.28-00.08.15:780][659]LogModuleManager: Shutting down and abandoning module MacClientTargetPlatform (93)
[2019.03.28-00.08.15:780][659]LogModuleManager: Shutting down and abandoning module AllDesktopTargetPlatform (91)
[2019.03.28-00.08.15:780][659]LogModuleManager: Shutting down and abandoning module InputCore (88)
[2019.03.28-00.08.15:780][659]LogModuleManager: Shutting down and abandoning module Settings (86)
[2019.03.28-00.08.15:780][659]LogModuleManager: Shutting down and abandoning module PhysXCooking (84)
[2019.03.28-00.08.15:780][659]LogModuleManager: Shutting down and abandoning module OculusHMD (82)
[2019.03.28-00.08.15:780][659]LogModuleManager: Shutting down and abandoning module ExampleDeviceProfileSelector (80)
[2019.03.28-00.08.15:780][659]LogModuleManager: Shutting down and abandoning module LauncherChunkInstaller (78)
[2019.03.28-00.08.15:780][659]LogModuleManager: Shutting down and abandoning module OnlineBlueprintSupport (76)
[2019.03.28-00.08.15:780][659]LogModuleManager: Shutting down and abandoning module OnlineSubsystem (72)
[2019.03.28-00.08.15:781][659]LogModuleManager: Shutting down and abandoning module XMPP (65)
[2019.03.28-00.08.15:781][659]LogModuleManager: Shutting down and abandoning module WebSockets (64)
[2019.03.28-00.08.15:784][659]LogModuleManager: Shutting down and abandoning module HTTP (61)
[2019.03.28-00.08.15:785][659]LogHttp: Display: Http module shutting down, but needs to wait on 1 outstanding Http requests:
[2019.03.28-00.08.15:785][659]LogHttp: Display: 	verb=[POST] url=[https://datarouter.ol.epicgames.com/datarouter/api/v1/public/data?SessionID=%7BA0AED740-4972-186B-50AA-289DF90C1861%7D&AppID=UEEditor.Rocket.Release&AppVersion=4.20.3-4369336%2B%2B%2BUE4%2BRelease-4.20&UserID=ef7d3e5243b422bdb3e40685b0484be6%7Ce13323db472b437e907144303bb07345%7Ced5ede0c-5b4e-4ea3-a6ef-8328b47ebf76&AppEnvironment=datacollector-binary&UploadType=eteventstream] status=Processing
[2019.03.28-00.08.15:814][659]LogModuleManager: Shutting down and abandoning module SSL (60)
[2019.03.28-00.08.15:815][659]LogModuleManager: Shutting down and abandoning module MagicLeapEmulator (56)
[2019.03.28-00.08.15:815][659]LogModuleManager: Shutting down and abandoning module MagicLeapPrivileges (54)
[2019.03.28-00.08.15:815][659]LogModuleManager: Shutting down and abandoning module MagicLeapIdentity (52)
[2019.03.28-00.08.15:815][659]LogModuleManager: Shutting down and abandoning module MagicLeapHelperVulkan (50)
[2019.03.28-00.08.15:815][659]LogModuleManager: Shutting down and abandoning module MagicLeapHelperOpenGL (48)
[2019.03.28-00.08.15:815][659]LogModuleManager: Shutting down and abandoning module MagicLeapSecureStorage (46)
[2019.03.28-00.08.15:815][659]LogModuleManager: Shutting down and abandoning module MagicLeapGestures (44)
[2019.03.28-00.08.15:815][659]LogModuleManager: Shutting down and abandoning module MagicLeapEyeTracker (42)
[2019.03.28-00.08.15:815][659]LogModuleManager: Shutting down and abandoning module MagicLeapController (40)
[2019.03.28-00.08.15:815][659]LogSlate: Slate User Destroyed.  User Index 0, Is Virtual User: 0
[2019.03.28-00.08.15:816][659]LogModuleManager: Shutting down and abandoning module MagicLeap (38)
[2019.03.28-00.08.15:816][659]LogModuleManager: Shutting down and abandoning module AnimationModifiers (36)
[2019.03.28-00.08.15:816][659]LogModuleManager: Shutting down and abandoning module PropertyEditor (35)
[2019.03.28-00.08.15:816][659]LogModuleManager: Shutting down and abandoning module AudioEditor (32)
[2019.03.28-00.08.15:816][659]LogModuleManager: Shutting down and abandoning module TextureCompressor (30)
[2019.03.28-00.08.15:816][659]LogModuleManager: Shutting down and abandoning module ShaderCore (28)
[2019.03.28-00.08.15:816][659]LogModuleManager: Shutting down and abandoning module Landscape (26)
[2019.03.28-00.08.15:816][659]LogModuleManager: Shutting down and abandoning module SlateRHIRenderer (24)
[2019.03.28-00.08.15:817][659]LogModuleManager: Shutting down and abandoning module OpenGLDrv (22)
[2019.03.28-00.08.15:817][659]LogModuleManager: Shutting down and abandoning module D3D11RHI (20)
[2019.03.28-00.08.15:817][659]LogModuleManager: Shutting down and abandoning module AnimGraphRuntime (18)
[2019.03.28-00.08.15:817][659]LogModuleManager: Shutting down and abandoning module Renderer (16)
[2019.03.28-00.08.15:817][659]LogModuleManager: Shutting down and abandoning module Engine (14)
[2019.03.28-00.08.15:817][659]LogModuleManager: Shutting down and abandoning module CoreUObject (12)
[2019.03.28-00.08.15:817][659]LogModuleManager: Shutting down and abandoning module NetworkFile (10)
[2019.03.28-00.08.15:817][659]LogModuleManager: Shutting down and abandoning module CookedIterativeFile (8)
[2019.03.28-00.08.15:817][659]LogModuleManager: Shutting down and abandoning module StreamingFile (6)
[2019.03.28-00.08.15:817][659]LogModuleManager: Shutting down and abandoning module SandboxFile (4)
[2019.03.28-00.08.15:817][659]LogModuleManager: Shutting down and abandoning module PakFile (2)
[2019.03.28-00.08.15:821][659]LogExit: Exiting.
[2019.03.28-00.08.15:828][659]Log file closed, 03/28/19 01:08:15
