Log file open, 02/04/19 17:27:27
LogWindows: Failed to load 'aqProf.dll' (GetLastError=126)
LogWindows: File 'aqProf.dll' does not exist
LogWindows: Failed to load 'VtuneApi.dll' (GetLastError=126)
LogWindows: File 'VtuneApi.dll' does not exist
LogWindows: Failed to load 'VtuneApi32e.dll' (GetLastError=126)
LogWindows: File 'VtuneApi32e.dll' does not exist
LogInit: Display: Running engine without a game
LogPlatformFile: Not using cached read wrapper
LogInit: Display: Loading recent project file: C:/Users/Malo/Documents/GitHub/ProjetsHub2018/FPSUnreal/PeopleWithGuns/PeopleWithGuns.uproject
LogTaskGraph: Started task graph with 5 named threads and 11 total threads with 3 sets of task threads.
LogStats: Stats thread started at 0.832924
LogD3D11RHI: Loaded GFSDK_Aftermath_Lib.x64.dll
LogICUInternationalization: Display: ICU TimeZone Detection - Raw Offset: +1:00, Platform Override: ''
LogPluginManager: Mounting plugin Paper2D
LogPluginManager: Mounting plugin AISupport
LogPluginManager: Mounting plugin LightPropagationVolume
LogPluginManager: Mounting plugin CLionSourceCodeAccess
LogPluginManager: Mounting plugin CodeLiteSourceCodeAccess
LogPluginManager: Mounting plugin GitSourceControl
LogPluginManager: Mounting plugin KDevelopSourceCodeAccess
LogPluginManager: Mounting plugin NullSourceCodeAccess
LogPluginManager: Mounting plugin PerforceSourceControl
LogPluginManager: Mounting plugin SubversionSourceControl
LogPluginManager: Mounting plugin UObjectPlugin
LogPluginManager: Mounting plugin VisualStudioCodeSourceCodeAccess
LogPluginManager: Mounting plugin VisualStudioSourceCodeAccess
LogPluginManager: Mounting plugin XCodeSourceCodeAccess
LogPluginManager: Mounting plugin AssetManagerEditor
LogPluginManager: Mounting plugin CryptoKeys
LogPluginManager: Mounting plugin DataValidation
LogPluginManager: Mounting plugin FacialAnimation
LogPluginManager: Mounting plugin GameplayTagsEditor
LogPluginManager: Mounting plugin MacGraphicsSwitching
LogPluginManager: Mounting plugin MeshEditor
LogPluginManager: Mounting plugin MobileLauncherProfileWizard
LogPluginManager: Mounting plugin PluginBrowser
LogPluginManager: Mounting plugin SpeedTreeImporter
LogPluginManager: Mounting plugin DatasmithContent
LogPluginManager: Mounting plugin AlembicImporter
LogPluginManager: Mounting plugin AppleImageUtils
LogPluginManager: Mounting plugin AppleVision
LogPluginManager: Mounting plugin BackChannel
LogPluginManager: Mounting plugin CharacterAI
LogPluginManager: Mounting plugin GeometryCache
LogPluginManager: Mounting plugin HTML5Networking
LogPluginManager: Mounting plugin ProxyLODPlugin
LogPluginManager: Mounting plugin MagicLeap
LogPluginManager: Mounting plugin MagicLeapEmulator
LogPluginManager: Mounting plugin MagicLeapMedia
LogPluginManager: Mounting plugin AndroidMedia
LogPluginManager: Mounting plugin AvfMedia
LogPluginManager: Mounting plugin ImgMedia
LogPluginManager: Mounting plugin LinearTimecode
LogPluginManager: Mounting plugin MediaCompositing
LogPluginManager: Mounting plugin MediaPlayerEditor
LogPluginManager: Mounting plugin WmfMedia
LogPluginManager: Mounting plugin TcpMessaging
LogPluginManager: Mounting plugin UdpMessaging
LogPluginManager: Mounting plugin ActorSequence
LogPluginManager: Mounting plugin LevelSequenceEditor
LogPluginManager: Mounting plugin MatineeToLevelSequence
LogPluginManager: Mounting plugin NetcodeUnitTest
LogPluginManager: Mounting plugin NUTUnrealEngine4
LogPluginManager: Mounting plugin OnlineSubsystemGooglePlay
LogPluginManager: Mounting plugin OnlineSubsystemIOS
LogPluginManager: Mounting plugin OnlineSubsystem
LogPluginManager: Mounting plugin OnlineSubsystemNull
LogPluginManager: Mounting plugin OnlineSubsystemSteam
LogPluginManager: Mounting plugin OnlineSubsystemUtils
LogPluginManager: Mounting plugin LauncherChunkInstaller
LogPluginManager: Mounting plugin AndroidDeviceProfileSelector
LogPluginManager: Mounting plugin AndroidMoviePlayer
LogPluginManager: Mounting plugin AndroidPermission
LogPluginManager: Mounting plugin AppleMoviePlayer
LogPluginManager: Mounting plugin ArchVisCharacter
LogPluginManager: Mounting plugin AudioCapture
LogPluginManager: Mounting plugin CableComponent
LogPluginManager: Mounting plugin CustomMeshComponent
LogPluginManager: Mounting plugin EditableMesh
LogPluginManager: Mounting plugin ExampleDeviceProfileSelector
LogPluginManager: Mounting plugin GoogleCloudMessaging
LogPluginManager: Mounting plugin ImmediatePhysics
LogPluginManager: Mounting plugin IOSDeviceProfileSelector
LogPluginManager: Mounting plugin LinuxDeviceProfileSelector
LogPluginManager: Mounting plugin LocationServicesBPLibrary
LogPluginManager: Mounting plugin MobilePatchingUtils
LogPluginManager: Mounting plugin OculusVR
LogPluginManager: Plugin shader directory ../../../Engine/Plugins/Runtime/Oculus/OculusVR/Shaders found
LogPluginManager: Mapping shader source directory ../../../Engine/Plugins/Runtime/Oculus/OculusVR/Shaders to virtual directory /Plugin/OculusVR
LogPluginManager: Mounting plugin PhysXVehicles
LogPluginManager: Mounting plugin ProceduralMeshComponent
LogPluginManager: Mounting plugin RuntimePhysXCooking
LogPluginManager: Mounting plugin SteamVR
LogPluginManager: Mounting plugin WindowsMoviePlayer
LogStreaming: Display: Took  0.280s to configure plugins.
LogInit: Using libcurl 7.55.1-DEV
LogInit:  - built for x86_64-pc-win32
LogInit:  - supports SSL with OpenSSL/1.0.2h
LogInit:  - supports HTTP deflate (compression) using libz 1.2.8
LogInit:  - other features:
LogInit:      CURL_VERSION_SSL
LogInit:      CURL_VERSION_LIBZ
LogInit:      CURL_VERSION_IPV6
LogInit:      CURL_VERSION_ASYNCHDNS
LogInit:      CURL_VERSION_LARGEFILE
LogInit:      CURL_VERSION_IDN
LogInit:  CurlRequestOptions (configurable via config and command line):
LogInit:  - bVerifyPeer = false  - Libcurl will NOT verify peer certificate
LogInit:  - bUseHttpProxy = false  - Libcurl will NOT use HTTP proxy
LogInit:  - bDontReuseConnections = false  - Libcurl will reuse connections
LogInit:  - CertBundlePath = nullptr  - Libcurl will use whatever was configured at build time.
LogInit:  - MaxHostConnections = 16  - Libcurl will limit the number of connections to a host
LogInit:  - LocalHostAddr = Default
LogInit:  - BufferSize = 65536
LogOnline: Display: STEAM: Loading Steam SDK 1.39
LogWindows: Failed to load '../../../Engine/Binaries/ThirdParty/Steamworks/Steamv139/Win64/steam_api64.dll' (GetLastError=126)
LogWindows: File '../../../Engine/Binaries/ThirdParty/Steamworks/Steamv139/Win64/steam_api64.dll' does not exist
LogOnline: Warning: STEAM: Steam SDK 1.39 libraries not present at ../../../Engine/Binaries/ThirdParty/Steamworks/Steamv139/Win64/ or failed to load!
LogInit: WinSock: version 1.1 (2.2), MaxSocks=32767, MaxUdp=65467
LogInit: Build: ++UE4+Release-4.20-CL-4369336
LogInit: Engine Version: 4.20.3-4369336+++UE4+Release-4.20
LogInit: Compatible Engine Version: 4.20.0-4212847+++UE4+Release-4.20
LogInit: Net CL: 4212847
LogInit: OS: Windows 10 (), CPU: Intel(R) Core(TM) i7-6500U CPU @ 2.50GHz, GPU: Intel(R) HD Graphics 520
LogInit: Compiled (64-bit): Sep 17 2018 12:26:19
LogInit: Compiled with Visual C++: 19.13.26129.00
LogInit: Build Configuration: Development
LogInit: Branch Name: ++UE4+Release-4.20
LogInit: Command Line: -EpicPortal  -epicusername="Hookibibi" -epicuserid=e13323db472b437e907144303bb07345 -epiclocale=fr-FR
LogInit: Base Directory: R:/UE_4.20/Engine/Binaries/Win64/
LogInit: Installed Engine Build: 1
LogDevObjectVersion: Number of dev versions registered: 20
LogDevObjectVersion:   Dev-Blueprints (B0D832E4-1F89-4F0D-ACCF-7EB736FD4AA2): 10
LogDevObjectVersion:   Dev-Build (E1C64328-A22C-4D53-A36C-8E866417BD8C): 0
LogDevObjectVersion:   Dev-Core (375EC13C-06E4-48FB-B500-84F0262A717E): 2
LogDevObjectVersion:   Dev-Editor (E4B068ED-F494-42E9-A231-DA0B2E46BB41): 24
LogDevObjectVersion:   Dev-Framework (CFFC743F-43B0-4480-9391-14DF171D2073): 34
LogDevObjectVersion:   Dev-Mobile (B02B49B5-BB20-44E9-A304-32B752E40360): 2
LogDevObjectVersion:   Dev-Networking (A4E4105C-59A1-49B5-A7C5-40C4547EDFEE): 0
LogDevObjectVersion:   Dev-Online (39C831C9-5AE6-47DC-9A44-9C173E1C8E7C): 0
LogDevObjectVersion:   Dev-Physics (78F01B33-EBEA-4F98-B9B4-84EACCB95AA2): 0
LogDevObjectVersion:   Dev-Platform (6631380F-2D4D-43E0-8009-CF276956A95A): 0
LogDevObjectVersion:   Dev-Rendering (12F88B9F-8875-4AFC-A67C-D90C383ABD29): 26
LogDevObjectVersion:   Dev-Sequencer (7B5AE74C-D270-4C10-A958-57980B212A5A): 9
LogDevObjectVersion:   Dev-VR (D7296918-1DD6-4BDD-9DE2-64A83CC13884): 2
LogDevObjectVersion:   Dev-LoadTimes (C2A15278-BFE7-4AFE-6C17-90FF531DF755): 1
LogDevObjectVersion:   Private-Geometry (6EACA3D4-40EC-4CC1-B786-8BED09428FC5): 3
LogDevObjectVersion:   Dev-AnimPhys (29E575DD-E0A3-4627-9D10-D276232CDCEA): 17
LogDevObjectVersion:   Dev-ReflectionCapture (6B266CEC-1EC7-4B8F-A30B-E4D90942FC07): 1
LogDevObjectVersion:   Dev-Automation (0DF73D61-A23F-47EA-B727-89E90C41499A): 1
LogDevObjectVersion:   FortniteMain (601D1886-AC64-4F84-AA16-D3DE0DEAC7D6): 12
LogDevObjectVersion:   Dev-Enterprise (9DFFBCD6-494F-0158-E221-12823C92A888): 1
LogStreaming: Display: Took  0.006s to delete old logs.
LogInit: Presizing for max 8388607 objects, including 0 objects not considered by GC, pre-allocating 0 bytes for permanent pool.
LogInit: Object subsystem initialized
[2019.02.04-16.27.29:444][  0]LogInit: Selected Device Profile: [Windows]
[2019.02.04-16.27.29:444][  0]LogInit: Applying CVar settings loaded from the selected device profile: [Windows]
[2019.02.04-16.27.29:497][  0]LogHAL: Display: Platform has ~ 8 GB [8464732160 / 8589934592 / 8], which maps to Default [LargestMinGB=32, LargerMinGB=12, DefaultMinGB=8, SmallerMinGB=6, SmallestMinGB=0)
[2019.02.04-16.27.29:499][  0]LogInit: Setting Device Profile CVar: [[r.Vulkan.UseRealUBs:1]]
[2019.02.04-16.27.29:499][  0]LogInit: Going up to parent DeviceProfile []
[2019.02.04-16.27.29:512][  0]LogInit: Computer: DESKTOP-FT66DED
[2019.02.04-16.27.29:512][  0]LogInit: User: Malo
[2019.02.04-16.27.29:512][  0]LogInit: CPU Page size=4096, Cores=2
[2019.02.04-16.27.29:512][  0]LogInit: High frequency timer resolution =10.000000 MHz
[2019.02.04-16.27.29:513][  0]LogMemory: Memory total: Physical=7.9GB (8GB approx)
[2019.02.04-16.27.29:513][  0]LogMemory: Platform Memory Stats for Windows
[2019.02.04-16.27.29:513][  0]LogMemory: Process Physical Memory: 100.47 MB used, 100.47 MB peak
[2019.02.04-16.27.29:513][  0]LogMemory: Process Virtual Memory: 84.27 MB used, 84.27 MB peak
[2019.02.04-16.27.29:513][  0]LogMemory: Physical Memory: 4898.54 MB used,  3174.06 MB free, 8072.60 MB total
[2019.02.04-16.27.29:513][  0]LogMemory: Virtual Memory: 4617.88 MB used,  3174.06 MB free, 134217728.00 MB total
[2019.02.04-16.27.29:884][  0]LogInit: Using OS detected language (fr-FR).
[2019.02.04-16.27.29:884][  0]LogInit: Using OS detected locale (fr-FR).
[2019.02.04-16.27.29:890][  0]LogTextLocalizationManager: No specific localization for 'fr-FR' exists, so the 'fr' localization will be used.
[2019.02.04-16.27.29:950][  0]LogStreaming: Display: Took  0.066s to InitEngineTextLocalization.
[2019.02.04-16.27.29:951][  0]LogInit: Setting process to per monitor DPI aware
[2019.02.04-16.27.30:128][  0]LogSlate: New Slate User Created.  User Index 0, Is Virtual User: 0
[2019.02.04-16.27.30:128][  0]LogSlate: Slate User Registered.  User Index 0, Is Virtual User: 0
[2019.02.04-16.27.35:513][  0]LogHMD: Failed to initialize OpenVR with code 100
[2019.02.04-16.27.35:513][  0]LogD3D11RHI: D3D11 adapters:
[2019.02.04-16.27.35:534][  0]LogD3D11RHI:    0. 'Intel(R) HD Graphics 520' (Feature Level 11_0)
[2019.02.04-16.27.35:534][  0]LogD3D11RHI:       128/0/4036 MB DedicatedVideo/DedicatedSystem/SharedSystem, Outputs:1, VendorId:0x8086
[2019.02.04-16.27.35:549][  0]LogD3D11RHI:    1. 'Microsoft Basic Render Driver' (Feature Level 11_0)
[2019.02.04-16.27.35:549][  0]LogD3D11RHI:       0/0/4036 MB DedicatedVideo/DedicatedSystem/SharedSystem, Outputs:0, VendorId:0x1414
[2019.02.04-16.27.35:549][  0]LogD3D11RHI: Chosen D3D11 Adapter: 0
[2019.02.04-16.27.35:562][  0]LogD3D11RHI: Creating new Direct3DDevice
[2019.02.04-16.27.35:562][  0]LogD3D11RHI:     GPU DeviceId: 0x1916 (for the marketing name, search the web for "GPU Device Id")
[2019.02.04-16.27.35:563][  0]LogWindows: EnumDisplayDevices:
[2019.02.04-16.27.35:563][  0]LogWindows:    0. 'Intel(R) HD Graphics 520' (P:1 D:1)
[2019.02.04-16.27.35:563][  0]LogWindows:    1. 'Intel(R) HD Graphics 520' (P:0 D:0)
[2019.02.04-16.27.35:564][  0]LogWindows:    2. 'Intel(R) HD Graphics 520' (P:0 D:0)
[2019.02.04-16.27.35:565][  0]LogWindows: DebugString: FoundDriverCount:3 
[2019.02.04-16.27.35:565][  0]LogD3D11RHI:     Adapter Name: Intel(R) HD Graphics 520
[2019.02.04-16.27.35:565][  0]LogD3D11RHI:   Driver Version: 22.20.16.4771 (internal:22.20.16.4771, unified:22.20.16.4771)
[2019.02.04-16.27.35:565][  0]LogD3D11RHI:      Driver Date: 8-13-2017
[2019.02.04-16.27.35:565][  0]LogRHI: Texture pool is 1502 MB (70% of 2146 MB)
[2019.02.04-16.27.35:579][  0]LogD3D11RHI: Async texture creation enabled
[2019.02.04-16.27.35:636][  0]LogD3D11RHI: GPU Timing Frequency: 12.000000 (Debug: 2 0)
[2019.02.04-16.27.35:643][  0]LogShaderCompilers: Guid format shader working directory is -25 characters bigger than the processId version (C:/Users/Malo/Documents/GitHub/ProjetsHub2018/FPSUnreal/PeopleWithGuns/Intermediate/Shaders/WorkingDirectory/8992/).
[2019.02.04-16.27.35:643][  0]LogShaderCompilers: Cleaned the shader compiler working directory 'C:/Users/Malo/AppData/Local/Temp/UnrealShaderWorkingDir/D26D815149C38FD0010427BE7EFD1831/'.
[2019.02.04-16.27.37:318][  0]LogTemp: Display: Loaded TP AllDesktopTargetPlatform
[2019.02.04-16.27.37:363][  0]LogTemp: Display: Loaded TP MacClientTargetPlatform
[2019.02.04-16.27.37:406][  0]LogTemp: Display: Loaded TP MacNoEditorTargetPlatform
[2019.02.04-16.27.37:454][  0]LogTemp: Display: Loaded TP MacServerTargetPlatform
[2019.02.04-16.27.37:507][  0]LogTemp: Display: Loaded TP MacTargetPlatform
[2019.02.04-16.27.37:555][  0]LogTemp: Display: Loaded TP WindowsClientTargetPlatform
[2019.02.04-16.27.37:603][  0]LogTemp: Display: Loaded TP WindowsNoEditorTargetPlatform
[2019.02.04-16.27.37:653][  0]LogTemp: Display: Loaded TP WindowsServerTargetPlatform
[2019.02.04-16.27.37:685][  0]LogTemp: Display: Loaded TP WindowsTargetPlatform
[2019.02.04-16.27.37:911][  0]LogTemp: Display: Loaded TP AndroidTargetPlatform
[2019.02.04-16.27.37:911][  0]LogTemp: Display: Loaded TP AndroidTargetPlatform
[2019.02.04-16.27.37:911][  0]LogTemp: Display: Loaded TP AndroidTargetPlatform
[2019.02.04-16.27.37:911][  0]LogTemp: Display: Loaded TP AndroidTargetPlatform
[2019.02.04-16.27.37:911][  0]LogTemp: Display: Loaded TP AndroidTargetPlatform
[2019.02.04-16.27.37:912][  0]LogTemp: Display: Loaded TP AndroidTargetPlatform
[2019.02.04-16.27.37:912][  0]LogTemp: Display: Loaded TP AndroidTargetPlatform
[2019.02.04-16.27.37:912][  0]LogTemp: Display: Loaded TP AndroidTargetPlatform
[2019.02.04-16.27.37:912][  0]LogTemp: Display: Loaded TP AndroidTargetPlatform
[2019.02.04-16.27.37:912][  0]LogTemp: Display: Loaded TP AndroidTargetPlatform
[2019.02.04-16.27.37:912][  0]LogTemp: Display: Loaded TP AndroidTargetPlatform
[2019.02.04-16.27.37:912][  0]LogTemp: Display: Loaded TP AndroidTargetPlatform
[2019.02.04-16.27.37:912][  0]LogTemp: Display: Loaded TP AndroidTargetPlatform
[2019.02.04-16.27.37:912][  0]LogTemp: Display: Loaded TP AndroidTargetPlatform
[2019.02.04-16.27.37:912][  0]LogTemp: Display: Loaded TP AndroidTargetPlatform
[2019.02.04-16.27.37:912][  0]LogTemp: Display: Loaded TP AndroidTargetPlatform
[2019.02.04-16.27.37:912][  0]LogTemp: Display: Loaded TP AndroidTargetPlatform
[2019.02.04-16.27.37:912][  0]LogTemp: Display: Loaded TP AndroidTargetPlatform
[2019.02.04-16.27.37:935][  0]LogTemp: Display: Loaded TP HTML5TargetPlatform
[2019.02.04-16.27.38:109][  0]LogTemp: Display: Loaded TP IOSTargetPlatform
[2019.02.04-16.27.38:109][  0]LogTemp: Display: Loaded TP IOSTargetPlatform
[2019.02.04-16.27.38:176][  0]LogTemp: Display: Loaded TP TVOSTargetPlatform
[2019.02.04-16.27.38:176][  0]LogTemp: Display: Loaded TP TVOSTargetPlatform
[2019.02.04-16.27.38:224][  0]LogTemp: Display: Loaded TP LinuxClientTargetPlatform
[2019.02.04-16.27.38:275][  0]LogTemp: Display: Loaded TP LinuxNoEditorTargetPlatform
[2019.02.04-16.27.38:326][  0]LogTemp: Display: Loaded TP LinuxServerTargetPlatform
[2019.02.04-16.27.38:391][  0]LogTemp: Display: Loaded TP LinuxTargetPlatform
[2019.02.04-16.27.38:436][  0]LogTemp: Display: Loaded TP LuminTargetPlatform
[2019.02.04-16.27.38:436][  0]LogTargetPlatformManager: Display: Building Assets For Windows
[2019.02.04-16.27.38:993][  0]LogXGEController: Cleaning working directory: C:/Users/Malo/AppData/Local/Temp/UnrealXGEWorkingDir/
[2019.02.04-16.27.38:994][  0]LogXGEController: Cannot use XGE Controller as Incredibuild is not installed on this machine.
[2019.02.04-16.27.38:994][  0]LogShaderCompilers: Cannot use XGE Shader Compiler as Incredibuild is not installed on this machine.
[2019.02.04-16.27.38:994][  0]LogShaderCompilers: Display: Using Local Shader Compiler.
[2019.02.04-16.27.42:887][  0]LogDerivedDataCache: Display: Max Cache Size: 512 MB
[2019.02.04-16.27.43:297][  0]LogDerivedDataCache: Loaded boot cache 0.41s 70MB C:/Users/Malo/AppData/Local/UnrealEngine/4.20/DerivedDataCache/Boot.ddc.
[2019.02.04-16.27.43:298][  0]LogDerivedDataCache: Display: Loaded Boot cache: C:/Users/Malo/AppData/Local/UnrealEngine/4.20/DerivedDataCache/Boot.ddc
[2019.02.04-16.27.43:298][  0]LogDerivedDataCache: FDerivedDataBackendGraph:  Pak pak cache file C:/Users/Malo/Documents/GitHub/ProjetsHub2018/FPSUnreal/PeopleWithGuns/DerivedDataCache/DDC.ddp not found, will not use a pak cache.
[2019.02.04-16.27.43:298][  0]LogDerivedDataCache: Unable to find inner node Pak for hierarchical cache Hierarchy.
[2019.02.04-16.27.43:298][  0]LogDerivedDataCache: FDerivedDataBackendGraph:  CompressedPak pak cache file C:/Users/Malo/Documents/GitHub/ProjetsHub2018/FPSUnreal/PeopleWithGuns/DerivedDataCache/Compressed.ddp not found, will not use a pak cache.
[2019.02.04-16.27.43:298][  0]LogDerivedDataCache: Unable to find inner node CompressedPak for hierarchical cache Hierarchy.
[2019.02.04-16.27.43:332][  0]LogDerivedDataCache: Display: Pak cache opened for reading ../../../Engine/DerivedDataCache/Compressed.ddp.
[2019.02.04-16.27.43:349][  0]LogDerivedDataCache: Using Local data cache path C:/Users/Malo/AppData/Local/UnrealEngine/Common/DerivedDataCache: Writable
[2019.02.04-16.27.43:349][  0]LogDerivedDataCache: Shared data cache path not found in *engine.ini, will not use an Shared cache.
[2019.02.04-16.27.43:349][  0]LogDerivedDataCache: Unable to find inner node Shared for hierarchical cache Hierarchy.
[2019.02.04-16.27.43:391][  0]LogMaterial: Verifying Global Shaders for PCD3D_SM5
[2019.02.04-16.27.43:398][  0]LogSlate: Using FreeType 2.6.0
[2019.02.04-16.27.43:430][  0]LogSlate: SlateFontServices - WITH_FREETYPE: 1, WITH_HARFBUZZ: 1
[2019.02.04-16.27.44:020][  0]LogAssetRegistry: FAssetRegistry took 0.0426 seconds to start up
[2019.02.04-16.27.44:926][  0]LogInit: Selected Device Profile: [Windows]
[2019.02.04-16.27.45:812][  0]LogSimplygon: Simplygon DLL not present - disabling.
[2019.02.04-16.27.45:875][  0]LogMeshReduction: Using SimplygonSwarm for distributed automatic mesh merging
[2019.02.04-16.27.45:875][  0]LogMeshReduction: Using ProxyLODMeshReduction for automatic mesh merging
[2019.02.04-16.27.45:876][  0]LogMeshReduction: Using QuadricMeshReduction for automatic static mesh reduction
[2019.02.04-16.27.45:876][  0]LogMeshReduction: No automatic skeletal mesh reduction module available
[2019.02.04-16.27.45:987][  0]LogNetVersion: PeopleWithGuns 1.0.0, NetCL: 4212847, EngineNetVer: 5, GameNetVer: 0 (Checksum: 1271298656)
[2019.02.04-16.27.48:734][  0]LogPackageLocalizationCache: Processed 11 localized package path(s) for 2 prioritized culture(s) in 0.315900 seconds
[2019.02.04-16.27.48:749][  0]LogUObjectArray: 38434 objects as part of root set at end of initial load.
[2019.02.04-16.27.48:750][  0]LogUObjectAllocator: 6701136 out of 0 bytes used by permanent object pool.
[2019.02.04-16.27.48:750][  0]LogUObjectArray: CloseDisregardForGC: 0/0 objects in disregard for GC pool
[2019.02.04-16.27.57:327][  0]LogTcpMessaging: Initializing TcpMessaging bridge
[2019.02.04-16.27.57:367][  0]LogUdpMessaging: Initializing bridge on interface 0.0.0.0:0 to multicast group 230.0.0.1:6666.
[2019.02.04-16.27.58:154][  0]SourceControl: Source control is disabled
[2019.02.04-16.27.58:155][  0]SourceControl: Source control is disabled
[2019.02.04-16.27.58:190][  0]SourceControl: Source control is disabled
[2019.02.04-16.27.58:217][  0]SourceControl: Source control is disabled
[2019.02.04-16.27.59:487][  0]LogAndroidPermission: UAndroidPermissionCallbackProxy::GetInstance
[2019.02.04-16.28.00:075][  0]LogOcInput: OculusInput pre-init called
[2019.02.04-16.28.00:439][  0]LogEngine: Initializing Engine...
[2019.02.04-16.28.00:446][  0]LogHMD: Failed to initialize OpenVR with code 100
[2019.02.04-16.28.00:454][  0]LogStats: UGameplayTagsManager::ConstructGameplayTagTree: ImportINI prefixes -  0.000 s
[2019.02.04-16.28.00:454][  0]LogStats: UGameplayTagsManager::ConstructGameplayTagTree: Construct from data asset -  0.000 s
[2019.02.04-16.28.00:454][  0]LogStats: UGameplayTagsManager::ConstructGameplayTagTree: ImportINI -  0.000 s
[2019.02.04-16.28.00:455][  0]LogStats: UGameplayTagsManager::ConstructGameplayTagTree: GameplayTagTreeChangedEvent.Broadcast -  0.000 s
[2019.02.04-16.28.01:360][  0]LogInit: Initializing FReadOnlyCVARCache
[2019.02.04-16.28.01:462][  0]LogAIModule: Creating AISystem for world Untitled
[2019.02.04-16.28.01:575][  0]LogInit: XAudio2 using 'Casque (Conexant ISST Audio)' : 2 channels at 48 kHz using 32 bits per sample (channel mask 0x3)
[2019.02.04-16.28.01:688][  0]LogInit: FAudioDevice initialized.
[2019.02.04-16.28.01:689][  0]LogNetVersion: Set ProjectVersion to 1.0.0.0. Version Checksum will be recalculated on next use.
[2019.02.04-16.28.01:821][  0]LogDerivedDataCache: Saved boot cache 0.13s 70MB C:/Users/Malo/AppData/Local/UnrealEngine/4.20/DerivedDataCache/Boot.ddc.
[2019.02.04-16.28.01:839][  0]LogInit: Texture streaming: Enabled
[2019.02.04-16.28.01:961][  0]LogEngineSessionManager: EngineSessionManager initialized
[2019.02.04-16.28.02:034][  0]LogInit: Transaction tracking system initialized
[2019.02.04-16.28.02:218][  0]BlueprintLog: New page: Editor Load
[2019.02.04-16.28.03:172][  0]LocalizationService: Localization service is disabled
[2019.02.04-16.28.05:034][  0]LogCook: Display: Max memory allowance for cook 16384mb min free memory 0mb
[2019.02.04-16.28.05:034][  0]LogCook: Display: Mobile HDR setting 1
[2019.02.04-16.28.05:035][  0]LogGameplayTags: Display: UGameplayTagsManager::DoneAddingNativeTags. DelegateIsBound: 0
[2019.02.04-16.28.05:035][  0]LogStats: UGameplayTagsManager::ConstructGameplayTagTree: ImportINI prefixes -  0.000 s
[2019.02.04-16.28.05:035][  0]LogStats: UGameplayTagsManager::ConstructGameplayTagTree: Construct from data asset -  0.000 s
[2019.02.04-16.28.05:035][  0]LogStats: UGameplayTagsManager::ConstructGameplayTagTree: ImportINI -  0.000 s
[2019.02.04-16.28.05:035][  0]LogStats: UGameplayTagsManager::ConstructGameplayTagTree: GameplayTagTreeChangedEvent.Broadcast -  0.000 s
[2019.02.04-16.28.05:987][  0]LogFileCache: Scanning file cache for directory 'C:/Users/Malo/Documents/GitHub/ProjetsHub2018/FPSUnreal/PeopleWithGuns/Content/' took 0.09s
[2019.02.04-16.28.05:987][  0]SourceControl: Source control is disabled
[2019.02.04-16.28.05:989][  0]Cmd: MAP LOAD FILE="C:/Users/Malo/Documents/GitHub/ProjetsHub2018/FPSUnreal/PeopleWithGuns/Content/ThirdPersonBP/Maps/MainMenu.umap" TEMPLATE=0 SHOWPROGRESS=1 FEATURELEVEL=3
[2019.02.04-16.28.06:002][  0]LightingResults: New page: Lighting Build
[2019.02.04-16.28.06:017][  0]MapCheck: New page: Map Check
[2019.02.04-16.28.06:017][  0]LightingResults: New page: Lighting Build
[2019.02.04-16.28.07:209][  0]LogAIModule: Creating AISystem for world MainMenu
[2019.02.04-16.28.07:215][  0]LogEditorServer: Finished looking for orphan Actors (0.000 secs)
[2019.02.04-16.28.07:275][  0]Cmd: MAP CHECKDEP NOCLEARLOG
[2019.02.04-16.28.07:385][  0]MapCheck: Map check complete: 0 Error(s), 0 Warning(s), took 109,706ms to complete.
[2019.02.04-16.28.07:385][  0]LogFileHelpers: Loading map 'MainMenu' took 1.397
[2019.02.04-16.28.07:631][  0]LogSlate: Updating window title bar state: overlay mode, drag disabled, window buttons hidden, title bar hidden
[2019.02.04-16.28.07:648][  0]LogSlate: Updating window title bar state: overlay mode, drag disabled, window buttons hidden, title bar hidden
[2019.02.04-16.28.07:667][  0]LogSlate: Updating window title bar state: overlay mode, drag disabled, window buttons hidden, title bar hidden
[2019.02.04-16.28.07:686][  0]LogSlate: Updating window title bar state: overlay mode, drag disabled, window buttons hidden, title bar hidden
[2019.02.04-16.28.07:735][  0]LogCollectionManager: Loaded 0 collections in 0.001999 seconds
[2019.02.04-16.28.07:788][  0]LogFileCache: Scanning file cache for directory 'C:/Users/Malo/Documents/GitHub/ProjetsHub2018/FPSUnreal/PeopleWithGuns/Saved/Collections/' took 0.01s
[2019.02.04-16.28.07:788][  0]LogFileCache: Scanning file cache for directory 'C:/Users/Malo/Documents/GitHub/ProjetsHub2018/FPSUnreal/PeopleWithGuns/Content/Developers/Malo/Collections/' took 0.01s
[2019.02.04-16.28.07:788][  0]LogFileCache: Scanning file cache for directory 'C:/Users/Malo/Documents/GitHub/ProjetsHub2018/FPSUnreal/PeopleWithGuns/Content/Collections/' took 0.00s
[2019.02.04-16.28.07:788][  0]LogCollectionManager: Rebuilt the GUID cache for 0 collections in 0.000000 seconds
[2019.02.04-16.28.07:813][  0]LogContentBrowser: Native class hierarchy populated in 0.0225 seconds. Added 2575 classes and 607 folders.
[2019.02.04-16.28.07:832][  0]LogContentBrowser: Native class hierarchy updated for 'WidgetCarousel' in 0.0012 seconds. Added 0 classes and 0 folders.
[2019.02.04-16.28.08:495][  0]LogContentBrowser: Native class hierarchy updated for 'AddContentDialog' in 0.0004 seconds. Added 0 classes and 0 folders.
[2019.02.04-16.28.08:526][  0]LogContentBrowser: Native class hierarchy updated for 'SceneOutliner' in 0.0005 seconds. Added 1 classes and 2 folders.
[2019.02.04-16.28.08:864][  0]LogSlate: Took 0.020081 seconds to synchronously load lazily loaded font '../../../Engine/Content/Slate/Fonts/Roboto-Regular.ttf' (155K)
[2019.02.04-16.28.08:884][  0]LogSlate: Took 0.009632 seconds to synchronously load lazily loaded font '../../../Engine/Content/Slate/Fonts/Roboto-Bold.ttf' (160K)
[2019.02.04-16.28.08:906][  0]LogSlate: Took 0.015428 seconds to synchronously load lazily loaded font '../../../Engine/Content/Editor/Slate/Fonts/FontAwesome.ttf' (139K)
[2019.02.04-16.28.08:924][  0]LogSlate: Took 0.010707 seconds to synchronously load lazily loaded font '../../../Engine/Content/Slate/Fonts/DroidSansMono.ttf' (77K)
[2019.02.04-16.28.09:181][  0]LogRenderer: Reallocating scene render targets to support 1528x536 Format 9 NumSamples 1 (Frame:1).
[2019.02.04-16.28.16:160][  0]LogContentBrowser: Native class hierarchy updated for 'HierarchicalLODOutliner' in 0.0005 seconds. Added 0 classes and 0 folders.
[2019.02.04-16.28.16:160][  0]LogLoad: (Engine Initialization) Total time: 55.19 seconds
[2019.02.04-16.28.16:161][  0]LogLoad: (Engine Initialization) Total Blueprint compile time: 0.00 seconds
[2019.02.04-16.28.16:422][  0]LogContentStreaming: Texture pool size now 400 MB
[2019.02.04-16.28.16:844][  0]LogRenderer: Reallocating scene render targets to support 1528x552 Format 9 NumSamples 1 (Frame:2).
[2019.02.04-16.28.16:845][  0]LogSlate: Took 0.072819 seconds to synchronously load lazily loaded font '../../../Engine/Content/Slate/Fonts/Roboto-Light.ttf' (167K)
[2019.02.04-16.28.17:403][  7]LogAssetRegistry: Asset discovery search completed in 33.4149 seconds
[2019.02.04-16.28.17:409][  7]LogCollectionManager: Rebuilt the object cache for 0 collections in 0.000001 seconds (found 0 objects)
[2019.02.04-16.28.17:410][  7]LogCollectionManager: Fixed up redirectors for 0 collections in 0.001121 seconds (updated 0 objects)
[2019.02.04-16.28.20:370][113]LogSlate: FSceneViewport::OnFocusLost() reason 0
[2019.02.04-16.28.20:422][116]LogSlate: Window 'Output Log' being destroyed
[2019.02.04-16.28.20:439][116]LogSlate: Window 'Output Log' being destroyed
[2019.02.04-16.28.21:315][147]LogSlate: FSceneViewport::OnFocusLost() reason 2
[2019.02.04-16.28.23:409][223]LogSlate: FSceneViewport::OnFocusLost() reason 2
[2019.02.04-16.28.26:090][404]LogSlate: FSceneViewport::OnFocusLost() reason 2
[2019.02.04-16.28.29:166][404]LogSlate: Only BGRA pngs, bmps or icos are supported in by External Image Picker
[2019.02.04-16.28.29:787][405]LogTemp: Executing iPhonePackager certificates Engine -bundlename com.YourCompany.PeopleWithGuns
[2019.02.04-16.28.29:788][405]LogTemp: CWD: R:\UE_4.20\Engine\Binaries\DotNET\IOS
[2019.02.04-16.28.29:788][405]LogTemp: Initial Dir: R:\UE_4.20
[2019.02.04-16.28.29:788][405]LogTemp: Env CWD: R:\UE_4.20\Engine\Binaries\DotNET\IOS
[2019.02.04-16.28.29:789][405]LogTemp: BranchPath = DESKTOP-FT66DED/R/UE_4.20/Engine/Binaries --- GameBranchPath = DESKTOP-FT66DED/R/UE_4.20/Engine/Binaries
[2019.02.04-16.28.29:796][405]LogTemp: IPP ERROR: Could not find provision directory 'C:\Users\Malo\AppData\Local/Apple Computer/MobileDevice/Provisioning Profiles/'.
[2019.02.04-16.29.42:544][894]LogDirectoryWatcher: Warning: Failed to begin reading directory changes for C:/Users/Malo/Documents/GitHub/ProjetsHub2018/FPSUnreal/PeopleWithGuns/Plugins/. Error: Le fichier spécifié est introuvable. (0x00000002)
[2019.02.04-16.30.03:265][672]Cmd: CLOSE_SLATE_MAINFRAME
[2019.02.04-16.30.03:544][672]LogSlate: Window 'Plugins' being destroyed
[2019.02.04-16.30.03:647][672]LogDirectoryWatcher: A directory notification for '../../../Engine/Plugins/' was aborted.
[2019.02.04-16.30.03:649][672]LogSlate: Window 'PeopleWithGuns - Unreal Editor' being destroyed
[2019.02.04-16.30.03:654][672]LogWindowsTextInputMethodSystem: Display: IME system now deactivated.
[2019.02.04-16.30.04:119][673]Cmd: QUIT_EDITOR
[2019.02.04-16.30.04:393][673]LogExit: Preparing to exit.
[2019.02.04-16.30.06:397][673]LogExit: Editor shut down
[2019.02.04-16.30.06:398][673]LogExit: Transaction tracking system shut down
[2019.02.04-16.30.08:316][673]LogExit: Object subsystem successfully closed.
[2019.02.04-16.30.08:355][673]LogShaderCompilers: Display: Shaders left to compile 0
[2019.02.04-16.30.08:370][673]LogD3D11RHI: Shutdown
[2019.02.04-16.30.08:370][673]LogD3D11RHI: CleanupD3DDevice
[2019.02.04-16.30.08:603][673]LogD3D11RHI: ~FD3D11DynamicRHI
[2019.02.04-16.30.08:718][673]LogModuleManager: Shutting down and abandoning module ExternalImagePicker (614)
[2019.02.04-16.30.08:718][673]LogModuleManager: Shutting down and abandoning module HierarchicalLODOutliner (612)
[2019.02.04-16.30.08:718][673]LogModuleManager: Shutting down and abandoning module SceneOutliner (610)
[2019.02.04-16.30.08:718][673]LogModuleManager: Shutting down and abandoning module AddContentDialog (608)
[2019.02.04-16.30.08:720][673]LogModuleManager: Shutting down and abandoning module WidgetCarousel (607)
[2019.02.04-16.30.08:720][673]LogModuleManager: Shutting down and abandoning module EditorWidgets (604)
[2019.02.04-16.30.08:720][673]LogModuleManager: Shutting down and abandoning module CollectionManager (602)
[2019.02.04-16.30.08:721][673]LogModuleManager: Shutting down and abandoning module StatsViewer (600)
[2019.02.04-16.30.08:722][673]LogModuleManager: Shutting down and abandoning module FoliageEdit (598)
[2019.02.04-16.30.08:722][673]LogModuleManager: Shutting down and abandoning module LandscapeEditor (596)
[2019.02.04-16.30.08:724][673]LogModuleManager: Shutting down and abandoning module MeshPaintMode (594)
[2019.02.04-16.30.08:724][673]LogModuleManager: Shutting down and abandoning module SceneDepthPickerMode (592)
[2019.02.04-16.30.08:724][673]LogModuleManager: Shutting down and abandoning module ActorPickerMode (590)
[2019.02.04-16.30.08:724][673]LogModuleManager: Shutting down and abandoning module GeometryMode (588)
[2019.02.04-16.30.08:725][673]LogModuleManager: Shutting down and abandoning module TextureAlignMode (586)
[2019.02.04-16.30.08:725][673]LogModuleManager: Shutting down and abandoning module BspMode (584)
[2019.02.04-16.30.08:725][673]LogModuleManager: Shutting down and abandoning module PIEPreviewDeviceProfileSelector (582)
[2019.02.04-16.30.08:725][673]LogModuleManager: Shutting down and abandoning module SequenceRecorderSections (580)
[2019.02.04-16.30.08:726][673]LogModuleManager: Shutting down and abandoning module AutomationWorker (578)
[2019.02.04-16.30.08:726][673]LogModuleManager: Shutting down and abandoning module AudioCaptureEditor (576)
[2019.02.04-16.30.08:726][673]LogModuleManager: Shutting down and abandoning module SequenceRecorder (575)
[2019.02.04-16.30.08:726][673]LogModuleManager: Shutting down and abandoning module MatineeToLevelSequence (572)
[2019.02.04-16.30.08:727][673]LogModuleManager: Shutting down and abandoning module LevelSequenceEditor (570)
[2019.02.04-16.30.08:729][673]LogModuleManager: Shutting down and abandoning module PlacementMode (569)
[2019.02.04-16.30.08:729][673]LogModuleManager: Shutting down and abandoning module MaterialEditor (568)
[2019.02.04-16.30.08:733][673]LogModuleManager: Shutting down and abandoning module WmfMediaFactory (564)
[2019.02.04-16.30.08:733][673]LogModuleManager: Shutting down and abandoning module WmfMediaEditor (562)
[2019.02.04-16.30.08:733][673]LogModuleManager: Shutting down and abandoning module MediaPlayerEditor (560)
[2019.02.04-16.30.08:735][673]LogModuleManager: Shutting down and abandoning module OpenExrWrapper (558)
[2019.02.04-16.30.08:735][673]LogModuleManager: Shutting down and abandoning module ImgMediaFactory (556)
[2019.02.04-16.30.08:735][673]LogModuleManager: Shutting down and abandoning module ImgMediaEditor (554)
[2019.02.04-16.30.08:735][673]LogModuleManager: Shutting down and abandoning module AvfMediaFactory (552)
[2019.02.04-16.30.08:735][673]LogModuleManager: Shutting down and abandoning module AvfMediaEditor (550)
[2019.02.04-16.30.08:735][673]LogModuleManager: Shutting down and abandoning module AndroidMediaFactory (548)
[2019.02.04-16.30.08:735][673]LogModuleManager: Shutting down and abandoning module AndroidMediaEditor (546)
[2019.02.04-16.30.08:735][673]LogModuleManager: Shutting down and abandoning module MagicLeapCameraPreviewFactory (544)
[2019.02.04-16.30.08:735][673]LogModuleManager: Shutting down and abandoning module MagicLeapMediaFactory (542)
[2019.02.04-16.30.08:735][673]LogModuleManager: Shutting down and abandoning module MagicLeapMediaEditor (540)
[2019.02.04-16.30.08:735][673]LogModuleManager: Shutting down and abandoning module CharacterAI (538)
[2019.02.04-16.30.08:735][673]LogModuleManager: Shutting down and abandoning module SmartSnapping (536)
[2019.02.04-16.30.08:735][673]LogModuleManager: Shutting down and abandoning module SessionServices (534)
[2019.02.04-16.30.08:735][673]LogModuleManager: Shutting down and abandoning module ViewportSnapping (532)
[2019.02.04-16.30.08:735][673]LogModuleManager: Shutting down and abandoning module ViewportInteraction (530)
[2019.02.04-16.30.08:735][673]LogModuleManager: Shutting down and abandoning module ClothPainter (528)
[2019.02.04-16.30.08:736][673]LogModuleManager: Shutting down and abandoning module SkeletalMeshEditor (527)
[2019.02.04-16.30.08:755][673]LogModuleManager: Shutting down and abandoning module LogVisualizer (524)
[2019.02.04-16.30.08:757][673]LogModuleManager: Shutting down and abandoning module IntroTutorials (522)
[2019.02.04-16.30.08:758][673]LogModuleManager: Shutting down and abandoning module GameProjectGeneration (521)
[2019.02.04-16.30.08:758][673]LogModuleManager: Shutting down and abandoning module LuminPlatformEditor (518)
[2019.02.04-16.30.08:758][673]LogModuleManager: Shutting down and abandoning module IOSPlatformEditor (516)
[2019.02.04-16.30.08:758][673]LogModuleManager: Shutting down and abandoning module HTML5PlatformEditor (514)
[2019.02.04-16.30.08:758][673]LogModuleManager: Shutting down and abandoning module AndroidPlatformEditor (512)
[2019.02.04-16.30.08:758][673]LogModuleManager: Shutting down and abandoning module AndroidDeviceDetection (511)
[2019.02.04-16.30.09:539][673]LogModuleManager: Shutting down and abandoning module WindowsPlatformEditor (508)
[2019.02.04-16.30.09:539][673]LogModuleManager: Shutting down and abandoning module LuminRuntimeSettings (506)
[2019.02.04-16.30.09:540][673]LogModuleManager: Shutting down and abandoning module IOSRuntimeSettings (504)
[2019.02.04-16.30.09:540][673]LogModuleManager: Shutting down and abandoning module AndroidRuntimeSettings (502)
[2019.02.04-16.30.09:540][673]LogModuleManager: Shutting down and abandoning module InputBindingEditor (500)
[2019.02.04-16.30.09:540][673]LogModuleManager: Shutting down and abandoning module MergeActors (498)
[2019.02.04-16.30.09:544][673]LogModuleManager: Shutting down and abandoning module LocalizationDashboard (496)
[2019.02.04-16.30.09:545][673]LogModuleManager: Shutting down and abandoning module LocalizationService (495)
[2019.02.04-16.30.09:546][673]LogModuleManager: Shutting down and abandoning module HardwareTargeting (492)
[2019.02.04-16.30.09:546][673]LogModuleManager: Shutting down and abandoning module DeviceProfileEditor (490)
[2019.02.04-16.30.09:546][673]LogModuleManager: Shutting down and abandoning module UndoHistory (488)
[2019.02.04-16.30.09:547][673]LogModuleManager: Shutting down and abandoning module XmlParser (486)
[2019.02.04-16.30.09:547][673]LogModuleManager: Shutting down and abandoning module Blutility (484)
[2019.02.04-16.30.09:547][673]LogModuleManager: Shutting down and abandoning module ProjectSettingsViewer (482)
[2019.02.04-16.30.09:547][673]LogModuleManager: Shutting down and abandoning module ProjectTargetPlatformEditor (481)
[2019.02.04-16.30.09:547][673]LogModuleManager: Shutting down and abandoning module EditorSettingsViewer (478)
[2019.02.04-16.30.09:547][673]LogModuleManager: Shutting down and abandoning module SettingsEditor (476)
[2019.02.04-16.30.09:548][673]LogModuleManager: Shutting down and abandoning module ProjectLauncher (474)
[2019.02.04-16.30.09:549][673]LogModuleManager: Shutting down and abandoning module SessionFrontend (472)
[2019.02.04-16.30.09:549][673]LogModuleManager: Shutting down and abandoning module ProfilerClient (470)
[2019.02.04-16.30.09:549][673]LogModuleManager: Shutting down and abandoning module DeviceManager (468)
[2019.02.04-16.30.09:550][673]LogModuleManager: Shutting down and abandoning module TargetDeviceServices (467)
[2019.02.04-16.30.09:623][673]LogModuleManager: Shutting down and abandoning module AutomationController (464)
[2019.02.04-16.30.09:623][673]LogModuleManager: Shutting down and abandoning module AutomationWindow (462)
[2019.02.04-16.30.09:624][673]LogModuleManager: Shutting down and abandoning module Layers (460)
[2019.02.04-16.30.09:625][673]LogModuleManager: Shutting down and abandoning module ComponentVisualizers (458)
[2019.02.04-16.30.09:626][673]LogModuleManager: Shutting down and abandoning module DetailCustomizations (456)
[2019.02.04-16.30.09:626][673]LogModuleManager: Shutting down and abandoning module PackagesDialog (454)
[2019.02.04-16.30.09:626][673]LogModuleManager: Shutting down and abandoning module Persona (452)
[2019.02.04-16.30.09:630][673]LogModuleManager: Shutting down and abandoning module AdvancedPreviewScene (451)
[2019.02.04-16.30.09:630][673]LogModuleManager: Shutting down and abandoning module AnimGraph (449)
[2019.02.04-16.30.09:630][673]LogModuleManager: Shutting down and abandoning module Kismet (446)
[2019.02.04-16.30.09:634][673]LogModuleManager: Shutting down and abandoning module GraphEditor (444)
[2019.02.04-16.30.09:647][673]LogModuleManager: Shutting down and abandoning module ClassViewer (442)
[2019.02.04-16.30.09:647][673]LogModuleManager: Shutting down and abandoning module Toolbox (440)
[2019.02.04-16.30.09:647][673]LogModuleManager: Shutting down and abandoning module ModuleUI (438)
[2019.02.04-16.30.09:648][673]LogModuleManager: Shutting down and abandoning module MovieSceneTools (436)
[2019.02.04-16.30.09:649][673]LogModuleManager: Shutting down and abandoning module OutputLog (434)
[2019.02.04-16.30.09:649][673]LogModuleManager: Shutting down and abandoning module GammaUI (432)
[2019.02.04-16.30.09:649][673]LogModuleManager: Shutting down and abandoning module Documentation (430)
[2019.02.04-16.30.09:649][673]LogModuleManager: Shutting down and abandoning module MovieSceneTracks (428)
[2019.02.04-16.30.09:650][673]LogModuleManager: Shutting down and abandoning module MovieScene (426)
[2019.02.04-16.30.09:653][673]LogModuleManager: Shutting down and abandoning module StreamingPauseRendering (424)
[2019.02.04-16.30.09:656][673]LogModuleManager: Shutting down and abandoning module LauncherPlatform (422)
[2019.02.04-16.30.09:656][673]LogModuleManager: Shutting down and abandoning module AnalyticsET (420)
[2019.02.04-16.30.09:657][673]LogModuleManager: Shutting down and abandoning module PortalServices (418)
[2019.02.04-16.30.09:657][673]LogModuleManager: Shutting down and abandoning module PortalRpc (416)
[2019.02.04-16.30.09:657][673]LogModuleManager: Shutting down and abandoning module MessagingRpc (414)
[2019.02.04-16.30.09:657][673]LogModuleManager: Shutting down and abandoning module AIModule (412)
[2019.02.04-16.30.09:660][673]LogModuleManager: Shutting down and abandoning module GameplayDebugger (411)
[2019.02.04-16.30.09:673][673]LogModuleManager: Shutting down and abandoning module AITestSuite (409)
[2019.02.04-16.30.09:707][673]LogModuleManager: Shutting down and abandoning module NavigationSystem (407)
[2019.02.04-16.30.09:707][673]LogModuleManager: Shutting down and abandoning module DesktopPlatform (404)
[2019.02.04-16.30.09:707][673]LogModuleManager: Shutting down and abandoning module ProfilerService (402)
[2019.02.04-16.30.10:114][673]LogModuleManager: Shutting down and abandoning module TaskGraph (400)
[2019.02.04-16.30.10:116][673]LogModuleManager: Shutting down and abandoning module SteamVRController (398)
[2019.02.04-16.30.10:116][673]LogModuleManager: Shutting down and abandoning module ProceduralMeshComponentEditor (396)
[2019.02.04-16.30.10:116][673]LogModuleManager: Shutting down and abandoning module ProceduralMeshComponent (394)
[2019.02.04-16.30.10:116][673]LogModuleManager: Shutting down and abandoning module OculusInput (392)
[2019.02.04-16.30.10:116][673]LogModuleManager: Shutting down and abandoning module MobilePatchingUtils (390)
[2019.02.04-16.30.10:116][673]LogModuleManager: Shutting down and abandoning module EditableMesh (388)
[2019.02.04-16.30.10:117][673]LogModuleManager: Shutting down and abandoning module CustomMeshComponent (386)
[2019.02.04-16.30.10:117][673]LogModuleManager: Shutting down and abandoning module CableComponent (384)
[2019.02.04-16.30.10:117][673]LogModuleManager: Shutting down and abandoning module AudioCapture (382)
[2019.02.04-16.30.10:117][673]LogModuleManager: Shutting down and abandoning module ArchVisCharacter (380)
[2019.02.04-16.30.10:117][673]LogModuleManager: Shutting down and abandoning module AndroidPermission (378)
[2019.02.04-16.30.10:117][673]LogModuleManager: Shutting down and abandoning module NUTUnrealEngine4 (376)
[2019.02.04-16.30.10:117][673]LogModuleManager: Shutting down and abandoning module NetcodeUnitTest (374)
[2019.02.04-16.30.10:119][673]LogModuleManager: Shutting down and abandoning module MediaCompositingEditor (372)
[2019.02.04-16.30.10:119][673]LogModuleManager: Shutting down and abandoning module MediaCompositing (370)
[2019.02.04-16.30.10:119][673]LogModuleManager: Shutting down and abandoning module LinearTimecode (368)
[2019.02.04-16.30.10:119][673]LogModuleManager: Shutting down and abandoning module ImgMedia (366)
[2019.02.04-16.30.10:159][673]LogModuleManager: Shutting down and abandoning module HTML5Networking (364)
[2019.02.04-16.30.10:159][673]LogModuleManager: Shutting down and abandoning module GeometryCacheTracks (362)
[2019.02.04-16.30.10:159][673]LogModuleManager: Shutting down and abandoning module GeometryCacheSequencer (360)
[2019.02.04-16.30.10:159][673]LogModuleManager: Shutting down and abandoning module BackChannel (358)
[2019.02.04-16.30.10:203][673]LogModuleManager: Shutting down and abandoning module AppleVision (356)
[2019.02.04-16.30.10:204][673]LogModuleManager: Shutting down and abandoning module AppleImageUtils (354)
[2019.02.04-16.30.10:204][673]LogModuleManager: Shutting down and abandoning module AlembicImporter (352)
[2019.02.04-16.30.10:204][673]LogModuleManager: Shutting down and abandoning module AlembicLibrary (351)
[2019.02.04-16.30.10:204][673]LogModuleManager: Shutting down and abandoning module GeometryCache (350)
[2019.02.04-16.30.10:204][673]LogModuleManager: Shutting down and abandoning module GeometryCacheEd (349)
[2019.02.04-16.30.10:204][673]LogModuleManager: Shutting down and abandoning module DatasmithContentEditor (344)
[2019.02.04-16.30.10:208][673]LogModuleManager: Shutting down and abandoning module DatasmithContent (342)
[2019.02.04-16.30.10:211][673]LogModuleManager: Shutting down and abandoning module SpeedTreeImporter (340)
[2019.02.04-16.30.10:211][673]LogModuleManager: Shutting down and abandoning module PluginBrowser (338)
[2019.02.04-16.30.10:211][673]LogModuleManager: Shutting down and abandoning module MobileLauncherProfileWizard (336)
[2019.02.04-16.30.10:220][673]LogModuleManager: Shutting down and abandoning module PolygonModeling (334)
[2019.02.04-16.30.10:220][673]LogModuleManager: Shutting down and abandoning module MeshEditor (332)
[2019.02.04-16.30.10:223][673]LogModuleManager: Shutting down and abandoning module CryptoKeysOpenSSL (330)
[2019.02.04-16.30.10:231][673]LogModuleManager: Shutting down and abandoning module CryptoKeys (328)
[2019.02.04-16.30.10:231][673]LogModuleManager: Shutting down and abandoning module VisualStudioSourceCodeAccess (326)
[2019.02.04-16.30.10:231][673]LogModuleManager: Shutting down and abandoning module VisualStudioCodeSourceCodeAccess (324)
[2019.02.04-16.30.10:231][673]LogModuleManager: Shutting down and abandoning module UObjectPlugin (322)
[2019.02.04-16.30.10:231][673]LogModuleManager: Shutting down and abandoning module SubversionSourceControl (320)
[2019.02.04-16.30.10:232][673]LogModuleManager: Shutting down and abandoning module PerforceSourceControl (318)
[2019.02.04-16.30.10:233][673]LogModuleManager: Shutting down and abandoning module GitSourceControl (316)
[2019.02.04-16.30.10:234][673]LogModuleManager: Shutting down and abandoning module SourceControl (315)
[2019.02.04-16.30.10:235][673]LogModuleManager: Shutting down and abandoning module CLionSourceCodeAccess (312)
[2019.02.04-16.30.10:235][673]LogModuleManager: Shutting down and abandoning module LightPropagationVolumeEditor (310)
[2019.02.04-16.30.10:235][673]LogModuleManager: Shutting down and abandoning module PaperTiledImporter (308)
[2019.02.04-16.30.10:235][673]LogModuleManager: Shutting down and abandoning module PaperSpriteSheetImporter (306)
[2019.02.04-16.30.10:235][673]LogModuleManager: Shutting down and abandoning module Paper2DEditor (304)
[2019.02.04-16.30.10:236][673]LogModuleManager: Shutting down and abandoning module MeshPaint (303)
[2019.02.04-16.30.10:236][673]LogModuleManager: Shutting down and abandoning module RuntimePhysXCooking (300)
[2019.02.04-16.30.10:236][673]LogModuleManager: Shutting down and abandoning module PhysXVehiclesEditor (298)
[2019.02.04-16.30.10:236][673]LogModuleManager: Shutting down and abandoning module PhysXVehicles (296)
[2019.02.04-16.30.10:236][673]LogModuleManager: Shutting down and abandoning module OculusEditor (294)
[2019.02.04-16.30.10:237][673]LogModuleManager: Shutting down and abandoning module LocationServicesBPLibrary (292)
[2019.02.04-16.30.10:237][673]LogModuleManager: Shutting down and abandoning module ImmediatePhysicsEditor (290)
[2019.02.04-16.30.10:237][673]LogModuleManager: Shutting down and abandoning module ImmediatePhysics (288)
[2019.02.04-16.30.10:238][673]LogModuleManager: Shutting down and abandoning module ActorSequence (286)
[2019.02.04-16.30.10:238][673]LogModuleManager: Shutting down and abandoning module UdpMessaging (284)
[2019.02.04-16.30.10:341][673]LogModuleManager: Shutting down and abandoning module TcpMessaging (282)
[2019.02.04-16.30.10:442][673]LogModuleManager: Shutting down and abandoning module MagicLeapAudio (280)
[2019.02.04-16.30.10:442][673]LogModuleManager: Shutting down and abandoning module GameplayTagsEditor (278)
[2019.02.04-16.30.10:442][673]LogModuleManager: Shutting down and abandoning module FacialAnimationEditor (276)
[2019.02.04-16.30.10:442][673]LogModuleManager: Shutting down and abandoning module FacialAnimation (274)
[2019.02.04-16.30.10:442][673]LogModuleManager: Shutting down and abandoning module DataValidation (272)
[2019.02.04-16.30.10:442][673]LogModuleManager: Shutting down and abandoning module AssetManagerEditor (270)
[2019.02.04-16.30.10:443][673]LogModuleManager: Shutting down and abandoning module LevelEditor (269)
[2019.02.04-16.30.10:445][673]LogModuleManager: Shutting down and abandoning module PixelInspectorModule (268)
[2019.02.04-16.30.10:445][673]LogModuleManager: Shutting down and abandoning module CommonMenuExtensions (266)
[2019.02.04-16.30.10:445][673]LogModuleManager: Shutting down and abandoning module MainFrame (264)
[2019.02.04-16.30.10:446][673]LogModuleManager: Shutting down and abandoning module HotReload (263)
[2019.02.04-16.30.10:448][673]LogModuleManager: Shutting down and abandoning module ContentBrowser (259)
[2019.02.04-16.30.10:451][673]LogModuleManager: Shutting down and abandoning module TreeMap (257)
[2019.02.04-16.30.10:453][673]LogModuleManager: Shutting down and abandoning module LightPropagationVolumeRuntime (254)
[2019.02.04-16.30.10:453][673]LogModuleManager: Shutting down and abandoning module AISupportModule (252)
[2019.02.04-16.30.10:453][673]LogModuleManager: Shutting down and abandoning module Paper2D (250)
[2019.02.04-16.30.10:453][673]LogModuleManager: Shutting down and abandoning module WindowsMoviePlayer (248)
[2019.02.04-16.30.10:454][673]LogModuleManager: Shutting down and abandoning module WmfMedia (246)
[2019.02.04-16.30.10:457][673]LogModuleManager: Shutting down and abandoning module Media (245)
[2019.02.04-16.30.10:464][673]LogModuleManager: Shutting down and abandoning module PacketHandler (242)
[2019.02.04-16.30.10:464][673]LogModuleManager: Shutting down and abandoning module ClothingSystemEditor (240)
[2019.02.04-16.30.10:464][673]LogModuleManager: Shutting down and abandoning module ClothingSystemRuntime (238)
[2019.02.04-16.30.10:465][673]LogModuleManager: Shutting down and abandoning module MediaAssets (236)
[2019.02.04-16.30.10:465][673]LogModuleManager: Shutting down and abandoning module Overlay (234)
[2019.02.04-16.30.10:465][673]LogModuleManager: Shutting down and abandoning module OverlayEditor (233)
[2019.02.04-16.30.10:465][673]LogModuleManager: Shutting down and abandoning module VREditor (230)
[2019.02.04-16.30.10:465][673]LogModuleManager: Shutting down and abandoning module StringTableEditor (228)
[2019.02.04-16.30.10:466][673]LogModuleManager: Shutting down and abandoning module GameplayTasksEditor (226)
[2019.02.04-16.30.10:466][673]LogModuleManager: Shutting down and abandoning module BehaviorTreeEditor (224)
[2019.02.04-16.30.10:467][673]LogModuleManager: Shutting down and abandoning module FunctionalTesting (222)
[2019.02.04-16.30.10:468][673]LogModuleManager: Shutting down and abandoning module CollisionAnalyzer (220)
[2019.02.04-16.30.10:469][673]LogModuleManager: Shutting down and abandoning module WorkspaceMenuStructure (219)
[2019.02.04-16.30.10:469][673]LogModuleManager: Shutting down and abandoning module UMG (216)
[2019.02.04-16.30.10:470][673]LogModuleManager: Shutting down and abandoning module UMGEditor (215)
[2019.02.04-16.30.10:476][673]LogModuleManager: Shutting down and abandoning module Sequencer (214)
[2019.02.04-16.30.10:505][673]LogModuleManager: Shutting down and abandoning module MessageLog (211)
[2019.02.04-16.30.10:505][673]LogModuleManager: Shutting down and abandoning module SlateReflector (206)
[2019.02.04-16.30.10:532][673]LogModuleManager: Shutting down and abandoning module Slate (204)
[2019.02.04-16.30.10:533][673]LogModuleManager: Shutting down and abandoning module EditorStyle (202)
[2019.02.04-16.30.10:537][673]LogModuleManager: Shutting down and abandoning module MRMesh (200)
[2019.02.04-16.30.10:538][673]LogModuleManager: Shutting down and abandoning module SourceCodeAccess (198)
[2019.02.04-16.30.10:538][673]LogModuleManager: Shutting down and abandoning module HeadMountedDisplay (196)
[2019.02.04-16.30.10:538][673]LogModuleManager: Shutting down and abandoning module XAudio2 (194)
[2019.02.04-16.30.10:538][673]LogModuleManager: Shutting down and abandoning module Networking (192)
[2019.02.04-16.30.10:538][673]LogModuleManager: Shutting down and abandoning module Core (190)
[2019.02.04-16.30.10:538][673]LogModuleManager: Shutting down and abandoning module LevelSequence (188)
[2019.02.04-16.30.10:538][673]LogModuleManager: Shutting down and abandoning module KismetCompiler (186)
[2019.02.04-16.30.10:538][673]LogModuleManager: Shutting down and abandoning module MeshUtilities (184)
[2019.02.04-16.30.10:540][673]LogModuleManager: Shutting down and abandoning module MeshMergeUtilities (183)
[2019.02.04-16.30.10:547][673]LogModuleManager: Shutting down and abandoning module MeshReductionInterface (182)
[2019.02.04-16.30.10:547][673]LogModuleManager: Shutting down and abandoning module SimplygonSwarm (181)
[2019.02.04-16.30.10:548][673]LogModuleManager: Shutting down and abandoning module ProxyLODMeshReduction (179)
[2019.02.04-16.30.10:556][673]LogModuleManager: Shutting down and abandoning module SimplygonMeshReduction (177)
[2019.02.04-16.30.10:556][673]LogModuleManager: Shutting down and abandoning module QuadricMeshReduction (175)
[2019.02.04-16.30.10:557][673]LogModuleManager: Shutting down and abandoning module MaterialBaking (171)
[2019.02.04-16.30.10:559][673]LogModuleManager: Shutting down and abandoning module DirectoryWatcher (167)
[2019.02.04-16.30.10:559][673]LogModuleManager: Shutting down and abandoning module DerivedDataCache (164)
[2019.02.04-16.30.10:569][673]LogDerivedDataCache: Shutdown
[2019.02.04-16.30.10:569][673]LogModuleManager: Shutting down and abandoning module XGEController (162)
[2019.02.04-16.30.10:569][673]LogXGEController: Cleaning working directory: C:/Users/Malo/AppData/Local/Temp/UnrealXGEWorkingDir/
[2019.02.04-16.30.10:571][673]LogModuleManager: Shutting down and abandoning module TargetPlatform (160)
[2019.02.04-16.30.10:572][673]LogModuleManager: Shutting down and abandoning module VulkanShaderFormat (159)
[2019.02.04-16.30.10:575][673]LogModuleManager: Shutting down and abandoning module ShaderFormatVectorVM (157)
[2019.02.04-16.30.10:581][673]LogModuleManager: Shutting down and abandoning module ShaderFormatOpenGL (155)
[2019.02.04-16.30.10:599][673]LogModuleManager: Shutting down and abandoning module ShaderFormatD3D (153)
[2019.02.04-16.30.10:599][673]LogModuleManager: Shutting down and abandoning module MetalShaderFormat (151)
[2019.02.04-16.30.10:600][673]LogModuleManager: Shutting down and abandoning module TextureFormatUncompressed (149)
[2019.02.04-16.30.10:600][673]LogModuleManager: Shutting down and abandoning module TextureFormatPVR (147)
[2019.02.04-16.30.10:600][673]LogModuleManager: Shutting down and abandoning module TextureFormatDXT (145)
[2019.02.04-16.30.10:600][673]LogModuleManager: Shutting down and abandoning module TextureFormatIntelISPCTexComp (143)
[2019.02.04-16.30.10:601][673]LogModuleManager: Shutting down and abandoning module TextureFormatASTC (141)
[2019.02.04-16.30.10:601][673]LogModuleManager: Shutting down and abandoning module ImageWrapper (140)
[2019.02.04-16.30.10:601][673]LogModuleManager: Shutting down and abandoning module TextureFormatAndroid (137)
[2019.02.04-16.30.10:601][673]LogModuleManager: Shutting down and abandoning module AudioFormatOpus (135)
[2019.02.04-16.30.10:601][673]LogModuleManager: Shutting down and abandoning module AudioFormatOgg (133)
[2019.02.04-16.30.10:601][673]LogModuleManager: Shutting down and abandoning module AudioFormatADPCM (131)
[2019.02.04-16.30.10:601][673]LogModuleManager: Shutting down and abandoning module LuminTargetPlatform (129)
[2019.02.04-16.30.10:601][673]LogModuleManager: Shutting down and abandoning module LinuxTargetPlatform (127)
[2019.02.04-16.30.10:601][673]LogModuleManager: Shutting down and abandoning module LinuxServerTargetPlatform (125)
[2019.02.04-16.30.10:601][673]LogModuleManager: Shutting down and abandoning module LinuxNoEditorTargetPlatform (123)
[2019.02.04-16.30.10:601][673]LogModuleManager: Shutting down and abandoning module LinuxClientTargetPlatform (121)
[2019.02.04-16.30.10:602][673]LogModuleManager: Shutting down and abandoning module TVOSTargetPlatform (119)
[2019.02.04-16.30.10:603][673]LogModuleManager: Shutting down and abandoning module Messaging (117)
[2019.02.04-16.30.10:603][673]LogModuleManager: Shutting down and abandoning module IOSTargetPlatform (115)
[2019.02.04-16.30.10:604][673]LogModuleManager: Shutting down and abandoning module HTML5TargetPlatform (113)
[2019.02.04-16.30.10:604][673]LogModuleManager: Shutting down and abandoning module AndroidTargetPlatform (111)
[2019.02.04-16.30.10:622][673]LogModuleManager: Shutting down and abandoning module WindowsTargetPlatform (109)
[2019.02.04-16.30.10:622][673]LogModuleManager: Shutting down and abandoning module WindowsServerTargetPlatform (107)
[2019.02.04-16.30.10:622][673]LogModuleManager: Shutting down and abandoning module WindowsNoEditorTargetPlatform (105)
[2019.02.04-16.30.10:622][673]LogModuleManager: Shutting down and abandoning module WindowsClientTargetPlatform (103)
[2019.02.04-16.30.10:622][673]LogModuleManager: Shutting down and abandoning module MacTargetPlatform (101)
[2019.02.04-16.30.10:622][673]LogModuleManager: Shutting down and abandoning module MacServerTargetPlatform (99)
[2019.02.04-16.30.10:622][673]LogModuleManager: Shutting down and abandoning module MacNoEditorTargetPlatform (97)
[2019.02.04-16.30.10:622][673]LogModuleManager: Shutting down and abandoning module MacClientTargetPlatform (95)
[2019.02.04-16.30.10:622][673]LogModuleManager: Shutting down and abandoning module AllDesktopTargetPlatform (93)
[2019.02.04-16.30.10:622][673]LogModuleManager: Shutting down and abandoning module InputCore (90)
[2019.02.04-16.30.10:623][673]LogModuleManager: Shutting down and abandoning module Settings (88)
[2019.02.04-16.30.10:623][673]LogModuleManager: Shutting down and abandoning module PhysXCooking (86)
[2019.02.04-16.30.10:623][673]LogModuleManager: Shutting down and abandoning module SteamVR (84)
[2019.02.04-16.30.10:623][673]LogModuleManager: Shutting down and abandoning module OculusHMD (82)
[2019.02.04-16.30.10:623][673]LogModuleManager: Shutting down and abandoning module ExampleDeviceProfileSelector (80)
[2019.02.04-16.30.10:623][673]LogModuleManager: Shutting down and abandoning module LauncherChunkInstaller (78)
[2019.02.04-16.30.10:623][673]LogModuleManager: Shutting down and abandoning module OnlineBlueprintSupport (76)
[2019.02.04-16.30.10:623][673]LogModuleManager: Shutting down and abandoning module OnlineSubsystem (72)
[2019.02.04-16.30.10:625][673]LogModuleManager: Shutting down and abandoning module XMPP (65)
[2019.02.04-16.30.10:628][673]LogModuleManager: Shutting down and abandoning module WebSockets (64)
[2019.02.04-16.30.10:662][673]LogModuleManager: Shutting down and abandoning module HTTP (61)
[2019.02.04-16.30.10:662][673]LogHttp: Display: Http module shutting down, but needs to wait on 1 outstanding Http requests:
[2019.02.04-16.30.10:662][673]LogHttp: Display: 	verb=[POST] url=[https://datarouter.ol.epicgames.com/datarouter/api/v1/public/data?SessionID=%7BAF85251D-4440-1153-C114-D4BDCFB28000%7D&AppID=UEEditor.Rocket.Release&AppVersion=4.20.3-4369336%2B%2B%2BUE4%2BRelease-4.20&UserID=a4d8b5eb44ce9fb17b7240bbdca66db1%7Ce13323db472b437e907144303bb07345%7C256f2a14-a5f3-4699-86f1-9ff3e8e37f47&AppEnvironment=datacollector-binary&UploadType=eteventstream] status=Processing
[2019.02.04-16.30.10:701][673]LogModuleManager: Shutting down and abandoning module SSL (60)
[2019.02.04-16.30.10:704][673]LogModuleManager: Shutting down and abandoning module MagicLeapEmulator (56)
[2019.02.04-16.30.10:704][673]LogModuleManager: Shutting down and abandoning module MagicLeapPrivileges (54)
[2019.02.04-16.30.10:704][673]LogModuleManager: Shutting down and abandoning module MagicLeapIdentity (52)
[2019.02.04-16.30.10:704][673]LogModuleManager: Shutting down and abandoning module MagicLeapHelperVulkan (50)
[2019.02.04-16.30.10:704][673]LogModuleManager: Shutting down and abandoning module MagicLeapHelperOpenGL (48)
[2019.02.04-16.30.10:704][673]LogModuleManager: Shutting down and abandoning module MagicLeapSecureStorage (46)
[2019.02.04-16.30.10:704][673]LogModuleManager: Shutting down and abandoning module MagicLeapGestures (44)
[2019.02.04-16.30.10:704][673]LogModuleManager: Shutting down and abandoning module MagicLeapEyeTracker (42)
[2019.02.04-16.30.10:704][673]LogModuleManager: Shutting down and abandoning module MagicLeapController (40)
[2019.02.04-16.30.10:704][673]LogSlate: Slate User Destroyed.  User Index 0, Is Virtual User: 0
[2019.02.04-16.30.10:704][673]LogModuleManager: Shutting down and abandoning module MagicLeap (38)
[2019.02.04-16.30.10:704][673]LogModuleManager: Shutting down and abandoning module AnimationModifiers (36)
[2019.02.04-16.30.10:705][673]LogModuleManager: Shutting down and abandoning module PropertyEditor (35)
[2019.02.04-16.30.10:706][673]LogModuleManager: Shutting down and abandoning module AudioEditor (32)
[2019.02.04-16.30.10:706][673]LogModuleManager: Shutting down and abandoning module TextureCompressor (30)
[2019.02.04-16.30.10:708][673]LogModuleManager: Shutting down and abandoning module ShaderCore (28)
[2019.02.04-16.30.10:708][673]LogModuleManager: Shutting down and abandoning module Landscape (26)
[2019.02.04-16.30.10:708][673]LogModuleManager: Shutting down and abandoning module SlateRHIRenderer (24)
[2019.02.04-16.30.10:709][673]LogModuleManager: Shutting down and abandoning module OpenGLDrv (22)
[2019.02.04-16.30.10:709][673]LogModuleManager: Shutting down and abandoning module D3D11RHI (20)
[2019.02.04-16.30.10:709][673]LogModuleManager: Shutting down and abandoning module AnimGraphRuntime (18)
[2019.02.04-16.30.10:709][673]LogModuleManager: Shutting down and abandoning module Renderer (16)
[2019.02.04-16.30.10:709][673]LogModuleManager: Shutting down and abandoning module Engine (14)
[2019.02.04-16.30.10:709][673]LogModuleManager: Shutting down and abandoning module CoreUObject (12)
[2019.02.04-16.30.10:709][673]LogModuleManager: Shutting down and abandoning module NetworkFile (10)
[2019.02.04-16.30.10:710][673]LogModuleManager: Shutting down and abandoning module CookedIterativeFile (8)
[2019.02.04-16.30.10:710][673]LogModuleManager: Shutting down and abandoning module StreamingFile (6)
[2019.02.04-16.30.10:711][673]LogModuleManager: Shutting down and abandoning module SandboxFile (4)
[2019.02.04-16.30.10:711][673]LogModuleManager: Shutting down and abandoning module PakFile (2)
[2019.02.04-16.30.10:723][673]LogExit: Exiting.
[2019.02.04-16.30.10:734][673]Log file closed, 02/04/19 17:30:10
