Log file open, 01/25/19 15:03:13
LogWindows: Failed to load 'aqProf.dll' (GetLastError=126)
LogWindows: File 'aqProf.dll' does not exist
LogWindows: Failed to load 'VtuneApi.dll' (GetLastError=126)
LogWindows: File 'VtuneApi.dll' does not exist
LogWindows: Failed to load 'VtuneApi32e.dll' (GetLastError=126)
LogWindows: File 'VtuneApi32e.dll' does not exist
LogInit: Display: Running engine for game: PeopleWithGuns
LogPlatformFile: Not using cached read wrapper
LogTaskGraph: Started task graph with 5 named threads and 11 total threads with 3 sets of task threads.
LogStats: Stats thread started at 0.184856
LogD3D11RHI: Loaded GFSDK_Aftermath_Lib.x64.dll
LogICUInternationalization: Display: ICU TimeZone Detection - Raw Offset: +1:00, Platform Override: ''
LogPluginManager: Mounting plugin Paper2D
LogPluginManager: Mounting plugin AISupport
LogPluginManager: Mounting plugin LightPropagationVolume
LogPluginManager: Mounting plugin CLionSourceCodeAccess
LogPluginManager: Mounting plugin CodeLiteSourceCodeAccess
LogPluginManager: Mounting plugin GitSourceControl
LogPluginManager: Mounting plugin KDevelopSourceCodeAccess
LogPluginManager: Mounting plugin NullSourceCodeAccess
LogPluginManager: Mounting plugin PerforceSourceControl
LogPluginManager: Mounting plugin SubversionSourceControl
LogPluginManager: Mounting plugin UObjectPlugin
LogPluginManager: Mounting plugin VisualStudioCodeSourceCodeAccess
LogPluginManager: Mounting plugin VisualStudioSourceCodeAccess
LogPluginManager: Mounting plugin XCodeSourceCodeAccess
LogPluginManager: Mounting plugin AssetManagerEditor
LogPluginManager: Mounting plugin CryptoKeys
LogPluginManager: Mounting plugin DataValidation
LogPluginManager: Mounting plugin FacialAnimation
LogPluginManager: Mounting plugin GameplayTagsEditor
LogPluginManager: Mounting plugin MacGraphicsSwitching
LogPluginManager: Mounting plugin MeshEditor
LogPluginManager: Mounting plugin MobileLauncherProfileWizard
LogPluginManager: Mounting plugin PluginBrowser
LogPluginManager: Mounting plugin SpeedTreeImporter
LogPluginManager: Mounting plugin DatasmithContent
LogPluginManager: Mounting plugin AlembicImporter
LogPluginManager: Mounting plugin AppleImageUtils
LogPluginManager: Mounting plugin AppleVision
LogPluginManager: Mounting plugin BackChannel
LogPluginManager: Mounting plugin CharacterAI
LogPluginManager: Mounting plugin GeometryCache
LogPluginManager: Mounting plugin HTML5Networking
LogPluginManager: Mounting plugin ProxyLODPlugin
LogPluginManager: Mounting plugin MagicLeap
LogPluginManager: Mounting plugin MagicLeapEmulator
LogPluginManager: Mounting plugin MagicLeapMedia
LogPluginManager: Mounting plugin AndroidMedia
LogPluginManager: Mounting plugin AvfMedia
LogPluginManager: Mounting plugin ImgMedia
LogPluginManager: Mounting plugin LinearTimecode
LogPluginManager: Mounting plugin MediaCompositing
LogPluginManager: Mounting plugin MediaPlayerEditor
LogPluginManager: Mounting plugin WmfMedia
LogPluginManager: Mounting plugin TcpMessaging
LogPluginManager: Mounting plugin UdpMessaging
LogPluginManager: Mounting plugin ActorSequence
LogPluginManager: Mounting plugin LevelSequenceEditor
LogPluginManager: Mounting plugin MatineeToLevelSequence
LogPluginManager: Mounting plugin NetcodeUnitTest
LogPluginManager: Mounting plugin NUTUnrealEngine4
LogPluginManager: Mounting plugin OnlineSubsystemGooglePlay
LogPluginManager: Mounting plugin OnlineSubsystemIOS
LogPluginManager: Mounting plugin OnlineSubsystem
LogPluginManager: Mounting plugin OnlineSubsystemNull
LogPluginManager: Mounting plugin OnlineSubsystemSteam
LogPluginManager: Mounting plugin OnlineSubsystemUtils
LogPluginManager: Mounting plugin LauncherChunkInstaller
LogPluginManager: Mounting plugin AndroidDeviceProfileSelector
LogPluginManager: Mounting plugin AndroidMoviePlayer
LogPluginManager: Mounting plugin AndroidPermission
LogPluginManager: Mounting plugin AppleMoviePlayer
LogPluginManager: Mounting plugin ArchVisCharacter
LogPluginManager: Mounting plugin AudioCapture
LogPluginManager: Mounting plugin CableComponent
LogPluginManager: Mounting plugin CustomMeshComponent
LogPluginManager: Mounting plugin EditableMesh
LogPluginManager: Mounting plugin ExampleDeviceProfileSelector
LogPluginManager: Mounting plugin GoogleCloudMessaging
LogPluginManager: Mounting plugin ImmediatePhysics
LogPluginManager: Mounting plugin IOSDeviceProfileSelector
LogPluginManager: Mounting plugin LinuxDeviceProfileSelector
LogPluginManager: Mounting plugin LocationServicesBPLibrary
LogPluginManager: Mounting plugin MobilePatchingUtils
LogPluginManager: Mounting plugin OculusVR
LogPluginManager: Plugin shader directory ../../../Engine/Plugins/Runtime/Oculus/OculusVR/Shaders found
LogPluginManager: Mapping shader source directory ../../../Engine/Plugins/Runtime/Oculus/OculusVR/Shaders to virtual directory /Plugin/OculusVR
LogPluginManager: Mounting plugin PhysXVehicles
LogPluginManager: Mounting plugin ProceduralMeshComponent
LogPluginManager: Mounting plugin RuntimePhysXCooking
LogPluginManager: Mounting plugin SteamVR
LogPluginManager: Mounting plugin WindowsMoviePlayer
LogStreaming: Display: Took  0.491s to configure plugins.
LogInit: Using libcurl 7.55.1-DEV
LogInit:  - built for x86_64-pc-win32
LogInit:  - supports SSL with OpenSSL/1.0.2h
LogInit:  - supports HTTP deflate (compression) using libz 1.2.8
LogInit:  - other features:
LogInit:      CURL_VERSION_SSL
LogInit:      CURL_VERSION_LIBZ
LogInit:      CURL_VERSION_IPV6
LogInit:      CURL_VERSION_ASYNCHDNS
LogInit:      CURL_VERSION_LARGEFILE
LogInit:      CURL_VERSION_IDN
LogInit:  CurlRequestOptions (configurable via config and command line):
LogInit:  - bVerifyPeer = false  - Libcurl will NOT verify peer certificate
LogInit:  - bUseHttpProxy = false  - Libcurl will NOT use HTTP proxy
LogInit:  - bDontReuseConnections = false  - Libcurl will reuse connections
LogInit:  - CertBundlePath = nullptr  - Libcurl will use whatever was configured at build time.
LogInit:  - MaxHostConnections = 16  - Libcurl will limit the number of connections to a host
LogInit:  - LocalHostAddr = Default
LogInit:  - BufferSize = 65536
LogOnline: Display: STEAM: Loading Steam SDK 1.39
LogOnline: Warning: STEAM: Steam API disabled!
LogOnline: Display: STEAM: OnlineSubsystemSteam::Shutdown()
LogInit: WinSock: version 1.1 (2.2), MaxSocks=32767, MaxUdp=65467
LogInit: Build: ++UE4+Release-4.20-CL-4369336
LogInit: Engine Version: 4.20.3-4369336+++UE4+Release-4.20
LogInit: Compatible Engine Version: 4.20.0-4212847+++UE4+Release-4.20
LogInit: Net CL: 4212847
LogInit: OS: Windows 10 (), CPU: Intel(R) Core(TM) i7-6500U CPU @ 2.50GHz, GPU: Intel(R) HD Graphics 520
LogInit: Compiled (64-bit): Sep 17 2018 12:26:19
LogInit: Compiled with Visual C++: 19.13.26129.00
LogInit: Build Configuration: Development
LogInit: Branch Name: ++UE4+Release-4.20
LogInit: Command Line: -EpicPortal  -epicusername="Hookibibi" -epicuserid=e13323db472b437e907144303bb07345 -epiclocale=fr-FR
LogInit: Base Directory: R:/UE_4.20/Engine/Binaries/Win64/
LogInit: Installed Engine Build: 1
LogDevObjectVersion: Number of dev versions registered: 20
LogDevObjectVersion:   Dev-Blueprints (B0D832E4-1F89-4F0D-ACCF-7EB736FD4AA2): 10
LogDevObjectVersion:   Dev-Build (E1C64328-A22C-4D53-A36C-8E866417BD8C): 0
LogDevObjectVersion:   Dev-Core (375EC13C-06E4-48FB-B500-84F0262A717E): 2
LogDevObjectVersion:   Dev-Editor (E4B068ED-F494-42E9-A231-DA0B2E46BB41): 24
LogDevObjectVersion:   Dev-Framework (CFFC743F-43B0-4480-9391-14DF171D2073): 34
LogDevObjectVersion:   Dev-Mobile (B02B49B5-BB20-44E9-A304-32B752E40360): 2
LogDevObjectVersion:   Dev-Networking (A4E4105C-59A1-49B5-A7C5-40C4547EDFEE): 0
LogDevObjectVersion:   Dev-Online (39C831C9-5AE6-47DC-9A44-9C173E1C8E7C): 0
LogDevObjectVersion:   Dev-Physics (78F01B33-EBEA-4F98-B9B4-84EACCB95AA2): 0
LogDevObjectVersion:   Dev-Platform (6631380F-2D4D-43E0-8009-CF276956A95A): 0
LogDevObjectVersion:   Dev-Rendering (12F88B9F-8875-4AFC-A67C-D90C383ABD29): 26
LogDevObjectVersion:   Dev-Sequencer (7B5AE74C-D270-4C10-A958-57980B212A5A): 9
LogDevObjectVersion:   Dev-VR (D7296918-1DD6-4BDD-9DE2-64A83CC13884): 2
LogDevObjectVersion:   Dev-LoadTimes (C2A15278-BFE7-4AFE-6C17-90FF531DF755): 1
LogDevObjectVersion:   Private-Geometry (6EACA3D4-40EC-4CC1-B786-8BED09428FC5): 3
LogDevObjectVersion:   Dev-AnimPhys (29E575DD-E0A3-4627-9D10-D276232CDCEA): 17
LogDevObjectVersion:   Dev-ReflectionCapture (6B266CEC-1EC7-4B8F-A30B-E4D90942FC07): 1
LogDevObjectVersion:   Dev-Automation (0DF73D61-A23F-47EA-B727-89E90C41499A): 1
LogDevObjectVersion:   FortniteMain (601D1886-AC64-4F84-AA16-D3DE0DEAC7D6): 12
LogDevObjectVersion:   Dev-Enterprise (9DFFBCD6-494F-0158-E221-12823C92A888): 1
LogStreaming: Display: Took  0.002s to delete old logs.
LogInit: Presizing for max 8388607 objects, including 0 objects not considered by GC, pre-allocating 0 bytes for permanent pool.
LogInit: Object subsystem initialized
[2019.01.25-14.03.14:399][  0]LogInit: Selected Device Profile: [Windows]
[2019.01.25-14.03.14:399][  0]LogInit: Applying CVar settings loaded from the selected device profile: [Windows]
[2019.01.25-14.03.14:432][  0]LogHAL: Display: Platform has ~ 8 GB [8464732160 / 8589934592 / 8], which maps to Default [LargestMinGB=32, LargerMinGB=12, DefaultMinGB=8, SmallerMinGB=6, SmallestMinGB=0)
[2019.01.25-14.03.14:432][  0]LogInit: Setting Device Profile CVar: [[r.Vulkan.UseRealUBs:1]]
[2019.01.25-14.03.14:432][  0]LogInit: Going up to parent DeviceProfile []
[2019.01.25-14.03.14:433][  0]LogInit: Computer: DESKTOP-FT66DED
[2019.01.25-14.03.14:433][  0]LogInit: User: Malo
[2019.01.25-14.03.14:433][  0]LogInit: CPU Page size=4096, Cores=2
[2019.01.25-14.03.14:433][  0]LogInit: High frequency timer resolution =10.000000 MHz
[2019.01.25-14.03.14:433][  0]LogMemory: Memory total: Physical=7.9GB (8GB approx)
[2019.01.25-14.03.14:433][  0]LogMemory: Platform Memory Stats for Windows
[2019.01.25-14.03.14:433][  0]LogMemory: Process Physical Memory: 101.12 MB used, 101.12 MB peak
[2019.01.25-14.03.14:434][  0]LogMemory: Process Virtual Memory: 84.28 MB used, 84.28 MB peak
[2019.01.25-14.03.14:434][  0]LogMemory: Physical Memory: 5052.71 MB used,  3019.89 MB free, 8072.60 MB total
[2019.01.25-14.03.14:434][  0]LogMemory: Virtual Memory: 4618.13 MB used,  3019.89 MB free, 134217728.00 MB total
[2019.01.25-14.03.14:462][  0]LogInit: Using OS detected language (fr-FR).
[2019.01.25-14.03.14:462][  0]LogInit: Using OS detected locale (fr-FR).
[2019.01.25-14.03.14:463][  0]LogTextLocalizationManager: No specific localization for 'fr-FR' exists, so the 'fr' localization will be used.
[2019.01.25-14.03.14:473][  0]LogStreaming: Display: Took  0.011s to InitEngineTextLocalization.
[2019.01.25-14.03.14:473][  0]LogInit: Setting process to per monitor DPI aware
[2019.01.25-14.03.14:519][  0]LogSlate: New Slate User Created.  User Index 0, Is Virtual User: 0
[2019.01.25-14.03.14:519][  0]LogSlate: Slate User Registered.  User Index 0, Is Virtual User: 0
[2019.01.25-14.03.14:855][  0]LogHMD: Failed to initialize OpenVR with code 100
[2019.01.25-14.03.14:856][  0]LogD3D11RHI: D3D11 adapters:
[2019.01.25-14.03.14:871][  0]LogD3D11RHI:    0. 'Intel(R) HD Graphics 520' (Feature Level 11_0)
[2019.01.25-14.03.14:871][  0]LogD3D11RHI:       128/0/4036 MB DedicatedVideo/DedicatedSystem/SharedSystem, Outputs:1, VendorId:0x8086
[2019.01.25-14.03.14:874][  0]LogD3D11RHI:    1. 'Microsoft Basic Render Driver' (Feature Level 11_0)
[2019.01.25-14.03.14:875][  0]LogD3D11RHI:       0/0/4036 MB DedicatedVideo/DedicatedSystem/SharedSystem, Outputs:0, VendorId:0x1414
[2019.01.25-14.03.14:875][  0]LogD3D11RHI: Chosen D3D11 Adapter: 0
[2019.01.25-14.03.14:882][  0]LogD3D11RHI: Creating new Direct3DDevice
[2019.01.25-14.03.14:882][  0]LogD3D11RHI:     GPU DeviceId: 0x1916 (for the marketing name, search the web for "GPU Device Id")
[2019.01.25-14.03.14:882][  0]LogWindows: EnumDisplayDevices:
[2019.01.25-14.03.14:882][  0]LogWindows:    0. 'Intel(R) HD Graphics 520' (P:1 D:1)
[2019.01.25-14.03.14:883][  0]LogWindows:    1. 'Intel(R) HD Graphics 520' (P:0 D:0)
[2019.01.25-14.03.14:883][  0]LogWindows:    2. 'Intel(R) HD Graphics 520' (P:0 D:0)
[2019.01.25-14.03.14:883][  0]LogWindows: DebugString: FoundDriverCount:3 
[2019.01.25-14.03.14:883][  0]LogD3D11RHI:     Adapter Name: Intel(R) HD Graphics 520
[2019.01.25-14.03.14:883][  0]LogD3D11RHI:   Driver Version: 22.20.16.4771 (internal:22.20.16.4771, unified:22.20.16.4771)
[2019.01.25-14.03.14:883][  0]LogD3D11RHI:      Driver Date: 8-13-2017
[2019.01.25-14.03.14:883][  0]LogRHI: Texture pool is 1502 MB (70% of 2146 MB)
[2019.01.25-14.03.14:893][  0]LogD3D11RHI: Async texture creation enabled
[2019.01.25-14.03.14:905][  0]LogD3D11RHI: GPU Timing Frequency: 12.000000 (Debug: 2 0)
[2019.01.25-14.03.14:907][  0]LogShaderCompilers: Guid format shader working directory is -26 characters bigger than the processId version (C:/Users/Malo/Documents/GitHub/ProjetsHub2018/FPSUnreal/PeopleWithGuns/Intermediate/Shaders/WorkingDirectory/14156/).
[2019.01.25-14.03.14:907][  0]LogShaderCompilers: Cleaned the shader compiler working directory 'C:/Users/Malo/AppData/Local/Temp/UnrealShaderWorkingDir/4222958D47D6C5718E34AD92D2B60E43/'.
[2019.01.25-14.03.15:324][  0]LogTemp: Display: Loaded TP AllDesktopTargetPlatform
[2019.01.25-14.03.15:345][  0]LogTemp: Display: Loaded TP MacClientTargetPlatform
[2019.01.25-14.03.15:366][  0]LogTemp: Display: Loaded TP MacNoEditorTargetPlatform
[2019.01.25-14.03.15:392][  0]LogTemp: Display: Loaded TP MacServerTargetPlatform
[2019.01.25-14.03.15:417][  0]LogTemp: Display: Loaded TP MacTargetPlatform
[2019.01.25-14.03.15:444][  0]LogTemp: Display: Loaded TP WindowsClientTargetPlatform
[2019.01.25-14.03.15:465][  0]LogTemp: Display: Loaded TP WindowsNoEditorTargetPlatform
[2019.01.25-14.03.15:487][  0]LogTemp: Display: Loaded TP WindowsServerTargetPlatform
[2019.01.25-14.03.15:499][  0]LogTemp: Display: Loaded TP WindowsTargetPlatform
[2019.01.25-14.03.15:675][  0]LogTemp: Display: Loaded TP AndroidTargetPlatform
[2019.01.25-14.03.15:675][  0]LogTemp: Display: Loaded TP AndroidTargetPlatform
[2019.01.25-14.03.15:675][  0]LogTemp: Display: Loaded TP AndroidTargetPlatform
[2019.01.25-14.03.15:675][  0]LogTemp: Display: Loaded TP AndroidTargetPlatform
[2019.01.25-14.03.15:675][  0]LogTemp: Display: Loaded TP AndroidTargetPlatform
[2019.01.25-14.03.15:675][  0]LogTemp: Display: Loaded TP AndroidTargetPlatform
[2019.01.25-14.03.15:675][  0]LogTemp: Display: Loaded TP AndroidTargetPlatform
[2019.01.25-14.03.15:675][  0]LogTemp: Display: Loaded TP AndroidTargetPlatform
[2019.01.25-14.03.15:675][  0]LogTemp: Display: Loaded TP AndroidTargetPlatform
[2019.01.25-14.03.15:675][  0]LogTemp: Display: Loaded TP AndroidTargetPlatform
[2019.01.25-14.03.15:675][  0]LogTemp: Display: Loaded TP AndroidTargetPlatform
[2019.01.25-14.03.15:675][  0]LogTemp: Display: Loaded TP AndroidTargetPlatform
[2019.01.25-14.03.15:675][  0]LogTemp: Display: Loaded TP AndroidTargetPlatform
[2019.01.25-14.03.15:675][  0]LogTemp: Display: Loaded TP AndroidTargetPlatform
[2019.01.25-14.03.15:675][  0]LogTemp: Display: Loaded TP AndroidTargetPlatform
[2019.01.25-14.03.15:675][  0]LogTemp: Display: Loaded TP AndroidTargetPlatform
[2019.01.25-14.03.15:675][  0]LogTemp: Display: Loaded TP AndroidTargetPlatform
[2019.01.25-14.03.15:675][  0]LogTemp: Display: Loaded TP AndroidTargetPlatform
[2019.01.25-14.03.15:677][  0]LogTemp: Display: Loaded TP HTML5TargetPlatform
[2019.01.25-14.03.15:766][  0]LogTemp: Display: Loaded TP IOSTargetPlatform
[2019.01.25-14.03.15:766][  0]LogTemp: Display: Loaded TP IOSTargetPlatform
[2019.01.25-14.03.15:825][  0]LogTemp: Display: Loaded TP TVOSTargetPlatform
[2019.01.25-14.03.15:826][  0]LogTemp: Display: Loaded TP TVOSTargetPlatform
[2019.01.25-14.03.15:851][  0]LogTemp: Display: Loaded TP LinuxClientTargetPlatform
[2019.01.25-14.03.15:875][  0]LogTemp: Display: Loaded TP LinuxNoEditorTargetPlatform
[2019.01.25-14.03.15:904][  0]LogTemp: Display: Loaded TP LinuxServerTargetPlatform
[2019.01.25-14.03.15:936][  0]LogTemp: Display: Loaded TP LinuxTargetPlatform
[2019.01.25-14.03.15:962][  0]LogTemp: Display: Loaded TP LuminTargetPlatform
[2019.01.25-14.03.15:962][  0]LogTargetPlatformManager: Display: Building Assets For Windows
[2019.01.25-14.03.16:036][  0]LogXGEController: Cannot use XGE Controller as Incredibuild is not installed on this machine.
[2019.01.25-14.03.16:036][  0]LogShaderCompilers: Cannot use XGE Shader Compiler as Incredibuild is not installed on this machine.
[2019.01.25-14.03.16:036][  0]LogShaderCompilers: Display: Using Local Shader Compiler.
[2019.01.25-14.03.17:566][  0]LogDerivedDataCache: Display: Max Cache Size: 512 MB
[2019.01.25-14.03.17:652][  0]LogDerivedDataCache: Loaded boot cache 0.09s 71MB C:/Users/Malo/AppData/Local/UnrealEngine/4.20/DerivedDataCache/Boot.ddc.
[2019.01.25-14.03.17:653][  0]LogDerivedDataCache: Display: Loaded Boot cache: C:/Users/Malo/AppData/Local/UnrealEngine/4.20/DerivedDataCache/Boot.ddc
[2019.01.25-14.03.17:654][  0]LogDerivedDataCache: FDerivedDataBackendGraph:  Pak pak cache file C:/Users/Malo/Documents/GitHub/ProjetsHub2018/FPSUnreal/PeopleWithGuns/DerivedDataCache/DDC.ddp not found, will not use a pak cache.
[2019.01.25-14.03.17:654][  0]LogDerivedDataCache: Unable to find inner node Pak for hierarchical cache Hierarchy.
[2019.01.25-14.03.17:654][  0]LogDerivedDataCache: FDerivedDataBackendGraph:  CompressedPak pak cache file C:/Users/Malo/Documents/GitHub/ProjetsHub2018/FPSUnreal/PeopleWithGuns/DerivedDataCache/Compressed.ddp not found, will not use a pak cache.
[2019.01.25-14.03.17:654][  0]LogDerivedDataCache: Unable to find inner node CompressedPak for hierarchical cache Hierarchy.
[2019.01.25-14.03.17:677][  0]LogDerivedDataCache: Display: Pak cache opened for reading ../../../Engine/DerivedDataCache/Compressed.ddp.
[2019.01.25-14.03.17:690][  0]LogDerivedDataCache: Using Local data cache path C:/Users/Malo/AppData/Local/UnrealEngine/Common/DerivedDataCache: Writable
[2019.01.25-14.03.17:690][  0]LogDerivedDataCache: Shared data cache path not found in *engine.ini, will not use an Shared cache.
[2019.01.25-14.03.17:690][  0]LogDerivedDataCache: Unable to find inner node Shared for hierarchical cache Hierarchy.
[2019.01.25-14.03.17:718][  0]LogMaterial: Verifying Global Shaders for PCD3D_SM5
[2019.01.25-14.03.17:721][  0]LogSlate: Using FreeType 2.6.0
[2019.01.25-14.03.17:722][  0]LogSlate: SlateFontServices - WITH_FREETYPE: 1, WITH_HARFBUZZ: 1
[2019.01.25-14.03.17:820][  0]LogAssetRegistry: FAssetRegistry took 0.0325 seconds to start up
[2019.01.25-14.03.18:500][  0]LogInit: Selected Device Profile: [Windows]
[2019.01.25-14.03.18:792][  0]LogSimplygon: Simplygon DLL not present - disabling.
[2019.01.25-14.03.18:798][  0]LogMeshReduction: Using SimplygonSwarm for distributed automatic mesh merging
[2019.01.25-14.03.18:798][  0]LogMeshReduction: Using ProxyLODMeshReduction for automatic mesh merging
[2019.01.25-14.03.18:798][  0]LogMeshReduction: Using QuadricMeshReduction for automatic static mesh reduction
[2019.01.25-14.03.18:798][  0]LogMeshReduction: No automatic skeletal mesh reduction module available
[2019.01.25-14.03.18:827][  0]LogNetVersion: PeopleWithGuns 1.0.0, NetCL: 4212847, EngineNetVer: 5, GameNetVer: 0 (Checksum: 1271298656)
[2019.01.25-14.03.20:065][  0]LogPackageLocalizationCache: Processed 11 localized package path(s) for 2 prioritized culture(s) in 0.281153 seconds
[2019.01.25-14.03.20:077][  0]LogUObjectArray: 38434 objects as part of root set at end of initial load.
[2019.01.25-14.03.20:077][  0]LogUObjectAllocator: 6701144 out of 0 bytes used by permanent object pool.
[2019.01.25-14.03.20:077][  0]LogUObjectArray: CloseDisregardForGC: 0/0 objects in disregard for GC pool
[2019.01.25-14.03.21:424][  0]LogTcpMessaging: Initializing TcpMessaging bridge
[2019.01.25-14.03.21:438][  0]LogUdpMessaging: Initializing bridge on interface 0.0.0.0:0 to multicast group 230.0.0.1:6666.
[2019.01.25-14.03.21:641][  0]SourceControl: Source control is disabled
[2019.01.25-14.03.21:641][  0]SourceControl: Source control is disabled
[2019.01.25-14.03.21:643][  0]SourceControl: Source control is disabled
[2019.01.25-14.03.21:644][  0]SourceControl: Source control is disabled
[2019.01.25-14.03.21:838][  0]LogAndroidPermission: UAndroidPermissionCallbackProxy::GetInstance
[2019.01.25-14.03.22:002][  0]LogOcInput: OculusInput pre-init called
[2019.01.25-14.03.22:084][  0]LogEngine: Initializing Engine...
[2019.01.25-14.03.22:087][  0]LogHMD: Failed to initialize OpenVR with code 100
[2019.01.25-14.03.22:090][  0]LogStats: UGameplayTagsManager::ConstructGameplayTagTree: ImportINI prefixes -  0.000 s
[2019.01.25-14.03.22:090][  0]LogStats: UGameplayTagsManager::ConstructGameplayTagTree: Construct from data asset -  0.000 s
[2019.01.25-14.03.22:090][  0]LogStats: UGameplayTagsManager::ConstructGameplayTagTree: ImportINI -  0.000 s
[2019.01.25-14.03.22:090][  0]LogStats: UGameplayTagsManager::ConstructGameplayTagTree: GameplayTagTreeChangedEvent.Broadcast -  0.000 s
[2019.01.25-14.03.22:464][  0]LogInit: Initializing FReadOnlyCVARCache
[2019.01.25-14.03.22:480][  0]LogAIModule: Creating AISystem for world Untitled
[2019.01.25-14.03.22:515][  0]LogInit: XAudio2 using 'Haut-parleur (Conexant ISST Audio)' : 2 channels at 48 kHz using 32 bits per sample (channel mask 0x3)
[2019.01.25-14.03.22:532][  0]LogInit: FAudioDevice initialized.
[2019.01.25-14.03.22:533][  0]LogNetVersion: Set ProjectVersion to 1.0.0.0. Version Checksum will be recalculated on next use.
[2019.01.25-14.03.22:637][  0]LogDerivedDataCache: Saved boot cache 0.10s 77MB C:/Users/Malo/AppData/Local/UnrealEngine/4.20/DerivedDataCache/Boot.ddc.
[2019.01.25-14.03.22:665][  0]LogInit: Texture streaming: Enabled
[2019.01.25-14.03.22:688][  0]LogEngineSessionManager: EngineSessionManager initialized
[2019.01.25-14.03.22:705][  0]LogInit: Transaction tracking system initialized
[2019.01.25-14.03.22:732][  0]BlueprintLog: New page: Editor Load
[2019.01.25-14.03.22:824][  0]LocalizationService: Localization service is disabled
[2019.01.25-14.03.23:632][  0]LogCook: Display: Max memory allowance for cook 16384mb min free memory 0mb
[2019.01.25-14.03.23:633][  0]LogCook: Display: Mobile HDR setting 1
[2019.01.25-14.03.23:633][  0]LogGameplayTags: Display: UGameplayTagsManager::DoneAddingNativeTags. DelegateIsBound: 0
[2019.01.25-14.03.23:633][  0]LogStats: UGameplayTagsManager::ConstructGameplayTagTree: ImportINI prefixes -  0.000 s
[2019.01.25-14.03.23:633][  0]LogStats: UGameplayTagsManager::ConstructGameplayTagTree: Construct from data asset -  0.000 s
[2019.01.25-14.03.23:633][  0]LogStats: UGameplayTagsManager::ConstructGameplayTagTree: ImportINI -  0.000 s
[2019.01.25-14.03.23:633][  0]LogStats: UGameplayTagsManager::ConstructGameplayTagTree: GameplayTagTreeChangedEvent.Broadcast -  0.000 s
[2019.01.25-14.03.23:816][  0]LogFileCache: Scanning file cache for directory 'C:/Users/Malo/Documents/GitHub/ProjetsHub2018/FPSUnreal/PeopleWithGuns/Content/' took 0.08s
[2019.01.25-14.03.23:816][  0]SourceControl: Source control is disabled
[2019.01.25-14.03.23:817][  0]Cmd: MAP LOAD FILE="C:/Users/Malo/Documents/GitHub/ProjetsHub2018/FPSUnreal/PeopleWithGuns/Content/ThirdPersonBP/Maps/Menu.umap" TEMPLATE=0 SHOWPROGRESS=1 FEATURELEVEL=3
[2019.01.25-14.03.23:824][  0]LightingResults: New page: Lighting Build
[2019.01.25-14.03.23:827][  0]MapCheck: New page: Map Check
[2019.01.25-14.03.23:828][  0]LightingResults: New page: Lighting Build
[2019.01.25-14.03.24:187][  0]LogAIModule: Creating AISystem for world Menu
[2019.01.25-14.03.24:189][  0]LogEditorServer: Finished looking for orphan Actors (0.000 secs)
[2019.01.25-14.03.24:220][  0]Cmd: MAP CHECKDEP NOCLEARLOG
[2019.01.25-14.03.24:305][  0]MapCheck: Map check complete: 0 Error(s), 0 Warning(s), took 84,141ms to complete.
[2019.01.25-14.03.24:306][  0]LogFileHelpers: Loading map 'Menu' took 0.489
[2019.01.25-14.03.24:434][  0]LogSlate: Updating window title bar state: overlay mode, drag disabled, window buttons hidden, title bar hidden
[2019.01.25-14.03.24:454][  0]LogSlate: Updating window title bar state: overlay mode, drag disabled, window buttons hidden, title bar hidden
[2019.01.25-14.03.24:470][  0]LogSlate: Updating window title bar state: overlay mode, drag disabled, window buttons hidden, title bar hidden
[2019.01.25-14.03.24:490][  0]LogSlate: Updating window title bar state: overlay mode, drag disabled, window buttons hidden, title bar hidden
[2019.01.25-14.03.24:508][  0]LogCollectionManager: Loaded 0 collections in 0.002253 seconds
[2019.01.25-14.03.24:552][  0]LogFileCache: Scanning file cache for directory 'C:/Users/Malo/Documents/GitHub/ProjetsHub2018/FPSUnreal/PeopleWithGuns/Saved/Collections/' took 0.01s
[2019.01.25-14.03.24:552][  0]LogFileCache: Scanning file cache for directory 'C:/Users/Malo/Documents/GitHub/ProjetsHub2018/FPSUnreal/PeopleWithGuns/Content/Developers/Malo/Collections/' took 0.01s
[2019.01.25-14.03.24:552][  0]LogFileCache: Scanning file cache for directory 'C:/Users/Malo/Documents/GitHub/ProjetsHub2018/FPSUnreal/PeopleWithGuns/Content/Collections/' took 0.01s
[2019.01.25-14.03.24:552][  0]LogCollectionManager: Rebuilt the GUID cache for 0 collections in 0.000001 seconds
[2019.01.25-14.03.24:565][  0]LogContentBrowser: Native class hierarchy populated in 0.0122 seconds. Added 2575 classes and 607 folders.
[2019.01.25-14.03.24:572][  0]LogContentBrowser: Native class hierarchy updated for 'WidgetCarousel' in 0.0003 seconds. Added 0 classes and 0 folders.
[2019.01.25-14.03.25:166][  0]LogContentBrowser: Native class hierarchy updated for 'AddContentDialog' in 0.0004 seconds. Added 0 classes and 0 folders.
[2019.01.25-14.03.25:198][  0]LogContentBrowser: Native class hierarchy updated for 'SceneOutliner' in 0.0004 seconds. Added 1 classes and 2 folders.
[2019.01.25-14.03.25:343][  0]LogSlate: Took 0.000281 seconds to synchronously load lazily loaded font '../../../Engine/Content/Slate/Fonts/Roboto-Regular.ttf' (155K)
[2019.01.25-14.03.25:349][  0]LogSlate: Took 0.000315 seconds to synchronously load lazily loaded font '../../../Engine/Content/Slate/Fonts/Roboto-Bold.ttf' (160K)
[2019.01.25-14.03.25:365][  0]LogSlate: Took 0.008922 seconds to synchronously load lazily loaded font '../../../Engine/Content/Editor/Slate/Fonts/FontAwesome.ttf' (139K)
[2019.01.25-14.03.25:554][  0]LogRenderer: Reallocating scene render targets to support 1528x600 Format 9 NumSamples 1 (Frame:1).
[2019.01.25-14.03.26:375][  0]LogContentBrowser: Native class hierarchy updated for 'HierarchicalLODOutliner' in 0.0005 seconds. Added 0 classes and 0 folders.
[2019.01.25-14.03.26:375][  0]LogLoad: (Engine Initialization) Total time: 14.62 seconds
[2019.01.25-14.03.26:375][  0]LogLoad: (Engine Initialization) Total Blueprint compile time: 0.00 seconds
[2019.01.25-14.03.26:430][  0]LogContentStreaming: Texture pool size now 400 MB
[2019.01.25-14.03.26:483][  0]LogSlate: Took 0.009762 seconds to synchronously load lazily loaded font '../../../Engine/Content/Slate/Fonts/Roboto-Light.ttf' (167K)
[2019.01.25-14.03.27:244][  7]LogAssetRegistry: Asset discovery search completed in 9.4467 seconds
[2019.01.25-14.03.27:248][  7]LogCollectionManager: Rebuilt the object cache for 0 collections in 0.000000 seconds (found 0 objects)
[2019.01.25-14.03.27:248][  7]LogCollectionManager: Fixed up redirectors for 0 collections in 0.000095 seconds (updated 0 objects)
[2019.01.25-14.04.30:880][398]LogSlate: FSceneViewport::OnFocusLost() reason 0
[2019.01.25-14.04.31:066][408]LogSlate: Took 0.000750 seconds to synchronously load lazily loaded font '../../../Engine/Content/Slate/Fonts/Roboto-Light.ttf' (167K)
[2019.01.25-14.04.31:079][408]LogAssetEditorManager: Opening Asset editor for Blueprint /Game/ThirdPersonBP/Blueprints/MainGI.MainGI
[2019.01.25-14.04.31:837][408]LogContentBrowser: Native class hierarchy updated for 'BlueprintGraph' in 0.0007 seconds. Added 116 classes and 0 folders.
[2019.01.25-14.04.32:780][408]LogSlate: Took 0.005524 seconds to synchronously load lazily loaded font '../../../Engine/Content/Slate/Fonts/Roboto-BoldCondensed.ttf' (158K)
[2019.01.25-14.04.32:936][409]LogSlate: Took 0.008484 seconds to synchronously load lazily loaded font '../../../Engine/Content/Slate/Fonts/Roboto-Italic.ttf' (157K)
[2019.01.25-14.05.25:954][643]LogAssetEditorManager: Opening Asset editor for Blueprint /Game/ThirdPersonBP/Blueprints/MainMenuGM.MainMenuGM
[2019.01.25-14.13.26:642][818]LogFileHelpers: Editor autosave (incl. sublevels) for '/Game/ThirdPersonBP/Maps/Menu' took 0.044
[2019.01.25-14.13.26:646][818]OBJ SavePackage: Generating thumbnails for [0] asset(s) in package [/Game/ThirdPersonBP/Blueprints/MainMenuGM] ([1] browsable assets)...
[2019.01.25-14.13.26:646][818]OBJ SavePackage: Finished generating thumbnails for package [/Game/ThirdPersonBP/Blueprints/MainMenuGM]
[2019.01.25-14.13.26:695][818]LogSavePackage: Moving 'C:/Users/Malo/Documents/GitHub/ProjetsHub2018/FPSUnreal/PeopleWithGuns/Saved/MainMenuGM_Auto1536761FE402B5F598F4E4A877A8A7785.tmp' to 'C:/Users/Malo/Documents/GitHub/ProjetsHub2018/FPSUnreal/PeopleWithGuns/Saved/Autosaves/Game/ThirdPersonBP/Blueprints/MainMenuGM_Auto1.uasset'
[2019.01.25-14.13.26:698][818]OBJ SavePackage: Generating thumbnails for [0] asset(s) in package [/Game/ThirdPersonBP/Blueprints/MainGI] ([1] browsable assets)...
[2019.01.25-14.13.26:698][818]OBJ SavePackage: Finished generating thumbnails for package [/Game/ThirdPersonBP/Blueprints/MainGI]
[2019.01.25-14.13.26:739][818]LogSavePackage: Moving 'C:/Users/Malo/Documents/GitHub/ProjetsHub2018/FPSUnreal/PeopleWithGuns/Saved/MainGI_Auto1F48AB4504A4B2333E2DC08B84C3CF909.tmp' to 'C:/Users/Malo/Documents/GitHub/ProjetsHub2018/FPSUnreal/PeopleWithGuns/Saved/Autosaves/Game/ThirdPersonBP/Blueprints/MainGI_Auto1.uasset'
[2019.01.25-14.13.26:741][818]LogFileHelpers: Auto-saving content packages took 0.099
[2019.01.25-14.24.12:867][877]LogFileHelpers: Editor autosave (incl. sublevels) for '/Game/ThirdPersonBP/Maps/Menu' took 0.049
[2019.01.25-14.24.12:869][877]OBJ SavePackage: Generating thumbnails for [0] asset(s) in package [/Game/ThirdPersonBP/Blueprints/MainMenuGM] ([1] browsable assets)...
[2019.01.25-14.24.12:869][877]OBJ SavePackage: Finished generating thumbnails for package [/Game/ThirdPersonBP/Blueprints/MainMenuGM]
[2019.01.25-14.24.12:918][877]LogSavePackage: Moving 'C:/Users/Malo/Documents/GitHub/ProjetsHub2018/FPSUnreal/PeopleWithGuns/Saved/MainMenuGM_Auto24791D4584526101F7829C181DBFDB8A0.tmp' to 'C:/Users/Malo/Documents/GitHub/ProjetsHub2018/FPSUnreal/PeopleWithGuns/Saved/Autosaves/Game/ThirdPersonBP/Blueprints/MainMenuGM_Auto2.uasset'
[2019.01.25-14.24.12:920][877]LogFileHelpers: Auto-saving content packages took 0.052
[2019.01.25-14.27.40:452][893]LogSlate: Took 0.011281 seconds to synchronously load lazily loaded font '../../../Engine/Content/Slate/Fonts/Roboto-BoldCondensedItalic.ttf' (160K)
[2019.01.25-14.28.53:088][617]BlueprintLog: New page: Compile MainMenuGM
[2019.01.25-14.28.53:539][617]LogSavePackage: Moving 'C:/Users/Malo/Documents/GitHub/ProjetsHub2018/FPSUnreal/PeopleWithGuns/Saved/MainMenuGM78F396024CC4E5818D19C3B653B26F1E.tmp' to 'C:/Users/Malo/Documents/GitHub/ProjetsHub2018/FPSUnreal/PeopleWithGuns/Content/ThirdPersonBP/Blueprints/MainMenuGM.uasset'
[2019.01.25-14.29.31:834][ 63]LogEditorViewport: Clicking Background
[2019.01.25-14.29.34:350][169]LogSlate: FSceneViewport::OnFocusLost() reason 0
[2019.01.25-14.41.38:209][372]LogSavePackage: Moving 'C:/Users/Malo/Documents/GitHub/ProjetsHub2018/FPSUnreal/PeopleWithGuns/Saved/Menu0B2B8EED44D5E94B5D7155897B5C348F.tmp' to 'C:/Users/Malo/Documents/GitHub/ProjetsHub2018/FPSUnreal/PeopleWithGuns/Content/ThirdPersonBP/Maps/Menu.umap'
[2019.01.25-14.41.38:297][372]LogSavePackage: Moving 'C:/Users/Malo/Documents/GitHub/ProjetsHub2018/FPSUnreal/PeopleWithGuns/Saved/Menu_BuiltData0727D2EA42755A62A8C026A8F11424B6.tmp' to 'C:/Users/Malo/Documents/GitHub/ProjetsHub2018/FPSUnreal/PeopleWithGuns/Content/ThirdPersonBP/Maps/Menu_BuiltData.uasset'
[2019.01.25-14.42.06:791][677]LogFactory: FactoryCreateFile: SoundWave with ReimportSoundFactory (0 0 R:\Ak47_shoot_CS_-GO_Sound_Effect-DYWi8qdvWCk.wav)
[2019.01.25-14.42.12:944][859]LogSlate: Window 'Delete Assets' being destroyed
[2019.01.25-14.42.32:326][ 18]LogFactory: FactoryCreateFile: FileMediaSource with AndroidFileMediaSourceFactory (0 0 R:\Counter-Strike-Global-Offensive-Main-Menu-Music-Theme-Extended-FLUVORE.mp4)
[2019.01.25-14.42.40:840][489]LogSavePackage: Moving 'C:/Users/Malo/Documents/GitHub/ProjetsHub2018/FPSUnreal/PeopleWithGuns/Saved/Counter-Strike-Global-Offensive-058A91D04A1EB77BCA651B9D09455DB6.tmp' to 'C:/Users/Malo/Documents/GitHub/ProjetsHub2018/FPSUnreal/PeopleWithGuns/Content/ThirdPersonBP/Blueprints/Assets/Counter-Strike-Global-Offensive-Main-Menu-Music-Theme-Extended-FLUVORE.uasset'
[2019.01.25-14.42.44:226][613]LogAssetEditorManager: Opening Asset editor for FileMediaSource /Game/ThirdPersonBP/Blueprints/Assets/Counter-Strike-Global-Offensive-Main-Menu-Music-Theme-Extended-FLUVORE.Counter-Strike-Global-Offensive-Main-Menu-Music-Theme-Extended-FLUVORE
[2019.01.25-14.42.51:527][797]LogSlate: Window 'Delete Assets' being destroyed
[2019.01.25-14.42.51:823][797]LogSlate: Window 'Counter-Strike-Global-Offensive-Main-Menu-Music-Theme-Extended-FLUVORE - Generic Asset Editor' being destroyed
[2019.01.25-14.43.38:119][120]LogFactory: FactoryCreateFile: FileMediaSource with AndroidFileMediaSourceFactory (0 0 R:\Counter-Strike-Global-Offensive-Main-Menu-Music-Theme-Extended-FLUVORE.mp4)
[2019.01.25-14.43.44:381][418]LogSlate: Window 'Delete Assets' being destroyed
[2019.01.25-14.43.54:451][573]LogFactory: FactoryCreateFile: FileMediaSource with WmfFileMediaSourceFactory (0 0 R:\Counter-Strike-Global-Offensive-Main-Menu-Music-Theme-Extended-FLUVORE.mp3)
[2019.01.25-14.45.23:239][992]LogAssetEditorManager: Opening Asset editor for FileMediaSource /Game/ThirdPersonBP/Blueprints/Assets/Counter-Strike-Global-Offensive-Main-Menu-Music-Theme-Extended-FLUVORE.Counter-Strike-Global-Offensive-Main-Menu-Music-Theme-Extended-FLUVORE
[2019.01.25-14.45.45:715][912]LogSlate: Window 'Delete Assets' being destroyed
[2019.01.25-14.45.45:723][912]LogSlate: Window 'Counter-Strike-Global-Offensive-Main-Menu-Music-Theme-Extended-FLUVORE* - Generic Asset Editor' being destroyed
[2019.01.25-14.49.03:474][779]LogFactory: FactoryCreateFile: SoundWave with ReimportSoundFactory (0 0 R:\Counter-Strike-Global-Offensive-Main-Menu-Music-Theme-Extended-FLUVORE.wav)
[2019.01.25-14.49.17:704][164]LogAssetEditorManager: Opening Asset editor for Blueprint /Game/ThirdPersonBP/Blueprints/MainMenuGM.MainMenuGM
[2019.01.25-14.49.22:162][309]LogAssetEditorManager: Opening Asset editor for Blueprint /Game/ThirdPersonBP/Blueprints/MainGI.MainGI
[2019.01.25-14.51.39:023][807]LogFileHelpers: Editor autosave (incl. sublevels) for '/Game/ThirdPersonBP/Maps/Menu' took 0.068
[2019.01.25-14.51.39:029][807]OBJ SavePackage: Generating thumbnails for [0] asset(s) in package [/Game/ThirdPersonBP/Blueprints/MainGI] ([1] browsable assets)...
[2019.01.25-14.51.39:029][807]OBJ SavePackage: Finished generating thumbnails for package [/Game/ThirdPersonBP/Blueprints/MainGI]
[2019.01.25-14.51.39:087][807]LogFileManager: Error: Error writing to file: C:/Users/Malo/Documents/GitHub/ProjetsHub2018/FPSUnreal/PeopleWithGuns/Saved/MainGI_Auto3EC9ECCC04294F440A61CA881314A831A.tmp (Espace insuffisant sur le disque.)
[2019.01.25-14.51.39:088][807]LogWindows: Windows GetLastError: L’opération a réussi. (0)
[2019.01.25-14.51.49:984][807]LogFileManager: Error: Error writing to file: C:/Users/Malo/Documents/GitHub/ProjetsHub2018/FPSUnreal/PeopleWithGuns/Saved/Crashes/UE4CC-Windows-F20C350848A2205B1F93FAA517A0AA96_0000/CrashContext.runtime-xml (Espace insuffisant sur le disque.)
[2019.01.25-14.51.49:984][807]LogWindows: Error: === Critical error: ===
[2019.01.25-14.51.49:984][807]LogWindows: Error: 
[2019.01.25-14.51.49:984][807]LogWindows: Error: Assertion failed: NewPosition <= FileSize [File:D:\Build\++UE4\Sync\Engine\Source\Runtime\Core\Private\Windows\WindowsPlatformFile.cpp] [Line: 499] 
[2019.01.25-14.51.49:984][807]LogWindows: Error: 
[2019.01.25-14.51.49:984][807]LogWindows: Error: 
[2019.01.25-14.51.49:984][807]LogWindows: Error: 
[2019.01.25-14.51.49:985][807]LogWindows: Error: [Callstack] 0x00007ffb3200a388 KERNELBASE.dll!UnknownFunction []
[2019.01.25-14.51.49:985][807]LogWindows: Error: [Callstack] 0x00007ffaf8a06850 UE4Editor-ApplicationCore.dll!UnknownFunction []
[2019.01.25-14.51.49:985][807]LogWindows: Error: [Callstack] 0x00007ffae77d62fc UE4Editor-Core.dll!UnknownFunction []
[2019.01.25-14.51.49:985][807]LogWindows: Error: [Callstack] 0x00007ffae77651db UE4Editor-Core.dll!UnknownFunction []
[2019.01.25-14.51.49:985][807]LogWindows: Error: [Callstack] 0x00007ffae7a23a74 UE4Editor-Core.dll!UnknownFunction []
[2019.01.25-14.51.49:985][807]LogWindows: Error: [Callstack] 0x00007ffae7649ee4 UE4Editor-Core.dll!UnknownFunction []
[2019.01.25-14.51.49:985][807]LogWindows: Error: [Callstack] 0x00007ffaf1a85774 UE4Editor-CoreUObject.dll!UnknownFunction []
[2019.01.25-14.51.49:985][807]LogWindows: Error: [Callstack] 0x00007ffaf1b94a42 UE4Editor-CoreUObject.dll!UnknownFunction []
[2019.01.25-14.51.49:985][807]LogWindows: Error: [Callstack] 0x00007ffaf1b9134b UE4Editor-CoreUObject.dll!UnknownFunction []
[2019.01.25-14.51.49:985][807]LogWindows: Error: [Callstack] 0x00007ffaf1a795e4 UE4Editor-CoreUObject.dll!UnknownFunction []
[2019.01.25-14.51.49:985][807]LogWindows: Error: [Callstack] 0x00007ffaf1a787da UE4Editor-CoreUObject.dll!UnknownFunction []
[2019.01.25-14.51.49:985][807]LogWindows: Error: [Callstack] 0x00007ffac8d46e26 UE4Editor-Engine.dll!UnknownFunction []
[2019.01.25-14.51.49:985][807]LogWindows: Error: [Callstack] 0x00007ffaf1bfcbc7 UE4Editor-CoreUObject.dll!UnknownFunction []
[2019.01.25-14.51.49:985][807]LogWindows: Error: [Callstack] 0x00007ffae193ecd6 UE4Editor-UnrealEd.dll!UnknownFunction []
[2019.01.25-14.51.49:985][807]LogWindows: Error: [Callstack] 0x00007ffae193f640 UE4Editor-UnrealEd.dll!UnknownFunction []
[2019.01.25-14.51.49:985][807]LogWindows: Error: [Callstack] 0x00007ffae1982e13 UE4Editor-UnrealEd.dll!UnknownFunction []
[2019.01.25-14.51.49:985][807]LogWindows: Error: [Callstack] 0x00007ffae197f60b UE4Editor-UnrealEd.dll!UnknownFunction []
[2019.01.25-14.51.49:985][807]LogWindows: Error: [Callstack] 0x00007ffae225da43 UE4Editor-UnrealEd.dll!UnknownFunction []
[2019.01.25-14.51.49:985][807]LogWindows: Error: [Callstack] 0x00007ffae1d03fca UE4Editor-UnrealEd.dll!UnknownFunction []
[2019.01.25-14.51.49:985][807]LogWindows: Error: [Callstack] 0x00007ffae1ed6b3f UE4Editor-UnrealEd.dll!UnknownFunction []
[2019.01.25-14.51.49:985][807]LogWindows: Error: [Callstack] 0x00007ffae223f6e1 UE4Editor-UnrealEd.dll!UnknownFunction []
[2019.01.25-14.51.49:985][807]LogWindows: Error: [Callstack] 0x00007ff726a15cbd UE4Editor.exe!UnknownFunction []
[2019.01.25-14.51.49:985][807]LogWindows: Error: [Callstack] 0x00007ff726a25b3c UE4Editor.exe!UnknownFunction []
[2019.01.25-14.51.49:985][807]LogWindows: Error: [Callstack] 0x00007ff726a25bba UE4Editor.exe!UnknownFunction []
[2019.01.25-14.51.49:985][807]LogWindows: Error: [Callstack] 0x00007ff726a33dac UE4Editor.exe!UnknownFunction []
[2019.01.25-14.51.49:986][807]LogWindows: Error: [Callstack] 0x00007ff726a35aaa UE4Editor.exe!UnknownFunction []
[2019.01.25-14.51.49:986][807]LogWindows: Error: [Callstack] 0x00007ffb33e93034 KERNEL32.DLL!UnknownFunction []
[2019.01.25-14.51.49:986][807]LogWindows: Error: [Callstack] 0x00007ffb34e33691 ntdll.dll!UnknownFunction []
[2019.01.25-14.51.49:986][807]LogWindows: Error: 
[2019.01.25-14.51.50:036][807]LogFileManager: Error: Error flushing file: C:/Users/Malo/Documents/GitHub/ProjetsHub2018/FPSUnreal/PeopleWithGuns/Saved/Config/Windows/Engine.ini (Espace insuffisant sur le disque.)
[2019.01.25-14.51.50:037][807]LogExit: Executing StaticShutdownAfterError
[2019.01.25-14.51.50:084][807]LogWindows: FPlatformMisc::RequestExit(1)
[2019.01.25-14.51.50:088][807]Log file closed, 01/25/19 15:51:50
