Log file open, 02/04/19 18:25:06
LogWindows: Failed to load 'aqProf.dll' (GetLastError=126)
LogWindows: File 'aqProf.dll' does not exist
LogWindows: Failed to load 'VtuneApi.dll' (GetLastError=126)
LogWindows: File 'VtuneApi.dll' does not exist
LogWindows: Failed to load 'VtuneApi32e.dll' (GetLastError=126)
LogWindows: File 'VtuneApi32e.dll' does not exist
LogInit: Display: Running engine for game: PeopleWithGuns
LogPlatformFile: Not using cached read wrapper
LogTaskGraph: Started task graph with 5 named threads and 11 total threads with 3 sets of task threads.
LogStats: Stats thread started at 1.344763
LogD3D11RHI: Loaded GFSDK_Aftermath_Lib.x64.dll
LogICUInternationalization: Display: ICU TimeZone Detection - Raw Offset: +1:00, Platform Override: ''
LogPluginManager: Mounting plugin Paper2D
LogPluginManager: Mounting plugin AISupport
LogPluginManager: Mounting plugin LightPropagationVolume
LogPluginManager: Mounting plugin CLionSourceCodeAccess
LogPluginManager: Mounting plugin CodeLiteSourceCodeAccess
LogPluginManager: Mounting plugin GitSourceControl
LogPluginManager: Mounting plugin KDevelopSourceCodeAccess
LogPluginManager: Mounting plugin NullSourceCodeAccess
LogPluginManager: Mounting plugin PerforceSourceControl
LogPluginManager: Mounting plugin SubversionSourceControl
LogPluginManager: Mounting plugin UObjectPlugin
LogPluginManager: Mounting plugin VisualStudioCodeSourceCodeAccess
LogPluginManager: Mounting plugin VisualStudioSourceCodeAccess
LogPluginManager: Mounting plugin XCodeSourceCodeAccess
LogPluginManager: Mounting plugin AssetManagerEditor
LogPluginManager: Mounting plugin CryptoKeys
LogPluginManager: Mounting plugin DataValidation
LogPluginManager: Mounting plugin FacialAnimation
LogPluginManager: Mounting plugin GameplayTagsEditor
LogPluginManager: Mounting plugin MacGraphicsSwitching
LogPluginManager: Mounting plugin MeshEditor
LogPluginManager: Mounting plugin MobileLauncherProfileWizard
LogPluginManager: Mounting plugin PluginBrowser
LogPluginManager: Mounting plugin SpeedTreeImporter
LogPluginManager: Mounting plugin DatasmithContent
LogPluginManager: Mounting plugin AlembicImporter
LogPluginManager: Mounting plugin AppleImageUtils
LogPluginManager: Mounting plugin AppleVision
LogPluginManager: Mounting plugin BackChannel
LogPluginManager: Mounting plugin CharacterAI
LogPluginManager: Mounting plugin GeometryCache
LogPluginManager: Mounting plugin HTML5Networking
LogPluginManager: Mounting plugin ProxyLODPlugin
LogPluginManager: Mounting plugin MagicLeap
LogPluginManager: Mounting plugin MagicLeapEmulator
LogPluginManager: Mounting plugin MagicLeapMedia
LogPluginManager: Mounting plugin AndroidMedia
LogPluginManager: Mounting plugin AvfMedia
LogPluginManager: Mounting plugin ImgMedia
LogPluginManager: Mounting plugin LinearTimecode
LogPluginManager: Mounting plugin MediaCompositing
LogPluginManager: Mounting plugin MediaPlayerEditor
LogPluginManager: Mounting plugin WmfMedia
LogPluginManager: Mounting plugin TcpMessaging
LogPluginManager: Mounting plugin UdpMessaging
LogPluginManager: Mounting plugin ActorSequence
LogPluginManager: Mounting plugin LevelSequenceEditor
LogPluginManager: Mounting plugin MatineeToLevelSequence
LogPluginManager: Mounting plugin NetcodeUnitTest
LogPluginManager: Mounting plugin NUTUnrealEngine4
LogPluginManager: Mounting plugin OnlineSubsystemGooglePlay
LogPluginManager: Mounting plugin OnlineSubsystemIOS
LogPluginManager: Mounting plugin OnlineSubsystem
LogPluginManager: Mounting plugin OnlineSubsystemNull
LogPluginManager: Mounting plugin OnlineSubsystemUtils
LogPluginManager: Mounting plugin LauncherChunkInstaller
LogPluginManager: Mounting plugin AndroidDeviceProfileSelector
LogPluginManager: Mounting plugin AndroidMoviePlayer
LogPluginManager: Mounting plugin AndroidPermission
LogPluginManager: Mounting plugin AppleMoviePlayer
LogPluginManager: Mounting plugin ArchVisCharacter
LogPluginManager: Mounting plugin AudioCapture
LogPluginManager: Mounting plugin CableComponent
LogPluginManager: Mounting plugin CustomMeshComponent
LogPluginManager: Mounting plugin EditableMesh
LogPluginManager: Mounting plugin ExampleDeviceProfileSelector
LogPluginManager: Mounting plugin GoogleCloudMessaging
LogPluginManager: Mounting plugin ImmediatePhysics
LogPluginManager: Mounting plugin IOSDeviceProfileSelector
LogPluginManager: Mounting plugin LinuxDeviceProfileSelector
LogPluginManager: Mounting plugin LocationServicesBPLibrary
LogPluginManager: Mounting plugin MobilePatchingUtils
LogPluginManager: Mounting plugin OculusVR
LogPluginManager: Plugin shader directory ../../../Engine/Plugins/Runtime/Oculus/OculusVR/Shaders found
LogPluginManager: Mapping shader source directory ../../../Engine/Plugins/Runtime/Oculus/OculusVR/Shaders to virtual directory /Plugin/OculusVR
LogPluginManager: Mounting plugin PhysXVehicles
LogPluginManager: Mounting plugin ProceduralMeshComponent
LogPluginManager: Mounting plugin RuntimePhysXCooking
LogPluginManager: Mounting plugin SteamVR
LogPluginManager: Mounting plugin WindowsMoviePlayer
LogStreaming: Display: Took  0.097s to configure plugins.
LogInit: Using libcurl 7.55.1-DEV
LogInit:  - built for x86_64-pc-win32
LogInit:  - supports SSL with OpenSSL/1.0.2h
LogInit:  - supports HTTP deflate (compression) using libz 1.2.8
LogInit:  - other features:
LogInit:      CURL_VERSION_SSL
LogInit:      CURL_VERSION_LIBZ
LogInit:      CURL_VERSION_IPV6
LogInit:      CURL_VERSION_ASYNCHDNS
LogInit:      CURL_VERSION_LARGEFILE
LogInit:      CURL_VERSION_IDN
LogInit:  CurlRequestOptions (configurable via config and command line):
LogInit:  - bVerifyPeer = false  - Libcurl will NOT verify peer certificate
LogInit:  - bUseHttpProxy = false  - Libcurl will NOT use HTTP proxy
LogInit:  - bDontReuseConnections = false  - Libcurl will reuse connections
LogInit:  - CertBundlePath = nullptr  - Libcurl will use whatever was configured at build time.
LogInit:  - MaxHostConnections = 16  - Libcurl will limit the number of connections to a host
LogInit:  - LocalHostAddr = Default
LogInit:  - BufferSize = 65536
LogModuleManager: Warning: ModuleManager: Unable to load module 'OnlineSubsystemSteam'  - 0 instances of that module name found.
LogInit: WinSock: version 1.1 (2.2), MaxSocks=32767, MaxUdp=65467
LogInit: Build: ++UE4+Release-4.20-CL-4369336
LogInit: Engine Version: 4.20.3-4369336+++UE4+Release-4.20
LogInit: Compatible Engine Version: 4.20.0-4212847+++UE4+Release-4.20
LogInit: Net CL: 4212847
LogInit: OS: Windows 10 (), CPU: Intel(R) Core(TM) i7-6500U CPU @ 2.50GHz, GPU: Intel(R) HD Graphics 520
LogInit: Compiled (64-bit): Sep 17 2018 12:26:19
LogInit: Compiled with Visual C++: 19.13.26129.00
LogInit: Build Configuration: Development
LogInit: Branch Name: ++UE4+Release-4.20
LogInit: Command Line:  /Game/ThirdPersonBP/Maps/MainMenu -game -PIEVIACONSOLE -ResX=1280 -ResY=720  -Multiprocess -messaging -SessionName="Play in Standalone Game" -windowed 
LogInit: Base Directory: R:/UE_4.20/Engine/Binaries/Win64/
LogInit: Installed Engine Build: 1
LogDevObjectVersion: Number of dev versions registered: 20
LogDevObjectVersion:   Dev-Blueprints (B0D832E4-1F89-4F0D-ACCF-7EB736FD4AA2): 10
LogDevObjectVersion:   Dev-Build (E1C64328-A22C-4D53-A36C-8E866417BD8C): 0
LogDevObjectVersion:   Dev-Core (375EC13C-06E4-48FB-B500-84F0262A717E): 2
LogDevObjectVersion:   Dev-Editor (E4B068ED-F494-42E9-A231-DA0B2E46BB41): 24
LogDevObjectVersion:   Dev-Framework (CFFC743F-43B0-4480-9391-14DF171D2073): 34
LogDevObjectVersion:   Dev-Mobile (B02B49B5-BB20-44E9-A304-32B752E40360): 2
LogDevObjectVersion:   Dev-Networking (A4E4105C-59A1-49B5-A7C5-40C4547EDFEE): 0
LogDevObjectVersion:   Dev-Online (39C831C9-5AE6-47DC-9A44-9C173E1C8E7C): 0
LogDevObjectVersion:   Dev-Physics (78F01B33-EBEA-4F98-B9B4-84EACCB95AA2): 0
LogDevObjectVersion:   Dev-Platform (6631380F-2D4D-43E0-8009-CF276956A95A): 0
LogDevObjectVersion:   Dev-Rendering (12F88B9F-8875-4AFC-A67C-D90C383ABD29): 26
LogDevObjectVersion:   Dev-Sequencer (7B5AE74C-D270-4C10-A958-57980B212A5A): 9
LogDevObjectVersion:   Dev-VR (D7296918-1DD6-4BDD-9DE2-64A83CC13884): 2
LogDevObjectVersion:   Dev-LoadTimes (C2A15278-BFE7-4AFE-6C17-90FF531DF755): 1
LogDevObjectVersion:   Private-Geometry (6EACA3D4-40EC-4CC1-B786-8BED09428FC5): 3
LogDevObjectVersion:   Dev-AnimPhys (29E575DD-E0A3-4627-9D10-D276232CDCEA): 17
LogDevObjectVersion:   Dev-ReflectionCapture (6B266CEC-1EC7-4B8F-A30B-E4D90942FC07): 1
LogDevObjectVersion:   Dev-Automation (0DF73D61-A23F-47EA-B727-89E90C41499A): 1
LogDevObjectVersion:   FortniteMain (601D1886-AC64-4F84-AA16-D3DE0DEAC7D6): 12
LogDevObjectVersion:   Dev-Enterprise (9DFFBCD6-494F-0158-E221-12823C92A888): 1
LogStreaming: Display: Took  0.005s to delete old logs.
LogInit: Presizing for max 8388607 objects, including 0 objects not considered by GC, pre-allocating 0 bytes for permanent pool.
LogInit: Object subsystem initialized
[2019.02.04-17.25.06:705][  0]LogInit: Selected Device Profile: [Windows]
[2019.02.04-17.25.06:705][  0]LogInit: Applying CVar settings loaded from the selected device profile: [Windows]
[2019.02.04-17.25.06:712][  0]LogHAL: Display: Platform has ~ 8 GB [8464732160 / 8589934592 / 8], which maps to Default [LargestMinGB=32, LargerMinGB=12, DefaultMinGB=8, SmallerMinGB=6, SmallestMinGB=0)
[2019.02.04-17.25.06:712][  0]LogInit: Setting Device Profile CVar: [[r.Vulkan.UseRealUBs:1]]
[2019.02.04-17.25.06:712][  0]LogInit: Going up to parent DeviceProfile []
[2019.02.04-17.25.06:713][  0]LogInit: Computer: DESKTOP-FT66DED
[2019.02.04-17.25.06:713][  0]LogInit: User: Malo
[2019.02.04-17.25.06:713][  0]LogInit: CPU Page size=4096, Cores=2
[2019.02.04-17.25.06:713][  0]LogInit: High frequency timer resolution =10.000000 MHz
[2019.02.04-17.25.06:713][  0]LogMemory: Memory total: Physical=7.9GB (8GB approx)
[2019.02.04-17.25.06:713][  0]LogMemory: Platform Memory Stats for Windows
[2019.02.04-17.25.06:713][  0]LogMemory: Process Physical Memory: 100.99 MB used, 100.99 MB peak
[2019.02.04-17.25.06:713][  0]LogMemory: Process Virtual Memory: 92.25 MB used, 92.25 MB peak
[2019.02.04-17.25.06:713][  0]LogMemory: Physical Memory: 6269.87 MB used,  1802.73 MB free, 8072.60 MB total
[2019.02.04-17.25.06:713][  0]LogMemory: Virtual Memory: 4624.86 MB used,  1802.73 MB free, 134217728.00 MB total
[2019.02.04-17.25.06:740][  0]LogInit: Using OS detected language (fr-FR).
[2019.02.04-17.25.06:740][  0]LogInit: Using OS detected locale (fr-FR).
[2019.02.04-17.25.06:741][  0]LogTextLocalizationManager: No specific localization for 'fr-FR' exists, so the 'fr' localization will be used.
[2019.02.04-17.25.06:745][  0]LogStreaming: Display: Took  0.004s to InitEngineTextLocalization.
[2019.02.04-17.25.06:772][  0]LogSlate: New Slate User Created.  User Index 0, Is Virtual User: 0
[2019.02.04-17.25.06:772][  0]LogSlate: Slate User Registered.  User Index 0, Is Virtual User: 0
[2019.02.04-17.25.06:779][  0]LogHMD: Failed to initialize OpenVR with code 100
[2019.02.04-17.25.06:779][  0]LogD3D11RHI: D3D11 adapters:
[2019.02.04-17.25.06:793][  0]LogD3D11RHI:    0. 'Intel(R) HD Graphics 520' (Feature Level 11_0)
[2019.02.04-17.25.06:793][  0]LogD3D11RHI:       128/0/4036 MB DedicatedVideo/DedicatedSystem/SharedSystem, Outputs:1, VendorId:0x8086
[2019.02.04-17.25.06:796][  0]LogD3D11RHI:    1. 'Microsoft Basic Render Driver' (Feature Level 11_0)
[2019.02.04-17.25.06:796][  0]LogD3D11RHI:       0/0/4036 MB DedicatedVideo/DedicatedSystem/SharedSystem, Outputs:0, VendorId:0x1414
[2019.02.04-17.25.06:796][  0]LogD3D11RHI: Chosen D3D11 Adapter: 0
[2019.02.04-17.25.06:807][  0]LogD3D11RHI: Creating new Direct3DDevice
[2019.02.04-17.25.06:807][  0]LogD3D11RHI:     GPU DeviceId: 0x1916 (for the marketing name, search the web for "GPU Device Id")
[2019.02.04-17.25.06:807][  0]LogWindows: EnumDisplayDevices:
[2019.02.04-17.25.06:807][  0]LogWindows:    0. 'Intel(R) HD Graphics 520' (P:1 D:1)
[2019.02.04-17.25.06:808][  0]LogWindows:    1. 'Intel(R) HD Graphics 520' (P:0 D:0)
[2019.02.04-17.25.06:809][  0]LogWindows:    2. 'Intel(R) HD Graphics 520' (P:0 D:0)
[2019.02.04-17.25.06:809][  0]LogWindows: DebugString: FoundDriverCount:3 
[2019.02.04-17.25.06:809][  0]LogD3D11RHI:     Adapter Name: Intel(R) HD Graphics 520
[2019.02.04-17.25.06:809][  0]LogD3D11RHI:   Driver Version: 22.20.16.4771 (internal:22.20.16.4771, unified:22.20.16.4771)
[2019.02.04-17.25.06:809][  0]LogD3D11RHI:      Driver Date: 8-13-2017
[2019.02.04-17.25.06:809][  0]LogRHI: Texture pool is 1502 MB (70% of 2146 MB)
[2019.02.04-17.25.06:819][  0]LogD3D11RHI: Async texture creation enabled
[2019.02.04-17.25.06:832][  0]LogD3D11RHI: GPU Timing Frequency: 12.000000 (Debug: 2 0)
[2019.02.04-17.25.06:834][  0]LogShaderCompilers: Guid format shader working directory is -25 characters bigger than the processId version (C:/Users/Malo/Documents/GitHub/ProjetsHub2018/FPSUnreal/PeopleWithGuns/Intermediate/Shaders/WorkingDirectory/4132/).
[2019.02.04-17.25.06:834][  0]LogShaderCompilers: Cleaned the shader compiler working directory 'C:/Users/Malo/AppData/Local/Temp/UnrealShaderWorkingDir/56299A934F53C18AFDFBC8B01E563BC1/'.
[2019.02.04-17.25.07:355][  0]LogTemp: Display: Loaded TP WindowsClientTargetPlatform
[2019.02.04-17.25.07:381][  0]LogTemp: Display: Loaded TP WindowsNoEditorTargetPlatform
[2019.02.04-17.25.07:404][  0]LogTemp: Display: Loaded TP WindowsServerTargetPlatform
[2019.02.04-17.25.07:415][  0]LogTemp: Display: Loaded TP WindowsTargetPlatform
[2019.02.04-17.25.07:415][  0]LogTargetPlatformManager: Display: Building Assets For Windows
[2019.02.04-17.25.07:496][  0]LogXGEController: Cannot use XGE Controller as Incredibuild is not installed on this machine.
[2019.02.04-17.25.07:496][  0]LogShaderCompilers: Cannot use XGE Shader Compiler as Incredibuild is not installed on this machine.
[2019.02.04-17.25.07:496][  0]LogShaderCompilers: Display: Using Local Shader Compiler.
[2019.02.04-17.25.08:621][  0]LogDerivedDataCache: Display: Max Cache Size: 512 MB
[2019.02.04-17.25.08:711][  0]LogDerivedDataCache: Loaded boot cache 0.09s 70MB C:/Users/Malo/AppData/Local/UnrealEngine/4.20/DerivedDataCache/Boot.ddc.
[2019.02.04-17.25.08:712][  0]LogDerivedDataCache: Display: Loaded Boot cache: C:/Users/Malo/AppData/Local/UnrealEngine/4.20/DerivedDataCache/Boot.ddc
[2019.02.04-17.25.08:712][  0]LogDerivedDataCache: FDerivedDataBackendGraph:  Pak pak cache file C:/Users/Malo/Documents/GitHub/ProjetsHub2018/FPSUnreal/PeopleWithGuns/DerivedDataCache/DDC.ddp not found, will not use a pak cache.
[2019.02.04-17.25.08:712][  0]LogDerivedDataCache: Unable to find inner node Pak for hierarchical cache Hierarchy.
[2019.02.04-17.25.08:712][  0]LogDerivedDataCache: FDerivedDataBackendGraph:  CompressedPak pak cache file C:/Users/Malo/Documents/GitHub/ProjetsHub2018/FPSUnreal/PeopleWithGuns/DerivedDataCache/Compressed.ddp not found, will not use a pak cache.
[2019.02.04-17.25.08:712][  0]LogDerivedDataCache: Unable to find inner node CompressedPak for hierarchical cache Hierarchy.
[2019.02.04-17.25.08:734][  0]LogDerivedDataCache: Display: Pak cache opened for reading ../../../Engine/DerivedDataCache/Compressed.ddp.
[2019.02.04-17.25.08:748][  0]LogDerivedDataCache: Using Local data cache path C:/Users/Malo/AppData/Local/UnrealEngine/Common/DerivedDataCache: Writable
[2019.02.04-17.25.08:748][  0]LogDerivedDataCache: Shared data cache path not found in *engine.ini, will not use an Shared cache.
[2019.02.04-17.25.08:748][  0]LogDerivedDataCache: Unable to find inner node Shared for hierarchical cache Hierarchy.
[2019.02.04-17.25.08:781][  0]LogMaterial: Verifying Global Shaders for PCD3D_SM5
[2019.02.04-17.25.08:783][  0]LogSlate: Using FreeType 2.6.0
[2019.02.04-17.25.08:784][  0]LogSlate: SlateFontServices - WITH_FREETYPE: 1, WITH_HARFBUZZ: 1
[2019.02.04-17.25.08:855][  0]LogInit: Using OS detected language (fr-FR).
[2019.02.04-17.25.08:855][  0]LogInit: Using OS detected locale (fr-FR).
[2019.02.04-17.25.08:855][  0]LogTextLocalizationManager: No localization for 'fr-FR' exists, so 'en' will be used for the language.
[2019.02.04-17.25.08:855][  0]LogTextLocalizationManager: No localization for 'fr-FR' exists, so 'en' will be used for the locale.
[2019.02.04-17.25.09:589][  0]LogStreaming: Display: Took  0.734s to InitGameTextLocalization.
[2019.02.04-17.25.09:599][  0]LogAssetRegistry: FAssetRegistry took 0.0065 seconds to start up
[2019.02.04-17.25.09:922][  0]LogPackageLocalizationCache: Processed 11 localized package path(s) for 1 prioritized culture(s) in 0.024730 seconds
[2019.02.04-17.25.10:113][  0]LogInit: Selected Device Profile: [Windows]
[2019.02.04-17.25.10:172][  0]LogSimplygon: Simplygon DLL not present - disabling.
[2019.02.04-17.25.10:178][  0]LogMeshReduction: Using SimplygonSwarm for distributed automatic mesh merging
[2019.02.04-17.25.10:178][  0]LogMeshReduction: Using ProxyLODMeshReduction for automatic mesh merging
[2019.02.04-17.25.10:178][  0]LogMeshReduction: Using QuadricMeshReduction for automatic static mesh reduction
[2019.02.04-17.25.10:178][  0]LogMeshReduction: No automatic skeletal mesh reduction module available
[2019.02.04-17.25.10:322][  0]LogNetVersion: PeopleWithGuns 1.0.0, NetCL: 4212847, EngineNetVer: 5, GameNetVer: 0 (Checksum: 1271298656)
[2019.02.04-17.25.11:066][  0]LogMoviePlayer: Initializing movie player
[2019.02.04-17.25.11:301][  0]LogTcpMessaging: Initializing TcpMessaging bridge
[2019.02.04-17.25.11:313][  0]LogUdpMessaging: Initializing bridge on interface 0.0.0.0:0 to multicast group 230.0.0.1:6666.
[2019.02.04-17.25.11:417][  0]SourceControl: Source control is disabled
[2019.02.04-17.25.11:417][  0]SourceControl: Source control is disabled
[2019.02.04-17.25.11:418][  0]SourceControl: Source control is disabled
[2019.02.04-17.25.11:559][  0]LogAndroidPermission: UAndroidPermissionCallbackProxy::GetInstance
[2019.02.04-17.25.11:758][  0]LogOcInput: OculusInput pre-init called
[2019.02.04-17.25.11:770][  0]LogUObjectArray: 42168 objects as part of root set at end of initial load.
[2019.02.04-17.25.11:770][  0]LogUObjectAllocator: 7432352 out of 0 bytes used by permanent object pool.
[2019.02.04-17.25.11:770][  0]LogUObjectArray: CloseDisregardForGC: 0/0 objects in disregard for GC pool
[2019.02.04-17.25.11:839][  0]LogEngine: Initializing Engine...
[2019.02.04-17.25.11:842][  0]LogHMD: Failed to initialize OpenVR with code 100
[2019.02.04-17.25.11:856][  0]LogStats: UGameplayTagsManager::ConstructGameplayTagTree: ImportINI prefixes -  0.000 s
[2019.02.04-17.25.11:856][  0]LogStats: UGameplayTagsManager::ConstructGameplayTagTree: Construct from data asset -  0.000 s
[2019.02.04-17.25.11:856][  0]LogStats: UGameplayTagsManager::ConstructGameplayTagTree: ImportINI -  0.000 s
[2019.02.04-17.25.11:856][  0]LogStats: UGameplayTagsManager::ConstructGameplayTagTree: GameplayTagTreeChangedEvent.Broadcast -  0.000 s
[2019.02.04-17.25.12:142][  0]LogInit: Initializing FReadOnlyCVARCache
[2019.02.04-17.25.12:237][  0]LogInit: XAudio2 using 'Casque (Conexant ISST Audio)' : 2 channels at 48 kHz using 32 bits per sample (channel mask 0x3)
[2019.02.04-17.25.12:266][  0]LogInit: FAudioDevice initialized.
[2019.02.04-17.25.12:279][  0]LogNetVersion: Set ProjectVersion to 1.0.0.0. Version Checksum will be recalculated on next use.
[2019.02.04-17.25.12:287][  0]LogInit: Texture streaming: Enabled
[2019.02.04-17.25.12:727][  0]LogSlate: Updating window title bar state: overlay mode, drag disabled, window buttons hidden, title bar hidden
[2019.02.04-17.25.12:731][  0]LogInit: Display: Game Engine Initialized.
[2019.02.04-17.25.12:731][  0]LogGameplayTags: Display: UGameplayTagsManager::DoneAddingNativeTags. DelegateIsBound: 0
[2019.02.04-17.25.12:731][  0]LogStats: UGameplayTagsManager::ConstructGameplayTagTree: ImportINI prefixes -  0.000 s
[2019.02.04-17.25.12:731][  0]LogStats: UGameplayTagsManager::ConstructGameplayTagTree: Construct from data asset -  0.000 s
[2019.02.04-17.25.12:731][  0]LogStats: UGameplayTagsManager::ConstructGameplayTagTree: ImportINI -  0.000 s
[2019.02.04-17.25.12:731][  0]LogStats: UGameplayTagsManager::ConstructGameplayTagTree: GameplayTagTreeChangedEvent.Broadcast -  0.000 s
[2019.02.04-17.25.12:759][  0]LogInit: Display: Starting Game.
[2019.02.04-17.25.12:760][  0]LogNet: Browse: /Game/ThirdPersonBP/Maps/MainMenu?Name=Player
[2019.02.04-17.25.12:761][  0]LogLoad: LoadMap: /Game/ThirdPersonBP/Maps/MainMenu?Name=Player
[2019.02.04-17.25.12:835][  0]LogAIModule: Creating AISystem for world MainMenu
[2019.02.04-17.25.12:868][  0]LogLoad: Game class is 'ThirdPersonGameMode_C'
[2019.02.04-17.25.12:873][  0]LogWorld: Bringing World /Game/ThirdPersonBP/Maps/MainMenu.MainMenu up for play (max tick rate 0) at 2019.02.04-18.25.12
[2019.02.04-17.25.12:876][  0]LogWorld: Bringing up level for play took: 0.005769
[2019.02.04-17.25.12:882][  0]LogGameMode: FindPlayerStart: PATHS NOT DEFINED or NO PLAYERSTART with positive rating
[2019.02.04-17.25.12:923][  0]LogLoad: Took 0.161935 seconds to LoadMap(/Game/ThirdPersonBP/Maps/MainMenu)
[2019.02.04-17.25.12:926][  0]LogSlate: Took 0.000252 seconds to synchronously load lazily loaded font '../../../Engine/Content/Slate/Fonts/Roboto-Regular.ttf' (155K)
[2019.02.04-17.25.13:030][  0]LogRenderer: Reallocating scene render targets to support 1280x720 Format 10 NumSamples 1 (Frame:1).
[2019.02.04-17.25.13:030][  0]LogLoad: (Engine Initialization) Total time: 9.53 seconds
[2019.02.04-17.25.13:030][  0]LogLoad: (Engine Initialization) Total Blueprint compile time: 0.00 seconds
[2019.02.04-17.25.13:777][  0]LogContentStreaming: Texture pool size now 1000 MB
[2019.02.04-17.25.20:069][340]LogAudio: Warning: Waited 43.215099ms for audio thread.
[2019.02.04-17.25.43:134][657]LogAudio: Warning: Waited 38.495701ms for audio thread.
[2019.02.04-17.25.43:149][657]LogAudio: Warning: Waited 53.634201ms for audio thread.
[2019.02.04-17.27.06:385][492]LogAudio: Warning: Waited 47.128700ms for audio thread.
[2019.02.04-17.27.06:530][497]LogAudio: Warning: Waited 62.268600ms for audio thread.
[2019.02.04-17.27.06:570][498]LogAudio: Warning: Waited 37.264900ms for audio thread.
[2019.02.04-17.27.06:646][501]LogAudio: Warning: Waited 36.017200ms for audio thread.
[2019.02.04-17.27.06:672][501]LogAudio: Warning: Waited 62.134502ms for audio thread.
[2019.02.04-17.27.07:294][529]LogAudio: Warning: Waited 40.922501ms for audio thread.
[2019.02.04-17.27.07:429][535]LogAudio: Warning: Waited 39.833603ms for audio thread.
[2019.02.04-17.27.07:496][537]LogAudio: Warning: Waited 36.120499ms for audio thread.
[2019.02.04-17.27.08:911][619]LogSlate: FSceneViewport::OnFocusLost() reason 0
[2019.02.04-17.27.15:340][ 10]LogSlate: FSceneViewport::OnFocusLost() reason 0
[2019.02.04-17.27.16:859][102]Closing by request
[2019.02.04-17.27.16:859][102]LogWindows: FPlatformMisc::RequestExit(0)
[2019.02.04-17.27.17:004][103]LogSlate: Window 'PeopleWithGuns (64-bit Development PCD3D_SM5) ' being destroyed
[2019.02.04-17.27.17:006][103]LogWindowsTextInputMethodSystem: Display: IME system now deactivated.
[2019.02.04-17.27.17:027][103]LogExit: Preparing to exit.
[2019.02.04-17.27.17:028][103]LogMoviePlayer: Shutting down movie player
[2019.02.04-17.27.17:447][103]LogSlate: Updating window title bar state: overlay mode, drag disabled, window buttons hidden, title bar hidden
[2019.02.04-17.27.17:482][103]LogExit: Game engine shut down
[2019.02.04-17.27.17:868][103]LogExit: Object subsystem successfully closed.
[2019.02.04-17.27.17:896][103]LogShaderCompilers: Display: Shaders left to compile 0
[2019.02.04-17.27.17:901][103]LogD3D11RHI: Shutdown
[2019.02.04-17.27.17:901][103]LogD3D11RHI: CleanupD3DDevice
[2019.02.04-17.27.17:913][103]LogD3D11RHI: ~FD3D11DynamicRHI
[2019.02.04-17.27.17:939][103]LogModuleManager: Shutting down and abandoning module SequenceRecorderSections (377)
[2019.02.04-17.27.17:939][103]LogModuleManager: Shutting down and abandoning module SequenceRecorder (375)
[2019.02.04-17.27.17:940][103]LogModuleManager: Shutting down and abandoning module AutomationController (373)
[2019.02.04-17.27.17:941][103]LogModuleManager: Shutting down and abandoning module AutomationWorker (371)
[2019.02.04-17.27.17:941][103]LogModuleManager: Shutting down and abandoning module Voice (369)
[2019.02.04-17.27.17:941][103]LogModuleManager: Shutting down and abandoning module AIModule (367)
[2019.02.04-17.27.17:942][103]LogModuleManager: Shutting down and abandoning module GameplayDebugger (366)
[2019.02.04-17.27.17:943][103]LogModuleManager: Shutting down and abandoning module AITestSuite (364)
[2019.02.04-17.27.17:944][103]LogModuleManager: Shutting down and abandoning module NavigationSystem (362)
[2019.02.04-17.27.17:944][103]LogModuleManager: Shutting down and abandoning module WmfMediaFactory (359)
[2019.02.04-17.27.17:944][103]LogModuleManager: Shutting down and abandoning module OpenExrWrapper (357)
[2019.02.04-17.27.17:944][103]LogModuleManager: Shutting down and abandoning module ImgMediaFactory (355)
[2019.02.04-17.27.17:944][103]LogModuleManager: Shutting down and abandoning module AvfMediaFactory (353)
[2019.02.04-17.27.17:944][103]LogModuleManager: Shutting down and abandoning module MagicLeapCameraPreviewFactory (351)
[2019.02.04-17.27.17:944][103]LogModuleManager: Shutting down and abandoning module MagicLeapMediaFactory (349)
[2019.02.04-17.27.17:944][103]LogModuleManager: Shutting down and abandoning module CharacterAI (347)
[2019.02.04-17.27.17:944][103]LogModuleManager: Shutting down and abandoning module SessionServices (345)
[2019.02.04-17.27.17:944][103]LogModuleManager: Shutting down and abandoning module MovieSceneCapture (343)
[2019.02.04-17.27.17:944][103]LogModuleManager: Shutting down and abandoning module MovieSceneTracks (341)
[2019.02.04-17.27.17:944][103]LogModuleManager: Shutting down and abandoning module MovieScene (339)
[2019.02.04-17.27.17:944][103]LogModuleManager: Shutting down and abandoning module StreamingPauseRendering (337)
[2019.02.04-17.27.17:945][103]LogModuleManager: Shutting down and abandoning module PortalServices (335)
[2019.02.04-17.27.17:945][103]LogModuleManager: Shutting down and abandoning module PortalRpc (333)
[2019.02.04-17.27.17:945][103]LogModuleManager: Shutting down and abandoning module MessagingRpc (331)
[2019.02.04-17.27.17:945][103]LogModuleManager: Shutting down and abandoning module ProfilerService (329)
[2019.02.04-17.27.18:019][103]LogModuleManager: Shutting down and abandoning module TaskGraph (327)
[2019.02.04-17.27.18:020][103]LogModuleManager: Shutting down and abandoning module SteamVRController (325)
[2019.02.04-17.27.18:020][103]LogModuleManager: Shutting down and abandoning module ProceduralMeshComponent (323)
[2019.02.04-17.27.18:020][103]LogModuleManager: Shutting down and abandoning module OculusInput (321)
[2019.02.04-17.27.18:020][103]LogModuleManager: Shutting down and abandoning module MobilePatchingUtils (319)
[2019.02.04-17.27.18:020][103]LogModuleManager: Shutting down and abandoning module EditableMesh (317)
[2019.02.04-17.27.18:021][103]LogModuleManager: Shutting down and abandoning module CustomMeshComponent (315)
[2019.02.04-17.27.18:021][103]LogModuleManager: Shutting down and abandoning module CableComponent (313)
[2019.02.04-17.27.18:021][103]LogModuleManager: Shutting down and abandoning module AudioCapture (311)
[2019.02.04-17.27.18:021][103]LogModuleManager: Shutting down and abandoning module ArchVisCharacter (309)
[2019.02.04-17.27.18:021][103]LogModuleManager: Shutting down and abandoning module AndroidPermission (307)
[2019.02.04-17.27.18:021][103]LogModuleManager: Shutting down and abandoning module NUTUnrealEngine4 (305)
[2019.02.04-17.27.18:021][103]LogModuleManager: Shutting down and abandoning module NetcodeUnitTest (303)
[2019.02.04-17.27.18:022][103]LogModuleManager: Shutting down and abandoning module MediaCompositing (301)
[2019.02.04-17.27.18:022][103]LogModuleManager: Shutting down and abandoning module LinearTimecode (299)
[2019.02.04-17.27.18:022][103]LogModuleManager: Shutting down and abandoning module ImgMedia (297)
[2019.02.04-17.27.18:029][103]LogModuleManager: Shutting down and abandoning module HTML5Networking (295)
[2019.02.04-17.27.18:029][103]LogModuleManager: Shutting down and abandoning module GeometryCacheTracks (293)
[2019.02.04-17.27.18:029][103]LogModuleManager: Shutting down and abandoning module GeometryCacheSequencer (292)
[2019.02.04-17.27.18:029][103]LogModuleManager: Shutting down and abandoning module GeometryCache (289)
[2019.02.04-17.27.18:029][103]LogModuleManager: Shutting down and abandoning module GeometryCacheEd (288)
[2019.02.04-17.27.18:029][103]LogModuleManager: Shutting down and abandoning module BackChannel (285)
[2019.02.04-17.27.18:030][103]LogModuleManager: Shutting down and abandoning module AppleVision (283)
[2019.02.04-17.27.18:030][103]LogModuleManager: Shutting down and abandoning module AppleImageUtils (281)
[2019.02.04-17.27.18:030][103]LogModuleManager: Shutting down and abandoning module DatasmithContent (279)
[2019.02.04-17.27.18:030][103]LogModuleManager: Shutting down and abandoning module CryptoKeysOpenSSL (277)
[2019.02.04-17.27.18:031][103]LogModuleManager: Shutting down and abandoning module CryptoKeys (275)
[2019.02.04-17.27.18:031][103]LogModuleManager: Shutting down and abandoning module VisualStudioSourceCodeAccess (273)
[2019.02.04-17.27.18:031][103]LogModuleManager: Shutting down and abandoning module HotReload (272)
[2019.02.04-17.27.18:031][103]LogModuleManager: Shutting down and abandoning module DirectoryWatcher (271)
[2019.02.04-17.27.18:031][103]LogModuleManager: Shutting down and abandoning module VisualStudioCodeSourceCodeAccess (267)
[2019.02.04-17.27.18:031][103]LogModuleManager: Shutting down and abandoning module UObjectPlugin (265)
[2019.02.04-17.27.18:031][103]LogModuleManager: Shutting down and abandoning module SubversionSourceControl (263)
[2019.02.04-17.27.18:032][103]LogModuleManager: Shutting down and abandoning module PerforceSourceControl (261)
[2019.02.04-17.27.18:033][103]LogModuleManager: Shutting down and abandoning module SourceControl (260)
[2019.02.04-17.27.18:033][103]LogModuleManager: Shutting down and abandoning module CLionSourceCodeAccess (257)
[2019.02.04-17.27.18:033][103]LogModuleManager: Shutting down and abandoning module RuntimePhysXCooking (255)
[2019.02.04-17.27.18:033][103]LogModuleManager: Shutting down and abandoning module PhysXVehiclesEditor (253)
[2019.02.04-17.27.18:033][103]LogModuleManager: Shutting down and abandoning module PhysXVehicles (251)
[2019.02.04-17.27.18:033][103]LogModuleManager: Shutting down and abandoning module LocationServicesBPLibrary (249)
[2019.02.04-17.27.18:034][103]LogModuleManager: Shutting down and abandoning module ImmediatePhysicsEditor (247)
[2019.02.04-17.27.18:034][103]LogModuleManager: Shutting down and abandoning module ImmediatePhysics (245)
[2019.02.04-17.27.18:034][103]LogModuleManager: Shutting down and abandoning module ActorSequence (243)
[2019.02.04-17.27.18:034][103]LogModuleManager: Shutting down and abandoning module UdpMessaging (241)
[2019.02.04-17.27.18:135][103]LogModuleManager: Shutting down and abandoning module TcpMessaging (239)
[2019.02.04-17.27.18:236][103]LogModuleManager: Shutting down and abandoning module MagicLeapAudio (237)
[2019.02.04-17.27.18:236][103]LogModuleManager: Shutting down and abandoning module GameplayTagsEditor (235)
[2019.02.04-17.27.18:237][103]LogModuleManager: Shutting down and abandoning module FacialAnimation (233)
[2019.02.04-17.27.18:237][103]LogModuleManager: Shutting down and abandoning module DataValidation (231)
[2019.02.04-17.27.18:237][103]LogModuleManager: Shutting down and abandoning module AssetManagerEditor (229)
[2019.02.04-17.27.18:239][103]LogModuleManager: Shutting down and abandoning module TreeMap (228)
[2019.02.04-17.27.18:239][103]LogModuleManager: Shutting down and abandoning module LightPropagationVolumeRuntime (225)
[2019.02.04-17.27.18:239][103]LogModuleManager: Shutting down and abandoning module AISupportModule (223)
[2019.02.04-17.27.18:239][103]LogModuleManager: Shutting down and abandoning module Paper2D (221)
[2019.02.04-17.27.18:240][103]LogModuleManager: Shutting down and abandoning module PIEPreviewDeviceProfileSelector (219)
[2019.02.04-17.27.18:240][103]LogModuleManager: Shutting down and abandoning module WindowsMoviePlayer (217)
[2019.02.04-17.27.18:241][103]LogModuleManager: Shutting down and abandoning module WmfMedia (215)
[2019.02.04-17.27.18:253][103]LogModuleManager: Shutting down and abandoning module Media (214)
[2019.02.04-17.27.18:261][103]LogModuleManager: Shutting down and abandoning module PacketHandler (211)
[2019.02.04-17.27.18:261][103]LogModuleManager: Shutting down and abandoning module ClothingSystemEditor (209)
[2019.02.04-17.27.18:261][103]LogModuleManager: Shutting down and abandoning module ClothingSystemRuntime (207)
[2019.02.04-17.27.18:262][103]LogModuleManager: Shutting down and abandoning module MediaAssets (205)
[2019.02.04-17.27.18:262][103]LogModuleManager: Shutting down and abandoning module Overlay (203)
[2019.02.04-17.27.18:262][103]LogModuleManager: Shutting down and abandoning module OverlayEditor (202)
[2019.02.04-17.27.18:262][103]LogModuleManager: Shutting down and abandoning module VREditor (199)
[2019.02.04-17.27.18:262][103]LogModuleManager: Shutting down and abandoning module StringTableEditor (197)
[2019.02.04-17.27.18:263][103]LogModuleManager: Shutting down and abandoning module GameplayTasksEditor (195)
[2019.02.04-17.27.18:263][103]LogModuleManager: Shutting down and abandoning module BehaviorTreeEditor (193)
[2019.02.04-17.27.18:266][103]LogModuleManager: Shutting down and abandoning module FunctionalTesting (191)
[2019.02.04-17.27.18:267][103]LogModuleManager: Shutting down and abandoning module CollisionAnalyzer (189)
[2019.02.04-17.27.18:268][103]LogModuleManager: Shutting down and abandoning module WorkspaceMenuStructure (188)
[2019.02.04-17.27.18:268][103]LogModuleManager: Shutting down and abandoning module UMG (185)
[2019.02.04-17.27.18:268][103]LogModuleManager: Shutting down and abandoning module UMGEditor (184)
[2019.02.04-17.27.18:271][103]LogModuleManager: Shutting down and abandoning module Sequencer (183)
[2019.02.04-17.27.18:274][103]LogModuleManager: Shutting down and abandoning module MessageLog (180)
[2019.02.04-17.27.18:275][103]LogModuleManager: Shutting down and abandoning module SlateReflector (175)
[2019.02.04-17.27.18:277][103]LogModuleManager: Shutting down and abandoning module Slate (173)
[2019.02.04-17.27.18:277][103]LogModuleManager: Shutting down and abandoning module EditorStyle (171)
[2019.02.04-17.27.18:281][103]LogModuleManager: Shutting down and abandoning module MRMesh (169)
[2019.02.04-17.27.18:281][103]LogModuleManager: Shutting down and abandoning module Messaging (167)
[2019.02.04-17.27.18:281][103]LogModuleManager: Shutting down and abandoning module SourceCodeAccess (165)
[2019.02.04-17.27.18:281][103]LogModuleManager: Shutting down and abandoning module HeadMountedDisplay (163)
[2019.02.04-17.27.18:281][103]LogModuleManager: Shutting down and abandoning module XAudio2 (161)
[2019.02.04-17.27.18:282][103]LogModuleManager: Shutting down and abandoning module Networking (159)
[2019.02.04-17.27.18:282][103]LogModuleManager: Shutting down and abandoning module Core (157)
[2019.02.04-17.27.18:282][103]LogModuleManager: Shutting down and abandoning module LevelSequence (155)
[2019.02.04-17.27.18:282][103]LogModuleManager: Shutting down and abandoning module KismetCompiler (153)
[2019.02.04-17.27.18:282][103]LogModuleManager: Shutting down and abandoning module MeshUtilities (151)
[2019.02.04-17.27.18:283][103]LogModuleManager: Shutting down and abandoning module MeshMergeUtilities (150)
[2019.02.04-17.27.18:284][103]LogModuleManager: Shutting down and abandoning module MeshReductionInterface (149)
[2019.02.04-17.27.18:284][103]LogModuleManager: Shutting down and abandoning module SimplygonSwarm (148)
[2019.02.04-17.27.18:285][103]LogModuleManager: Shutting down and abandoning module ProxyLODMeshReduction (146)
[2019.02.04-17.27.18:286][103]LogModuleManager: Shutting down and abandoning module SimplygonMeshReduction (144)
[2019.02.04-17.27.18:286][103]LogModuleManager: Shutting down and abandoning module QuadricMeshReduction (142)
[2019.02.04-17.27.18:287][103]LogModuleManager: Shutting down and abandoning module MaterialBaking (138)
[2019.02.04-17.27.18:287][103]LogModuleManager: Shutting down and abandoning module DerivedDataCache (133)
[2019.02.04-17.27.18:320][103]LogDerivedDataCache: Shutdown
[2019.02.04-17.27.18:320][103]LogModuleManager: Shutting down and abandoning module XGEController (131)
[2019.02.04-17.27.18:321][103]LogModuleManager: Shutting down and abandoning module TargetPlatform (129)
[2019.02.04-17.27.18:321][103]LogModuleManager: Shutting down and abandoning module VulkanShaderFormat (128)
[2019.02.04-17.27.18:321][103]LogModuleManager: Shutting down and abandoning module ShaderFormatVectorVM (126)
[2019.02.04-17.27.18:322][103]LogModuleManager: Shutting down and abandoning module ShaderFormatOpenGL (124)
[2019.02.04-17.27.18:323][103]LogModuleManager: Shutting down and abandoning module ShaderFormatD3D (122)
[2019.02.04-17.27.18:323][103]LogModuleManager: Shutting down and abandoning module MetalShaderFormat (120)
[2019.02.04-17.27.18:324][103]LogModuleManager: Shutting down and abandoning module TextureFormatUncompressed (118)
[2019.02.04-17.27.18:324][103]LogModuleManager: Shutting down and abandoning module TextureFormatPVR (116)
[2019.02.04-17.27.18:324][103]LogModuleManager: Shutting down and abandoning module TextureFormatDXT (114)
[2019.02.04-17.27.18:325][103]LogModuleManager: Shutting down and abandoning module TextureFormatIntelISPCTexComp (112)
[2019.02.04-17.27.18:326][103]LogModuleManager: Shutting down and abandoning module TextureFormatASTC (110)
[2019.02.04-17.27.18:326][103]LogModuleManager: Shutting down and abandoning module ImageWrapper (109)
[2019.02.04-17.27.18:326][103]LogModuleManager: Shutting down and abandoning module TextureFormatAndroid (106)
[2019.02.04-17.27.18:326][103]LogModuleManager: Shutting down and abandoning module AudioFormatOpus (104)
[2019.02.04-17.27.18:326][103]LogModuleManager: Shutting down and abandoning module AudioFormatOgg (102)
[2019.02.04-17.27.18:326][103]LogModuleManager: Shutting down and abandoning module AudioFormatADPCM (100)
[2019.02.04-17.27.18:326][103]LogModuleManager: Shutting down and abandoning module WindowsTargetPlatform (98)
[2019.02.04-17.27.18:326][103]LogModuleManager: Shutting down and abandoning module WindowsServerTargetPlatform (96)
[2019.02.04-17.27.18:326][103]LogModuleManager: Shutting down and abandoning module WindowsNoEditorTargetPlatform (94)
[2019.02.04-17.27.18:326][103]LogModuleManager: Shutting down and abandoning module WindowsClientTargetPlatform (92)
[2019.02.04-17.27.18:326][103]LogModuleManager: Shutting down and abandoning module InputCore (89)
[2019.02.04-17.27.18:326][103]LogModuleManager: Shutting down and abandoning module Settings (87)
[2019.02.04-17.27.18:326][103]LogModuleManager: Shutting down and abandoning module PhysXCooking (85)
[2019.02.04-17.27.18:326][103]LogModuleManager: Shutting down and abandoning module SteamVR (83)
[2019.02.04-17.27.18:326][103]LogModuleManager: Shutting down and abandoning module OculusHMD (81)
[2019.02.04-17.27.18:327][103]LogModuleManager: Shutting down and abandoning module ExampleDeviceProfileSelector (79)
[2019.02.04-17.27.18:327][103]LogModuleManager: Shutting down and abandoning module LauncherChunkInstaller (77)
[2019.02.04-17.27.18:327][103]LogModuleManager: Shutting down and abandoning module OnlineBlueprintSupport (75)
[2019.02.04-17.27.18:327][103]LogModuleManager: Shutting down and abandoning module OnlineSubsystem (71)
[2019.02.04-17.27.18:331][103]LogModuleManager: Shutting down and abandoning module XMPP (65)
[2019.02.04-17.27.18:334][103]LogModuleManager: Shutting down and abandoning module WebSockets (64)
[2019.02.04-17.27.18:368][103]LogModuleManager: Shutting down and abandoning module HTTP (61)
[2019.02.04-17.27.18:398][103]LogModuleManager: Shutting down and abandoning module SSL (60)
[2019.02.04-17.27.18:402][103]LogModuleManager: Shutting down and abandoning module MagicLeapEmulator (56)
[2019.02.04-17.27.18:403][103]LogModuleManager: Shutting down and abandoning module MagicLeapPrivileges (54)
[2019.02.04-17.27.18:403][103]LogModuleManager: Shutting down and abandoning module MagicLeapIdentity (52)
[2019.02.04-17.27.18:403][103]LogModuleManager: Shutting down and abandoning module MagicLeapHelperVulkan (50)
[2019.02.04-17.27.18:403][103]LogModuleManager: Shutting down and abandoning module MagicLeapHelperOpenGL (48)
[2019.02.04-17.27.18:403][103]LogModuleManager: Shutting down and abandoning module MagicLeapSecureStorage (46)
[2019.02.04-17.27.18:403][103]LogModuleManager: Shutting down and abandoning module MagicLeapGestures (44)
[2019.02.04-17.27.18:403][103]LogModuleManager: Shutting down and abandoning module MagicLeapEyeTracker (42)
[2019.02.04-17.27.18:403][103]LogModuleManager: Shutting down and abandoning module MagicLeapController (40)
[2019.02.04-17.27.18:404][103]LogSlate: Slate User Destroyed.  User Index 0, Is Virtual User: 0
[2019.02.04-17.27.18:404][103]LogModuleManager: Shutting down and abandoning module MagicLeap (38)
[2019.02.04-17.27.18:404][103]LogModuleManager: Shutting down and abandoning module AnimationModifiers (36)
[2019.02.04-17.27.18:411][103]LogModuleManager: Shutting down and abandoning module PropertyEditor (35)
[2019.02.04-17.27.18:413][103]LogModuleManager: Shutting down and abandoning module AudioEditor (32)
[2019.02.04-17.27.18:416][103]LogModuleManager: Shutting down and abandoning module TextureCompressor (30)
[2019.02.04-17.27.18:418][103]LogModuleManager: Shutting down and abandoning module ShaderCore (28)
[2019.02.04-17.27.18:418][103]LogModuleManager: Shutting down and abandoning module Landscape (26)
[2019.02.04-17.27.18:418][103]LogModuleManager: Shutting down and abandoning module SlateRHIRenderer (24)
[2019.02.04-17.27.18:419][103]LogModuleManager: Shutting down and abandoning module OpenGLDrv (22)
[2019.02.04-17.27.18:420][103]LogModuleManager: Shutting down and abandoning module D3D11RHI (20)
[2019.02.04-17.27.18:420][103]LogModuleManager: Shutting down and abandoning module AnimGraphRuntime (18)
[2019.02.04-17.27.18:421][103]LogModuleManager: Shutting down and abandoning module Renderer (16)
[2019.02.04-17.27.18:421][103]LogModuleManager: Shutting down and abandoning module Engine (14)
[2019.02.04-17.27.18:421][103]LogModuleManager: Shutting down and abandoning module CoreUObject (12)
[2019.02.04-17.27.18:421][103]LogModuleManager: Shutting down and abandoning module NetworkFile (10)
[2019.02.04-17.27.18:422][103]LogModuleManager: Shutting down and abandoning module CookedIterativeFile (8)
[2019.02.04-17.27.18:422][103]LogModuleManager: Shutting down and abandoning module StreamingFile (6)
[2019.02.04-17.27.18:422][103]LogModuleManager: Shutting down and abandoning module SandboxFile (4)
[2019.02.04-17.27.18:422][103]LogModuleManager: Shutting down and abandoning module PakFile (2)
[2019.02.04-17.27.20:113][103]LogExit: Exiting.
[2019.02.04-17.27.20:517][103]Log file closed, 02/04/19 18:27:20
