Log file open, 03/28/19 00:59:41
LogWindows: Failed to load 'aqProf.dll' (GetLastError=126)
LogWindows: File 'aqProf.dll' does not exist
LogWindows: Failed to load 'VSPerf140.dll' (GetLastError=126)
LogWindows: File 'VSPerf140.dll' does not exist
LogWindows: Failed to load 'VtuneApi.dll' (GetLastError=126)
LogWindows: File 'VtuneApi.dll' does not exist
LogWindows: Failed to load 'VtuneApi32e.dll' (GetLastError=126)
LogWindows: File 'VtuneApi32e.dll' does not exist
LogInit: Display: Running engine for game: PeopleWithGuns
LogPlatformFile: Not using cached read wrapper
LogTaskGraph: Started task graph with 5 named threads and 14 total threads with 3 sets of task threads.
LogStats: Stats thread started at 0.240969
LogD3D11RHI: Loaded GFSDK_Aftermath_Lib.x64.dll
LogICUInternationalization: Display: ICU TimeZone Detection - Raw Offset: +1:00, Platform Override: ''
LogPluginManager: Mounting plugin Paper2D
LogPluginManager: Mounting plugin AISupport
LogPluginManager: Mounting plugin LightPropagationVolume
LogPluginManager: Mounting plugin CLionSourceCodeAccess
LogPluginManager: Mounting plugin CodeLiteSourceCodeAccess
LogPluginManager: Mounting plugin GitSourceControl
LogPluginManager: Mounting plugin KDevelopSourceCodeAccess
LogPluginManager: Mounting plugin NullSourceCodeAccess
LogPluginManager: Mounting plugin PerforceSourceControl
LogPluginManager: Mounting plugin SubversionSourceControl
LogPluginManager: Mounting plugin UObjectPlugin
LogPluginManager: Mounting plugin VisualStudioCodeSourceCodeAccess
LogPluginManager: Mounting plugin VisualStudioSourceCodeAccess
LogPluginManager: Mounting plugin XCodeSourceCodeAccess
LogPluginManager: Mounting plugin AssetManagerEditor
LogPluginManager: Mounting plugin CryptoKeys
LogPluginManager: Mounting plugin DataValidation
LogPluginManager: Mounting plugin FacialAnimation
LogPluginManager: Mounting plugin GameplayTagsEditor
LogPluginManager: Mounting plugin MacGraphicsSwitching
LogPluginManager: Mounting plugin MeshEditor
LogPluginManager: Mounting plugin MobileLauncherProfileWizard
LogPluginManager: Mounting plugin PluginBrowser
LogPluginManager: Mounting plugin SpeedTreeImporter
LogPluginManager: Mounting plugin DatasmithContent
LogPluginManager: Mounting plugin AlembicImporter
LogPluginManager: Mounting plugin AppleImageUtils
LogPluginManager: Mounting plugin AppleVision
LogPluginManager: Mounting plugin BackChannel
LogPluginManager: Mounting plugin CharacterAI
LogPluginManager: Mounting plugin GeometryCache
LogPluginManager: Mounting plugin HTML5Networking
LogPluginManager: Mounting plugin ProxyLODPlugin
LogPluginManager: Mounting plugin MagicLeap
LogPluginManager: Mounting plugin MagicLeapEmulator
LogPluginManager: Mounting plugin MagicLeapMedia
LogPluginManager: Mounting plugin AndroidMedia
LogPluginManager: Mounting plugin AvfMedia
LogPluginManager: Mounting plugin ImgMedia
LogPluginManager: Mounting plugin LinearTimecode
LogPluginManager: Mounting plugin MediaCompositing
LogPluginManager: Mounting plugin MediaPlayerEditor
LogPluginManager: Mounting plugin WmfMedia
LogPluginManager: Mounting plugin TcpMessaging
LogPluginManager: Mounting plugin UdpMessaging
LogPluginManager: Mounting plugin ActorSequence
LogPluginManager: Mounting plugin LevelSequenceEditor
LogPluginManager: Mounting plugin MatineeToLevelSequence
LogPluginManager: Mounting plugin NetcodeUnitTest
LogPluginManager: Mounting plugin NUTUnrealEngine4
LogPluginManager: Mounting plugin OnlineSubsystemGooglePlay
LogPluginManager: Mounting plugin OnlineSubsystemIOS
LogPluginManager: Mounting plugin OnlineSubsystem
LogPluginManager: Mounting plugin OnlineSubsystemNull
LogPluginManager: Mounting plugin OnlineSubsystemSteam
LogPluginManager: Mounting plugin OnlineSubsystemUtils
LogPluginManager: Mounting plugin LauncherChunkInstaller
LogPluginManager: Mounting plugin AndroidDeviceProfileSelector
LogPluginManager: Mounting plugin AndroidMoviePlayer
LogPluginManager: Mounting plugin AndroidPermission
LogPluginManager: Mounting plugin AppleMoviePlayer
LogPluginManager: Mounting plugin ArchVisCharacter
LogPluginManager: Mounting plugin AudioCapture
LogPluginManager: Mounting plugin CableComponent
LogPluginManager: Mounting plugin CustomMeshComponent
LogPluginManager: Mounting plugin EditableMesh
LogPluginManager: Mounting plugin ExampleDeviceProfileSelector
LogPluginManager: Mounting plugin GoogleCloudMessaging
LogPluginManager: Mounting plugin ImmediatePhysics
LogPluginManager: Mounting plugin IOSDeviceProfileSelector
LogPluginManager: Mounting plugin LinuxDeviceProfileSelector
LogPluginManager: Mounting plugin LocationServicesBPLibrary
LogPluginManager: Mounting plugin MobilePatchingUtils
LogPluginManager: Mounting plugin OculusVR
LogPluginManager: Plugin shader directory ../../../Engine/Plugins/Runtime/Oculus/OculusVR/Shaders found
LogPluginManager: Mapping shader source directory ../../../Engine/Plugins/Runtime/Oculus/OculusVR/Shaders to virtual directory /Plugin/OculusVR
LogPluginManager: Mounting plugin PhysXVehicles
LogPluginManager: Mounting plugin ProceduralMeshComponent
LogPluginManager: Mounting plugin RuntimePhysXCooking
LogPluginManager: Mounting plugin WindowsMoviePlayer
LogStreaming: Display: Took  0.072s to configure plugins.
LogInit: Using libcurl 7.55.1-DEV
LogInit:  - built for x86_64-pc-win32
LogInit:  - supports SSL with OpenSSL/1.0.2h
LogInit:  - supports HTTP deflate (compression) using libz 1.2.8
LogInit:  - other features:
LogInit:      CURL_VERSION_SSL
LogInit:      CURL_VERSION_LIBZ
LogInit:      CURL_VERSION_IPV6
LogInit:      CURL_VERSION_ASYNCHDNS
LogInit:      CURL_VERSION_LARGEFILE
LogInit:      CURL_VERSION_IDN
LogInit:  CurlRequestOptions (configurable via config and command line):
LogInit:  - bVerifyPeer = false  - Libcurl will NOT verify peer certificate
LogInit:  - bUseHttpProxy = false  - Libcurl will NOT use HTTP proxy
LogInit:  - bDontReuseConnections = false  - Libcurl will reuse connections
LogInit:  - CertBundlePath = nullptr  - Libcurl will use whatever was configured at build time.
LogInit:  - MaxHostConnections = 16  - Libcurl will limit the number of connections to a host
LogInit:  - LocalHostAddr = Default
LogInit:  - BufferSize = 65536
LogOnline: Display: STEAM: Loading Steam SDK 1.39
LogInit: WinSock: version 1.1 (2.2), MaxSocks=32767, MaxUdp=65467
LogInit: Build: ++UE4+Release-4.20-CL-4369336
LogInit: Engine Version: 4.20.3-4369336+++UE4+Release-4.20
LogInit: Compatible Engine Version: 4.20.0-4212847+++UE4+Release-4.20
LogInit: Net CL: 4212847
LogInit: OS: Windows 10 (), CPU: Intel(R) Core(TM) i5-7400 CPU @ 3.00GHz, GPU: NVIDIA GeForce GTX 1060 3GB
LogInit: Compiled (64-bit): Sep 17 2018 12:26:19
LogInit: Compiled with Visual C++: 19.13.26129.00
LogInit: Build Configuration: Development
LogInit: Branch Name: ++UE4+Release-4.20
LogInit: Command Line:  /Game/ThirdPersonBP/Maps/MainMenu -game -PIEVIACONSOLE -ResX=1280 -ResY=720  -Multiprocess -messaging -SessionName="Play in Standalone Game" -windowed 
LogInit: Base Directory: C:/Program Files/Epic Games/UE_4.20/Engine/Binaries/Win64/
LogInit: Installed Engine Build: 1
LogDevObjectVersion: Number of dev versions registered: 20
LogDevObjectVersion:   Dev-Blueprints (B0D832E4-1F89-4F0D-ACCF-7EB736FD4AA2): 10
LogDevObjectVersion:   Dev-Build (E1C64328-A22C-4D53-A36C-8E866417BD8C): 0
LogDevObjectVersion:   Dev-Core (375EC13C-06E4-48FB-B500-84F0262A717E): 2
LogDevObjectVersion:   Dev-Editor (E4B068ED-F494-42E9-A231-DA0B2E46BB41): 24
LogDevObjectVersion:   Dev-Framework (CFFC743F-43B0-4480-9391-14DF171D2073): 34
LogDevObjectVersion:   Dev-Mobile (B02B49B5-BB20-44E9-A304-32B752E40360): 2
LogDevObjectVersion:   Dev-Networking (A4E4105C-59A1-49B5-A7C5-40C4547EDFEE): 0
LogDevObjectVersion:   Dev-Online (39C831C9-5AE6-47DC-9A44-9C173E1C8E7C): 0
LogDevObjectVersion:   Dev-Physics (78F01B33-EBEA-4F98-B9B4-84EACCB95AA2): 0
LogDevObjectVersion:   Dev-Platform (6631380F-2D4D-43E0-8009-CF276956A95A): 0
LogDevObjectVersion:   Dev-Rendering (12F88B9F-8875-4AFC-A67C-D90C383ABD29): 26
LogDevObjectVersion:   Dev-Sequencer (7B5AE74C-D270-4C10-A958-57980B212A5A): 9
LogDevObjectVersion:   Dev-VR (D7296918-1DD6-4BDD-9DE2-64A83CC13884): 2
LogDevObjectVersion:   Dev-LoadTimes (C2A15278-BFE7-4AFE-6C17-90FF531DF755): 1
LogDevObjectVersion:   Private-Geometry (6EACA3D4-40EC-4CC1-B786-8BED09428FC5): 3
LogDevObjectVersion:   Dev-AnimPhys (29E575DD-E0A3-4627-9D10-D276232CDCEA): 17
LogDevObjectVersion:   Dev-ReflectionCapture (6B266CEC-1EC7-4B8F-A30B-E4D90942FC07): 1
LogDevObjectVersion:   Dev-Automation (0DF73D61-A23F-47EA-B727-89E90C41499A): 1
LogDevObjectVersion:   FortniteMain (601D1886-AC64-4F84-AA16-D3DE0DEAC7D6): 12
LogDevObjectVersion:   Dev-Enterprise (9DFFBCD6-494F-0158-E221-12823C92A888): 1
LogStreaming: Display: Took  0.004s to delete old logs.
LogInit: Presizing for max 8388607 objects, including 0 objects not considered by GC, pre-allocating 0 bytes for permanent pool.
LogInit: Object subsystem initialized
[2019.03.27-23.59.44:208][  0]LogInit: Selected Device Profile: [Windows]
[2019.03.27-23.59.44:208][  0]LogInit: Applying CVar settings loaded from the selected device profile: [Windows]
[2019.03.27-23.59.44:219][  0]LogHAL: Display: Platform has ~ 16 GB [17143238656 / 17179869184 / 16], which maps to Larger [LargestMinGB=32, LargerMinGB=12, DefaultMinGB=8, SmallerMinGB=6, SmallestMinGB=0)
[2019.03.27-23.59.44:220][  0]LogInit: Setting Device Profile CVar: [[r.Vulkan.UseRealUBs:1]]
[2019.03.27-23.59.44:220][  0]LogInit: Going up to parent DeviceProfile []
[2019.03.27-23.59.44:224][  0]LogInit: Computer: DESKTOP-IL37EE6
[2019.03.27-23.59.44:224][  0]LogInit: User: fox56
[2019.03.27-23.59.44:224][  0]LogInit: CPU Page size=4096, Cores=4
[2019.03.27-23.59.44:224][  0]LogInit: High frequency timer resolution =2.929693 MHz
[2019.03.27-23.59.44:224][  0]LogMemory: Memory total: Physical=16.0GB (16GB approx)
[2019.03.27-23.59.44:224][  0]LogMemory: Platform Memory Stats for Windows
[2019.03.27-23.59.44:225][  0]LogMemory: Process Physical Memory: 129.14 MB used, 129.14 MB peak
[2019.03.27-23.59.44:225][  0]LogMemory: Process Virtual Memory: 106.01 MB used, 106.01 MB peak
[2019.03.27-23.59.44:225][  0]LogMemory: Physical Memory: 11383.42 MB used,  4965.64 MB free, 16349.07 MB total
[2019.03.27-23.59.44:225][  0]LogMemory: Virtual Memory: 4749.65 MB used,  4965.64 MB free, 134217728.00 MB total
[2019.03.27-23.59.44:264][  0]LogInit: Using OS detected language (fr-FR).
[2019.03.27-23.59.44:264][  0]LogInit: Using OS detected locale (fr-FR).
[2019.03.27-23.59.44:265][  0]LogTextLocalizationManager: No specific localization for 'fr-FR' exists, so the 'fr' localization will be used.
[2019.03.27-23.59.44:399][  0]LogStreaming: Display: Took  0.136s to InitEngineTextLocalization.
[2019.03.27-23.59.44:847][  0]LogSlate: New Slate User Created.  User Index 0, Is Virtual User: 0
[2019.03.27-23.59.44:847][  0]LogSlate: Slate User Registered.  User Index 0, Is Virtual User: 0
[2019.03.27-23.59.44:852][  0]LogD3D11RHI: D3D11 adapters:
[2019.03.27-23.59.44:947][  0]LogD3D11RHI:    0. 'NVIDIA GeForce GTX 1060 3GB' (Feature Level 11_0)
[2019.03.27-23.59.44:947][  0]LogD3D11RHI:       2988/0/8174 MB DedicatedVideo/DedicatedSystem/SharedSystem, Outputs:1, VendorId:0x10de
[2019.03.27-23.59.44:952][  0]LogD3D11RHI:    1. 'Microsoft Basic Render Driver' (Feature Level 11_0)
[2019.03.27-23.59.44:952][  0]LogD3D11RHI:       0/0/8174 MB DedicatedVideo/DedicatedSystem/SharedSystem, Outputs:0, VendorId:0x1414
[2019.03.27-23.59.44:952][  0]LogD3D11RHI: Chosen D3D11 Adapter: 0
[2019.03.27-23.59.44:968][  0]LogD3D11RHI: Creating new Direct3DDevice
[2019.03.27-23.59.44:969][  0]LogD3D11RHI:     GPU DeviceId: 0x1c02 (for the marketing name, search the web for "GPU Device Id")
[2019.03.27-23.59.44:969][  0]LogWindows: EnumDisplayDevices:
[2019.03.27-23.59.44:969][  0]LogWindows:    0. 'NVIDIA GeForce GTX 1060 3GB' (P:1 D:1)
[2019.03.27-23.59.44:969][  0]LogWindows:    1. 'NVIDIA GeForce GTX 1060 3GB' (P:0 D:0)
[2019.03.27-23.59.44:970][  0]LogWindows:    2. 'NVIDIA GeForce GTX 1060 3GB' (P:0 D:0)
[2019.03.27-23.59.44:970][  0]LogWindows:    3. 'NVIDIA GeForce GTX 1060 3GB' (P:0 D:0)
[2019.03.27-23.59.44:970][  0]LogWindows: DebugString: FoundDriverCount:4 
[2019.03.27-23.59.44:970][  0]LogD3D11RHI:     Adapter Name: NVIDIA GeForce GTX 1060 3GB
[2019.03.27-23.59.44:970][  0]LogD3D11RHI:   Driver Version: 417.71 (internal:25.21.14.1771, unified:417.71)
[2019.03.27-23.59.44:970][  0]LogD3D11RHI:      Driver Date: 1-11-2019
[2019.03.27-23.59.44:970][  0]LogRHI: Texture pool is 2091 MB (70% of 2988 MB)
[2019.03.27-23.59.45:033][  0]LogD3D11RHI: Async texture creation enabled
[2019.03.27-23.59.45:177][  0]LogD3D11RHI: GPU Timing Frequency: 1000.000000 (Debug: 2 2)
[2019.03.27-23.59.45:226][  0]LogShaderCompilers: Guid format shader working directory is -41 characters bigger than the processId version (../../../../../../Users/fox56/Documents/GitHub/ProjetsHub2018/FPSUnreal/PeopleWithGuns/Intermediate/Shaders/WorkingDirectory/16724/).
[2019.03.27-23.59.45:226][  0]LogShaderCompilers: Cleaned the shader compiler working directory 'C:/Users/fox56/AppData/Local/Temp/UnrealShaderWorkingDir/19B50EE84F7D7E0A7003709B6AAE9D8B/'.
[2019.03.27-23.59.45:985][  0]LogTemp: Display: Loaded TP WindowsClientTargetPlatform
[2019.03.27-23.59.46:001][  0]LogTemp: Display: Loaded TP WindowsNoEditorTargetPlatform
[2019.03.27-23.59.46:019][  0]LogTemp: Display: Loaded TP WindowsServerTargetPlatform
[2019.03.27-23.59.46:053][  0]LogTemp: Display: Loaded TP WindowsTargetPlatform
[2019.03.27-23.59.46:053][  0]LogTargetPlatformManager: Display: Building Assets For Windows
[2019.03.27-23.59.46:167][  0]LogXGEController: Cannot use XGE Controller as Incredibuild is not installed on this machine.
[2019.03.27-23.59.46:167][  0]LogShaderCompilers: Cannot use XGE Shader Compiler as Incredibuild is not installed on this machine.
[2019.03.27-23.59.46:167][  0]LogShaderCompilers: Display: Using Local Shader Compiler.
[2019.03.27-23.59.52:154][  0]LogDerivedDataCache: Display: Max Cache Size: 512 MB
[2019.03.27-23.59.52:563][  0]LogDerivedDataCache: Loaded boot cache 0.41s 77MB C:/Users/fox56/AppData/Local/UnrealEngine/4.20/DerivedDataCache/Boot.ddc.
[2019.03.27-23.59.52:564][  0]LogDerivedDataCache: Display: Loaded Boot cache: C:/Users/fox56/AppData/Local/UnrealEngine/4.20/DerivedDataCache/Boot.ddc
[2019.03.27-23.59.52:564][  0]LogDerivedDataCache: FDerivedDataBackendGraph:  Pak pak cache file ../../../../../../Users/fox56/Documents/GitHub/ProjetsHub2018/FPSUnreal/PeopleWithGuns/DerivedDataCache/DDC.ddp not found, will not use a pak cache.
[2019.03.27-23.59.52:564][  0]LogDerivedDataCache: Unable to find inner node Pak for hierarchical cache Hierarchy.
[2019.03.27-23.59.52:564][  0]LogDerivedDataCache: FDerivedDataBackendGraph:  CompressedPak pak cache file ../../../../../../Users/fox56/Documents/GitHub/ProjetsHub2018/FPSUnreal/PeopleWithGuns/DerivedDataCache/Compressed.ddp not found, will not use a pak cache.
[2019.03.27-23.59.52:564][  0]LogDerivedDataCache: Unable to find inner node CompressedPak for hierarchical cache Hierarchy.
[2019.03.27-23.59.52:581][  0]LogDerivedDataCache: Display: Pak cache opened for reading ../../../Engine/DerivedDataCache/Compressed.ddp.
[2019.03.27-23.59.52:594][  0]LogDerivedDataCache: Using Local data cache path C:/Users/fox56/AppData/Local/UnrealEngine/Common/DerivedDataCache: Writable
[2019.03.27-23.59.52:594][  0]LogDerivedDataCache: Shared data cache path not found in *engine.ini, will not use an Shared cache.
[2019.03.27-23.59.52:594][  0]LogDerivedDataCache: Unable to find inner node Shared for hierarchical cache Hierarchy.
[2019.03.27-23.59.52:616][  0]LogMaterial: Verifying Global Shaders for PCD3D_SM5
[2019.03.27-23.59.52:647][  0]LogSlate: Using FreeType 2.6.0
[2019.03.27-23.59.52:674][  0]LogSlate: SlateFontServices - WITH_FREETYPE: 1, WITH_HARFBUZZ: 1
[2019.03.27-23.59.54:064][  0]LogInit: Using OS detected language (fr-FR).
[2019.03.27-23.59.54:064][  0]LogInit: Using OS detected locale (fr-FR).
[2019.03.27-23.59.54:065][  0]LogTextLocalizationManager: No localization for 'fr-FR' exists, so 'en' will be used for the language.
[2019.03.27-23.59.54:065][  0]LogTextLocalizationManager: No localization for 'fr-FR' exists, so 'en' will be used for the locale.
[2019.03.27-23.59.55:107][  0]LogStreaming: Display: Took  1.043s to InitGameTextLocalization.
[2019.03.27-23.59.55:130][  0]LogAssetRegistry: FAssetRegistry took 0.0183 seconds to start up
[2019.03.27-23.59.55:384][  0]LogPackageLocalizationCache: Processed 10 localized package path(s) for 1 prioritized culture(s) in 0.018068 seconds
[2019.03.27-23.59.55:532][  0]LogInit: Selected Device Profile: [Windows]
[2019.03.27-23.59.55:705][  0]LogSimplygon: Simplygon DLL not present - disabling.
[2019.03.27-23.59.55:710][  0]LogMeshReduction: Using SimplygonSwarm for distributed automatic mesh merging
[2019.03.27-23.59.55:710][  0]LogMeshReduction: Using ProxyLODMeshReduction for automatic mesh merging
[2019.03.27-23.59.55:710][  0]LogMeshReduction: Using QuadricMeshReduction for automatic static mesh reduction
[2019.03.27-23.59.55:710][  0]LogMeshReduction: No automatic skeletal mesh reduction module available
[2019.03.27-23.59.55:726][  0]LogNetVersion: PeopleWithGuns 1.0.0, NetCL: 4212847, EngineNetVer: 5, GameNetVer: 0 (Checksum: 1271298656)
[2019.03.27-23.59.56:605][  0]LogMoviePlayer: Initializing movie player
[2019.03.27-23.59.56:935][  0]LogTcpMessaging: Initializing TcpMessaging bridge
[2019.03.27-23.59.56:949][  0]LogUdpMessaging: Initializing bridge on interface 0.0.0.0:0 to multicast group 230.0.0.1:6666.
[2019.03.27-23.59.57:041][  0]SourceControl: Source control is disabled
[2019.03.27-23.59.57:041][  0]SourceControl: Source control is disabled
[2019.03.27-23.59.57:043][  0]SourceControl: Source control is disabled
[2019.03.27-23.59.57:210][  0]LogAndroidPermission: UAndroidPermissionCallbackProxy::GetInstance
[2019.03.27-23.59.57:335][  0]LogOcInput: OculusInput pre-init called
[2019.03.27-23.59.57:344][  0]LogUObjectArray: 42139 objects as part of root set at end of initial load.
[2019.03.27-23.59.57:344][  0]LogUObjectAllocator: 7435256 out of 0 bytes used by permanent object pool.
[2019.03.27-23.59.57:346][  0]LogUObjectArray: CloseDisregardForGC: 0/0 objects in disregard for GC pool
[2019.03.27-23.59.57:511][  0]LogEngine: Initializing Engine...
[2019.03.27-23.59.57:533][  0]LogStats: UGameplayTagsManager::ConstructGameplayTagTree: ImportINI prefixes -  0.000 s
[2019.03.27-23.59.57:533][  0]LogStats: UGameplayTagsManager::ConstructGameplayTagTree: Construct from data asset -  0.000 s
[2019.03.27-23.59.57:533][  0]LogStats: UGameplayTagsManager::ConstructGameplayTagTree: ImportINI -  0.000 s
[2019.03.27-23.59.57:533][  0]LogStats: UGameplayTagsManager::ConstructGameplayTagTree: GameplayTagTreeChangedEvent.Broadcast -  0.000 s
[2019.03.27-23.59.57:709][  0]LogInit: Initializing FReadOnlyCVARCache
[2019.03.27-23.59.57:734][  0]LogInit: XAudio2 using 'Casque pour téléphone (Corsair VOID PRO Surround USB Adapter)' : 6 channels at 48 kHz using 16 bits per sample (channel mask 0x3f)
[2019.03.27-23.59.57:889][  0]LogInit: FAudioDevice initialized.
[2019.03.27-23.59.57:921][  0]LogNetVersion: Set ProjectVersion to 1.0.0.0. Version Checksum will be recalculated on next use.
[2019.03.27-23.59.57:925][  0]LogInit: Texture streaming: Enabled
[2019.03.27-23.59.58:401][  0]LogSlate: Updating window title bar state: overlay mode, drag disabled, window buttons hidden, title bar hidden
[2019.03.27-23.59.58:432][  0]LogInit: Display: Game Engine Initialized.
[2019.03.27-23.59.58:432][  0]LogGameplayTags: Display: UGameplayTagsManager::DoneAddingNativeTags. DelegateIsBound: 0
[2019.03.27-23.59.58:433][  0]LogStats: UGameplayTagsManager::ConstructGameplayTagTree: ImportINI prefixes -  0.000 s
[2019.03.27-23.59.58:433][  0]LogStats: UGameplayTagsManager::ConstructGameplayTagTree: Construct from data asset -  0.000 s
[2019.03.27-23.59.58:433][  0]LogStats: UGameplayTagsManager::ConstructGameplayTagTree: ImportINI -  0.000 s
[2019.03.27-23.59.58:433][  0]LogStats: UGameplayTagsManager::ConstructGameplayTagTree: GameplayTagTreeChangedEvent.Broadcast -  0.000 s
[2019.03.27-23.59.58:503][  0]LogInit: Display: Starting Game.
[2019.03.27-23.59.58:506][  0]LogNet: Browse: /Game/ThirdPersonBP/Maps/MainMenu?Name=Player
[2019.03.27-23.59.58:516][  0]LogLoad: LoadMap: /Game/ThirdPersonBP/Maps/MainMenu?Name=Player
[2019.03.27-23.59.58:706][  0]LogAIModule: Creating AISystem for world MainMenu
[2019.03.28-00.00.04:696][  0]LogAnimationCompression: Building Anim DDC data for AnimSequence /Game/ThirdPersonBP/Blueprints/Character/Animation/death_from_right.death_from_right
[2019.03.28-00.00.04:741][  0]LogAnimationCompression: Recompressing (AnimSequence /Game/ThirdPersonBP/Blueprints/Character/Animation/death_from_right.death_from_right) using current/default (AnimCompress_BitwiseCompressOnly_0) bFirstRecompressUsingCurrentOrDefault(1) bTryAlternateCompressor(0) IsCompressedDataValid(0)
[2019.03.28-00.00.06:082][  0]LogLoad: Game class is 'LobbyGM_C'
[2019.03.28-00.00.06:095][  0]LogWorld: Bringing World /Game/ThirdPersonBP/Maps/MainMenu.MainMenu up for play (max tick rate 0) at 2019.03.28-01.00.06
[2019.03.28-00.00.06:138][  0]LogWorld: Bringing up level for play took: 0.045141
[2019.03.28-00.00.06:198][  0]LogGameMode: FindPlayerStart: PATHS NOT DEFINED or NO PLAYERSTART with positive rating
[2019.03.28-00.00.06:338][  0]LogBlueprintUserMessages: [LobbyPC_C_0] Saving worked !
[2019.03.28-00.00.06:518][  0]LogScript: Warning: Script Msg: Attempted to access index 0 from array 'SpawnPoints' of length 0 in '/Game/ThirdPersonBP/Blueprints/Lobby/LobbyGM.LobbyGM_C'!
[2019.03.28-00.00.06:518][  0]LogScript: Warning: Accessed None trying to read property CallFunc_Array_Get_Item
	LobbyGM_C /Game/ThirdPersonBP/Maps/MainMenu.MainMenu:PersistentLevel.LobbyGM_C_0
	Function /Game/ThirdPersonBP/Blueprints/Lobby/LobbyGM.LobbyGM_C:ExecuteUbergraph_LobbyGM:0FF4
[2019.03.28-00.00.06:518][  0]LogScript: Warning: Script call stack:
	Function /Game/ThirdPersonBP/Blueprints/Lobby/LobbyGM.LobbyGM_C:K2_PostLogin
	Function /Game/ThirdPersonBP/Blueprints/Lobby/LobbyGM.LobbyGM_C:ExecuteUbergraph_LobbyGM
	Function /Game/ThirdPersonBP/Blueprints/Lobby/LobbyGM.LobbyGM_C:RespawnPlayer
	Function /Game/ThirdPersonBP/Blueprints/Lobby/LobbyGM.LobbyGM_C:ExecuteUbergraph_LobbyGM

[2019.03.28-00.00.06:660][  0]LogScript: Warning: Script Msg: Attempted to access index 0 from array 'SpawnPoints' of length 0 in '/Game/ThirdPersonBP/Blueprints/Lobby/LobbyGM.LobbyGM_C'!
[2019.03.28-00.00.06:660][  0]LogScript: Warning: Accessed None trying to read property CallFunc_Array_Get_Item
	LobbyGM_C /Game/ThirdPersonBP/Maps/MainMenu.MainMenu:PersistentLevel.LobbyGM_C_0
	Function /Game/ThirdPersonBP/Blueprints/Lobby/LobbyGM.LobbyGM_C:ExecuteUbergraph_LobbyGM:1130
[2019.03.28-00.00.06:660][  0]LogScript: Warning: Script call stack:
	Function /Game/ThirdPersonBP/Blueprints/Lobby/LobbyGM.LobbyGM_C:K2_PostLogin
	Function /Game/ThirdPersonBP/Blueprints/Lobby/LobbyGM.LobbyGM_C:ExecuteUbergraph_LobbyGM
	Function /Game/ThirdPersonBP/Blueprints/Lobby/LobbyGM.LobbyGM_C:RespawnPlayer
	Function /Game/ThirdPersonBP/Blueprints/Lobby/LobbyGM.LobbyGM_C:ExecuteUbergraph_LobbyGM

[2019.03.28-00.00.06:766][  0]LogLoad: Took 8.249690 seconds to LoadMap(/Game/ThirdPersonBP/Maps/MainMenu)
[2019.03.28-00.00.06:833][  0]LogSlate: Took 0.017031 seconds to synchronously load lazily loaded font '../../../Engine/Content/Slate/Fonts/Roboto-Regular.ttf' (155K)
[2019.03.28-00.00.06:934][  0]LogRenderer: Reallocating scene render targets to support 1280x720 Format 10 NumSamples 1 (Frame:1).
[2019.03.28-00.00.06:934][  0]LogLoad: (Engine Initialization) Total time: 28.35 seconds
[2019.03.28-00.00.06:934][  0]LogLoad: (Engine Initialization) Total Blueprint compile time: 0.00 seconds
[2019.03.28-00.00.07:036][  0]LogContentStreaming: Texture pool size now 1000 MB
[2019.03.28-00.00.13:124][363]LogRenderer: Reallocating scene render targets to support 1920x1020 Format 10 NumSamples 1 (Frame:366).
[2019.03.28-00.00.14:555][452]LogSlate: FSceneViewport::OnFocusLost() reason 0
[2019.03.28-00.00.17:663][636]LogOnlineSession: Verbose: OSS: dumping NamedSession: 
[2019.03.28-00.00.17:663][636]LogOnlineSession: Verbose: OSS: 	SessionName: GameSession
[2019.03.28-00.00.17:663][636]LogOnlineSession: Verbose: OSS: 	HostingPlayerNum: 0
[2019.03.28-00.00.17:663][636]LogOnlineSession: Verbose: OSS: 	SessionState: Pending
[2019.03.28-00.00.17:663][636]LogOnlineSession: Verbose: OSS: 	RegisteredPlayers: 
[2019.03.28-00.00.17:663][636]LogOnlineSession: Verbose: OSS: 	    0 registered players
[2019.03.28-00.00.17:663][636]LogOnlineSession: Verbose: OSS: dumping Session: 
[2019.03.28-00.00.17:663][636]LogOnlineSession: Verbose: OSS: 	OwningPlayerName: Hookibibi
[2019.03.28-00.00.17:664][636]LogOnlineSession: Verbose: OSS: 	OwningPlayerId: Hookibibi [0x110000108A0EC96]
[2019.03.28-00.00.17:664][636]LogOnlineSession: Verbose: OSS: 	NumOpenPrivateConnections: 0
[2019.03.28-00.00.17:664][636]LogOnlineSession: Verbose: OSS: 	NumOpenPublicConnections: 1
[2019.03.28-00.00.17:664][636]LogOnlineSession: Verbose: OSS: 	SessionInfo: HostIP: INVALID SteamP2P: 76561198105029782:7777 Type: Lobby session SessionId: Lobby [0x1860000017AD79E]
[2019.03.28-00.00.17:664][636]LogOnlineSession: Verbose: OSS: dumping SessionSettings: 
[2019.03.28-00.00.17:664][636]LogOnlineSession: Verbose: OSS: 	NumPublicConnections: 2
[2019.03.28-00.00.17:664][636]LogOnlineSession: Verbose: OSS: 	NumPrivateConnections: 0
[2019.03.28-00.00.17:664][636]LogOnlineSession: Verbose: OSS: 	bIsLanMatch: false
[2019.03.28-00.00.17:664][636]LogOnlineSession: Verbose: OSS: 	bIsDedicated: false
[2019.03.28-00.00.17:664][636]LogOnlineSession: Verbose: OSS: 	bUsesStats: false
[2019.03.28-00.00.17:664][636]LogOnlineSession: Verbose: OSS: 	bShouldAdvertise: true
[2019.03.28-00.00.17:664][636]LogOnlineSession: Verbose: OSS: 	bAllowJoinInProgress: true
[2019.03.28-00.00.17:664][636]LogOnlineSession: Verbose: OSS: 	bAllowInvites: false
[2019.03.28-00.00.17:664][636]LogOnlineSession: Verbose: OSS: 	bUsesPresence: true
[2019.03.28-00.00.17:664][636]LogOnlineSession: Verbose: OSS: 	bAllowJoinViaPresence: true
[2019.03.28-00.00.17:664][636]LogOnlineSession: Verbose: OSS: 	bAllowJoinViaPresenceFriendsOnly: false
[2019.03.28-00.00.17:664][636]LogOnlineSession: Verbose: OSS: 	BuildUniqueId: 0x0040486f
[2019.03.28-00.00.17:664][636]LogOnlineSession: Verbose: OSS: 	Settings:
[2019.03.28-00.00.17:876][636]LogPackageName: SearchForPackageOnDisk took   0.210s to resolve Lobby.umap.
[2019.03.28-00.00.18:082][636]LogPackageName: SearchForPackageOnDisk took   0.205s to resolve Lobby.umap.
[2019.03.28-00.00.18:082][636]LogNet: Browse: /Game/ThirdPersonBP/Maps/Lobby?listen
[2019.03.28-00.00.18:082][636]LogLoad: LoadMap: /Game/ThirdPersonBP/Maps/Lobby?listen
[2019.03.28-00.00.18:130][636]LogScript: Warning: Script Msg: DestroySession - Invalid player state
[2019.03.28-00.00.20:208][636]LogAIModule: Creating AISystem for world Lobby
[2019.03.28-00.00.20:208][636]LogLoad: Game class is 'LobbyGM_C'
[2019.03.28-00.00.20:239][636]LogTemp: Display: ParseSettings for GameNetDriver
[2019.03.28-00.00.20:247][636]LogTemp: Display: ParseSettings for SteamNetDriver_0
[2019.03.28-00.00.20:247][636]LogTemp: Display: ParseSettings for GameNetDriver
[2019.03.28-00.00.20:263][636]LogNet: ReplicationDriverClass is null! Not using ReplicationDriver.
[2019.03.28-00.00.20:263][636]LogNet: Display: SteamNetDriver_0 bound to port 7777
[2019.03.28-00.00.20:277][636]PacketHandlerLog: Loaded PacketHandler component: Engine.EngineHandlerComponentFactory (StatelessConnectHandlerComponent)
[2019.03.28-00.00.20:278][636]LogNet: GameNetDriver SteamNetDriver_0 IpNetDriver listening on port 7777
[2019.03.28-00.00.20:280][636]LogWorld: Bringing World /Game/ThirdPersonBP/Maps/Lobby.Lobby up for play (max tick rate 0) at 2019.03.28-01.00.20
[2019.03.28-00.00.20:288][636]LogWorld: Bringing up level for play took: 0.008510
[2019.03.28-00.00.20:292][636]LogBlueprintUserMessages: [LobbyPC_C_0] Saving worked !
[2019.03.28-00.00.20:391][636]LogLoad: Took 2.309195 seconds to LoadMap(/Game/ThirdPersonBP/Maps/Lobby)
[2019.03.28-00.00.55:629][813]LogNet: NotifyAcceptingConnection accepted from: 76561198899578078:7777
[2019.03.28-00.00.55:661][813]LogHandshake: SendConnectChallenge. Timestamp: 38.070068, Cookie: 250003198243188017168141075211030105040167226040147009201227
[2019.03.28-00.00.55:691][813]LogNet: NotifyAcceptingConnection accepted from: 76561198899578078:7777
[2019.03.28-00.00.55:691][813]LogHandshake: SendConnectChallenge. Timestamp: 38.070068, Cookie: 250003198243188017168141075211030105040167226040147009201227
[2019.03.28-00.00.55:691][813]LogNet: NotifyAcceptingConnection accepted from: 76561198899578078:7777
[2019.03.28-00.00.55:691][813]LogHandshake: SendConnectChallenge. Timestamp: 38.070068, Cookie: 250003198243188017168141075211030105040167226040147009201227
[2019.03.28-00.00.55:692][813]LogNet: NotifyAcceptingConnection accepted from: 76561198899578078:7777
[2019.03.28-00.00.55:692][813]LogHandshake: SendConnectChallenge. Timestamp: 38.070068, Cookie: 250003198243188017168141075211030105040167226040147009201227
[2019.03.28-00.00.55:692][813]LogNet: NotifyAcceptingConnection accepted from: 76561198899578078:7777
[2019.03.28-00.00.55:692][813]LogHandshake: SendConnectChallenge. Timestamp: 38.070068, Cookie: 250003198243188017168141075211030105040167226040147009201227
[2019.03.28-00.00.55:711][815]LogNet: NotifyAcceptingConnection accepted from: 76561198899578078:7777
[2019.03.28-00.00.55:723][815]LogHandshake: SendChallengeAck. InCookie: 250003198243188017168141075211030105040167226040147009201227
[2019.03.28-00.00.55:723][815]LogNet: Server accepting post-challenge connection from: 76561198899578078:7777
[2019.03.28-00.00.55:752][815]PacketHandlerLog: Loaded PacketHandler component: Engine.EngineHandlerComponentFactory (StatelessConnectHandlerComponent)
[2019.03.28-00.00.55:767][815]LogNet: NotifyAcceptedConnection: Name: Lobby, TimeStamp: 03/28/19 01:00:55, [UNetConnection] RemoteAddr: 76561198899578078:7777, Name: SteamNetConnection_0, Driver: GameNetDriver SteamNetDriver_0, IsServer: YES, PC: NULL, Owner: NULL, UniqueId: INVALID
[2019.03.28-00.00.55:767][815]LogNet: AddClientConnection: Added client connection: [UNetConnection] RemoteAddr: 76561198899578078:7777, Name: SteamNetConnection_0, Driver: GameNetDriver SteamNetDriver_0, IsServer: YES, PC: NULL, Owner: NULL, UniqueId: INVALID
[2019.03.28-00.00.55:768][815]LogHandshake: Received unexpected post-connect handshake packet - resending ack.
[2019.03.28-00.00.55:768][815]LogHandshake: SendChallengeAck. InCookie: 250003198243188017168141075211030105040167226040147009201227
[2019.03.28-00.00.55:768][815]LogHandshake: Received unexpected post-connect handshake packet - resending ack.
[2019.03.28-00.00.55:768][815]LogHandshake: SendChallengeAck. InCookie: 250003198243188017168141075211030105040167226040147009201227
[2019.03.28-00.00.55:768][815]LogHandshake: Received unexpected post-connect handshake packet - resending ack.
[2019.03.28-00.00.55:768][815]LogHandshake: SendChallengeAck. InCookie: 250003198243188017168141075211030105040167226040147009201227
[2019.03.28-00.00.55:768][815]LogHandshake: Received unexpected post-connect handshake packet - resending ack.
[2019.03.28-00.00.55:769][815]LogHandshake: SendChallengeAck. InCookie: 250003198243188017168141075211030105040167226040147009201227
[2019.03.28-00.00.55:769][815]LogNet: NotifyAcceptingChannel Control 0 server World /Game/ThirdPersonBP/Maps/Lobby.Lobby: Accepted
[2019.03.28-00.00.55:770][815]LogNet: Remote platform little endian=1
[2019.03.28-00.00.55:770][815]LogNet: This platform little endian=1
[2019.03.28-00.00.55:770][815]LogNetVersion: PeopleWithGuns 1.0.0.0, NetCL: 4212847, EngineNetVer: 5, GameNetVer: 0 (Checksum: 3703576562)
[2019.03.28-00.00.55:821][817]LogNet: Login request: /Game/ThirdPersonBP/Maps/MainMenu?Name=malo.breger userId: 76561198899578078
[2019.03.28-00.00.55:843][819]LogNet: Client netspeed is 10000
[2019.03.28-00.00.57:070][895]LogNet: Join request: /Game/ThirdPersonBP/Maps/MainMenu?Name=malo.breger?SplitscreenCount=1
[2019.03.28-00.00.57:204][895]LogNet: Join succeeded: malo.breger
[2019.03.28-00.01.06:111][446]LogSlate: FSceneViewport::OnFocusLost() reason 0
[2019.03.28-00.01.11:736][793]LogSlate: FSceneViewport::OnFocusLost() reason 0
[2019.03.28-00.01.15:699][ 27]LogGameMode: ProcessServerTravel: /Game/ThirdPersonBP/Maps/Arena01
[2019.03.28-00.01.15:700][ 27]LogWorld: SeamlessTravel to: /Game/ThirdPersonBP/Maps/Arena01
[2019.03.28-00.01.15:805][ 29]LogAIModule: Creating AISystem for world TravelMap
[2019.03.28-00.01.15:806][ 29]LogStats:     SeamlessTravel FlushLevelStreaming  -  0.001 s
[2019.03.28-00.01.15:806][ 29]LogWorld: Bringing World /Game/ThirdPersonBP/Maps/TravelMap.TravelMap up for play (max tick rate 0) at 2019.03.28-01.01.15
[2019.03.28-00.01.15:806][ 29]LogWorld: Bringing up level for play took: 0.000320
[2019.03.28-00.01.15:806][ 29]LogWorld: Sending NotifyLoadedWorld for LP: LocalPlayer_0 PC: LobbyPC_C_0
[2019.03.28-00.01.15:806][ 29]LogNet: Verbose: NotifyLoadedWorld Begin
[2019.03.28-00.01.15:806][ 29]LogNet: VeryVerbose: GetFunctionCallspace Server calling Server function: ServerNotifyLoadedWorld Local
[2019.03.28-00.01.15:806][ 29]LogNet: Verbose: NotifyLoadedWorld End
[2019.03.28-00.01.15:806][ 29]LogWorld: StartLoadingDestination to: /Game/ThirdPersonBP/Maps/Arena01
[2019.03.28-00.01.16:573][ 48]LogMaterial: Display: Missing cached shader map for material T_Wood_Walnut_Mat, compiling. 
[2019.03.28-00.01.16:755][ 48]LogShaderCompilers: Display: Shaders left to compile 20
[2019.03.28-00.01.16:755][ 48]LogShaderCompilers: Display: Shaders left to compile 10
[2019.03.28-00.01.16:755][ 48]LogMaterial: Display: Missing cached shader map for material T_Wood_Oak_Mat, compiling. 
[2019.03.28-00.01.16:773][ 49]LogMaterial: Display: Missing cached shader map for material T_Rock_Sandstone_Mat, compiling. 
[2019.03.28-00.01.17:095][ 54]LogShaderCompilers: Display: Shaders left to compile 40
[2019.03.28-00.01.17:936][ 56]LogTexture: Display: Building textures: T_Plains_Ruins_FloorStones_D (AutoDXT, 1024X1024)
[2019.03.28-00.01.19:397][ 57]LogMaterial: Display: Missing cached shader map for material T_Plains_Ruins_FloorStones_Mat, compiling. 
[2019.03.28-00.01.20:836][ 68]LogMaterial: Display: Missing cached shader map for material Tex_0009_1_dds, compiling. 
[2019.03.28-00.01.21:300][ 76]LogAIModule: Creating AISystem for world Arena01
[2019.03.28-00.01.21:300][ 76]LogLoad: Game class is 'ThirdPersonGameMode_C'
[2019.03.28-00.01.21:301][ 76]LogStats:     SeamlessTravel FlushLevelStreaming  -  0.001 s
[2019.03.28-00.01.21:332][ 76]LogWorld: Bringing World /Game/ThirdPersonBP/Maps/Arena01.Arena01 up for play (max tick rate 0) at 2019.03.28-01.01.21
[2019.03.28-00.01.21:373][ 76]LogWorld: Bringing up level for play took: 0.072169
[2019.03.28-00.01.21:373][ 76]LogWorld: Sending NotifyLoadedWorld for LP: LocalPlayer_0 PC: LobbyPC_C_0
[2019.03.28-00.01.21:373][ 76]LogNet: Verbose: NotifyLoadedWorld Begin
[2019.03.28-00.01.21:373][ 76]LogNet: VeryVerbose: GetFunctionCallspace Server calling Server function: ServerNotifyLoadedWorld Local
[2019.03.28-00.01.21:373][ 76]LogNet: Verbose: NotifyLoadedWorld End
[2019.03.28-00.01.21:373][ 76]LogWorld: ----SeamlessTravel finished in 5.67 seconds ------
[2019.03.28-00.01.21:394][ 76]LogScript: Warning: Script Msg: DestroySession - Invalid player state
[2019.03.28-00.01.21:585][ 76]LogSlate: Updating window title bar state: overlay mode, drag disabled, window buttons hidden, title bar hidden
[2019.03.28-00.01.21:620][ 76]LogNetPackageMap: Warning: FNetGUIDCache::SupportsObject: StaticMeshComponent /Game/ThirdPersonBP/Maps/Arena01.Arena01:PersistentLevel.ThirdPersonCharacter_C_1.StaticMeshComponent_0 NOT Supported.
[2019.03.28-00.01.21:620][ 76]LogNetPackageMap: Warning: FNetGUIDCache::SupportsObject: DrawFrustumComponent /Game/ThirdPersonBP/Maps/Arena01.Arena01:PersistentLevel.ThirdPersonCharacter_C_1.DrawFrustumComponent_0 NOT Supported.
[2019.03.28-00.01.21:647][ 78]LogNetPackageMap: Warning: FNetGUIDCache::SupportsObject: StaticMeshComponent /Game/ThirdPersonBP/Maps/Arena01.Arena01:PersistentLevel.ThirdPersonCharacter_C_0.StaticMeshComponent_0 NOT Supported.
[2019.03.28-00.01.21:647][ 78]LogNetPackageMap: Warning: FNetGUIDCache::SupportsObject: DrawFrustumComponent /Game/ThirdPersonBP/Maps/Arena01.Arena01:PersistentLevel.ThirdPersonCharacter_C_0.DrawFrustumComponent_0 NOT Supported.
[2019.03.28-00.01.21:697][ 81]LogScript: Warning: Script Msg: DestroySession - Invalid player state
[2019.03.28-00.01.23:683][203]LogShaderCompilers: Display: Shaders left to compile 70
[2019.03.28-00.01.23:716][205]LogShaderCompilers: Display: Shaders left to compile 60
[2019.03.28-00.01.25:122][272]LogShaderCompilers: Display: Shaders left to compile 50
[2019.03.28-00.01.27:138][272]LogShaderCompilers: Display: Shaders left to compile 40
[2019.03.28-00.01.27:994][272]LogShaderCompilers: Display: Shaders left to compile 30
[2019.03.28-00.01.28:907][272]LogShaderCompilers: Display: Shaders left to compile 20
[2019.03.28-00.01.29:562][272]LogShaderCompilers: Display: Shaders left to compile 10
[2019.03.28-00.01.30:664][272]LogNet: UNetDriver::TickDispatch: Very long time between ticks. DeltaTime: 5.80, Realtime: 5.85. SteamNetDriver_0
[2019.03.28-00.01.35:910][524]LogAudio: Warning: Waited 47.020626ms for audio thread.
[2019.03.28-00.02.12:121][767]LogBlueprintUserMessages: [ThirdPersonCharacter_C_1] Hit !
[2019.03.28-00.02.12:234][774]LogBlueprintUserMessages: [ThirdPersonCharacter_C_1] Hit !
[2019.03.28-00.02.12:346][781]LogBlueprintUserMessages: [ThirdPersonCharacter_C_1] Hit !
[2019.03.28-00.02.12:476][789]LogBlueprintUserMessages: [ThirdPersonCharacter_C_1] Hit !
[2019.03.28-00.02.12:590][796]LogBlueprintUserMessages: [ThirdPersonCharacter_C_1] Hit !
[2019.03.28-00.02.13:219][835]LogBlueprintUserMessages: [ThirdPersonCharacter_C_1] Hit !
[2019.03.28-00.02.59:135][673]LogSlate: Window 'PeopleWithGuns (64-bit Development PCD3D_SM5) ' being destroyed
[2019.03.28-00.02.59:157][673]LogWindowsTextInputMethodSystem: Display: IME system now deactivated.
[2019.03.28-00.02.59:163][673]LogSlate: Updating window title bar state: overlay mode, drag disabled, window buttons hidden, title bar hidden
[2019.03.28-00.02.59:163][673]LogEngine: All Windows Closed
[2019.03.28-00.02.59:175][673]LogWindows: FPlatformMisc::RequestExit(0)
[2019.03.28-00.02.59:181][674]LogNet: World NetDriver shutdown SteamNetDriver_0 [GameNetDriver]
[2019.03.28-00.02.59:181][674]LogNet: DestroyNamedNetDriver SteamNetDriver_0 [GameNetDriver]
[2019.03.28-00.02.59:188][674]LogNet: UNetConnection::Cleanup: Closing open connection. [UNetConnection] RemoteAddr: 76561198899578078:7777, Name: SteamNetConnection_0, Driver: GameNetDriver SteamNetDriver_0, IsServer: YES, PC: GameplayPC_C_1, Owner: GameplayPC_C_1, UniqueId: STEAM:malo.breger [0x110000137FCC4DE]
[2019.03.28-00.02.59:188][674]LogNet: UNetConnection::Close: [UNetConnection] RemoteAddr: 76561198899578078:7777, Name: SteamNetConnection_0, Driver: GameNetDriver SteamNetDriver_0, IsServer: YES, PC: GameplayPC_C_1, Owner: GameplayPC_C_1, UniqueId: STEAM:malo.breger [0x110000137FCC4DE], Channels: 13, Time: 2019.03.28-00.02.59
[2019.03.28-00.02.59:189][674]LogNet: UChannel::Close: Sending CloseBunch. ChIndex == 0. Name: [UChannel] ChIndex: 0, Closing: 0 [UNetConnection] RemoteAddr: 76561198899578078:7777, Name: SteamNetConnection_0, Driver: GameNetDriver SteamNetDriver_0, IsServer: YES, PC: GameplayPC_C_1, Owner: GameplayPC_C_1, UniqueId: STEAM:malo.breger [0x110000137FCC4DE]
[2019.03.28-00.02.59:189][674]LogExit: GameNetDriver SteamNetDriver_0 shut down
[2019.03.28-00.02.59:619][674]LogExit: Preparing to exit.
[2019.03.28-00.02.59:628][674]LogMoviePlayer: Shutting down movie player
[2019.03.28-00.03.00:061][674]LogSlate: Updating window title bar state: overlay mode, drag disabled, window buttons hidden, title bar hidden
[2019.03.28-00.03.00:074][674]LogExit: Game engine shut down
[2019.03.28-00.03.00:477][674]LogExit: Object subsystem successfully closed.
[2019.03.28-00.03.00:490][674]LogShaderCompilers: Display: Shaders left to compile 0
[2019.03.28-00.03.00:493][674]LogD3D11RHI: Shutdown
[2019.03.28-00.03.00:493][674]LogD3D11RHI: CleanupD3DDevice
[2019.03.28-00.03.00:508][674]LogD3D11RHI: ~FD3D11DynamicRHI
[2019.03.28-00.03.00:526][674]LogModuleManager: Shutting down and abandoning module SequenceRecorderSections (372)
[2019.03.28-00.03.00:526][674]LogModuleManager: Shutting down and abandoning module SequenceRecorder (370)
[2019.03.28-00.03.00:526][674]LogModuleManager: Shutting down and abandoning module AutomationController (368)
[2019.03.28-00.03.00:526][674]LogModuleManager: Shutting down and abandoning module AutomationWorker (366)
[2019.03.28-00.03.00:526][674]LogModuleManager: Shutting down and abandoning module AIModule (364)
[2019.03.28-00.03.00:526][674]LogModuleManager: Shutting down and abandoning module GameplayDebugger (363)
[2019.03.28-00.03.00:526][674]LogModuleManager: Shutting down and abandoning module AITestSuite (361)
[2019.03.28-00.03.00:526][674]LogModuleManager: Shutting down and abandoning module NavigationSystem (359)
[2019.03.28-00.03.00:526][674]LogModuleManager: Shutting down and abandoning module WmfMediaFactory (356)
[2019.03.28-00.03.00:526][674]LogModuleManager: Shutting down and abandoning module OpenExrWrapper (354)
[2019.03.28-00.03.00:527][674]LogModuleManager: Shutting down and abandoning module ImgMediaFactory (352)
[2019.03.28-00.03.00:527][674]LogModuleManager: Shutting down and abandoning module AvfMediaFactory (350)
[2019.03.28-00.03.00:527][674]LogModuleManager: Shutting down and abandoning module MagicLeapCameraPreviewFactory (348)
[2019.03.28-00.03.00:527][674]LogModuleManager: Shutting down and abandoning module MagicLeapMediaFactory (346)
[2019.03.28-00.03.00:527][674]LogModuleManager: Shutting down and abandoning module CharacterAI (344)
[2019.03.28-00.03.00:527][674]LogModuleManager: Shutting down and abandoning module SessionServices (342)
[2019.03.28-00.03.00:527][674]LogModuleManager: Shutting down and abandoning module MovieSceneCapture (340)
[2019.03.28-00.03.00:527][674]LogModuleManager: Shutting down and abandoning module MovieSceneTracks (338)
[2019.03.28-00.03.00:527][674]LogModuleManager: Shutting down and abandoning module MovieScene (336)
[2019.03.28-00.03.00:527][674]LogModuleManager: Shutting down and abandoning module StreamingPauseRendering (334)
[2019.03.28-00.03.00:527][674]LogModuleManager: Shutting down and abandoning module PortalServices (332)
[2019.03.28-00.03.00:527][674]LogModuleManager: Shutting down and abandoning module PortalRpc (330)
[2019.03.28-00.03.00:527][674]LogModuleManager: Shutting down and abandoning module MessagingRpc (328)
[2019.03.28-00.03.00:527][674]LogModuleManager: Shutting down and abandoning module ProfilerService (326)
[2019.03.28-00.03.00:546][674]LogModuleManager: Shutting down and abandoning module TaskGraph (324)
[2019.03.28-00.03.00:546][674]LogModuleManager: Shutting down and abandoning module ProceduralMeshComponent (322)
[2019.03.28-00.03.00:546][674]LogModuleManager: Shutting down and abandoning module OculusInput (320)
[2019.03.28-00.03.00:546][674]LogModuleManager: Shutting down and abandoning module MobilePatchingUtils (318)
[2019.03.28-00.03.00:546][674]LogModuleManager: Shutting down and abandoning module EditableMesh (316)
[2019.03.28-00.03.00:546][674]LogModuleManager: Shutting down and abandoning module CustomMeshComponent (314)
[2019.03.28-00.03.00:546][674]LogModuleManager: Shutting down and abandoning module CableComponent (312)
[2019.03.28-00.03.00:546][674]LogModuleManager: Shutting down and abandoning module AudioCapture (310)
[2019.03.28-00.03.00:546][674]LogModuleManager: Shutting down and abandoning module ArchVisCharacter (308)
[2019.03.28-00.03.00:546][674]LogModuleManager: Shutting down and abandoning module AndroidPermission (306)
[2019.03.28-00.03.00:546][674]LogModuleManager: Shutting down and abandoning module NUTUnrealEngine4 (302)
[2019.03.28-00.03.00:546][674]LogModuleManager: Shutting down and abandoning module NetcodeUnitTest (300)
[2019.03.28-00.03.00:546][674]LogModuleManager: Shutting down and abandoning module MediaCompositing (298)
[2019.03.28-00.03.00:546][674]LogModuleManager: Shutting down and abandoning module LinearTimecode (296)
[2019.03.28-00.03.00:546][674]LogModuleManager: Shutting down and abandoning module ImgMedia (294)
[2019.03.28-00.03.00:549][674]LogModuleManager: Shutting down and abandoning module HTML5Networking (292)
[2019.03.28-00.03.00:549][674]LogModuleManager: Shutting down and abandoning module GeometryCacheTracks (290)
[2019.03.28-00.03.00:549][674]LogModuleManager: Shutting down and abandoning module GeometryCacheSequencer (289)
[2019.03.28-00.03.00:549][674]LogModuleManager: Shutting down and abandoning module GeometryCache (286)
[2019.03.28-00.03.00:549][674]LogModuleManager: Shutting down and abandoning module GeometryCacheEd (285)
[2019.03.28-00.03.00:549][674]LogModuleManager: Shutting down and abandoning module BackChannel (282)
[2019.03.28-00.03.00:549][674]LogModuleManager: Shutting down and abandoning module AppleVision (280)
[2019.03.28-00.03.00:549][674]LogModuleManager: Shutting down and abandoning module AppleImageUtils (278)
[2019.03.28-00.03.00:549][674]LogModuleManager: Shutting down and abandoning module DatasmithContent (276)
[2019.03.28-00.03.00:549][674]LogModuleManager: Shutting down and abandoning module CryptoKeysOpenSSL (274)
[2019.03.28-00.03.00:549][674]LogModuleManager: Shutting down and abandoning module CryptoKeys (272)
[2019.03.28-00.03.00:549][674]LogModuleManager: Shutting down and abandoning module VisualStudioSourceCodeAccess (270)
[2019.03.28-00.03.00:549][674]LogModuleManager: Shutting down and abandoning module HotReload (269)
[2019.03.28-00.03.00:550][674]LogModuleManager: Shutting down and abandoning module DirectoryWatcher (268)
[2019.03.28-00.03.00:550][674]LogModuleManager: Shutting down and abandoning module VisualStudioCodeSourceCodeAccess (264)
[2019.03.28-00.03.00:550][674]LogModuleManager: Shutting down and abandoning module UObjectPlugin (262)
[2019.03.28-00.03.00:550][674]LogModuleManager: Shutting down and abandoning module SubversionSourceControl (260)
[2019.03.28-00.03.00:550][674]LogModuleManager: Shutting down and abandoning module PerforceSourceControl (258)
[2019.03.28-00.03.00:550][674]LogModuleManager: Shutting down and abandoning module SourceControl (257)
[2019.03.28-00.03.00:550][674]LogModuleManager: Shutting down and abandoning module CLionSourceCodeAccess (254)
[2019.03.28-00.03.00:550][674]LogModuleManager: Shutting down and abandoning module RuntimePhysXCooking (252)
[2019.03.28-00.03.00:550][674]LogModuleManager: Shutting down and abandoning module PhysXVehiclesEditor (250)
[2019.03.28-00.03.00:550][674]LogModuleManager: Shutting down and abandoning module PhysXVehicles (248)
[2019.03.28-00.03.00:550][674]LogModuleManager: Shutting down and abandoning module LocationServicesBPLibrary (246)
[2019.03.28-00.03.00:550][674]LogModuleManager: Shutting down and abandoning module ImmediatePhysicsEditor (244)
[2019.03.28-00.03.00:550][674]LogModuleManager: Shutting down and abandoning module ImmediatePhysics (242)
[2019.03.28-00.03.00:550][674]LogModuleManager: Shutting down and abandoning module ActorSequence (240)
[2019.03.28-00.03.00:550][674]LogModuleManager: Shutting down and abandoning module UdpMessaging (238)
[2019.03.28-00.03.00:651][674]LogModuleManager: Shutting down and abandoning module TcpMessaging (236)
[2019.03.28-00.03.01:040][674]LogModuleManager: Shutting down and abandoning module MagicLeapAudio (234)
[2019.03.28-00.03.01:040][674]LogModuleManager: Shutting down and abandoning module GameplayTagsEditor (232)
[2019.03.28-00.03.01:040][674]LogModuleManager: Shutting down and abandoning module FacialAnimation (230)
[2019.03.28-00.03.01:040][674]LogModuleManager: Shutting down and abandoning module DataValidation (228)
[2019.03.28-00.03.01:040][674]LogModuleManager: Shutting down and abandoning module AssetManagerEditor (226)
[2019.03.28-00.03.01:040][674]LogModuleManager: Shutting down and abandoning module TreeMap (225)
[2019.03.28-00.03.01:040][674]LogModuleManager: Shutting down and abandoning module LightPropagationVolumeRuntime (222)
[2019.03.28-00.03.01:040][674]LogModuleManager: Shutting down and abandoning module AISupportModule (220)
[2019.03.28-00.03.01:040][674]LogModuleManager: Shutting down and abandoning module Paper2D (218)
[2019.03.28-00.03.01:040][674]LogModuleManager: Shutting down and abandoning module PIEPreviewDeviceProfileSelector (216)
[2019.03.28-00.03.01:040][674]LogModuleManager: Shutting down and abandoning module WindowsMoviePlayer (214)
[2019.03.28-00.03.01:040][674]LogModuleManager: Shutting down and abandoning module WmfMedia (212)
[2019.03.28-00.03.01:041][674]LogModuleManager: Shutting down and abandoning module Media (211)
[2019.03.28-00.03.01:047][674]LogModuleManager: Shutting down and abandoning module PacketHandler (208)
[2019.03.28-00.03.01:047][674]LogModuleManager: Shutting down and abandoning module ClothingSystemEditor (206)
[2019.03.28-00.03.01:047][674]LogModuleManager: Shutting down and abandoning module ClothingSystemRuntime (204)
[2019.03.28-00.03.01:047][674]LogModuleManager: Shutting down and abandoning module MediaAssets (202)
[2019.03.28-00.03.01:047][674]LogModuleManager: Shutting down and abandoning module Overlay (200)
[2019.03.28-00.03.01:047][674]LogModuleManager: Shutting down and abandoning module OverlayEditor (199)
[2019.03.28-00.03.01:047][674]LogModuleManager: Shutting down and abandoning module VREditor (196)
[2019.03.28-00.03.01:047][674]LogModuleManager: Shutting down and abandoning module StringTableEditor (194)
[2019.03.28-00.03.01:047][674]LogModuleManager: Shutting down and abandoning module GameplayTasksEditor (192)
[2019.03.28-00.03.01:047][674]LogModuleManager: Shutting down and abandoning module BehaviorTreeEditor (190)
[2019.03.28-00.03.01:047][674]LogModuleManager: Shutting down and abandoning module FunctionalTesting (188)
[2019.03.28-00.03.01:047][674]LogModuleManager: Shutting down and abandoning module CollisionAnalyzer (186)
[2019.03.28-00.03.01:047][674]LogModuleManager: Shutting down and abandoning module WorkspaceMenuStructure (185)
[2019.03.28-00.03.01:047][674]LogModuleManager: Shutting down and abandoning module UMG (182)
[2019.03.28-00.03.01:047][674]LogModuleManager: Shutting down and abandoning module UMGEditor (181)
[2019.03.28-00.03.01:047][674]LogModuleManager: Shutting down and abandoning module Sequencer (180)
[2019.03.28-00.03.01:047][674]LogModuleManager: Shutting down and abandoning module MessageLog (177)
[2019.03.28-00.03.01:053][674]LogModuleManager: Shutting down and abandoning module SlateReflector (172)
[2019.03.28-00.03.01:053][674]LogModuleManager: Shutting down and abandoning module Slate (170)
[2019.03.28-00.03.01:053][674]LogModuleManager: Shutting down and abandoning module EditorStyle (168)
[2019.03.28-00.03.01:054][674]LogModuleManager: Shutting down and abandoning module MRMesh (166)
[2019.03.28-00.03.01:054][674]LogModuleManager: Shutting down and abandoning module Messaging (164)
[2019.03.28-00.03.01:054][674]LogModuleManager: Shutting down and abandoning module SourceCodeAccess (162)
[2019.03.28-00.03.01:054][674]LogModuleManager: Shutting down and abandoning module HeadMountedDisplay (160)
[2019.03.28-00.03.01:055][674]LogModuleManager: Shutting down and abandoning module XAudio2 (158)
[2019.03.28-00.03.01:055][674]LogModuleManager: Shutting down and abandoning module Networking (156)
[2019.03.28-00.03.01:055][674]LogModuleManager: Shutting down and abandoning module Core (154)
[2019.03.28-00.03.01:055][674]LogModuleManager: Shutting down and abandoning module LevelSequence (152)
[2019.03.28-00.03.01:055][674]LogModuleManager: Shutting down and abandoning module KismetCompiler (150)
[2019.03.28-00.03.01:055][674]LogModuleManager: Shutting down and abandoning module MeshUtilities (148)
[2019.03.28-00.03.01:055][674]LogModuleManager: Shutting down and abandoning module MeshMergeUtilities (147)
[2019.03.28-00.03.01:055][674]LogModuleManager: Shutting down and abandoning module MeshReductionInterface (146)
[2019.03.28-00.03.01:055][674]LogModuleManager: Shutting down and abandoning module SimplygonSwarm (145)
[2019.03.28-00.03.01:055][674]LogModuleManager: Shutting down and abandoning module ProxyLODMeshReduction (143)
[2019.03.28-00.03.01:055][674]LogModuleManager: Shutting down and abandoning module SimplygonMeshReduction (141)
[2019.03.28-00.03.01:055][674]LogModuleManager: Shutting down and abandoning module QuadricMeshReduction (139)
[2019.03.28-00.03.01:055][674]LogModuleManager: Shutting down and abandoning module MaterialBaking (135)
[2019.03.28-00.03.01:055][674]LogModuleManager: Shutting down and abandoning module DerivedDataCache (130)
[2019.03.28-00.03.01:086][674]LogDerivedDataCache: Shutdown
[2019.03.28-00.03.01:086][674]LogModuleManager: Shutting down and abandoning module XGEController (128)
[2019.03.28-00.03.01:086][674]LogModuleManager: Shutting down and abandoning module TargetPlatform (126)
[2019.03.28-00.03.01:086][674]LogModuleManager: Shutting down and abandoning module VulkanShaderFormat (125)
[2019.03.28-00.03.01:086][674]LogModuleManager: Shutting down and abandoning module ShaderFormatVectorVM (123)
[2019.03.28-00.03.01:086][674]LogModuleManager: Shutting down and abandoning module ShaderFormatOpenGL (121)
[2019.03.28-00.03.01:086][674]LogModuleManager: Shutting down and abandoning module ShaderFormatD3D (119)
[2019.03.28-00.03.01:086][674]LogModuleManager: Shutting down and abandoning module MetalShaderFormat (117)
[2019.03.28-00.03.01:086][674]LogModuleManager: Shutting down and abandoning module TextureFormatUncompressed (115)
[2019.03.28-00.03.01:086][674]LogModuleManager: Shutting down and abandoning module TextureFormatPVR (113)
[2019.03.28-00.03.01:086][674]LogModuleManager: Shutting down and abandoning module TextureFormatDXT (111)
[2019.03.28-00.03.01:086][674]LogModuleManager: Shutting down and abandoning module TextureFormatIntelISPCTexComp (109)
[2019.03.28-00.03.01:086][674]LogModuleManager: Shutting down and abandoning module TextureFormatASTC (107)
[2019.03.28-00.03.01:086][674]LogModuleManager: Shutting down and abandoning module ImageWrapper (106)
[2019.03.28-00.03.01:086][674]LogModuleManager: Shutting down and abandoning module TextureFormatAndroid (103)
[2019.03.28-00.03.01:086][674]LogModuleManager: Shutting down and abandoning module AudioFormatOpus (101)
[2019.03.28-00.03.01:086][674]LogModuleManager: Shutting down and abandoning module AudioFormatOgg (99)
[2019.03.28-00.03.01:086][674]LogModuleManager: Shutting down and abandoning module AudioFormatADPCM (97)
[2019.03.28-00.03.01:086][674]LogModuleManager: Shutting down and abandoning module WindowsTargetPlatform (95)
[2019.03.28-00.03.01:086][674]LogModuleManager: Shutting down and abandoning module WindowsServerTargetPlatform (93)
[2019.03.28-00.03.01:086][674]LogModuleManager: Shutting down and abandoning module WindowsNoEditorTargetPlatform (91)
[2019.03.28-00.03.01:086][674]LogModuleManager: Shutting down and abandoning module WindowsClientTargetPlatform (89)
[2019.03.28-00.03.01:087][674]LogModuleManager: Shutting down and abandoning module InputCore (86)
[2019.03.28-00.03.01:087][674]LogModuleManager: Shutting down and abandoning module Settings (84)
[2019.03.28-00.03.01:087][674]LogModuleManager: Shutting down and abandoning module PhysXCooking (82)
[2019.03.28-00.03.01:087][674]LogModuleManager: Shutting down and abandoning module OculusHMD (80)
[2019.03.28-00.03.01:087][674]LogModuleManager: Shutting down and abandoning module ExampleDeviceProfileSelector (78)
[2019.03.28-00.03.01:087][674]LogModuleManager: Shutting down and abandoning module LauncherChunkInstaller (76)
[2019.03.28-00.03.01:087][674]LogModuleManager: Shutting down and abandoning module OnlineBlueprintSupport (74)
[2019.03.28-00.03.01:087][674]LogModuleManager: Shutting down and abandoning module OnlineSubsystem (70)
[2019.03.28-00.03.01:087][674]LogOnline: Display: STEAM: OnlineSubsystemSteam::Shutdown()
[2019.03.28-00.03.01:170][674]LogOnline: Display: STEAM: OnlineSubsystemSteam::Shutdown()
[2019.03.28-00.03.01:170][674]LogModuleManager: Shutting down and abandoning module XMPP (65)
[2019.03.28-00.03.01:170][674]LogModuleManager: Shutting down and abandoning module WebSockets (64)
[2019.03.28-00.03.01:185][674]LogModuleManager: Shutting down and abandoning module HTTP (61)
[2019.03.28-00.03.01:214][674]LogModuleManager: Shutting down and abandoning module SSL (60)
[2019.03.28-00.03.01:215][674]LogModuleManager: Shutting down and abandoning module MagicLeapEmulator (56)
[2019.03.28-00.03.01:215][674]LogModuleManager: Shutting down and abandoning module MagicLeapPrivileges (54)
[2019.03.28-00.03.01:215][674]LogModuleManager: Shutting down and abandoning module MagicLeapIdentity (52)
[2019.03.28-00.03.01:216][674]LogModuleManager: Shutting down and abandoning module MagicLeapHelperVulkan (50)
[2019.03.28-00.03.01:216][674]LogModuleManager: Shutting down and abandoning module MagicLeapHelperOpenGL (48)
[2019.03.28-00.03.01:216][674]LogModuleManager: Shutting down and abandoning module MagicLeapSecureStorage (46)
[2019.03.28-00.03.01:216][674]LogModuleManager: Shutting down and abandoning module MagicLeapGestures (44)
[2019.03.28-00.03.01:216][674]LogModuleManager: Shutting down and abandoning module MagicLeapEyeTracker (42)
[2019.03.28-00.03.01:216][674]LogModuleManager: Shutting down and abandoning module MagicLeapController (40)
[2019.03.28-00.03.01:216][674]LogSlate: Slate User Destroyed.  User Index 0, Is Virtual User: 0
[2019.03.28-00.03.01:216][674]LogModuleManager: Shutting down and abandoning module MagicLeap (38)
[2019.03.28-00.03.01:216][674]LogModuleManager: Shutting down and abandoning module AnimationModifiers (36)
[2019.03.28-00.03.01:216][674]LogModuleManager: Shutting down and abandoning module PropertyEditor (35)
[2019.03.28-00.03.01:217][674]LogModuleManager: Shutting down and abandoning module AudioEditor (32)
[2019.03.28-00.03.01:217][674]LogModuleManager: Shutting down and abandoning module TextureCompressor (30)
[2019.03.28-00.03.01:217][674]LogModuleManager: Shutting down and abandoning module ShaderCore (28)
[2019.03.28-00.03.01:217][674]LogModuleManager: Shutting down and abandoning module Landscape (26)
[2019.03.28-00.03.01:217][674]LogModuleManager: Shutting down and abandoning module SlateRHIRenderer (24)
[2019.03.28-00.03.01:217][674]LogModuleManager: Shutting down and abandoning module OpenGLDrv (22)
[2019.03.28-00.03.01:217][674]LogModuleManager: Shutting down and abandoning module D3D11RHI (20)
[2019.03.28-00.03.01:217][674]LogModuleManager: Shutting down and abandoning module AnimGraphRuntime (18)
[2019.03.28-00.03.01:217][674]LogModuleManager: Shutting down and abandoning module Renderer (16)
[2019.03.28-00.03.01:217][674]LogModuleManager: Shutting down and abandoning module Engine (14)
[2019.03.28-00.03.01:217][674]LogModuleManager: Shutting down and abandoning module CoreUObject (12)
[2019.03.28-00.03.01:217][674]LogModuleManager: Shutting down and abandoning module NetworkFile (10)
[2019.03.28-00.03.01:217][674]LogModuleManager: Shutting down and abandoning module CookedIterativeFile (8)
[2019.03.28-00.03.01:217][674]LogModuleManager: Shutting down and abandoning module StreamingFile (6)
[2019.03.28-00.03.01:217][674]LogModuleManager: Shutting down and abandoning module SandboxFile (4)
[2019.03.28-00.03.01:217][674]LogModuleManager: Shutting down and abandoning module PakFile (2)
[2019.03.28-00.03.01:221][674]LogExit: Exiting.
[2019.03.28-00.03.01:224][674]Log file closed, 03/28/19 01:03:01
