Log file open, 02/16/19 15:32:13
LogWindows: Failed to load 'aqProf.dll' (GetLastError=126)
LogWindows: File 'aqProf.dll' does not exist
LogWindows: Failed to load 'VSPerf140.dll' (GetLastError=126)
LogWindows: File 'VSPerf140.dll' does not exist
LogWindows: Failed to load 'VtuneApi.dll' (GetLastError=126)
LogWindows: File 'VtuneApi.dll' does not exist
LogWindows: Failed to load 'VtuneApi32e.dll' (GetLastError=126)
LogWindows: File 'VtuneApi32e.dll' does not exist
LogInit: Display: Running engine for game: PeopleWithGuns
LogPlatformFile: Not using cached read wrapper
LogTaskGraph: Started task graph with 5 named threads and 14 total threads with 3 sets of task threads.
LogStats: Stats thread started at 0.190566
LogD3D11RHI: Loaded GFSDK_Aftermath_Lib.x64.dll
LogICUInternationalization: Display: ICU TimeZone Detection - Raw Offset: +1:00, Platform Override: ''
LogPluginManager: Mounting plugin Paper2D
LogPluginManager: Mounting plugin AISupport
LogPluginManager: Mounting plugin LightPropagationVolume
LogPluginManager: Mounting plugin CLionSourceCodeAccess
LogPluginManager: Mounting plugin CodeLiteSourceCodeAccess
LogPluginManager: Mounting plugin GitSourceControl
LogPluginManager: Mounting plugin KDevelopSourceCodeAccess
LogPluginManager: Mounting plugin NullSourceCodeAccess
LogPluginManager: Mounting plugin PerforceSourceControl
LogPluginManager: Mounting plugin SubversionSourceControl
LogPluginManager: Mounting plugin UObjectPlugin
LogPluginManager: Mounting plugin VisualStudioCodeSourceCodeAccess
LogPluginManager: Mounting plugin VisualStudioSourceCodeAccess
LogPluginManager: Mounting plugin XCodeSourceCodeAccess
LogPluginManager: Mounting plugin AssetManagerEditor
LogPluginManager: Mounting plugin CryptoKeys
LogPluginManager: Mounting plugin DataValidation
LogPluginManager: Mounting plugin FacialAnimation
LogPluginManager: Mounting plugin GameplayTagsEditor
LogPluginManager: Mounting plugin MacGraphicsSwitching
LogPluginManager: Mounting plugin MeshEditor
LogPluginManager: Mounting plugin MobileLauncherProfileWizard
LogPluginManager: Mounting plugin PluginBrowser
LogPluginManager: Mounting plugin SpeedTreeImporter
LogPluginManager: Mounting plugin DatasmithContent
LogPluginManager: Mounting plugin AlembicImporter
LogPluginManager: Mounting plugin AppleImageUtils
LogPluginManager: Mounting plugin AppleVision
LogPluginManager: Mounting plugin BackChannel
LogPluginManager: Mounting plugin CharacterAI
LogPluginManager: Mounting plugin GeometryCache
LogPluginManager: Mounting plugin HTML5Networking
LogPluginManager: Mounting plugin ProxyLODPlugin
LogPluginManager: Mounting plugin MagicLeap
LogPluginManager: Mounting plugin MagicLeapEmulator
LogPluginManager: Mounting plugin MagicLeapMedia
LogPluginManager: Mounting plugin AndroidMedia
LogPluginManager: Mounting plugin AvfMedia
LogPluginManager: Mounting plugin ImgMedia
LogPluginManager: Mounting plugin LinearTimecode
LogPluginManager: Mounting plugin MediaCompositing
LogPluginManager: Mounting plugin MediaPlayerEditor
LogPluginManager: Mounting plugin WmfMedia
LogPluginManager: Mounting plugin TcpMessaging
LogPluginManager: Mounting plugin UdpMessaging
LogPluginManager: Mounting plugin ActorSequence
LogPluginManager: Mounting plugin LevelSequenceEditor
LogPluginManager: Mounting plugin MatineeToLevelSequence
LogPluginManager: Mounting plugin NetcodeUnitTest
LogPluginManager: Mounting plugin NUTUnrealEngine4
LogPluginManager: Mounting plugin OnlineSubsystemGooglePlay
LogPluginManager: Mounting plugin OnlineSubsystemIOS
LogPluginManager: Mounting plugin OnlineSubsystem
LogPluginManager: Mounting plugin OnlineSubsystemNull
LogPluginManager: Mounting plugin OnlineSubsystemSteam
LogPluginManager: Mounting plugin OnlineSubsystemUtils
LogPluginManager: Mounting plugin LauncherChunkInstaller
LogPluginManager: Mounting plugin AndroidDeviceProfileSelector
LogPluginManager: Mounting plugin AndroidMoviePlayer
LogPluginManager: Mounting plugin AndroidPermission
LogPluginManager: Mounting plugin AppleMoviePlayer
LogPluginManager: Mounting plugin ArchVisCharacter
LogPluginManager: Mounting plugin AudioCapture
LogPluginManager: Mounting plugin CableComponent
LogPluginManager: Mounting plugin CustomMeshComponent
LogPluginManager: Mounting plugin EditableMesh
LogPluginManager: Mounting plugin ExampleDeviceProfileSelector
LogPluginManager: Mounting plugin GoogleCloudMessaging
LogPluginManager: Mounting plugin ImmediatePhysics
LogPluginManager: Mounting plugin IOSDeviceProfileSelector
LogPluginManager: Mounting plugin LinuxDeviceProfileSelector
LogPluginManager: Mounting plugin LocationServicesBPLibrary
LogPluginManager: Mounting plugin MobilePatchingUtils
LogPluginManager: Mounting plugin OculusVR
LogPluginManager: Plugin shader directory ../../../Engine/Plugins/Runtime/Oculus/OculusVR/Shaders found
LogPluginManager: Mapping shader source directory ../../../Engine/Plugins/Runtime/Oculus/OculusVR/Shaders to virtual directory /Plugin/OculusVR
LogPluginManager: Mounting plugin PhysXVehicles
LogPluginManager: Mounting plugin ProceduralMeshComponent
LogPluginManager: Mounting plugin RuntimePhysXCooking
LogPluginManager: Mounting plugin WindowsMoviePlayer
LogStreaming: Display: Took  0.143s to configure plugins.
LogInit: Using libcurl 7.55.1-DEV
LogInit:  - built for x86_64-pc-win32
LogInit:  - supports SSL with OpenSSL/1.0.2h
LogInit:  - supports HTTP deflate (compression) using libz 1.2.8
LogInit:  - other features:
LogInit:      CURL_VERSION_SSL
LogInit:      CURL_VERSION_LIBZ
LogInit:      CURL_VERSION_IPV6
LogInit:      CURL_VERSION_ASYNCHDNS
LogInit:      CURL_VERSION_LARGEFILE
LogInit:      CURL_VERSION_IDN
LogInit:  CurlRequestOptions (configurable via config and command line):
LogInit:  - bVerifyPeer = false  - Libcurl will NOT verify peer certificate
LogInit:  - bUseHttpProxy = false  - Libcurl will NOT use HTTP proxy
LogInit:  - bDontReuseConnections = false  - Libcurl will reuse connections
LogInit:  - CertBundlePath = nullptr  - Libcurl will use whatever was configured at build time.
LogInit:  - MaxHostConnections = 16  - Libcurl will limit the number of connections to a host
LogInit:  - LocalHostAddr = Default
LogInit:  - BufferSize = 65536
LogOnline: Display: STEAM: Loading Steam SDK 1.39
LogOnline: Warning: STEAM: Steam API disabled!
LogOnline: Display: STEAM: OnlineSubsystemSteam::Shutdown()
LogInit: WinSock: version 1.1 (2.2), MaxSocks=32767, MaxUdp=65467
LogInit: Build: ++UE4+Release-4.20-CL-4369336
LogInit: Engine Version: 4.20.3-4369336+++UE4+Release-4.20
LogInit: Compatible Engine Version: 4.20.0-4212847+++UE4+Release-4.20
LogInit: Net CL: 4212847
LogInit: OS: Windows 10 (), CPU: Intel(R) Core(TM) i5-7400 CPU @ 3.00GHz, GPU: NVIDIA GeForce GTX 1060 3GB
LogInit: Compiled (64-bit): Sep 17 2018 12:26:19
LogInit: Compiled with Visual C++: 19.13.26129.00
LogInit: Build Configuration: Development
LogInit: Branch Name: ++UE4+Release-4.20
LogInit: Command Line: -EpicPortal  -epicusername="Hookibibi" -epicuserid=e13323db472b437e907144303bb07345 -epiclocale=fr-FR
LogInit: Base Directory: C:/Program Files/Epic Games/UE_4.20/Engine/Binaries/Win64/
LogInit: Installed Engine Build: 1
LogDevObjectVersion: Number of dev versions registered: 20
LogDevObjectVersion:   Dev-Blueprints (B0D832E4-1F89-4F0D-ACCF-7EB736FD4AA2): 10
LogDevObjectVersion:   Dev-Build (E1C64328-A22C-4D53-A36C-8E866417BD8C): 0
LogDevObjectVersion:   Dev-Core (375EC13C-06E4-48FB-B500-84F0262A717E): 2
LogDevObjectVersion:   Dev-Editor (E4B068ED-F494-42E9-A231-DA0B2E46BB41): 24
LogDevObjectVersion:   Dev-Framework (CFFC743F-43B0-4480-9391-14DF171D2073): 34
LogDevObjectVersion:   Dev-Mobile (B02B49B5-BB20-44E9-A304-32B752E40360): 2
LogDevObjectVersion:   Dev-Networking (A4E4105C-59A1-49B5-A7C5-40C4547EDFEE): 0
LogDevObjectVersion:   Dev-Online (39C831C9-5AE6-47DC-9A44-9C173E1C8E7C): 0
LogDevObjectVersion:   Dev-Physics (78F01B33-EBEA-4F98-B9B4-84EACCB95AA2): 0
LogDevObjectVersion:   Dev-Platform (6631380F-2D4D-43E0-8009-CF276956A95A): 0
LogDevObjectVersion:   Dev-Rendering (12F88B9F-8875-4AFC-A67C-D90C383ABD29): 26
LogDevObjectVersion:   Dev-Sequencer (7B5AE74C-D270-4C10-A958-57980B212A5A): 9
LogDevObjectVersion:   Dev-VR (D7296918-1DD6-4BDD-9DE2-64A83CC13884): 2
LogDevObjectVersion:   Dev-LoadTimes (C2A15278-BFE7-4AFE-6C17-90FF531DF755): 1
LogDevObjectVersion:   Private-Geometry (6EACA3D4-40EC-4CC1-B786-8BED09428FC5): 3
LogDevObjectVersion:   Dev-AnimPhys (29E575DD-E0A3-4627-9D10-D276232CDCEA): 17
LogDevObjectVersion:   Dev-ReflectionCapture (6B266CEC-1EC7-4B8F-A30B-E4D90942FC07): 1
LogDevObjectVersion:   Dev-Automation (0DF73D61-A23F-47EA-B727-89E90C41499A): 1
LogDevObjectVersion:   FortniteMain (601D1886-AC64-4F84-AA16-D3DE0DEAC7D6): 12
LogDevObjectVersion:   Dev-Enterprise (9DFFBCD6-494F-0158-E221-12823C92A888): 1
LogStreaming: Display: Took  0.001s to delete old logs.
LogInit: Presizing for max 8388607 objects, including 0 objects not considered by GC, pre-allocating 0 bytes for permanent pool.
LogInit: Object subsystem initialized
[2019.02.16-14.32.13:803][  0]LogInit: Selected Device Profile: [Windows]
[2019.02.16-14.32.13:803][  0]LogInit: Applying CVar settings loaded from the selected device profile: [Windows]
[2019.02.16-14.32.13:839][  0]LogHAL: Display: Platform has ~ 16 GB [17143238656 / 17179869184 / 16], which maps to Larger [LargestMinGB=32, LargerMinGB=12, DefaultMinGB=8, SmallerMinGB=6, SmallestMinGB=0)
[2019.02.16-14.32.13:839][  0]LogInit: Setting Device Profile CVar: [[r.Vulkan.UseRealUBs:1]]
[2019.02.16-14.32.13:839][  0]LogInit: Going up to parent DeviceProfile []
[2019.02.16-14.32.13:839][  0]LogInit: Computer: DESKTOP-IL37EE6
[2019.02.16-14.32.13:840][  0]LogInit: User: fox56
[2019.02.16-14.32.13:840][  0]LogInit: CPU Page size=4096, Cores=4
[2019.02.16-14.32.13:840][  0]LogInit: High frequency timer resolution =2.929689 MHz
[2019.02.16-14.32.13:840][  0]LogMemory: Memory total: Physical=16.0GB (16GB approx)
[2019.02.16-14.32.13:840][  0]LogMemory: Platform Memory Stats for Windows
[2019.02.16-14.32.13:840][  0]LogMemory: Process Physical Memory: 101.14 MB used, 101.14 MB peak
[2019.02.16-14.32.13:840][  0]LogMemory: Process Virtual Memory: 92.30 MB used, 92.30 MB peak
[2019.02.16-14.32.13:840][  0]LogMemory: Physical Memory: 6956.34 MB used,  9392.73 MB free, 16349.07 MB total
[2019.02.16-14.32.13:840][  0]LogMemory: Virtual Memory: 4633.26 MB used,  9392.73 MB free, 134217728.00 MB total
[2019.02.16-14.32.13:860][  0]LogInit: Using OS detected language (fr-FR).
[2019.02.16-14.32.13:860][  0]LogInit: Using OS detected locale (fr-FR).
[2019.02.16-14.32.13:861][  0]LogTextLocalizationManager: No specific localization for 'fr-FR' exists, so the 'fr' localization will be used.
[2019.02.16-14.32.13:867][  0]LogStreaming: Display: Took  0.008s to InitEngineTextLocalization.
[2019.02.16-14.32.13:867][  0]LogInit: Setting process to per monitor DPI aware
[2019.02.16-14.32.13:897][  0]LogSlate: New Slate User Created.  User Index 0, Is Virtual User: 0
[2019.02.16-14.32.13:897][  0]LogSlate: Slate User Registered.  User Index 0, Is Virtual User: 0
[2019.02.16-14.32.14:111][  0]LogD3D11RHI: D3D11 adapters:
[2019.02.16-14.32.14:181][  0]LogD3D11RHI:    0. 'NVIDIA GeForce GTX 1060 3GB' (Feature Level 11_0)
[2019.02.16-14.32.14:181][  0]LogD3D11RHI:       2988/0/8174 MB DedicatedVideo/DedicatedSystem/SharedSystem, Outputs:1, VendorId:0x10de
[2019.02.16-14.32.14:183][  0]LogD3D11RHI:    1. 'Microsoft Basic Render Driver' (Feature Level 11_0)
[2019.02.16-14.32.14:183][  0]LogD3D11RHI:       0/0/8174 MB DedicatedVideo/DedicatedSystem/SharedSystem, Outputs:0, VendorId:0x1414
[2019.02.16-14.32.14:183][  0]LogD3D11RHI: Chosen D3D11 Adapter: 0
[2019.02.16-14.32.14:190][  0]LogD3D11RHI: Creating new Direct3DDevice
[2019.02.16-14.32.14:190][  0]LogD3D11RHI:     GPU DeviceId: 0x1c02 (for the marketing name, search the web for "GPU Device Id")
[2019.02.16-14.32.14:190][  0]LogWindows: EnumDisplayDevices:
[2019.02.16-14.32.14:190][  0]LogWindows:    0. 'NVIDIA GeForce GTX 1060 3GB' (P:1 D:1)
[2019.02.16-14.32.14:191][  0]LogWindows:    1. 'NVIDIA GeForce GTX 1060 3GB' (P:0 D:0)
[2019.02.16-14.32.14:191][  0]LogWindows:    2. 'NVIDIA GeForce GTX 1060 3GB' (P:0 D:0)
[2019.02.16-14.32.14:192][  0]LogWindows:    3. 'NVIDIA GeForce GTX 1060 3GB' (P:0 D:0)
[2019.02.16-14.32.14:192][  0]LogWindows: DebugString: FoundDriverCount:4 
[2019.02.16-14.32.14:192][  0]LogD3D11RHI:     Adapter Name: NVIDIA GeForce GTX 1060 3GB
[2019.02.16-14.32.14:192][  0]LogD3D11RHI:   Driver Version: 417.71 (internal:25.21.14.1771, unified:417.71)
[2019.02.16-14.32.14:192][  0]LogD3D11RHI:      Driver Date: 1-11-2019
[2019.02.16-14.32.14:192][  0]LogRHI: Texture pool is 2091 MB (70% of 2988 MB)
[2019.02.16-14.32.14:233][  0]LogD3D11RHI: Async texture creation enabled
[2019.02.16-14.32.14:337][  0]LogD3D11RHI: GPU Timing Frequency: 1000.000000 (Debug: 2 2)
[2019.02.16-14.32.14:387][  0]LogShaderCompilers: Guid format shader working directory is -41 characters bigger than the processId version (../../../../../../Users/fox56/Documents/GitHub/ProjetsHub2018/FPSUnreal/PeopleWithGuns/Intermediate/Shaders/WorkingDirectory/15600/).
[2019.02.16-14.32.14:387][  0]LogShaderCompilers: Cleaned the shader compiler working directory 'C:/Users/fox56/AppData/Local/Temp/UnrealShaderWorkingDir/8543B1CC4567FE5B9638D1B26636D043/'.
[2019.02.16-14.32.14:911][  0]LogTemp: Display: Loaded TP AllDesktopTargetPlatform
[2019.02.16-14.32.14:926][  0]LogTemp: Display: Loaded TP MacClientTargetPlatform
[2019.02.16-14.32.14:942][  0]LogTemp: Display: Loaded TP MacNoEditorTargetPlatform
[2019.02.16-14.32.14:958][  0]LogTemp: Display: Loaded TP MacServerTargetPlatform
[2019.02.16-14.32.14:974][  0]LogTemp: Display: Loaded TP MacTargetPlatform
[2019.02.16-14.32.14:990][  0]LogTemp: Display: Loaded TP WindowsClientTargetPlatform
[2019.02.16-14.32.15:005][  0]LogTemp: Display: Loaded TP WindowsNoEditorTargetPlatform
[2019.02.16-14.32.15:021][  0]LogTemp: Display: Loaded TP WindowsServerTargetPlatform
[2019.02.16-14.32.15:029][  0]LogTemp: Display: Loaded TP WindowsTargetPlatform
[2019.02.16-14.32.15:121][  0]LogTemp: Display: Loaded TP AndroidTargetPlatform
[2019.02.16-14.32.15:121][  0]LogTemp: Display: Loaded TP AndroidTargetPlatform
[2019.02.16-14.32.15:121][  0]LogTemp: Display: Loaded TP AndroidTargetPlatform
[2019.02.16-14.32.15:121][  0]LogTemp: Display: Loaded TP AndroidTargetPlatform
[2019.02.16-14.32.15:121][  0]LogTemp: Display: Loaded TP AndroidTargetPlatform
[2019.02.16-14.32.15:121][  0]LogTemp: Display: Loaded TP AndroidTargetPlatform
[2019.02.16-14.32.15:121][  0]LogTemp: Display: Loaded TP AndroidTargetPlatform
[2019.02.16-14.32.15:121][  0]LogTemp: Display: Loaded TP AndroidTargetPlatform
[2019.02.16-14.32.15:121][  0]LogTemp: Display: Loaded TP AndroidTargetPlatform
[2019.02.16-14.32.15:121][  0]LogTemp: Display: Loaded TP AndroidTargetPlatform
[2019.02.16-14.32.15:121][  0]LogTemp: Display: Loaded TP AndroidTargetPlatform
[2019.02.16-14.32.15:121][  0]LogTemp: Display: Loaded TP AndroidTargetPlatform
[2019.02.16-14.32.15:121][  0]LogTemp: Display: Loaded TP AndroidTargetPlatform
[2019.02.16-14.32.15:121][  0]LogTemp: Display: Loaded TP AndroidTargetPlatform
[2019.02.16-14.32.15:121][  0]LogTemp: Display: Loaded TP AndroidTargetPlatform
[2019.02.16-14.32.15:121][  0]LogTemp: Display: Loaded TP AndroidTargetPlatform
[2019.02.16-14.32.15:121][  0]LogTemp: Display: Loaded TP AndroidTargetPlatform
[2019.02.16-14.32.15:121][  0]LogTemp: Display: Loaded TP AndroidTargetPlatform
[2019.02.16-14.32.15:123][  0]LogTemp: Display: Loaded TP HTML5TargetPlatform
[2019.02.16-14.32.15:186][  0]LogTemp: Display: Loaded TP IOSTargetPlatform
[2019.02.16-14.32.15:186][  0]LogTemp: Display: Loaded TP IOSTargetPlatform
[2019.02.16-14.32.15:211][  0]LogTemp: Display: Loaded TP TVOSTargetPlatform
[2019.02.16-14.32.15:211][  0]LogTemp: Display: Loaded TP TVOSTargetPlatform
[2019.02.16-14.32.15:224][  0]LogTemp: Display: Loaded TP LinuxClientTargetPlatform
[2019.02.16-14.32.15:238][  0]LogTemp: Display: Loaded TP LinuxNoEditorTargetPlatform
[2019.02.16-14.32.15:252][  0]LogTemp: Display: Loaded TP LinuxServerTargetPlatform
[2019.02.16-14.32.15:267][  0]LogTemp: Display: Loaded TP LinuxTargetPlatform
[2019.02.16-14.32.15:277][  0]LogTemp: Display: Loaded TP LuminTargetPlatform
[2019.02.16-14.32.15:277][  0]LogTargetPlatformManager: Display: Building Assets For Windows
[2019.02.16-14.32.15:348][  0]LogXGEController: Cannot use XGE Controller as Incredibuild is not installed on this machine.
[2019.02.16-14.32.15:349][  0]LogShaderCompilers: Cannot use XGE Shader Compiler as Incredibuild is not installed on this machine.
[2019.02.16-14.32.15:349][  0]LogShaderCompilers: Display: Using Local Shader Compiler.
[2019.02.16-14.32.16:141][  0]LogDerivedDataCache: Display: Max Cache Size: 512 MB
[2019.02.16-14.32.16:208][  0]LogDerivedDataCache: Loaded boot cache 0.07s 77MB C:/Users/fox56/AppData/Local/UnrealEngine/4.20/DerivedDataCache/Boot.ddc.
[2019.02.16-14.32.16:209][  0]LogDerivedDataCache: Display: Loaded Boot cache: C:/Users/fox56/AppData/Local/UnrealEngine/4.20/DerivedDataCache/Boot.ddc
[2019.02.16-14.32.16:209][  0]LogDerivedDataCache: FDerivedDataBackendGraph:  Pak pak cache file ../../../../../../Users/fox56/Documents/GitHub/ProjetsHub2018/FPSUnreal/PeopleWithGuns/DerivedDataCache/DDC.ddp not found, will not use a pak cache.
[2019.02.16-14.32.16:209][  0]LogDerivedDataCache: Unable to find inner node Pak for hierarchical cache Hierarchy.
[2019.02.16-14.32.16:209][  0]LogDerivedDataCache: FDerivedDataBackendGraph:  CompressedPak pak cache file ../../../../../../Users/fox56/Documents/GitHub/ProjetsHub2018/FPSUnreal/PeopleWithGuns/DerivedDataCache/Compressed.ddp not found, will not use a pak cache.
[2019.02.16-14.32.16:209][  0]LogDerivedDataCache: Unable to find inner node CompressedPak for hierarchical cache Hierarchy.
[2019.02.16-14.32.16:223][  0]LogDerivedDataCache: Display: Pak cache opened for reading ../../../Engine/DerivedDataCache/Compressed.ddp.
[2019.02.16-14.32.16:235][  0]LogDerivedDataCache: Using Local data cache path C:/Users/fox56/AppData/Local/UnrealEngine/Common/DerivedDataCache: Writable
[2019.02.16-14.32.16:235][  0]LogDerivedDataCache: Shared data cache path not found in *engine.ini, will not use an Shared cache.
[2019.02.16-14.32.16:235][  0]LogDerivedDataCache: Unable to find inner node Shared for hierarchical cache Hierarchy.
[2019.02.16-14.32.16:254][  0]LogMaterial: Verifying Global Shaders for PCD3D_SM5
[2019.02.16-14.32.16:256][  0]LogSlate: Using FreeType 2.6.0
[2019.02.16-14.32.16:311][  0]LogSlate: SlateFontServices - WITH_FREETYPE: 1, WITH_HARFBUZZ: 1
[2019.02.16-14.32.19:268][  0]LogAssetRegistry: FAssetRegistry took 0.0262 seconds to start up
[2019.02.16-14.32.19:702][  0]LogInit: Selected Device Profile: [Windows]
[2019.02.16-14.32.20:248][  0]LogSimplygon: Simplygon DLL not present - disabling.
[2019.02.16-14.32.20:253][  0]LogMeshReduction: Using SimplygonSwarm for distributed automatic mesh merging
[2019.02.16-14.32.20:253][  0]LogMeshReduction: Using ProxyLODMeshReduction for automatic mesh merging
[2019.02.16-14.32.20:253][  0]LogMeshReduction: Using QuadricMeshReduction for automatic static mesh reduction
[2019.02.16-14.32.20:253][  0]LogMeshReduction: No automatic skeletal mesh reduction module available
[2019.02.16-14.32.20:396][  0]LogNetVersion: PeopleWithGuns 1.0.0, NetCL: 4212847, EngineNetVer: 5, GameNetVer: 0 (Checksum: 1271298656)
[2019.02.16-14.32.23:455][  0]LogPackageLocalizationCache: Processed 10 localized package path(s) for 2 prioritized culture(s) in 0.113934 seconds
[2019.02.16-14.32.23:461][  0]LogUObjectArray: 38209 objects as part of root set at end of initial load.
[2019.02.16-14.32.23:461][  0]LogUObjectAllocator: 6663656 out of 0 bytes used by permanent object pool.
[2019.02.16-14.32.23:461][  0]LogUObjectArray: CloseDisregardForGC: 0/0 objects in disregard for GC pool
[2019.02.16-14.33.09:576][  0]LogTcpMessaging: Initializing TcpMessaging bridge
[2019.02.16-14.33.09:590][  0]LogUdpMessaging: Initializing bridge on interface 0.0.0.0:0 to multicast group 230.0.0.1:6666.
[2019.02.16-14.33.10:511][  0]SourceControl: Source control is disabled
[2019.02.16-14.33.10:511][  0]SourceControl: Source control is disabled
[2019.02.16-14.33.10:512][  0]SourceControl: Source control is disabled
[2019.02.16-14.33.10:513][  0]SourceControl: Source control is disabled
[2019.02.16-14.33.10:819][  0]LogPackageName: Warning: String asset reference "JW_FlameDungeon.FX.SM_FX_Embers" is in short form, which is unsupported and -- even if valid -- resolving it will be really slow.
[2019.02.16-14.33.10:819][  0]LogPackageName: Warning: Please consider resaving package in order to speed-up loading.
[2019.02.16-14.33.10:819][  0]LogAndroidPermission: UAndroidPermissionCallbackProxy::GetInstance
[2019.02.16-14.33.10:908][  0]LogOcInput: OculusInput pre-init called
[2019.02.16-14.33.11:000][  0]LogPackageName: SearchForPackageOnDisk took   0.235s, but failed to resolve JW_FlameDungeon.
[2019.02.16-14.33.11:000][  0]LogPackageName: Warning: String asset reference "JW_FlameDungeon.FX.SM_FX_Embers" could not be resolved.
[2019.02.16-14.33.11:000][  0]LogPackageName: Warning: String asset reference "JW_FlameDungeon.FX.SM_FogPlane02" is in short form, which is unsupported and -- even if valid -- resolving it will be really slow.
[2019.02.16-14.33.11:000][  0]LogPackageName: Warning: Please consider resaving package in order to speed-up loading.
[2019.02.16-14.33.11:000][  0]LogEngine: Initializing Engine...
[2019.02.16-14.33.11:002][  0]LogStats: UGameplayTagsManager::ConstructGameplayTagTree: ImportINI prefixes -  0.000 s
[2019.02.16-14.33.11:002][  0]LogStats: UGameplayTagsManager::ConstructGameplayTagTree: Construct from data asset -  0.000 s
[2019.02.16-14.33.11:002][  0]LogStats: UGameplayTagsManager::ConstructGameplayTagTree: ImportINI -  0.000 s
[2019.02.16-14.33.11:002][  0]LogStats: UGameplayTagsManager::ConstructGameplayTagTree: GameplayTagTreeChangedEvent.Broadcast -  0.000 s
[2019.02.16-14.33.11:408][  0]LogPackageName: SearchForPackageOnDisk took   0.234s, but failed to resolve JW_FlameDungeon.
[2019.02.16-14.33.11:409][  0]LogPackageName: Warning: String asset reference "JW_FlameDungeon.FX.SM_FogPlane02" could not be resolved.
[2019.02.16-14.33.11:409][  0]LogInit: Initializing FReadOnlyCVARCache
[2019.02.16-14.33.11:425][  0]LogAIModule: Creating AISystem for world Untitled
[2019.02.16-14.33.11:463][  0]LogInit: XAudio2 using 'Casque pour téléphone (Corsair VOID PRO Surround USB Adapter)' : 6 channels at 48 kHz using 16 bits per sample (channel mask 0x3f)
[2019.02.16-14.33.11:600][  0]LogInit: FAudioDevice initialized.
[2019.02.16-14.33.11:600][  0]LogNetVersion: Set ProjectVersion to 1.0.0.0. Version Checksum will be recalculated on next use.
[2019.02.16-14.33.11:834][  0]LogDerivedDataCache: Saved boot cache 0.23s 77MB C:/Users/fox56/AppData/Local/UnrealEngine/4.20/DerivedDataCache/Boot.ddc.
[2019.02.16-14.33.11:842][  0]LogInit: Texture streaming: Enabled
[2019.02.16-14.33.11:862][  0]LogEngineSessionManager: EngineSessionManager initialized
[2019.02.16-14.33.11:907][  0]LogInit: Transaction tracking system initialized
[2019.02.16-14.33.11:937][  0]BlueprintLog: New page: Editor Load
[2019.02.16-14.33.12:183][  0]LocalizationService: Localization service is disabled
[2019.02.16-14.33.12:695][  0]LogCook: Display: Max memory allowance for cook 16384mb min free memory 0mb
[2019.02.16-14.33.12:695][  0]LogCook: Display: Mobile HDR setting 1
[2019.02.16-14.33.12:719][  0]LogGameplayTags: Display: UGameplayTagsManager::DoneAddingNativeTags. DelegateIsBound: 0
[2019.02.16-14.33.12:719][  0]LogStats: UGameplayTagsManager::ConstructGameplayTagTree: ImportINI prefixes -  0.000 s
[2019.02.16-14.33.12:719][  0]LogStats: UGameplayTagsManager::ConstructGameplayTagTree: Construct from data asset -  0.000 s
[2019.02.16-14.33.12:720][  0]LogStats: UGameplayTagsManager::ConstructGameplayTagTree: ImportINI -  0.000 s
[2019.02.16-14.33.12:720][  0]LogStats: UGameplayTagsManager::ConstructGameplayTagTree: GameplayTagTreeChangedEvent.Broadcast -  0.000 s
[2019.02.16-14.33.13:056][  0]LogFileCache: Scanning file cache for directory 'C:/Users/fox56/Documents/GitHub/ProjetsHub2018/FPSUnreal/PeopleWithGuns/Content/' took 0.07s
[2019.02.16-14.33.13:690][  0]SourceControl: Source control is disabled
[2019.02.16-14.33.13:690][  0]Cmd: MAP LOAD FILE="../../../../../../Users/fox56/Documents/GitHub/ProjetsHub2018/FPSUnreal/PeopleWithGuns/Content/ThirdPersonBP/Maps/MainMenu.umap" TEMPLATE=0 SHOWPROGRESS=1 FEATURELEVEL=3
[2019.02.16-14.33.13:696][  0]LightingResults: New page: Lighting Build
[2019.02.16-14.33.13:701][  0]MapCheck: New page: Map Check
[2019.02.16-14.33.13:701][  0]LightingResults: New page: Lighting Build
[2019.02.16-14.33.15:408][  0]LogAIModule: Creating AISystem for world MainMenu
[2019.02.16-14.33.15:410][  0]LogEditorServer: Finished looking for orphan Actors (0.000 secs)
[2019.02.16-14.33.15:451][  0]Cmd: MAP CHECKDEP NOCLEARLOG
[2019.02.16-14.33.15:527][  0]MapCheck: Map check complete: 0 Error(s), 0 Warning(s), took 75,681ms to complete.
[2019.02.16-14.33.15:527][  0]LogFileHelpers: Loading map 'MainMenu' took 1.837
[2019.02.16-14.33.16:694][  0]LogSlate: Updating window title bar state: overlay mode, drag disabled, window buttons hidden, title bar hidden
[2019.02.16-14.33.16:745][  0]LogSlate: Updating window title bar state: overlay mode, drag disabled, window buttons hidden, title bar hidden
[2019.02.16-14.33.16:753][  0]LogSlate: Updating window title bar state: overlay mode, drag disabled, window buttons hidden, title bar hidden
[2019.02.16-14.33.16:760][  0]LogSlate: Updating window title bar state: overlay mode, drag disabled, window buttons hidden, title bar hidden
[2019.02.16-14.33.16:961][  0]LogCollectionManager: Loaded 0 collections in 0.002495 seconds
[2019.02.16-14.33.17:404][  0]LogFileCache: Scanning file cache for directory 'C:/Users/fox56/Documents/GitHub/ProjetsHub2018/FPSUnreal/PeopleWithGuns/Saved/Collections/' took 0.01s
[2019.02.16-14.33.17:404][  0]LogFileCache: Scanning file cache for directory 'C:/Users/fox56/Documents/GitHub/ProjetsHub2018/FPSUnreal/PeopleWithGuns/Content/Developers/fox56/Collections/' took 0.01s
[2019.02.16-14.33.17:404][  0]LogFileCache: Scanning file cache for directory 'C:/Users/fox56/Documents/GitHub/ProjetsHub2018/FPSUnreal/PeopleWithGuns/Content/Collections/' took 0.01s
[2019.02.16-14.33.17:404][  0]LogCollectionManager: Rebuilt the GUID cache for 0 collections in 0.000001 seconds
[2019.02.16-14.33.17:487][  0]LogContentBrowser: Native class hierarchy populated in 0.0200 seconds. Added 2572 classes and 602 folders.
[2019.02.16-14.33.17:815][  0]LogContentBrowser: Native class hierarchy updated for 'WidgetCarousel' in 0.0002 seconds. Added 0 classes and 0 folders.
[2019.02.16-14.33.20:746][  0]LogPackageName: Warning: String asset reference "StaticMesh'FX_Meshes_IB.SM_Debris_Box_RadialFull'" is in short form, which is unsupported and -- even if valid -- resolving it will be really slow.
[2019.02.16-14.33.20:746][  0]LogPackageName: Warning: Please consider resaving package in order to speed-up loading.
[2019.02.16-14.33.20:746][  0]LogContentBrowser: Native class hierarchy updated for 'AddContentDialog' in 0.0002 seconds. Added 0 classes and 0 folders.
[2019.02.16-14.33.20:857][  0]LogPackageName: SearchForPackageOnDisk took   0.231s, but failed to resolve StaticMesh'FX_Meshes_IB.
[2019.02.16-14.33.20:857][  0]LogPackageName: Warning: String asset reference "StaticMesh'FX_Meshes_IB.SM_Debris_Box_RadialFull'" could not be resolved.
[2019.02.16-14.33.20:857][  0]LogContentBrowser: Native class hierarchy updated for 'SceneOutliner' in 0.0004 seconds. Added 1 classes and 2 folders.
[2019.02.16-14.33.22:600][  0]LogPackageName: Warning: String asset reference "JW_Ice_Mountain.Mesh.SM_SnowBoulder" is in short form, which is unsupported and -- even if valid -- resolving it will be really slow.
[2019.02.16-14.33.22:600][  0]LogPackageName: Warning: Please consider resaving package in order to speed-up loading.
[2019.02.16-14.33.22:600][  0]LogPackageName: SearchForPackageOnDisk took   0.260s, but failed to resolve JW_Ice_Mountain.
[2019.02.16-14.33.22:600][  0]LogPackageName: Warning: String asset reference "JW_Ice_Mountain.Mesh.SM_SnowBoulder" could not be resolved.
[2019.02.16-14.33.22:600][  0]LogSlate: Took 0.000242 seconds to synchronously load lazily loaded font '../../../Engine/Content/Slate/Fonts/Roboto-Regular.ttf' (155K)
[2019.02.16-14.33.22:623][  0]LogSlate: Took 0.020156 seconds to synchronously load lazily loaded font '../../../Engine/Content/Slate/Fonts/Roboto-Bold.ttf' (160K)
[2019.02.16-14.33.22:729][  0]LogSlate: Took 0.012460 seconds to synchronously load lazily loaded font '../../../Engine/Content/Editor/Slate/Fonts/FontAwesome.ttf' (139K)
[2019.02.16-14.33.23:468][  0]LogPackageName: Warning: String asset reference "FX_Meshes.UI.SM_SelectionMesh_01" is in short form, which is unsupported and -- even if valid -- resolving it will be really slow.
[2019.02.16-14.33.23:468][  0]LogPackageName: Warning: Please consider resaving package in order to speed-up loading.
[2019.02.16-14.33.23:468][  0]LogPackageName: SearchForPackageOnDisk took   0.237s, but failed to resolve FX_Meshes.
[2019.02.16-14.33.23:468][  0]LogPackageName: Warning: String asset reference "FX_Meshes.UI.SM_SelectionMesh_01" could not be resolved.
[2019.02.16-14.33.23:468][  0]LogPackageName: Warning: String asset reference "FX_Meshes.UI.SM_SelectionMesh_01" is in short form, which is unsupported and -- even if valid -- resolving it will be really slow.
[2019.02.16-14.33.23:468][  0]LogPackageName: Warning: Please consider resaving package in order to speed-up loading.
[2019.02.16-14.33.23:468][  0]LogRenderer: Reallocating scene render targets to support 1208x576 Format 10 NumSamples 1 (Frame:1).
[2019.02.16-14.33.24:353][  0]LogPackageName: SearchForPackageOnDisk took   0.260s, but failed to resolve FX_Meshes.
[2019.02.16-14.33.24:353][  0]LogPackageName: Warning: String asset reference "FX_Meshes.UI.SM_SelectionMesh_01" could not be resolved.
[2019.02.16-14.33.24:353][  0]LogPackageName: Warning: String asset reference "'FX_Ambient.Meshes.SM_Bats'" is in short form, which is unsupported and -- even if valid -- resolving it will be really slow.
[2019.02.16-14.33.24:353][  0]LogPackageName: Warning: Please consider resaving package in order to speed-up loading.
[2019.02.16-14.33.24:377][  0]LogContentBrowser: Native class hierarchy updated for 'HierarchicalLODOutliner' in 0.0002 seconds. Added 0 classes and 0 folders.
[2019.02.16-14.33.24:377][  0]LogLoad: (Engine Initialization) Total time: 73.14 seconds
[2019.02.16-14.33.24:377][  0]LogLoad: (Engine Initialization) Total Blueprint compile time: 0.00 seconds
[2019.02.16-14.33.24:529][  0]LogPackageName: SearchForPackageOnDisk took   0.334s, but failed to resolve 'FX_Ambient.
[2019.02.16-14.33.24:530][  0]LogPackageName: Warning: String asset reference "'FX_Ambient.Meshes.SM_Bats'" could not be resolved.
[2019.02.16-14.33.24:530][  0]LogContentStreaming: Texture pool size now 1000 MB
[2019.02.16-14.33.24:617][  1]LogPackageName: Warning: String asset reference "CastleEffects.TouchToMoveArrow" is in short form, which is unsupported and -- even if valid -- resolving it will be really slow.
[2019.02.16-14.33.24:618][  1]LogPackageName: Warning: Please consider resaving package in order to speed-up loading.
[2019.02.16-14.33.24:887][ 18]LogPackageName: SearchForPackageOnDisk took   0.270s, but failed to resolve CastleEffects.
[2019.02.16-14.33.24:887][ 18]LogPackageName: Warning: String asset reference "CastleEffects.TouchToMoveArrow" could not be resolved.
[2019.02.16-14.33.25:515][ 65]LogSlate: Took 0.029207 seconds to synchronously load lazily loaded font '../../../Engine/Content/Slate/Fonts/Roboto-Light.ttf' (167K)
[2019.02.16-14.33.26:074][100]LogPackageName: Warning: String asset reference "StaticMesh'FX_Meshes.Fire.SM_Dungeon_Pipes_Lava01_Cool'" is in short form, which is unsupported and -- even if valid -- resolving it will be really slow.
[2019.02.16-14.33.26:074][100]LogPackageName: Warning: Please consider resaving package in order to speed-up loading.
[2019.02.16-14.33.26:472][132]LogPackageName: SearchForPackageOnDisk took   0.387s, but failed to resolve StaticMesh'FX_Meshes.
[2019.02.16-14.33.26:472][132]LogPackageName: Warning: String asset reference "StaticMesh'FX_Meshes.Fire.SM_Dungeon_Pipes_Lava01_Cool'" could not be resolved.
[2019.02.16-14.33.26:488][133]LogPackageName: Warning: String asset reference "m_FogSheet_02" is in short form, which is unsupported and -- even if valid -- resolving it will be really slow.
[2019.02.16-14.33.26:488][133]LogPackageName: Warning: Please consider resaving package in order to speed-up loading.
[2019.02.16-14.33.26:827][164]LogPackageName: SearchForPackageOnDisk took   0.336s to resolve m_FogSheet_02.
[2019.02.16-14.33.27:323][210]LogPackageName: Warning: String asset reference "FX_Test_LAN.Meshes.SM_IceWall01" is in short form, which is unsupported and -- even if valid -- resolving it will be really slow.
[2019.02.16-14.33.27:323][210]LogPackageName: Warning: Please consider resaving package in order to speed-up loading.
[2019.02.16-14.33.27:570][234]LogPackageName: SearchForPackageOnDisk took   0.250s, but failed to resolve FX_Test_LAN.
[2019.02.16-14.33.27:570][234]LogPackageName: Warning: String asset reference "FX_Test_LAN.Meshes.SM_IceWall01" could not be resolved.
[2019.02.16-14.33.29:124][388]LogPackageName: Warning: String asset reference "m_FogSheet_02" is in short form, which is unsupported and -- even if valid -- resolving it will be really slow.
[2019.02.16-14.33.29:124][388]LogPackageName: Warning: Please consider resaving package in order to speed-up loading.
[2019.02.16-14.33.29:372][413]LogPackageName: SearchForPackageOnDisk took   0.244s to resolve m_FogSheet_02.
[2019.02.16-14.33.29:393][415]LogPackageName: Warning: String asset reference "m_FogSheet_02" is in short form, which is unsupported and -- even if valid -- resolving it will be really slow.
[2019.02.16-14.33.29:394][415]LogPackageName: Warning: Please consider resaving package in order to speed-up loading.
[2019.02.16-14.33.29:632][439]LogPackageName: SearchForPackageOnDisk took   0.243s to resolve m_FogSheet_02.
[2019.02.16-14.33.29:655][441]LogPackageName: Warning: String asset reference "m_FogSheet_02" is in short form, which is unsupported and -- even if valid -- resolving it will be really slow.
[2019.02.16-14.33.29:655][441]LogPackageName: Warning: Please consider resaving package in order to speed-up loading.
[2019.02.16-14.33.30:003][472]LogPackageName: SearchForPackageOnDisk took   0.342s to resolve m_FogSheet_02.
[2019.02.16-14.33.33:801][759]LogSlate: Took 0.000212 seconds to synchronously load lazily loaded font '../../../Engine/Content/Slate/Fonts/Roboto-Light.ttf' (167K)
[2019.02.16-14.33.52:946][482]LogPackageName: Warning: String asset reference "JW_Ice_Mountain.Mesh.SM_SnowBoulder" is in short form, which is unsupported and -- even if valid -- resolving it will be really slow.
[2019.02.16-14.33.52:947][482]LogPackageName: Warning: Please consider resaving package in order to speed-up loading.
[2019.02.16-14.33.53:205][507]LogPackageName: SearchForPackageOnDisk took   0.258s, but failed to resolve JW_Ice_Mountain.
[2019.02.16-14.33.53:205][507]LogPackageName: Warning: String asset reference "JW_Ice_Mountain.Mesh.SM_SnowBoulder" could not be resolved.
[2019.02.16-14.33.53:305][517]LogPackageName: Warning: String asset reference "S_Survival_CA_Chicken_02.SM.S_Survival_CA_Chicken_02" is in short form, which is unsupported and -- even if valid -- resolving it will be really slow.
[2019.02.16-14.33.53:305][517]LogPackageName: Warning: Please consider resaving package in order to speed-up loading.
[2019.02.16-14.33.53:542][540]LogPackageName: SearchForPackageOnDisk took   0.241s to resolve S_Survival_CA_Chicken_02.
[2019.02.16-14.33.54:625][635]LogPackageName: Warning: String asset reference "JW_Ice_Mountain.Mesh.SM_SnowBoulder" is in short form, which is unsupported and -- even if valid -- resolving it will be really slow.
[2019.02.16-14.33.54:625][635]LogPackageName: Warning: Please consider resaving package in order to speed-up loading.
[2019.02.16-14.33.54:886][659]LogPackageName: SearchForPackageOnDisk took   0.266s, but failed to resolve JW_Ice_Mountain.
[2019.02.16-14.33.54:886][659]LogPackageName: Warning: String asset reference "JW_Ice_Mountain.Mesh.SM_SnowBoulder" could not be resolved.
[2019.02.16-14.33.54:956][666]LogPackageName: Warning: String asset reference "Env_ALL_Artifacts.Mesh.Env_ALL_Terminus001" is in short form, which is unsupported and -- even if valid -- resolving it will be really slow.
[2019.02.16-14.33.54:956][666]LogPackageName: Warning: Please consider resaving package in order to speed-up loading.
[2019.02.16-14.33.55:215][691]LogPackageName: SearchForPackageOnDisk took   0.254s, but failed to resolve Env_ALL_Artifacts.
[2019.02.16-14.33.55:215][691]LogPackageName: Warning: String asset reference "Env_ALL_Artifacts.Mesh.Env_ALL_Terminus001" could not be resolved.
[2019.02.16-14.34.06:853][762]LogAssetRegistry: Asset discovery search completed in 107.6075 seconds
[2019.02.16-14.34.06:855][762]LogCollectionManager: Rebuilt the object cache for 0 collections in 0.000000 seconds (found 0 objects)
[2019.02.16-14.34.06:855][762]LogCollectionManager: Fixed up redirectors for 0 collections in 0.000067 seconds (updated 0 objects)
[2019.02.16-14.38.49:742][846]LogSlate: FSceneViewport::OnFocusLost() reason 0
[2019.02.16-15.10.08:419][815]LogSlate: FSceneViewport::OnFocusLost() reason 0
[2019.02.16-15.10.08:800][852]LogAssetEditorManager: Opening Asset editor for WidgetBlueprint /Game/ThirdPersonBP/Blueprints/UI/Lobby/LobbyMenu.LobbyMenu
[2019.02.16-15.10.09:934][852]LogContentBrowser: Native class hierarchy updated for 'BlueprintGraph' in 0.0012 seconds. Added 116 classes and 0 folders.
[2019.02.16-15.10.12:070][852]LogSlate: Took 0.017641 seconds to synchronously load lazily loaded font '../../../Engine/Content/Slate/Fonts/Roboto-BoldCondensed.ttf' (158K)
[2019.02.16-15.10.13:821][966]LogSlate: Took 0.015694 seconds to synchronously load lazily loaded font '../../../Engine/Content/Slate/Fonts/Roboto-Italic.ttf' (157K)
[2019.02.16-15.10.44:645][883]LogAssetEditorManager: Opening Asset editor for WidgetBlueprint /Game/ThirdPersonBP/Blueprints/UI/MainMenu/MainMenu.MainMenu
[2019.02.16-15.10.51:981][452]LogUObjectHash: Warning: Ambiguous search, could be CanvasPanel /Game/ThirdPersonBP/Blueprints/UI/AllLevels/LoadingScreen.LoadingScreen:WidgetTree.CanvasPanel_0 or CanvasPanel /Game/ThirdPersonBP/Blueprints/UI/AllLevels/LoadingScreen.SKEL_LoadingScreen_C:WidgetTree.CanvasPanel_0
[2019.02.16-15.10.51:981][452]LogUObjectHash: Warning: Ambiguous search, could be CanvasPanel /Game/ThirdPersonBP/Blueprints/UI/AllLevels/LoadingScreen.LoadingScreen:WidgetTree.CanvasPanel_0 or CanvasPanel /Game/ThirdPersonBP/Blueprints/UI/AllLevels/LoadingScreen.LoadingScreen_C:WidgetTree.CanvasPanel_0
[2019.02.16-15.10.51:981][452]LogUObjectHash: Warning: Ambiguous search, could be CanvasPanel /Game/ThirdPersonBP/Blueprints/UI/AllLevels/LoadingScreen.LoadingScreen:WidgetTree.CanvasPanel_0 or CanvasPanel /Game/ThirdPersonBP/Blueprints/UI/MainMenu/HostMenu.HostMenu:WidgetTree.CanvasPanel_0
[2019.02.16-15.10.51:981][452]LogUObjectHash: Warning: Ambiguous search, could be CanvasPanel /Game/ThirdPersonBP/Blueprints/UI/AllLevels/LoadingScreen.LoadingScreen:WidgetTree.CanvasPanel_0 or CanvasPanel /Game/ThirdPersonBP/Blueprints/UI/MainMenu/MainMenu.MainMenu:WidgetTree.CanvasPanel_0
[2019.02.16-15.10.51:981][452]LogUObjectHash: Warning: Ambiguous search, could be CanvasPanel /Game/ThirdPersonBP/Blueprints/UI/AllLevels/LoadingScreen.LoadingScreen:WidgetTree.CanvasPanel_0 or CanvasPanel /Game/ThirdPersonBP/Blueprints/UI/MainMenu/OptionsMenu.OptionsMenu:WidgetTree.CanvasPanel_0
[2019.02.16-15.10.51:981][452]LogUObjectHash: Warning: Ambiguous search, could be CanvasPanel /Game/ThirdPersonBP/Blueprints/UI/AllLevels/LoadingScreen.LoadingScreen:WidgetTree.CanvasPanel_0 or CanvasPanel /Game/ThirdPersonBP/Blueprints/UI/MainMenu/ServerMenu.ServerMenu:WidgetTree.CanvasPanel_0
[2019.02.16-15.10.51:981][452]LogUObjectHash: Warning: Ambiguous search, could be CanvasPanel /Game/ThirdPersonBP/Blueprints/UI/AllLevels/LoadingScreen.LoadingScreen:WidgetTree.CanvasPanel_0 or CanvasPanel /Game/ThirdPersonBP/Blueprints/UI/MainMenu/HostMenu.SKEL_HostMenu_C:WidgetTree.CanvasPanel_0
[2019.02.16-15.10.51:981][452]LogUObjectHash: Warning: Ambiguous search, could be CanvasPanel /Game/ThirdPersonBP/Blueprints/UI/AllLevels/LoadingScreen.LoadingScreen:WidgetTree.CanvasPanel_0 or CanvasPanel /Game/ThirdPersonBP/Blueprints/UI/MainMenu/MainMenu.SKEL_MainMenu_C:WidgetTree.CanvasPanel_0
[2019.02.16-15.10.51:981][452]LogUObjectHash: Warning: Ambiguous search, could be CanvasPanel /Game/ThirdPersonBP/Blueprints/UI/AllLevels/LoadingScreen.LoadingScreen:WidgetTree.CanvasPanel_0 or CanvasPanel /Game/ThirdPersonBP/Blueprints/UI/MainMenu/OptionsMenu.SKEL_OptionsMenu_C:WidgetTree.CanvasPanel_0
[2019.02.16-15.10.51:981][452]LogUObjectHash: Warning: Ambiguous search, could be CanvasPanel /Game/ThirdPersonBP/Blueprints/UI/AllLevels/LoadingScreen.LoadingScreen:WidgetTree.CanvasPanel_0 or CanvasPanel /Game/ThirdPersonBP/Blueprints/UI/MainMenu/ServerMenu.SKEL_ServerMenu_C:WidgetTree.CanvasPanel_0
[2019.02.16-15.10.51:981][452]LogUObjectHash: Warning: Ambiguous search, could be CanvasPanel /Game/ThirdPersonBP/Blueprints/UI/AllLevels/LoadingScreen.LoadingScreen:WidgetTree.CanvasPanel_0 or CanvasPanel /Game/ThirdPersonBP/Blueprints/UI/MainMenu/HostMenu.HostMenu_C:WidgetTree.CanvasPanel_0
[2019.02.16-15.10.51:981][452]LogUObjectHash: Warning: Ambiguous search, could be CanvasPanel /Game/ThirdPersonBP/Blueprints/UI/AllLevels/LoadingScreen.LoadingScreen:WidgetTree.CanvasPanel_0 or CanvasPanel /Game/ThirdPersonBP/Blueprints/UI/MainMenu/MainMenu.MainMenu_C:WidgetTree.CanvasPanel_0
[2019.02.16-15.10.51:981][452]LogUObjectHash: Warning: Ambiguous search, could be CanvasPanel /Game/ThirdPersonBP/Blueprints/UI/AllLevels/LoadingScreen.LoadingScreen:WidgetTree.CanvasPanel_0 or CanvasPanel /Game/ThirdPersonBP/Blueprints/UI/MainMenu/OptionsMenu.OptionsMenu_C:WidgetTree.CanvasPanel_0
[2019.02.16-15.10.51:981][452]LogUObjectHash: Warning: Ambiguous search, could be CanvasPanel /Game/ThirdPersonBP/Blueprints/UI/AllLevels/LoadingScreen.LoadingScreen:WidgetTree.CanvasPanel_0 or CanvasPanel /Game/ThirdPersonBP/Blueprints/UI/MainMenu/ServerMenu.ServerMenu_C:WidgetTree.CanvasPanel_0
[2019.02.16-15.10.51:981][452]LogUObjectHash: Warning: Ambiguous search, could be CanvasPanel /Game/ThirdPersonBP/Blueprints/UI/AllLevels/LoadingScreen.LoadingScreen:WidgetTree.CanvasPanel_0 or CanvasPanel /Game/ThirdPersonBP/Blueprints/UI/Lobby/LobbyMenu.LobbyMenu:WidgetTree.CanvasPanel_0
[2019.02.16-15.10.51:981][452]LogUObjectHash: Warning: Ambiguous search, could be CanvasPanel /Game/ThirdPersonBP/Blueprints/UI/AllLevels/LoadingScreen.LoadingScreen:WidgetTree.CanvasPanel_0 or CanvasPanel /Game/ThirdPersonBP/Blueprints/UI/Lobby/LobbyMenu.SKEL_LobbyMenu_C:WidgetTree.CanvasPanel_0
[2019.02.16-15.10.51:982][452]LogUObjectHash: Warning: Ambiguous search, could be CanvasPanel /Game/ThirdPersonBP/Blueprints/UI/AllLevels/LoadingScreen.LoadingScreen:WidgetTree.CanvasPanel_0 or CanvasPanel /Game/ThirdPersonBP/Blueprints/UI/Lobby/LobbyMenu.LobbyMenu_C:WidgetTree.CanvasPanel_0
[2019.02.16-15.10.51:982][452]LogUObjectHash: Warning: Ambiguous search, could be CanvasPanel /Game/ThirdPersonBP/Blueprints/UI/AllLevels/LoadingScreen.LoadingScreen:WidgetTree.CanvasPanel_0 or CanvasPanel /Engine/Transient.World_1:LobbyMenu_C_0.WidgetTree_0.CanvasPanel_0
[2019.02.16-15.10.51:982][452]LogUObjectHash: Warning: Ambiguous search, could be CanvasPanel /Game/ThirdPersonBP/Blueprints/UI/AllLevels/LoadingScreen.LoadingScreen:WidgetTree.CanvasPanel_0 or CanvasPanel /Engine/Transient.World_1:LobbyMenu_C_1.WidgetTree_0.CanvasPanel_0
[2019.02.16-15.10.51:982][452]LogUObjectHash: Warning: Ambiguous search, could be CanvasPanel /Game/ThirdPersonBP/Blueprints/UI/AllLevels/LoadingScreen.LoadingScreen:WidgetTree.CanvasPanel_0 or CanvasPanel /Engine/Transient.World_1:LobbyMenu_C_2.WidgetTree_0.CanvasPanel_0
[2019.02.16-15.10.51:982][452]LogUObjectHash: Warning: Ambiguous search, could be CanvasPanel /Game/ThirdPersonBP/Blueprints/UI/AllLevels/LoadingScreen.LoadingScreen:WidgetTree.CanvasPanel_0 or CanvasPanel /Engine/Transient.World_3:MainMenu_C_0.WidgetTree_0.CanvasPanel_0
[2019.02.16-15.10.51:982][452]LogUObjectHash: Warning: Ambiguous search, could be CanvasPanel /Game/ThirdPersonBP/Blueprints/UI/AllLevels/LoadingScreen.LoadingScreen:WidgetTree.CanvasPanel_0 or CanvasPanel /Engine/Transient.World_3:MainMenu_C_1.WidgetTree_0.CanvasPanel_0
[2019.02.16-15.10.51:982][452]LogUObjectHash: Warning: Ambiguous search, could be CanvasPanelSlot /Game/ThirdPersonBP/Blueprints/UI/MainMenu/MainMenu.MainMenu:WidgetTree.CanvasPanel_0.CanvasPanelSlot_1 or CanvasPanelSlot /Game/ThirdPersonBP/Blueprints/UI/MainMenu/OptionsMenu.OptionsMenu:WidgetTree.CanvasPanel_0.CanvasPanelSlot_1
[2019.02.16-15.10.51:982][452]LogUObjectHash: Warning: Ambiguous search, could be CanvasPanelSlot /Game/ThirdPersonBP/Blueprints/UI/MainMenu/MainMenu.MainMenu:WidgetTree.CanvasPanel_0.CanvasPanelSlot_1 or CanvasPanelSlot /Game/ThirdPersonBP/Blueprints/UI/MainMenu/ServerMenu.ServerMenu:WidgetTree.CanvasPanel_0.CanvasPanelSlot_1
[2019.02.16-15.10.51:982][452]LogUObjectHash: Warning: Ambiguous search, could be CanvasPanelSlot /Game/ThirdPersonBP/Blueprints/UI/MainMenu/MainMenu.MainMenu:WidgetTree.CanvasPanel_0.CanvasPanelSlot_1 or CanvasPanelSlot /Game/ThirdPersonBP/Blueprints/UI/MainMenu/MainMenu.SKEL_MainMenu_C:WidgetTree.CanvasPanel_0.CanvasPanelSlot_1
[2019.02.16-15.10.51:982][452]LogUObjectHash: Warning: Ambiguous search, could be CanvasPanelSlot /Game/ThirdPersonBP/Blueprints/UI/MainMenu/MainMenu.MainMenu:WidgetTree.CanvasPanel_0.CanvasPanelSlot_1 or CanvasPanelSlot /Game/ThirdPersonBP/Blueprints/UI/MainMenu/OptionsMenu.SKEL_OptionsMenu_C:WidgetTree.CanvasPanel_0.CanvasPanelSlot_1
[2019.02.16-15.10.51:982][452]LogUObjectHash: Warning: Ambiguous search, could be CanvasPanelSlot /Game/ThirdPersonBP/Blueprints/UI/MainMenu/MainMenu.MainMenu:WidgetTree.CanvasPanel_0.CanvasPanelSlot_1 or CanvasPanelSlot /Game/ThirdPersonBP/Blueprints/UI/MainMenu/ServerMenu.SKEL_ServerMenu_C:WidgetTree.CanvasPanel_0.CanvasPanelSlot_1
[2019.02.16-15.10.51:982][452]LogUObjectHash: Warning: Ambiguous search, could be CanvasPanelSlot /Game/ThirdPersonBP/Blueprints/UI/MainMenu/MainMenu.MainMenu:WidgetTree.CanvasPanel_0.CanvasPanelSlot_1 or CanvasPanelSlot /Game/ThirdPersonBP/Blueprints/UI/MainMenu/MainMenu.MainMenu_C:WidgetTree.CanvasPanel_0.CanvasPanelSlot_1
[2019.02.16-15.10.51:982][452]LogUObjectHash: Warning: Ambiguous search, could be CanvasPanelSlot /Game/ThirdPersonBP/Blueprints/UI/MainMenu/MainMenu.MainMenu:WidgetTree.CanvasPanel_0.CanvasPanelSlot_1 or CanvasPanelSlot /Game/ThirdPersonBP/Blueprints/UI/MainMenu/OptionsMenu.OptionsMenu_C:WidgetTree.CanvasPanel_0.CanvasPanelSlot_1
[2019.02.16-15.10.51:982][452]LogUObjectHash: Warning: Ambiguous search, could be CanvasPanelSlot /Game/ThirdPersonBP/Blueprints/UI/MainMenu/MainMenu.MainMenu:WidgetTree.CanvasPanel_0.CanvasPanelSlot_1 or CanvasPanelSlot /Game/ThirdPersonBP/Blueprints/UI/MainMenu/ServerMenu.ServerMenu_C:WidgetTree.CanvasPanel_0.CanvasPanelSlot_1
[2019.02.16-15.10.51:982][452]LogUObjectHash: Warning: Ambiguous search, could be CanvasPanelSlot /Game/ThirdPersonBP/Blueprints/UI/MainMenu/MainMenu.MainMenu:WidgetTree.CanvasPanel_0.CanvasPanelSlot_1 or CanvasPanelSlot /Engine/Transient.World_3:MainMenu_C_0.WidgetTree_0.CanvasPanel_0.CanvasPanelSlot_1
[2019.02.16-15.10.51:982][452]LogUObjectHash: Warning: Ambiguous search, could be CanvasPanelSlot /Game/ThirdPersonBP/Blueprints/UI/MainMenu/MainMenu.MainMenu:WidgetTree.CanvasPanel_0.CanvasPanelSlot_1 or CanvasPanelSlot /Engine/Transient.World_3:MainMenu_C_1.WidgetTree_0.CanvasPanel_0.CanvasPanelSlot_1
[2019.02.16-15.10.51:997][452]LogProperty: Warning: Illegal TEXT reference to a private object in external package (CanvasPanelSlot /Game/ThirdPersonBP/Blueprints/UI/MainMenu/MainMenu.MainMenu:WidgetTree.CanvasPanel_0.CanvasPanelSlot_1) from referencer (Border /Engine/UMG/Editor/Transient.Border_141).  Import failed...
[2019.02.16-15.10.51:997][452]LogProperty: Warning: ObjectProperty /Script/UMG.Widget:Slot: unresolved reference to 'CanvasPanelSlot'"CanvasPanel_0.CanvasPanelSlot_1"''
[2019.02.16-15.11.08:074][607]LogEditorTransaction: Undo Move Widget
[2019.02.16-15.11.13:008][911]LogSlate: Took 0.036039 seconds to synchronously load lazily loaded font '../../../Engine/Content/Slate/Fonts/DroidSansFallback.ttf' (3848K)
[2019.02.16-15.14.36:645][180]LogEditorTransaction: Undo Edit Size To Content
[2019.02.16-15.14.36:938][195]Cmd: TRANSACTION UNDO
[2019.02.16-15.14.36:938][195]LogEditorTransaction: Undo Resize Widget
[2019.02.16-15.17.22:402][191]LogEditorTransaction: Undo Add Widget
[2019.02.16-15.17.22:842][215]LogEditorTransaction: Undo Add Widget
[2019.02.16-15.19.25:369][675]LogFileHelpers: Editor autosave (incl. sublevels) for '/Game/ThirdPersonBP/Maps/MainMenu' took 0.060
[2019.02.16-15.19.25:389][675]OBJ SavePackage: Generating thumbnails for [0] asset(s) in package [/Game/ThirdPersonBP/Blueprints/UI/Lobby/LobbyMenu] ([1] browsable assets)...
[2019.02.16-15.19.25:390][675]OBJ SavePackage: Finished generating thumbnails for package [/Game/ThirdPersonBP/Blueprints/UI/Lobby/LobbyMenu]
[2019.02.16-15.19.25:527][675]LogSavePackage: Moving '../../../../../../Users/fox56/Documents/GitHub/ProjetsHub2018/FPSUnreal/PeopleWithGuns/Saved/LobbyMenu_Auto1E2FE31F74320FCB0332735809DC01ED2.tmp' to '../../../../../../Users/fox56/Documents/GitHub/ProjetsHub2018/FPSUnreal/PeopleWithGuns/Saved/Autosaves/Game/ThirdPersonBP/Blueprints/UI/Lobby/LobbyMenu_Auto1.uasset'
[2019.02.16-15.19.25:539][675]LogFileHelpers: Auto-saving content packages took 0.168
[2019.02.16-15.28.55:319][  1]BlueprintLog: New page: Compile LobbyMenu
[2019.02.16-15.28.55:521][  1]LogSavePackage: Moving '../../../../../../Users/fox56/Documents/GitHub/ProjetsHub2018/FPSUnreal/PeopleWithGuns/Saved/LobbyMenu5D3D92B84649144BA4581693DBD60E74.tmp' to '../../../../../../Users/fox56/Documents/GitHub/ProjetsHub2018/FPSUnreal/PeopleWithGuns/Content/ThirdPersonBP/Blueprints/UI/Lobby/LobbyMenu.uasset'
[2019.02.16-15.29.16:288][428]BlueprintLog: New page: Compile LobbyMenu
[2019.02.16-15.29.16:425][428]LogSavePackage: Moving '../../../../../../Users/fox56/Documents/GitHub/ProjetsHub2018/FPSUnreal/PeopleWithGuns/Saved/LobbyMenuD56DF5CD4AE82B144AF0DEBBD6A9AD2C.tmp' to '../../../../../../Users/fox56/Documents/GitHub/ProjetsHub2018/FPSUnreal/PeopleWithGuns/Content/ThirdPersonBP/Blueprints/UI/Lobby/LobbyMenu.uasset'
[2019.02.16-15.43.13:313][145]LogSlate: Window 'MainMenu' being destroyed
[2019.02.16-15.43.13:318][145]LogSlate: Window 'MainMenu' being destroyed
[2019.02.16-15.43.15:837][326]LogSavePackage: Moving '../../../../../../Users/fox56/Documents/GitHub/ProjetsHub2018/FPSUnreal/PeopleWithGuns/Saved/MainMenu6309629B47F83E4627A0228F7248F16A.tmp' to '../../../../../../Users/fox56/Documents/GitHub/ProjetsHub2018/FPSUnreal/PeopleWithGuns/Content/ThirdPersonBP/Maps/MainMenu.umap'
[2019.02.16-15.43.15:924][326]LogSavePackage: Moving '../../../../../../Users/fox56/Documents/GitHub/ProjetsHub2018/FPSUnreal/PeopleWithGuns/Saved/MainMenu_BuiltDataD822FAA541962D66D409809761249F69.tmp' to '../../../../../../Users/fox56/Documents/GitHub/ProjetsHub2018/FPSUnreal/PeopleWithGuns/Content/ThirdPersonBP/Maps/MainMenu_BuiltData.uasset'
[2019.02.16-15.43.17:545][491]LogSlate: Window 'PeopleWithGuns - Unreal Editor' being destroyed
[2019.02.16-15.43.17:546][491]LogWindowsTextInputMethodSystem: Display: IME system now deactivated.
[2019.02.16-15.43.17:740][492]Cmd: QUIT_EDITOR
[2019.02.16-15.43.17:780][492]LogExit: Preparing to exit.
[2019.02.16-15.43.18:735][492]LogExit: Editor shut down
[2019.02.16-15.43.18:735][492]LogExit: Transaction tracking system shut down
[2019.02.16-15.43.19:339][492]LogExit: Object subsystem successfully closed.
[2019.02.16-15.43.19:355][492]LogShaderCompilers: Display: Shaders left to compile 0
[2019.02.16-15.43.19:357][492]LogD3D11RHI: Shutdown
[2019.02.16-15.43.19:358][492]LogD3D11RHI: CleanupD3DDevice
[2019.02.16-15.43.19:377][492]LogD3D11RHI: ~FD3D11DynamicRHI
[2019.02.16-15.43.19:416][492]LogModuleManager: Shutting down and abandoning module SequencerWidgets (612)
[2019.02.16-15.43.19:416][492]LogModuleManager: Shutting down and abandoning module BlueprintGraph (610)
[2019.02.16-15.43.19:416][492]LogModuleManager: Shutting down and abandoning module HierarchicalLODOutliner (608)
[2019.02.16-15.43.19:416][492]LogModuleManager: Shutting down and abandoning module SceneOutliner (606)
[2019.02.16-15.43.19:416][492]LogModuleManager: Shutting down and abandoning module AddContentDialog (604)
[2019.02.16-15.43.19:419][492]LogModuleManager: Shutting down and abandoning module WidgetCarousel (603)
[2019.02.16-15.43.19:419][492]LogModuleManager: Shutting down and abandoning module EditorWidgets (600)
[2019.02.16-15.43.19:419][492]LogModuleManager: Shutting down and abandoning module CollectionManager (598)
[2019.02.16-15.43.19:419][492]LogModuleManager: Shutting down and abandoning module StatsViewer (596)
[2019.02.16-15.43.19:419][492]LogModuleManager: Shutting down and abandoning module FoliageEdit (594)
[2019.02.16-15.43.19:419][492]LogModuleManager: Shutting down and abandoning module LandscapeEditor (592)
[2019.02.16-15.43.19:419][492]LogModuleManager: Shutting down and abandoning module MeshPaintMode (590)
[2019.02.16-15.43.19:419][492]LogModuleManager: Shutting down and abandoning module SceneDepthPickerMode (588)
[2019.02.16-15.43.19:419][492]LogModuleManager: Shutting down and abandoning module ActorPickerMode (586)
[2019.02.16-15.43.19:419][492]LogModuleManager: Shutting down and abandoning module GeometryMode (584)
[2019.02.16-15.43.19:419][492]LogModuleManager: Shutting down and abandoning module TextureAlignMode (582)
[2019.02.16-15.43.19:419][492]LogModuleManager: Shutting down and abandoning module BspMode (580)
[2019.02.16-15.43.19:419][492]LogModuleManager: Shutting down and abandoning module PIEPreviewDeviceProfileSelector (578)
[2019.02.16-15.43.19:419][492]LogModuleManager: Shutting down and abandoning module SequenceRecorderSections (576)
[2019.02.16-15.43.19:419][492]LogModuleManager: Shutting down and abandoning module AutomationWorker (574)
[2019.02.16-15.43.19:419][492]LogModuleManager: Shutting down and abandoning module AudioCaptureEditor (572)
[2019.02.16-15.43.19:419][492]LogModuleManager: Shutting down and abandoning module SequenceRecorder (571)
[2019.02.16-15.43.19:419][492]LogModuleManager: Shutting down and abandoning module MatineeToLevelSequence (568)
[2019.02.16-15.43.19:419][492]LogModuleManager: Shutting down and abandoning module LevelSequenceEditor (566)
[2019.02.16-15.43.19:419][492]LogModuleManager: Shutting down and abandoning module PlacementMode (565)
[2019.02.16-15.43.19:419][492]LogModuleManager: Shutting down and abandoning module MaterialEditor (564)
[2019.02.16-15.43.19:419][492]LogModuleManager: Shutting down and abandoning module WmfMediaFactory (560)
[2019.02.16-15.43.19:419][492]LogModuleManager: Shutting down and abandoning module WmfMediaEditor (558)
[2019.02.16-15.43.19:419][492]LogModuleManager: Shutting down and abandoning module MediaPlayerEditor (556)
[2019.02.16-15.43.19:419][492]LogModuleManager: Shutting down and abandoning module OpenExrWrapper (554)
[2019.02.16-15.43.19:420][492]LogModuleManager: Shutting down and abandoning module ImgMediaFactory (552)
[2019.02.16-15.43.19:420][492]LogModuleManager: Shutting down and abandoning module ImgMediaEditor (550)
[2019.02.16-15.43.19:420][492]LogModuleManager: Shutting down and abandoning module AvfMediaFactory (548)
[2019.02.16-15.43.19:420][492]LogModuleManager: Shutting down and abandoning module AvfMediaEditor (546)
[2019.02.16-15.43.19:420][492]LogModuleManager: Shutting down and abandoning module AndroidMediaFactory (544)
[2019.02.16-15.43.19:420][492]LogModuleManager: Shutting down and abandoning module AndroidMediaEditor (542)
[2019.02.16-15.43.19:420][492]LogModuleManager: Shutting down and abandoning module MagicLeapCameraPreviewFactory (540)
[2019.02.16-15.43.19:420][492]LogModuleManager: Shutting down and abandoning module MagicLeapMediaFactory (538)
[2019.02.16-15.43.19:420][492]LogModuleManager: Shutting down and abandoning module MagicLeapMediaEditor (536)
[2019.02.16-15.43.19:420][492]LogModuleManager: Shutting down and abandoning module CharacterAI (534)
[2019.02.16-15.43.19:420][492]LogModuleManager: Shutting down and abandoning module SmartSnapping (532)
[2019.02.16-15.43.19:420][492]LogModuleManager: Shutting down and abandoning module SessionServices (530)
[2019.02.16-15.43.19:420][492]LogModuleManager: Shutting down and abandoning module ViewportSnapping (528)
[2019.02.16-15.43.19:420][492]LogModuleManager: Shutting down and abandoning module ViewportInteraction (526)
[2019.02.16-15.43.19:420][492]LogModuleManager: Shutting down and abandoning module ClothPainter (524)
[2019.02.16-15.43.19:420][492]LogModuleManager: Shutting down and abandoning module SkeletalMeshEditor (523)
[2019.02.16-15.43.19:420][492]LogModuleManager: Shutting down and abandoning module LogVisualizer (520)
[2019.02.16-15.43.19:420][492]LogModuleManager: Shutting down and abandoning module IntroTutorials (518)
[2019.02.16-15.43.19:420][492]LogModuleManager: Shutting down and abandoning module GameProjectGeneration (517)
[2019.02.16-15.43.19:420][492]LogModuleManager: Shutting down and abandoning module LuminPlatformEditor (514)
[2019.02.16-15.43.19:420][492]LogModuleManager: Shutting down and abandoning module IOSPlatformEditor (512)
[2019.02.16-15.43.19:420][492]LogModuleManager: Shutting down and abandoning module HTML5PlatformEditor (510)
[2019.02.16-15.43.19:420][492]LogModuleManager: Shutting down and abandoning module AndroidPlatformEditor (508)
[2019.02.16-15.43.19:420][492]LogModuleManager: Shutting down and abandoning module AndroidDeviceDetection (507)
[2019.02.16-15.43.19:618][492]LogModuleManager: Shutting down and abandoning module WindowsPlatformEditor (504)
[2019.02.16-15.43.19:618][492]LogModuleManager: Shutting down and abandoning module LuminRuntimeSettings (502)
[2019.02.16-15.43.19:618][492]LogModuleManager: Shutting down and abandoning module IOSRuntimeSettings (500)
[2019.02.16-15.43.19:618][492]LogModuleManager: Shutting down and abandoning module AndroidRuntimeSettings (498)
[2019.02.16-15.43.19:618][492]LogModuleManager: Shutting down and abandoning module InputBindingEditor (496)
[2019.02.16-15.43.19:618][492]LogModuleManager: Shutting down and abandoning module MergeActors (494)
[2019.02.16-15.43.19:618][492]LogModuleManager: Shutting down and abandoning module LocalizationDashboard (492)
[2019.02.16-15.43.19:618][492]LogModuleManager: Shutting down and abandoning module LocalizationService (491)
[2019.02.16-15.43.19:619][492]LogModuleManager: Shutting down and abandoning module HardwareTargeting (488)
[2019.02.16-15.43.19:619][492]LogModuleManager: Shutting down and abandoning module DeviceProfileEditor (486)
[2019.02.16-15.43.19:619][492]LogModuleManager: Shutting down and abandoning module UndoHistory (484)
[2019.02.16-15.43.19:619][492]LogModuleManager: Shutting down and abandoning module XmlParser (482)
[2019.02.16-15.43.19:619][492]LogModuleManager: Shutting down and abandoning module Blutility (480)
[2019.02.16-15.43.19:619][492]LogModuleManager: Shutting down and abandoning module ProjectSettingsViewer (478)
[2019.02.16-15.43.19:619][492]LogModuleManager: Shutting down and abandoning module ProjectTargetPlatformEditor (477)
[2019.02.16-15.43.19:619][492]LogModuleManager: Shutting down and abandoning module EditorSettingsViewer (474)
[2019.02.16-15.43.19:619][492]LogModuleManager: Shutting down and abandoning module SettingsEditor (472)
[2019.02.16-15.43.19:619][492]LogModuleManager: Shutting down and abandoning module ProjectLauncher (470)
[2019.02.16-15.43.19:619][492]LogModuleManager: Shutting down and abandoning module SessionFrontend (468)
[2019.02.16-15.43.19:619][492]LogModuleManager: Shutting down and abandoning module ProfilerClient (466)
[2019.02.16-15.43.19:619][492]LogModuleManager: Shutting down and abandoning module DeviceManager (464)
[2019.02.16-15.43.19:619][492]LogModuleManager: Shutting down and abandoning module TargetDeviceServices (463)
[2019.02.16-15.43.19:673][492]LogModuleManager: Shutting down and abandoning module AutomationController (460)
[2019.02.16-15.43.19:673][492]LogModuleManager: Shutting down and abandoning module AutomationWindow (458)
[2019.02.16-15.43.19:673][492]LogModuleManager: Shutting down and abandoning module Layers (456)
[2019.02.16-15.43.19:673][492]LogModuleManager: Shutting down and abandoning module ComponentVisualizers (454)
[2019.02.16-15.43.19:673][492]LogModuleManager: Shutting down and abandoning module DetailCustomizations (452)
[2019.02.16-15.43.19:673][492]LogModuleManager: Shutting down and abandoning module PackagesDialog (450)
[2019.02.16-15.43.19:673][492]LogModuleManager: Shutting down and abandoning module Persona (448)
[2019.02.16-15.43.19:673][492]LogModuleManager: Shutting down and abandoning module AdvancedPreviewScene (447)
[2019.02.16-15.43.19:673][492]LogModuleManager: Shutting down and abandoning module AnimGraph (445)
[2019.02.16-15.43.19:673][492]LogModuleManager: Shutting down and abandoning module Kismet (442)
[2019.02.16-15.43.19:679][492]LogModuleManager: Shutting down and abandoning module GraphEditor (440)
[2019.02.16-15.43.19:679][492]LogModuleManager: Shutting down and abandoning module ClassViewer (438)
[2019.02.16-15.43.19:679][492]LogModuleManager: Shutting down and abandoning module Toolbox (436)
[2019.02.16-15.43.19:679][492]LogModuleManager: Shutting down and abandoning module ModuleUI (434)
[2019.02.16-15.43.19:679][492]LogModuleManager: Shutting down and abandoning module MovieSceneTools (432)
[2019.02.16-15.43.19:680][492]LogModuleManager: Shutting down and abandoning module OutputLog (430)
[2019.02.16-15.43.19:680][492]LogModuleManager: Shutting down and abandoning module GammaUI (428)
[2019.02.16-15.43.19:680][492]LogModuleManager: Shutting down and abandoning module Documentation (426)
[2019.02.16-15.43.19:680][492]LogModuleManager: Shutting down and abandoning module MovieSceneTracks (424)
[2019.02.16-15.43.19:680][492]LogModuleManager: Shutting down and abandoning module MovieScene (422)
[2019.02.16-15.43.19:680][492]LogModuleManager: Shutting down and abandoning module StreamingPauseRendering (420)
[2019.02.16-15.43.19:680][492]LogModuleManager: Shutting down and abandoning module LauncherPlatform (418)
[2019.02.16-15.43.19:680][492]LogModuleManager: Shutting down and abandoning module AnalyticsET (416)
[2019.02.16-15.43.19:680][492]LogModuleManager: Shutting down and abandoning module PortalServices (414)
[2019.02.16-15.43.19:680][492]LogModuleManager: Shutting down and abandoning module PortalRpc (412)
[2019.02.16-15.43.19:680][492]LogModuleManager: Shutting down and abandoning module MessagingRpc (410)
[2019.02.16-15.43.19:680][492]LogModuleManager: Shutting down and abandoning module AIModule (408)
[2019.02.16-15.43.19:680][492]LogModuleManager: Shutting down and abandoning module GameplayDebugger (407)
[2019.02.16-15.43.19:680][492]LogModuleManager: Shutting down and abandoning module AITestSuite (405)
[2019.02.16-15.43.19:680][492]LogModuleManager: Shutting down and abandoning module NavigationSystem (403)
[2019.02.16-15.43.19:680][492]LogModuleManager: Shutting down and abandoning module DesktopPlatform (400)
[2019.02.16-15.43.19:680][492]LogModuleManager: Shutting down and abandoning module ProfilerService (398)
[2019.02.16-15.43.19:762][492]LogModuleManager: Shutting down and abandoning module TaskGraph (396)
[2019.02.16-15.43.19:762][492]LogModuleManager: Shutting down and abandoning module ProceduralMeshComponentEditor (394)
[2019.02.16-15.43.19:762][492]LogModuleManager: Shutting down and abandoning module ProceduralMeshComponent (392)
[2019.02.16-15.43.19:762][492]LogModuleManager: Shutting down and abandoning module OculusInput (390)
[2019.02.16-15.43.19:762][492]LogModuleManager: Shutting down and abandoning module MobilePatchingUtils (388)
[2019.02.16-15.43.19:762][492]LogModuleManager: Shutting down and abandoning module EditableMesh (386)
[2019.02.16-15.43.19:762][492]LogModuleManager: Shutting down and abandoning module CustomMeshComponent (384)
[2019.02.16-15.43.19:762][492]LogModuleManager: Shutting down and abandoning module CableComponent (382)
[2019.02.16-15.43.19:762][492]LogModuleManager: Shutting down and abandoning module AudioCapture (380)
[2019.02.16-15.43.19:762][492]LogModuleManager: Shutting down and abandoning module ArchVisCharacter (378)
[2019.02.16-15.43.19:762][492]LogModuleManager: Shutting down and abandoning module AndroidPermission (376)
[2019.02.16-15.43.19:762][492]LogModuleManager: Shutting down and abandoning module NUTUnrealEngine4 (374)
[2019.02.16-15.43.19:762][492]LogModuleManager: Shutting down and abandoning module NetcodeUnitTest (372)
[2019.02.16-15.43.19:763][492]LogModuleManager: Shutting down and abandoning module MediaCompositingEditor (370)
[2019.02.16-15.43.19:763][492]LogModuleManager: Shutting down and abandoning module MediaCompositing (368)
[2019.02.16-15.43.19:763][492]LogModuleManager: Shutting down and abandoning module LinearTimecode (366)
[2019.02.16-15.43.19:763][492]LogModuleManager: Shutting down and abandoning module ImgMedia (364)
[2019.02.16-15.43.19:765][492]LogModuleManager: Shutting down and abandoning module HTML5Networking (362)
[2019.02.16-15.43.19:765][492]LogModuleManager: Shutting down and abandoning module GeometryCacheTracks (360)
[2019.02.16-15.43.19:765][492]LogModuleManager: Shutting down and abandoning module GeometryCacheSequencer (358)
[2019.02.16-15.43.19:765][492]LogModuleManager: Shutting down and abandoning module BackChannel (356)
[2019.02.16-15.43.19:765][492]LogModuleManager: Shutting down and abandoning module AppleVision (354)
[2019.02.16-15.43.19:765][492]LogModuleManager: Shutting down and abandoning module AppleImageUtils (352)
[2019.02.16-15.43.19:765][492]LogModuleManager: Shutting down and abandoning module AlembicImporter (350)
[2019.02.16-15.43.19:765][492]LogModuleManager: Shutting down and abandoning module AlembicLibrary (349)
[2019.02.16-15.43.19:765][492]LogModuleManager: Shutting down and abandoning module GeometryCache (348)
[2019.02.16-15.43.19:765][492]LogModuleManager: Shutting down and abandoning module GeometryCacheEd (347)
[2019.02.16-15.43.19:765][492]LogModuleManager: Shutting down and abandoning module DatasmithContentEditor (342)
[2019.02.16-15.43.19:765][492]LogModuleManager: Shutting down and abandoning module DatasmithContent (340)
[2019.02.16-15.43.19:766][492]LogModuleManager: Shutting down and abandoning module SpeedTreeImporter (338)
[2019.02.16-15.43.19:766][492]LogModuleManager: Shutting down and abandoning module PluginBrowser (336)
[2019.02.16-15.43.19:766][492]LogModuleManager: Shutting down and abandoning module MobileLauncherProfileWizard (334)
[2019.02.16-15.43.19:766][492]LogModuleManager: Shutting down and abandoning module PolygonModeling (332)
[2019.02.16-15.43.19:766][492]LogModuleManager: Shutting down and abandoning module MeshEditor (330)
[2019.02.16-15.43.19:766][492]LogModuleManager: Shutting down and abandoning module CryptoKeysOpenSSL (328)
[2019.02.16-15.43.19:766][492]LogModuleManager: Shutting down and abandoning module CryptoKeys (326)
[2019.02.16-15.43.19:766][492]LogModuleManager: Shutting down and abandoning module VisualStudioSourceCodeAccess (324)
[2019.02.16-15.43.19:766][492]LogModuleManager: Shutting down and abandoning module VisualStudioCodeSourceCodeAccess (322)
[2019.02.16-15.43.19:766][492]LogModuleManager: Shutting down and abandoning module UObjectPlugin (320)
[2019.02.16-15.43.19:766][492]LogModuleManager: Shutting down and abandoning module SubversionSourceControl (318)
[2019.02.16-15.43.19:766][492]LogModuleManager: Shutting down and abandoning module PerforceSourceControl (316)
[2019.02.16-15.43.19:766][492]LogModuleManager: Shutting down and abandoning module GitSourceControl (314)
[2019.02.16-15.43.19:766][492]LogModuleManager: Shutting down and abandoning module SourceControl (313)
[2019.02.16-15.43.19:766][492]LogModuleManager: Shutting down and abandoning module CLionSourceCodeAccess (310)
[2019.02.16-15.43.19:766][492]LogModuleManager: Shutting down and abandoning module LightPropagationVolumeEditor (308)
[2019.02.16-15.43.19:766][492]LogModuleManager: Shutting down and abandoning module PaperTiledImporter (306)
[2019.02.16-15.43.19:766][492]LogModuleManager: Shutting down and abandoning module PaperSpriteSheetImporter (304)
[2019.02.16-15.43.19:766][492]LogModuleManager: Shutting down and abandoning module Paper2DEditor (302)
[2019.02.16-15.43.19:766][492]LogModuleManager: Shutting down and abandoning module MeshPaint (301)
[2019.02.16-15.43.19:766][492]LogModuleManager: Shutting down and abandoning module RuntimePhysXCooking (298)
[2019.02.16-15.43.19:766][492]LogModuleManager: Shutting down and abandoning module PhysXVehiclesEditor (296)
[2019.02.16-15.43.19:766][492]LogModuleManager: Shutting down and abandoning module PhysXVehicles (294)
[2019.02.16-15.43.19:766][492]LogModuleManager: Shutting down and abandoning module OculusEditor (292)
[2019.02.16-15.43.19:766][492]LogModuleManager: Shutting down and abandoning module LocationServicesBPLibrary (290)
[2019.02.16-15.43.19:766][492]LogModuleManager: Shutting down and abandoning module ImmediatePhysicsEditor (288)
[2019.02.16-15.43.19:766][492]LogModuleManager: Shutting down and abandoning module ImmediatePhysics (286)
[2019.02.16-15.43.19:767][492]LogModuleManager: Shutting down and abandoning module ActorSequence (284)
[2019.02.16-15.43.19:767][492]LogModuleManager: Shutting down and abandoning module UdpMessaging (282)
[2019.02.16-15.43.19:867][492]LogModuleManager: Shutting down and abandoning module TcpMessaging (280)
[2019.02.16-15.43.19:968][492]LogModuleManager: Shutting down and abandoning module MagicLeapAudio (278)
[2019.02.16-15.43.19:968][492]LogModuleManager: Shutting down and abandoning module GameplayTagsEditor (276)
[2019.02.16-15.43.19:968][492]LogModuleManager: Shutting down and abandoning module FacialAnimationEditor (274)
[2019.02.16-15.43.19:968][492]LogModuleManager: Shutting down and abandoning module FacialAnimation (272)
[2019.02.16-15.43.19:968][492]LogModuleManager: Shutting down and abandoning module DataValidation (270)
[2019.02.16-15.43.19:968][492]LogModuleManager: Shutting down and abandoning module AssetManagerEditor (268)
[2019.02.16-15.43.19:968][492]LogModuleManager: Shutting down and abandoning module LevelEditor (267)
[2019.02.16-15.43.19:969][492]LogModuleManager: Shutting down and abandoning module PixelInspectorModule (266)
[2019.02.16-15.43.19:969][492]LogModuleManager: Shutting down and abandoning module CommonMenuExtensions (264)
[2019.02.16-15.43.19:969][492]LogModuleManager: Shutting down and abandoning module MainFrame (262)
[2019.02.16-15.43.19:969][492]LogModuleManager: Shutting down and abandoning module HotReload (261)
[2019.02.16-15.43.19:970][492]LogModuleManager: Shutting down and abandoning module ContentBrowser (257)
[2019.02.16-15.43.19:971][492]LogModuleManager: Shutting down and abandoning module TreeMap (255)
[2019.02.16-15.43.19:971][492]LogModuleManager: Shutting down and abandoning module LightPropagationVolumeRuntime (252)
[2019.02.16-15.43.19:971][492]LogModuleManager: Shutting down and abandoning module AISupportModule (250)
[2019.02.16-15.43.19:971][492]LogModuleManager: Shutting down and abandoning module Paper2D (248)
[2019.02.16-15.43.19:971][492]LogModuleManager: Shutting down and abandoning module WindowsMoviePlayer (246)
[2019.02.16-15.43.19:971][492]LogModuleManager: Shutting down and abandoning module WmfMedia (244)
[2019.02.16-15.43.19:972][492]LogModuleManager: Shutting down and abandoning module Media (243)
[2019.02.16-15.43.19:978][492]LogModuleManager: Shutting down and abandoning module PacketHandler (240)
[2019.02.16-15.43.19:978][492]LogModuleManager: Shutting down and abandoning module ClothingSystemEditor (238)
[2019.02.16-15.43.19:978][492]LogModuleManager: Shutting down and abandoning module ClothingSystemRuntime (236)
[2019.02.16-15.43.19:978][492]LogModuleManager: Shutting down and abandoning module MediaAssets (234)
[2019.02.16-15.43.19:978][492]LogModuleManager: Shutting down and abandoning module Overlay (232)
[2019.02.16-15.43.19:978][492]LogModuleManager: Shutting down and abandoning module OverlayEditor (231)
[2019.02.16-15.43.19:978][492]LogModuleManager: Shutting down and abandoning module VREditor (228)
[2019.02.16-15.43.19:978][492]LogModuleManager: Shutting down and abandoning module StringTableEditor (226)
[2019.02.16-15.43.19:978][492]LogModuleManager: Shutting down and abandoning module GameplayTasksEditor (224)
[2019.02.16-15.43.19:978][492]LogModuleManager: Shutting down and abandoning module BehaviorTreeEditor (222)
[2019.02.16-15.43.19:978][492]LogModuleManager: Shutting down and abandoning module FunctionalTesting (220)
[2019.02.16-15.43.19:979][492]LogModuleManager: Shutting down and abandoning module CollisionAnalyzer (218)
[2019.02.16-15.43.19:979][492]LogModuleManager: Shutting down and abandoning module WorkspaceMenuStructure (217)
[2019.02.16-15.43.19:979][492]LogModuleManager: Shutting down and abandoning module UMG (214)
[2019.02.16-15.43.19:979][492]LogModuleManager: Shutting down and abandoning module UMGEditor (213)
[2019.02.16-15.43.19:979][492]LogModuleManager: Shutting down and abandoning module Sequencer (212)
[2019.02.16-15.43.19:979][492]LogModuleManager: Shutting down and abandoning module MessageLog (209)
[2019.02.16-15.43.19:979][492]LogModuleManager: Shutting down and abandoning module SlateReflector (204)
[2019.02.16-15.43.19:979][492]LogModuleManager: Shutting down and abandoning module Slate (202)
[2019.02.16-15.43.19:979][492]LogModuleManager: Shutting down and abandoning module EditorStyle (200)
[2019.02.16-15.43.19:980][492]LogModuleManager: Shutting down and abandoning module MRMesh (198)
[2019.02.16-15.43.19:981][492]LogModuleManager: Shutting down and abandoning module SourceCodeAccess (196)
[2019.02.16-15.43.19:981][492]LogModuleManager: Shutting down and abandoning module HeadMountedDisplay (194)
[2019.02.16-15.43.19:981][492]LogModuleManager: Shutting down and abandoning module XAudio2 (192)
[2019.02.16-15.43.19:981][492]LogModuleManager: Shutting down and abandoning module Networking (190)
[2019.02.16-15.43.19:981][492]LogModuleManager: Shutting down and abandoning module Core (188)
[2019.02.16-15.43.19:981][492]LogModuleManager: Shutting down and abandoning module LevelSequence (186)
[2019.02.16-15.43.19:981][492]LogModuleManager: Shutting down and abandoning module KismetCompiler (184)
[2019.02.16-15.43.19:981][492]LogModuleManager: Shutting down and abandoning module MeshUtilities (182)
[2019.02.16-15.43.19:981][492]LogModuleManager: Shutting down and abandoning module MeshMergeUtilities (181)
[2019.02.16-15.43.19:981][492]LogModuleManager: Shutting down and abandoning module MeshReductionInterface (180)
[2019.02.16-15.43.19:981][492]LogModuleManager: Shutting down and abandoning module SimplygonSwarm (179)
[2019.02.16-15.43.19:981][492]LogModuleManager: Shutting down and abandoning module ProxyLODMeshReduction (177)
[2019.02.16-15.43.19:981][492]LogModuleManager: Shutting down and abandoning module SimplygonMeshReduction (175)
[2019.02.16-15.43.19:981][492]LogModuleManager: Shutting down and abandoning module QuadricMeshReduction (173)
[2019.02.16-15.43.19:981][492]LogModuleManager: Shutting down and abandoning module MaterialBaking (169)
[2019.02.16-15.43.19:981][492]LogModuleManager: Shutting down and abandoning module DirectoryWatcher (165)
[2019.02.16-15.43.19:981][492]LogModuleManager: Shutting down and abandoning module DerivedDataCache (162)
[2019.02.16-15.43.20:050][492]LogDerivedDataCache: Shutdown
[2019.02.16-15.43.20:050][492]LogModuleManager: Shutting down and abandoning module XGEController (160)
[2019.02.16-15.43.20:051][492]LogModuleManager: Shutting down and abandoning module TargetPlatform (158)
[2019.02.16-15.43.20:051][492]LogModuleManager: Shutting down and abandoning module VulkanShaderFormat (157)
[2019.02.16-15.43.20:051][492]LogModuleManager: Shutting down and abandoning module ShaderFormatVectorVM (155)
[2019.02.16-15.43.20:051][492]LogModuleManager: Shutting down and abandoning module ShaderFormatOpenGL (153)
[2019.02.16-15.43.20:051][492]LogModuleManager: Shutting down and abandoning module ShaderFormatD3D (151)
[2019.02.16-15.43.20:051][492]LogModuleManager: Shutting down and abandoning module MetalShaderFormat (149)
[2019.02.16-15.43.20:051][492]LogModuleManager: Shutting down and abandoning module TextureFormatUncompressed (147)
[2019.02.16-15.43.20:051][492]LogModuleManager: Shutting down and abandoning module TextureFormatPVR (145)
[2019.02.16-15.43.20:051][492]LogModuleManager: Shutting down and abandoning module TextureFormatDXT (143)
[2019.02.16-15.43.20:051][492]LogModuleManager: Shutting down and abandoning module TextureFormatIntelISPCTexComp (141)
[2019.02.16-15.43.20:051][492]LogModuleManager: Shutting down and abandoning module TextureFormatASTC (139)
[2019.02.16-15.43.20:051][492]LogModuleManager: Shutting down and abandoning module ImageWrapper (138)
[2019.02.16-15.43.20:051][492]LogModuleManager: Shutting down and abandoning module TextureFormatAndroid (135)
[2019.02.16-15.43.20:051][492]LogModuleManager: Shutting down and abandoning module AudioFormatOpus (133)
[2019.02.16-15.43.20:051][492]LogModuleManager: Shutting down and abandoning module AudioFormatOgg (131)
[2019.02.16-15.43.20:051][492]LogModuleManager: Shutting down and abandoning module AudioFormatADPCM (129)
[2019.02.16-15.43.20:051][492]LogModuleManager: Shutting down and abandoning module LuminTargetPlatform (127)
[2019.02.16-15.43.20:051][492]LogModuleManager: Shutting down and abandoning module LinuxTargetPlatform (125)
[2019.02.16-15.43.20:051][492]LogModuleManager: Shutting down and abandoning module LinuxServerTargetPlatform (123)
[2019.02.16-15.43.20:051][492]LogModuleManager: Shutting down and abandoning module LinuxNoEditorTargetPlatform (121)
[2019.02.16-15.43.20:051][492]LogModuleManager: Shutting down and abandoning module LinuxClientTargetPlatform (119)
[2019.02.16-15.43.20:051][492]LogModuleManager: Shutting down and abandoning module TVOSTargetPlatform (117)
[2019.02.16-15.43.20:052][492]LogModuleManager: Shutting down and abandoning module Messaging (115)
[2019.02.16-15.43.20:052][492]LogModuleManager: Shutting down and abandoning module IOSTargetPlatform (113)
[2019.02.16-15.43.20:052][492]LogModuleManager: Shutting down and abandoning module HTML5TargetPlatform (111)
[2019.02.16-15.43.20:053][492]LogModuleManager: Shutting down and abandoning module AndroidTargetPlatform (109)
[2019.02.16-15.43.20:058][492]LogModuleManager: Shutting down and abandoning module WindowsTargetPlatform (107)
[2019.02.16-15.43.20:058][492]LogModuleManager: Shutting down and abandoning module WindowsServerTargetPlatform (105)
[2019.02.16-15.43.20:058][492]LogModuleManager: Shutting down and abandoning module WindowsNoEditorTargetPlatform (103)
[2019.02.16-15.43.20:058][492]LogModuleManager: Shutting down and abandoning module WindowsClientTargetPlatform (101)
[2019.02.16-15.43.20:058][492]LogModuleManager: Shutting down and abandoning module MacTargetPlatform (99)
[2019.02.16-15.43.20:058][492]LogModuleManager: Shutting down and abandoning module MacServerTargetPlatform (97)
[2019.02.16-15.43.20:059][492]LogModuleManager: Shutting down and abandoning module MacNoEditorTargetPlatform (95)
[2019.02.16-15.43.20:059][492]LogModuleManager: Shutting down and abandoning module MacClientTargetPlatform (93)
[2019.02.16-15.43.20:059][492]LogModuleManager: Shutting down and abandoning module AllDesktopTargetPlatform (91)
[2019.02.16-15.43.20:059][492]LogModuleManager: Shutting down and abandoning module InputCore (88)
[2019.02.16-15.43.20:059][492]LogModuleManager: Shutting down and abandoning module Settings (86)
[2019.02.16-15.43.20:059][492]LogModuleManager: Shutting down and abandoning module PhysXCooking (84)
[2019.02.16-15.43.20:059][492]LogModuleManager: Shutting down and abandoning module OculusHMD (82)
[2019.02.16-15.43.20:059][492]LogModuleManager: Shutting down and abandoning module ExampleDeviceProfileSelector (80)
[2019.02.16-15.43.20:059][492]LogModuleManager: Shutting down and abandoning module LauncherChunkInstaller (78)
[2019.02.16-15.43.20:059][492]LogModuleManager: Shutting down and abandoning module OnlineBlueprintSupport (76)
[2019.02.16-15.43.20:059][492]LogModuleManager: Shutting down and abandoning module OnlineSubsystem (72)
[2019.02.16-15.43.20:101][492]LogModuleManager: Shutting down and abandoning module XMPP (65)
[2019.02.16-15.43.20:102][492]LogModuleManager: Shutting down and abandoning module WebSockets (64)
[2019.02.16-15.43.20:106][492]LogModuleManager: Shutting down and abandoning module HTTP (61)
[2019.02.16-15.43.20:106][492]LogHttp: Display: Http module shutting down, but needs to wait on 1 outstanding Http requests:
[2019.02.16-15.43.20:106][492]LogHttp: Display: 	verb=[POST] url=[https://datarouter.ol.epicgames.com/datarouter/api/v1/public/data?SessionID=%7B0DC74779-46E5-EABD-8AC4-A5B4E049B043%7D&AppID=UEEditor.Rocket.Release&AppVersion=4.20.3-4369336%2B%2B%2BUE4%2BRelease-4.20&UserID=ef7d3e5243b422bdb3e40685b0484be6%7Ce13323db472b437e907144303bb07345%7Ced5ede0c-5b4e-4ea3-a6ef-8328b47ebf76&AppEnvironment=datacollector-binary&UploadType=eteventstream] status=Processing
[2019.02.16-15.43.20:127][492]LogModuleManager: Shutting down and abandoning module SSL (60)
[2019.02.16-15.43.20:128][492]LogModuleManager: Shutting down and abandoning module MagicLeapEmulator (56)
[2019.02.16-15.43.20:128][492]LogModuleManager: Shutting down and abandoning module MagicLeapPrivileges (54)
[2019.02.16-15.43.20:128][492]LogModuleManager: Shutting down and abandoning module MagicLeapIdentity (52)
[2019.02.16-15.43.20:128][492]LogModuleManager: Shutting down and abandoning module MagicLeapHelperVulkan (50)
[2019.02.16-15.43.20:128][492]LogModuleManager: Shutting down and abandoning module MagicLeapHelperOpenGL (48)
[2019.02.16-15.43.20:128][492]LogModuleManager: Shutting down and abandoning module MagicLeapSecureStorage (46)
[2019.02.16-15.43.20:128][492]LogModuleManager: Shutting down and abandoning module MagicLeapGestures (44)
[2019.02.16-15.43.20:128][492]LogModuleManager: Shutting down and abandoning module MagicLeapEyeTracker (42)
[2019.02.16-15.43.20:128][492]LogModuleManager: Shutting down and abandoning module MagicLeapController (40)
[2019.02.16-15.43.20:128][492]LogSlate: Slate User Destroyed.  User Index 0, Is Virtual User: 0
[2019.02.16-15.43.20:128][492]LogModuleManager: Shutting down and abandoning module MagicLeap (38)
[2019.02.16-15.43.20:129][492]LogModuleManager: Shutting down and abandoning module AnimationModifiers (36)
[2019.02.16-15.43.20:129][492]LogModuleManager: Shutting down and abandoning module PropertyEditor (35)
[2019.02.16-15.43.20:129][492]LogModuleManager: Shutting down and abandoning module AudioEditor (32)
[2019.02.16-15.43.20:129][492]LogModuleManager: Shutting down and abandoning module TextureCompressor (30)
[2019.02.16-15.43.20:129][492]LogModuleManager: Shutting down and abandoning module ShaderCore (28)
[2019.02.16-15.43.20:129][492]LogModuleManager: Shutting down and abandoning module Landscape (26)
[2019.02.16-15.43.20:129][492]LogModuleManager: Shutting down and abandoning module SlateRHIRenderer (24)
[2019.02.16-15.43.20:129][492]LogModuleManager: Shutting down and abandoning module OpenGLDrv (22)
[2019.02.16-15.43.20:129][492]LogModuleManager: Shutting down and abandoning module D3D11RHI (20)
[2019.02.16-15.43.20:129][492]LogModuleManager: Shutting down and abandoning module AnimGraphRuntime (18)
[2019.02.16-15.43.20:129][492]LogModuleManager: Shutting down and abandoning module Renderer (16)
[2019.02.16-15.43.20:129][492]LogModuleManager: Shutting down and abandoning module Engine (14)
[2019.02.16-15.43.20:129][492]LogModuleManager: Shutting down and abandoning module CoreUObject (12)
[2019.02.16-15.43.20:130][492]LogModuleManager: Shutting down and abandoning module NetworkFile (10)
[2019.02.16-15.43.20:130][492]LogModuleManager: Shutting down and abandoning module CookedIterativeFile (8)
[2019.02.16-15.43.20:130][492]LogModuleManager: Shutting down and abandoning module StreamingFile (6)
[2019.02.16-15.43.20:130][492]LogModuleManager: Shutting down and abandoning module SandboxFile (4)
[2019.02.16-15.43.20:130][492]LogModuleManager: Shutting down and abandoning module PakFile (2)
[2019.02.16-15.43.20:133][492]LogExit: Exiting.
[2019.02.16-15.43.20:160][492]Log file closed, 02/16/19 16:43:20
