Log file open, 03/21/19 16:14:55
LogWindows: Failed to load 'aqProf.dll' (GetLastError=126)
LogWindows: File 'aqProf.dll' does not exist
LogWindows: Failed to load 'VtuneApi.dll' (GetLastError=126)
LogWindows: File 'VtuneApi.dll' does not exist
LogWindows: Failed to load 'VtuneApi32e.dll' (GetLastError=126)
LogWindows: File 'VtuneApi32e.dll' does not exist
LogInit: Display: Running engine without a game
LogPlatformFile: Not using cached read wrapper
LogInit: Display: Loading recent project file: C:/Users/Malo/Documents/GitHub/ProjetsHub2018/FPSUnreal/PeopleWithGuns/PeopleWithGuns.uproject
LogTaskGraph: Started task graph with 5 named threads and 11 total threads with 3 sets of task threads.
LogStats: Stats thread started at 0.854269
LogD3D11RHI: Loaded GFSDK_Aftermath_Lib.x64.dll
LogICUInternationalization: Display: ICU TimeZone Detection - Raw Offset: +1:00, Platform Override: ''
LogPluginManager: Mounting plugin Paper2D
LogPluginManager: Mounting plugin AISupport
LogPluginManager: Mounting plugin LightPropagationVolume
LogPluginManager: Mounting plugin CLionSourceCodeAccess
LogPluginManager: Mounting plugin CodeLiteSourceCodeAccess
LogPluginManager: Mounting plugin GitSourceControl
LogPluginManager: Mounting plugin KDevelopSourceCodeAccess
LogPluginManager: Mounting plugin NullSourceCodeAccess
LogPluginManager: Mounting plugin PerforceSourceControl
LogPluginManager: Mounting plugin SubversionSourceControl
LogPluginManager: Mounting plugin UObjectPlugin
LogPluginManager: Mounting plugin VisualStudioCodeSourceCodeAccess
LogPluginManager: Mounting plugin VisualStudioSourceCodeAccess
LogPluginManager: Mounting plugin XCodeSourceCodeAccess
LogPluginManager: Mounting plugin AssetManagerEditor
LogPluginManager: Mounting plugin CryptoKeys
LogPluginManager: Mounting plugin DataValidation
LogPluginManager: Mounting plugin FacialAnimation
LogPluginManager: Mounting plugin GameplayTagsEditor
LogPluginManager: Mounting plugin MacGraphicsSwitching
LogPluginManager: Mounting plugin MeshEditor
LogPluginManager: Mounting plugin MobileLauncherProfileWizard
LogPluginManager: Mounting plugin PluginBrowser
LogPluginManager: Mounting plugin SpeedTreeImporter
LogPluginManager: Mounting plugin DatasmithContent
LogPluginManager: Mounting plugin AlembicImporter
LogPluginManager: Mounting plugin AppleImageUtils
LogPluginManager: Mounting plugin AppleVision
LogPluginManager: Mounting plugin BackChannel
LogPluginManager: Mounting plugin CharacterAI
LogPluginManager: Mounting plugin GeometryCache
LogPluginManager: Mounting plugin HTML5Networking
LogPluginManager: Mounting plugin ProxyLODPlugin
LogPluginManager: Mounting plugin MagicLeap
LogPluginManager: Mounting plugin MagicLeapEmulator
LogPluginManager: Mounting plugin MagicLeapMedia
LogPluginManager: Mounting plugin AndroidMedia
LogPluginManager: Mounting plugin AvfMedia
LogPluginManager: Mounting plugin ImgMedia
LogPluginManager: Mounting plugin LinearTimecode
LogPluginManager: Mounting plugin MediaCompositing
LogPluginManager: Mounting plugin MediaPlayerEditor
LogPluginManager: Mounting plugin WmfMedia
LogPluginManager: Mounting plugin TcpMessaging
LogPluginManager: Mounting plugin UdpMessaging
LogPluginManager: Mounting plugin ActorSequence
LogPluginManager: Mounting plugin LevelSequenceEditor
LogPluginManager: Mounting plugin MatineeToLevelSequence
LogPluginManager: Mounting plugin NetcodeUnitTest
LogPluginManager: Mounting plugin NUTUnrealEngine4
LogPluginManager: Mounting plugin OnlineSubsystemGooglePlay
LogPluginManager: Mounting plugin OnlineSubsystemIOS
LogPluginManager: Mounting plugin OnlineSubsystem
LogPluginManager: Mounting plugin OnlineSubsystemNull
LogPluginManager: Mounting plugin OnlineSubsystemSteam
LogPluginManager: Mounting plugin OnlineSubsystemUtils
LogPluginManager: Mounting plugin LauncherChunkInstaller
LogPluginManager: Mounting plugin AndroidDeviceProfileSelector
LogPluginManager: Mounting plugin AndroidMoviePlayer
LogPluginManager: Mounting plugin AndroidPermission
LogPluginManager: Mounting plugin AppleMoviePlayer
LogPluginManager: Mounting plugin ArchVisCharacter
LogPluginManager: Mounting plugin AudioCapture
LogPluginManager: Mounting plugin CableComponent
LogPluginManager: Mounting plugin CustomMeshComponent
LogPluginManager: Mounting plugin EditableMesh
LogPluginManager: Mounting plugin ExampleDeviceProfileSelector
LogPluginManager: Mounting plugin GoogleCloudMessaging
LogPluginManager: Mounting plugin ImmediatePhysics
LogPluginManager: Mounting plugin IOSDeviceProfileSelector
LogPluginManager: Mounting plugin LinuxDeviceProfileSelector
LogPluginManager: Mounting plugin LocationServicesBPLibrary
LogPluginManager: Mounting plugin MobilePatchingUtils
LogPluginManager: Mounting plugin OculusVR
LogPluginManager: Plugin shader directory ../../../Engine/Plugins/Runtime/Oculus/OculusVR/Shaders found
LogPluginManager: Mapping shader source directory ../../../Engine/Plugins/Runtime/Oculus/OculusVR/Shaders to virtual directory /Plugin/OculusVR
LogPluginManager: Mounting plugin PhysXVehicles
LogPluginManager: Mounting plugin ProceduralMeshComponent
LogPluginManager: Mounting plugin RuntimePhysXCooking
LogPluginManager: Mounting plugin WindowsMoviePlayer
LogStreaming: Display: Took  0.206s to configure plugins.
LogInit: Using libcurl 7.55.1-DEV
LogInit:  - built for x86_64-pc-win32
LogInit:  - supports SSL with OpenSSL/1.0.2h
LogInit:  - supports HTTP deflate (compression) using libz 1.2.8
LogInit:  - other features:
LogInit:      CURL_VERSION_SSL
LogInit:      CURL_VERSION_LIBZ
LogInit:      CURL_VERSION_IPV6
LogInit:      CURL_VERSION_ASYNCHDNS
LogInit:      CURL_VERSION_LARGEFILE
LogInit:      CURL_VERSION_IDN
LogInit:  CurlRequestOptions (configurable via config and command line):
LogInit:  - bVerifyPeer = false  - Libcurl will NOT verify peer certificate
LogInit:  - bUseHttpProxy = false  - Libcurl will NOT use HTTP proxy
LogInit:  - bDontReuseConnections = false  - Libcurl will reuse connections
LogInit:  - CertBundlePath = nullptr  - Libcurl will use whatever was configured at build time.
LogInit:  - MaxHostConnections = 16  - Libcurl will limit the number of connections to a host
LogInit:  - LocalHostAddr = Default
LogInit:  - BufferSize = 65536
LogOnline: Display: STEAM: Loading Steam SDK 1.39
LogOnline: Warning: STEAM: Steam API disabled!
LogOnline: Display: STEAM: OnlineSubsystemSteam::Shutdown()
LogInit: WinSock: version 1.1 (2.2), MaxSocks=32767, MaxUdp=65467
LogInit: Build: ++UE4+Release-4.20-CL-4369336
LogInit: Engine Version: 4.20.3-4369336+++UE4+Release-4.20
LogInit: Compatible Engine Version: 4.20.0-4212847+++UE4+Release-4.20
LogInit: Net CL: 4212847
LogInit: OS: Windows 10 (), CPU: Intel(R) Core(TM) i7-6500U CPU @ 2.50GHz, GPU: Intel(R) HD Graphics 520
LogInit: Compiled (64-bit): Sep 17 2018 12:26:19
LogInit: Compiled with Visual C++: 19.13.26129.00
LogInit: Build Configuration: Development
LogInit: Branch Name: ++UE4+Release-4.20
LogInit: Command Line: -EpicPortal  -epicusername="Hookibibi" -epicuserid=e13323db472b437e907144303bb07345 -epiclocale=fr-FR
LogInit: Base Directory: R:/UE_4.20/Engine/Binaries/Win64/
LogInit: Installed Engine Build: 1
LogDevObjectVersion: Number of dev versions registered: 20
LogDevObjectVersion:   Dev-Blueprints (B0D832E4-1F89-4F0D-ACCF-7EB736FD4AA2): 10
LogDevObjectVersion:   Dev-Build (E1C64328-A22C-4D53-A36C-8E866417BD8C): 0
LogDevObjectVersion:   Dev-Core (375EC13C-06E4-48FB-B500-84F0262A717E): 2
LogDevObjectVersion:   Dev-Editor (E4B068ED-F494-42E9-A231-DA0B2E46BB41): 24
LogDevObjectVersion:   Dev-Framework (CFFC743F-43B0-4480-9391-14DF171D2073): 34
LogDevObjectVersion:   Dev-Mobile (B02B49B5-BB20-44E9-A304-32B752E40360): 2
LogDevObjectVersion:   Dev-Networking (A4E4105C-59A1-49B5-A7C5-40C4547EDFEE): 0
LogDevObjectVersion:   Dev-Online (39C831C9-5AE6-47DC-9A44-9C173E1C8E7C): 0
LogDevObjectVersion:   Dev-Physics (78F01B33-EBEA-4F98-B9B4-84EACCB95AA2): 0
LogDevObjectVersion:   Dev-Platform (6631380F-2D4D-43E0-8009-CF276956A95A): 0
LogDevObjectVersion:   Dev-Rendering (12F88B9F-8875-4AFC-A67C-D90C383ABD29): 26
LogDevObjectVersion:   Dev-Sequencer (7B5AE74C-D270-4C10-A958-57980B212A5A): 9
LogDevObjectVersion:   Dev-VR (D7296918-1DD6-4BDD-9DE2-64A83CC13884): 2
LogDevObjectVersion:   Dev-LoadTimes (C2A15278-BFE7-4AFE-6C17-90FF531DF755): 1
LogDevObjectVersion:   Private-Geometry (6EACA3D4-40EC-4CC1-B786-8BED09428FC5): 3
LogDevObjectVersion:   Dev-AnimPhys (29E575DD-E0A3-4627-9D10-D276232CDCEA): 17
LogDevObjectVersion:   Dev-ReflectionCapture (6B266CEC-1EC7-4B8F-A30B-E4D90942FC07): 1
LogDevObjectVersion:   Dev-Automation (0DF73D61-A23F-47EA-B727-89E90C41499A): 1
LogDevObjectVersion:   FortniteMain (601D1886-AC64-4F84-AA16-D3DE0DEAC7D6): 12
LogDevObjectVersion:   Dev-Enterprise (9DFFBCD6-494F-0158-E221-12823C92A888): 1
LogStreaming: Display: Took  0.015s to delete old logs.
LogInit: Presizing for max 8388607 objects, including 0 objects not considered by GC, pre-allocating 0 bytes for permanent pool.
LogInit: Object subsystem initialized
[2019.03.21-15.14.56:689][  0]LogInit: Selected Device Profile: [Windows]
[2019.03.21-15.14.56:689][  0]LogInit: Applying CVar settings loaded from the selected device profile: [Windows]
[2019.03.21-15.14.56:725][  0]LogHAL: Display: Platform has ~ 8 GB [8464732160 / 8589934592 / 8], which maps to Default [LargestMinGB=32, LargerMinGB=12, DefaultMinGB=8, SmallerMinGB=6, SmallestMinGB=0)
[2019.03.21-15.14.56:726][  0]LogInit: Setting Device Profile CVar: [[r.Vulkan.UseRealUBs:1]]
[2019.03.21-15.14.56:726][  0]LogInit: Going up to parent DeviceProfile []
[2019.03.21-15.14.56:730][  0]LogInit: Computer: DESKTOP-FT66DED
[2019.03.21-15.14.56:730][  0]LogInit: User: Malo
[2019.03.21-15.14.56:730][  0]LogInit: CPU Page size=4096, Cores=2
[2019.03.21-15.14.56:730][  0]LogInit: High frequency timer resolution =10.000000 MHz
[2019.03.21-15.14.56:731][  0]LogMemory: Memory total: Physical=7.9GB (8GB approx)
[2019.03.21-15.14.56:731][  0]LogMemory: Platform Memory Stats for Windows
[2019.03.21-15.14.56:731][  0]LogMemory: Process Physical Memory: 101.73 MB used, 101.73 MB peak
[2019.03.21-15.14.56:731][  0]LogMemory: Process Virtual Memory: 92.13 MB used, 92.13 MB peak
[2019.03.21-15.14.56:731][  0]LogMemory: Physical Memory: 5468.43 MB used,  2604.17 MB free, 8072.60 MB total
[2019.03.21-15.14.56:731][  0]LogMemory: Virtual Memory: 4624.76 MB used,  2604.17 MB free, 134217728.00 MB total
[2019.03.21-15.14.57:011][  0]LogInit: Using OS detected language (fr-FR).
[2019.03.21-15.14.57:011][  0]LogInit: Using OS detected locale (fr-FR).
[2019.03.21-15.14.57:017][  0]LogTextLocalizationManager: No specific localization for 'fr-FR' exists, so the 'fr' localization will be used.
[2019.03.21-15.14.57:061][  0]LogStreaming: Display: Took  0.050s to InitEngineTextLocalization.
[2019.03.21-15.14.57:062][  0]LogInit: Setting process to per monitor DPI aware
[2019.03.21-15.14.57:213][  0]LogSlate: New Slate User Created.  User Index 0, Is Virtual User: 0
[2019.03.21-15.14.57:213][  0]LogSlate: Slate User Registered.  User Index 0, Is Virtual User: 0
[2019.03.21-15.15.00:534][  0]LogD3D11RHI: D3D11 adapters:
[2019.03.21-15.15.00:546][  0]LogD3D11RHI:    0. 'Intel(R) HD Graphics 520' (Feature Level 11_0)
[2019.03.21-15.15.00:547][  0]LogD3D11RHI:       128/0/4036 MB DedicatedVideo/DedicatedSystem/SharedSystem, Outputs:1, VendorId:0x8086
[2019.03.21-15.15.00:551][  0]LogD3D11RHI:    1. 'Microsoft Basic Render Driver' (Feature Level 11_0)
[2019.03.21-15.15.00:551][  0]LogD3D11RHI:       0/0/4036 MB DedicatedVideo/DedicatedSystem/SharedSystem, Outputs:0, VendorId:0x1414
[2019.03.21-15.15.00:551][  0]LogD3D11RHI: Chosen D3D11 Adapter: 0
[2019.03.21-15.15.00:558][  0]LogD3D11RHI: Creating new Direct3DDevice
[2019.03.21-15.15.00:558][  0]LogD3D11RHI:     GPU DeviceId: 0x1916 (for the marketing name, search the web for "GPU Device Id")
[2019.03.21-15.15.00:558][  0]LogWindows: EnumDisplayDevices:
[2019.03.21-15.15.00:558][  0]LogWindows:    0. 'Intel(R) HD Graphics 520' (P:1 D:1)
[2019.03.21-15.15.00:559][  0]LogWindows:    1. 'Intel(R) HD Graphics 520' (P:0 D:0)
[2019.03.21-15.15.00:559][  0]LogWindows:    2. 'Intel(R) HD Graphics 520' (P:0 D:0)
[2019.03.21-15.15.00:559][  0]LogWindows: DebugString: FoundDriverCount:3 
[2019.03.21-15.15.00:559][  0]LogD3D11RHI:     Adapter Name: Intel(R) HD Graphics 520
[2019.03.21-15.15.00:559][  0]LogD3D11RHI:   Driver Version: 22.20.16.4771 (internal:22.20.16.4771, unified:22.20.16.4771)
[2019.03.21-15.15.00:559][  0]LogD3D11RHI:      Driver Date: 8-13-2017
[2019.03.21-15.15.00:559][  0]LogRHI: Texture pool is 1502 MB (70% of 2146 MB)
[2019.03.21-15.15.00:570][  0]LogD3D11RHI: Async texture creation enabled
[2019.03.21-15.15.00:594][  0]LogD3D11RHI: GPU Timing Frequency: 12.000000 (Debug: 2 0)
[2019.03.21-15.15.00:599][  0]LogShaderCompilers: Guid format shader working directory is -26 characters bigger than the processId version (C:/Users/Malo/Documents/GitHub/ProjetsHub2018/FPSUnreal/PeopleWithGuns/Intermediate/Shaders/WorkingDirectory/11456/).
[2019.03.21-15.15.00:600][  0]LogShaderCompilers: Cleaned the shader compiler working directory 'C:/Users/Malo/AppData/Local/Temp/UnrealShaderWorkingDir/C16374174C218066E91F13887E3D4EDB/'.
[2019.03.21-15.15.01:747][  0]LogTemp: Display: Loaded TP AllDesktopTargetPlatform
[2019.03.21-15.15.01:788][  0]LogTemp: Display: Loaded TP MacClientTargetPlatform
[2019.03.21-15.15.01:835][  0]LogTemp: Display: Loaded TP MacNoEditorTargetPlatform
[2019.03.21-15.15.01:880][  0]LogTemp: Display: Loaded TP MacServerTargetPlatform
[2019.03.21-15.15.01:916][  0]LogTemp: Display: Loaded TP MacTargetPlatform
[2019.03.21-15.15.01:945][  0]LogTemp: Display: Loaded TP WindowsClientTargetPlatform
[2019.03.21-15.15.01:974][  0]LogTemp: Display: Loaded TP WindowsNoEditorTargetPlatform
[2019.03.21-15.15.02:003][  0]LogTemp: Display: Loaded TP WindowsServerTargetPlatform
[2019.03.21-15.15.02:025][  0]LogTemp: Display: Loaded TP WindowsTargetPlatform
[2019.03.21-15.15.02:160][  0]LogTemp: Display: Loaded TP AndroidTargetPlatform
[2019.03.21-15.15.02:160][  0]LogTemp: Display: Loaded TP AndroidTargetPlatform
[2019.03.21-15.15.02:160][  0]LogTemp: Display: Loaded TP AndroidTargetPlatform
[2019.03.21-15.15.02:160][  0]LogTemp: Display: Loaded TP AndroidTargetPlatform
[2019.03.21-15.15.02:160][  0]LogTemp: Display: Loaded TP AndroidTargetPlatform
[2019.03.21-15.15.02:160][  0]LogTemp: Display: Loaded TP AndroidTargetPlatform
[2019.03.21-15.15.02:160][  0]LogTemp: Display: Loaded TP AndroidTargetPlatform
[2019.03.21-15.15.02:160][  0]LogTemp: Display: Loaded TP AndroidTargetPlatform
[2019.03.21-15.15.02:160][  0]LogTemp: Display: Loaded TP AndroidTargetPlatform
[2019.03.21-15.15.02:160][  0]LogTemp: Display: Loaded TP AndroidTargetPlatform
[2019.03.21-15.15.02:160][  0]LogTemp: Display: Loaded TP AndroidTargetPlatform
[2019.03.21-15.15.02:160][  0]LogTemp: Display: Loaded TP AndroidTargetPlatform
[2019.03.21-15.15.02:160][  0]LogTemp: Display: Loaded TP AndroidTargetPlatform
[2019.03.21-15.15.02:160][  0]LogTemp: Display: Loaded TP AndroidTargetPlatform
[2019.03.21-15.15.02:160][  0]LogTemp: Display: Loaded TP AndroidTargetPlatform
[2019.03.21-15.15.02:160][  0]LogTemp: Display: Loaded TP AndroidTargetPlatform
[2019.03.21-15.15.02:160][  0]LogTemp: Display: Loaded TP AndroidTargetPlatform
[2019.03.21-15.15.02:160][  0]LogTemp: Display: Loaded TP AndroidTargetPlatform
[2019.03.21-15.15.02:177][  0]LogTemp: Display: Loaded TP HTML5TargetPlatform
[2019.03.21-15.15.02:305][  0]LogTemp: Display: Loaded TP IOSTargetPlatform
[2019.03.21-15.15.02:305][  0]LogTemp: Display: Loaded TP IOSTargetPlatform
[2019.03.21-15.15.02:345][  0]LogTemp: Display: Loaded TP TVOSTargetPlatform
[2019.03.21-15.15.02:345][  0]LogTemp: Display: Loaded TP TVOSTargetPlatform
[2019.03.21-15.15.02:375][  0]LogTemp: Display: Loaded TP LinuxClientTargetPlatform
[2019.03.21-15.15.02:404][  0]LogTemp: Display: Loaded TP LinuxNoEditorTargetPlatform
[2019.03.21-15.15.02:431][  0]LogTemp: Display: Loaded TP LinuxServerTargetPlatform
[2019.03.21-15.15.02:468][  0]LogTemp: Display: Loaded TP LinuxTargetPlatform
[2019.03.21-15.15.02:492][  0]LogTemp: Display: Loaded TP LuminTargetPlatform
[2019.03.21-15.15.02:492][  0]LogTargetPlatformManager: Display: Building Assets For Windows
[2019.03.21-15.15.02:936][  0]LogXGEController: Cleaning working directory: C:/Users/Malo/AppData/Local/Temp/UnrealXGEWorkingDir/
[2019.03.21-15.15.02:937][  0]LogXGEController: Cannot use XGE Controller as Incredibuild is not installed on this machine.
[2019.03.21-15.15.02:937][  0]LogShaderCompilers: Cannot use XGE Shader Compiler as Incredibuild is not installed on this machine.
[2019.03.21-15.15.02:937][  0]LogShaderCompilers: Display: Using Local Shader Compiler.
[2019.03.21-15.15.05:786][  0]LogDerivedDataCache: Display: Max Cache Size: 512 MB
[2019.03.21-15.15.06:204][  0]LogDerivedDataCache: Loaded boot cache 0.42s 70MB C:/Users/Malo/AppData/Local/UnrealEngine/4.20/DerivedDataCache/Boot.ddc.
[2019.03.21-15.15.06:205][  0]LogDerivedDataCache: Display: Loaded Boot cache: C:/Users/Malo/AppData/Local/UnrealEngine/4.20/DerivedDataCache/Boot.ddc
[2019.03.21-15.15.06:206][  0]LogDerivedDataCache: FDerivedDataBackendGraph:  Pak pak cache file C:/Users/Malo/Documents/GitHub/ProjetsHub2018/FPSUnreal/PeopleWithGuns/DerivedDataCache/DDC.ddp not found, will not use a pak cache.
[2019.03.21-15.15.06:206][  0]LogDerivedDataCache: Unable to find inner node Pak for hierarchical cache Hierarchy.
[2019.03.21-15.15.06:206][  0]LogDerivedDataCache: FDerivedDataBackendGraph:  CompressedPak pak cache file C:/Users/Malo/Documents/GitHub/ProjetsHub2018/FPSUnreal/PeopleWithGuns/DerivedDataCache/Compressed.ddp not found, will not use a pak cache.
[2019.03.21-15.15.06:206][  0]LogDerivedDataCache: Unable to find inner node CompressedPak for hierarchical cache Hierarchy.
[2019.03.21-15.15.06:246][  0]LogDerivedDataCache: Display: Pak cache opened for reading ../../../Engine/DerivedDataCache/Compressed.ddp.
[2019.03.21-15.15.06:260][  0]LogDerivedDataCache: Using Local data cache path C:/Users/Malo/AppData/Local/UnrealEngine/Common/DerivedDataCache: Writable
[2019.03.21-15.15.06:260][  0]LogDerivedDataCache: Shared data cache path not found in *engine.ini, will not use an Shared cache.
[2019.03.21-15.15.06:260][  0]LogDerivedDataCache: Unable to find inner node Shared for hierarchical cache Hierarchy.
[2019.03.21-15.15.06:291][  0]LogMaterial: Verifying Global Shaders for PCD3D_SM5
[2019.03.21-15.15.06:297][  0]LogSlate: Using FreeType 2.6.0
[2019.03.21-15.15.06:320][  0]LogSlate: SlateFontServices - WITH_FREETYPE: 1, WITH_HARFBUZZ: 1
[2019.03.21-15.15.06:686][  0]LogAssetRegistry: FAssetRegistry took 0.0323 seconds to start up
[2019.03.21-15.15.07:291][  0]LogInit: Selected Device Profile: [Windows]
[2019.03.21-15.15.07:682][  0]LogSimplygon: Simplygon DLL not present - disabling.
[2019.03.21-15.15.07:727][  0]LogMeshReduction: Using SimplygonSwarm for distributed automatic mesh merging
[2019.03.21-15.15.07:727][  0]LogMeshReduction: Using ProxyLODMeshReduction for automatic mesh merging
[2019.03.21-15.15.07:728][  0]LogMeshReduction: Using QuadricMeshReduction for automatic static mesh reduction
[2019.03.21-15.15.07:728][  0]LogMeshReduction: No automatic skeletal mesh reduction module available
[2019.03.21-15.15.07:915][  0]LogNetVersion: PeopleWithGuns 1.0.0, NetCL: 4212847, EngineNetVer: 5, GameNetVer: 0 (Checksum: 1271298656)
[2019.03.21-15.15.09:720][  0]LogPackageLocalizationCache: Processed 10 localized package path(s) for 2 prioritized culture(s) in 0.156689 seconds
[2019.03.21-15.15.09:730][  0]LogUObjectArray: 38209 objects as part of root set at end of initial load.
[2019.03.21-15.15.09:730][  0]LogUObjectAllocator: 6663656 out of 0 bytes used by permanent object pool.
[2019.03.21-15.15.09:730][  0]LogUObjectArray: CloseDisregardForGC: 0/0 objects in disregard for GC pool
[2019.03.21-15.15.15:314][  0]LogTcpMessaging: Initializing TcpMessaging bridge
[2019.03.21-15.15.15:343][  0]LogUdpMessaging: Initializing bridge on interface 0.0.0.0:0 to multicast group 230.0.0.1:6666.
[2019.03.21-15.15.16:108][  0]SourceControl: Source control is disabled
[2019.03.21-15.15.16:108][  0]SourceControl: Source control is disabled
[2019.03.21-15.15.16:133][  0]SourceControl: Source control is disabled
[2019.03.21-15.15.16:151][  0]SourceControl: Source control is disabled
[2019.03.21-15.15.17:264][  0]LogAndroidPermission: UAndroidPermissionCallbackProxy::GetInstance
[2019.03.21-15.15.17:614][  0]LogOcInput: OculusInput pre-init called
[2019.03.21-15.15.17:885][  0]LogEngine: Initializing Engine...
[2019.03.21-15.15.17:895][  0]LogStats: UGameplayTagsManager::ConstructGameplayTagTree: ImportINI prefixes -  0.000 s
[2019.03.21-15.15.17:895][  0]LogStats: UGameplayTagsManager::ConstructGameplayTagTree: Construct from data asset -  0.000 s
[2019.03.21-15.15.17:896][  0]LogStats: UGameplayTagsManager::ConstructGameplayTagTree: ImportINI -  0.001 s
[2019.03.21-15.15.17:896][  0]LogStats: UGameplayTagsManager::ConstructGameplayTagTree: GameplayTagTreeChangedEvent.Broadcast -  0.000 s
[2019.03.21-15.15.18:482][  0]LogInit: Initializing FReadOnlyCVARCache
[2019.03.21-15.15.18:603][  0]LogAIModule: Creating AISystem for world Untitled
[2019.03.21-15.15.18:680][  0]LogInit: XAudio2 using 'Casque (Conexant ISST Audio)' : 2 channels at 48 kHz using 32 bits per sample (channel mask 0x3)
[2019.03.21-15.15.18:757][  0]LogInit: FAudioDevice initialized.
[2019.03.21-15.15.18:759][  0]LogNetVersion: Set ProjectVersion to 1.0.0.0. Version Checksum will be recalculated on next use.
[2019.03.21-15.15.18:844][  0]LogDerivedDataCache: Saved boot cache 0.08s 70MB C:/Users/Malo/AppData/Local/UnrealEngine/4.20/DerivedDataCache/Boot.ddc.
[2019.03.21-15.15.18:860][  0]LogInit: Texture streaming: Enabled
[2019.03.21-15.15.18:952][  0]LogEngineSessionManager: EngineSessionManager initialized
[2019.03.21-15.15.19:008][  0]LogInit: Transaction tracking system initialized
[2019.03.21-15.15.19:150][  0]BlueprintLog: New page: Editor Load
[2019.03.21-15.15.19:725][  0]LocalizationService: Localization service is disabled
[2019.03.21-15.15.20:902][  0]LogCook: Display: Max memory allowance for cook 16384mb min free memory 0mb
[2019.03.21-15.15.20:903][  0]LogCook: Display: Mobile HDR setting 1
[2019.03.21-15.15.20:904][  0]LogGameplayTags: Display: UGameplayTagsManager::DoneAddingNativeTags. DelegateIsBound: 0
[2019.03.21-15.15.20:904][  0]LogStats: UGameplayTagsManager::ConstructGameplayTagTree: ImportINI prefixes -  0.000 s
[2019.03.21-15.15.20:904][  0]LogStats: UGameplayTagsManager::ConstructGameplayTagTree: Construct from data asset -  0.000 s
[2019.03.21-15.15.20:904][  0]LogStats: UGameplayTagsManager::ConstructGameplayTagTree: ImportINI -  0.000 s
[2019.03.21-15.15.20:904][  0]LogStats: UGameplayTagsManager::ConstructGameplayTagTree: GameplayTagTreeChangedEvent.Broadcast -  0.000 s
[2019.03.21-15.15.21:578][  0]LogFileCache: Scanning file cache for directory 'C:/Users/Malo/Documents/GitHub/ProjetsHub2018/FPSUnreal/PeopleWithGuns/Content/' took 0.08s
[2019.03.21-15.15.21:785][  0]SourceControl: Source control is disabled
[2019.03.21-15.15.21:786][  0]Cmd: MAP LOAD FILE="C:/Users/Malo/Documents/GitHub/ProjetsHub2018/FPSUnreal/PeopleWithGuns/Content/ThirdPersonBP/Maps/MainMenu.umap" TEMPLATE=0 SHOWPROGRESS=1 FEATURELEVEL=3
[2019.03.21-15.15.21:794][  0]LightingResults: New page: Lighting Build
[2019.03.21-15.15.21:812][  0]MapCheck: New page: Map Check
[2019.03.21-15.15.21:812][  0]LightingResults: New page: Lighting Build
[2019.03.21-15.15.22:449][  0]LogAIModule: Creating AISystem for world MainMenu
[2019.03.21-15.15.22:456][  0]LogEditorServer: Finished looking for orphan Actors (0.000 secs)
[2019.03.21-15.15.22:491][  0]Cmd: MAP CHECKDEP NOCLEARLOG
[2019.03.21-15.15.22:559][  0]MapCheck: Map check complete: 0 Error(s), 0 Warning(s), took 67,574ms to complete.
[2019.03.21-15.15.22:564][  0]LogFileHelpers: Loading map 'MainMenu' took 0.778
[2019.03.21-15.15.22:768][  0]LogSlate: Updating window title bar state: overlay mode, drag disabled, window buttons hidden, title bar hidden
[2019.03.21-15.15.22:780][  0]LogSlate: Updating window title bar state: overlay mode, drag disabled, window buttons hidden, title bar hidden
[2019.03.21-15.15.22:791][  0]LogSlate: Updating window title bar state: overlay mode, drag disabled, window buttons hidden, title bar hidden
[2019.03.21-15.15.22:802][  0]LogSlate: Updating window title bar state: overlay mode, drag disabled, window buttons hidden, title bar hidden
[2019.03.21-15.15.22:828][  0]LogCollectionManager: Loaded 0 collections in 0.001524 seconds
[2019.03.21-15.15.22:877][  0]LogFileCache: Scanning file cache for directory 'C:/Users/Malo/Documents/GitHub/ProjetsHub2018/FPSUnreal/PeopleWithGuns/Saved/Collections/' took 0.01s
[2019.03.21-15.15.22:877][  0]LogFileCache: Scanning file cache for directory 'C:/Users/Malo/Documents/GitHub/ProjetsHub2018/FPSUnreal/PeopleWithGuns/Content/Developers/Malo/Collections/' took 0.01s
[2019.03.21-15.15.22:877][  0]LogFileCache: Scanning file cache for directory 'C:/Users/Malo/Documents/GitHub/ProjetsHub2018/FPSUnreal/PeopleWithGuns/Content/Collections/' took 0.01s
[2019.03.21-15.15.22:877][  0]LogCollectionManager: Rebuilt the GUID cache for 0 collections in 0.000001 seconds
[2019.03.21-15.15.22:889][  0]LogContentBrowser: Native class hierarchy populated in 0.0118 seconds. Added 2572 classes and 602 folders.
[2019.03.21-15.15.22:900][  0]LogContentBrowser: Native class hierarchy updated for 'WidgetCarousel' in 0.0003 seconds. Added 0 classes and 0 folders.
[2019.03.21-15.15.23:444][  0]LogContentBrowser: Native class hierarchy updated for 'AddContentDialog' in 0.0003 seconds. Added 0 classes and 0 folders.
[2019.03.21-15.15.23:465][  0]LogContentBrowser: Native class hierarchy updated for 'SceneOutliner' in 0.0003 seconds. Added 1 classes and 2 folders.
[2019.03.21-15.15.23:673][  0]LogSlate: Took 0.010156 seconds to synchronously load lazily loaded font '../../../Engine/Content/Slate/Fonts/Roboto-Regular.ttf' (155K)
[2019.03.21-15.15.23:693][  0]LogSlate: Took 0.008925 seconds to synchronously load lazily loaded font '../../../Engine/Content/Slate/Fonts/Roboto-Bold.ttf' (160K)
[2019.03.21-15.15.23:708][  0]LogSlate: Took 0.008417 seconds to synchronously load lazily loaded font '../../../Engine/Content/Editor/Slate/Fonts/FontAwesome.ttf' (139K)
[2019.03.21-15.15.23:888][  0]LogRenderer: Reallocating scene render targets to support 1528x536 Format 9 NumSamples 1 (Frame:1).
[2019.03.21-15.15.25:171][  0]LogContentBrowser: Native class hierarchy updated for 'HierarchicalLODOutliner' in 0.0005 seconds. Added 0 classes and 0 folders.
[2019.03.21-15.15.25:171][  0]LogLoad: (Engine Initialization) Total time: 34.86 seconds
[2019.03.21-15.15.25:171][  0]LogLoad: (Engine Initialization) Total Blueprint compile time: 0.00 seconds
[2019.03.21-15.15.25:189][  0]Cmd: ACTOR HIDE SELECTED
[2019.03.21-15.15.25:230][  0]LogSlate: FSceneViewport::OnFocusLost() reason 2
[2019.03.21-15.15.25:231][  0]LogWindowsTextInputMethodSystem: Display: IME system now deactivated.
[2019.03.21-15.15.25:265][  0]LogContentStreaming: Texture pool size now 800 MB
[2019.03.21-15.15.25:369][  0]LogRenderer: Reallocating scene render targets to support 1528x552 Format 9 NumSamples 1 (Frame:2).
[2019.03.21-15.15.25:369][  0]LogSlate: Took 0.007289 seconds to synchronously load lazily loaded font '../../../Engine/Content/Slate/Fonts/Roboto-Light.ttf' (167K)
[2019.03.21-15.15.25:847][  3]LogAssetRegistry: Asset discovery search completed in 19.1850 seconds
[2019.03.21-15.15.25:852][  3]LogCollectionManager: Rebuilt the object cache for 0 collections in 0.000001 seconds (found 0 objects)
[2019.03.21-15.15.25:852][  3]LogCollectionManager: Fixed up redirectors for 0 collections in 0.000623 seconds (updated 0 objects)
[2019.03.21-15.40.56:288][661]LogSlate: FSceneViewport::OnFocusLost() reason 0
[2019.03.21-15.40.59:866][728]LogSlate: Took 0.000534 seconds to synchronously load lazily loaded font '../../../Engine/Content/Slate/Fonts/Roboto-Light.ttf' (167K)
[2019.03.21-15.40.59:878][728]LogAssetEditorManager: Opening Asset editor for Blueprint /Game/ThirdPersonBP/Blueprints/Character/ThirdPersonCharacter.ThirdPersonCharacter
[2019.03.21-15.41.00:758][728]LogContentBrowser: Native class hierarchy updated for 'BlueprintGraph' in 0.0012 seconds. Added 116 classes and 0 folders.
[2019.03.21-15.41.02:413][728]LogSlate: Took 0.006847 seconds to synchronously load lazily loaded font '../../../Engine/Content/Slate/Fonts/Roboto-BoldCondensed.ttf' (158K)
[2019.03.21-15.41.03:744][729]LogSlate: Took 0.007403 seconds to synchronously load lazily loaded font '../../../Engine/Content/Slate/Fonts/Roboto-Italic.ttf' (157K)
[2019.03.21-16.25.13:991][187]BlueprintLog: New page: Compile ThirdPersonCharacter
[2019.03.21-16.25.15:287][187]LogSavePackage: Moving 'C:/Users/Malo/Documents/GitHub/ProjetsHub2018/FPSUnreal/PeopleWithGuns/Saved/ThirdPersonCharacter8A56BF9F40632F3BE2F7498325A55ED0.tmp' to 'C:/Users/Malo/Documents/GitHub/ProjetsHub2018/FPSUnreal/PeopleWithGuns/Content/ThirdPersonBP/Blueprints/Character/ThirdPersonCharacter.uasset'
[2019.03.21-16.25.16:731][211]LogSlate: FSceneViewport::OnFocusLost() reason 0
[2019.03.21-16.25.32:312][784]BlueprintLog: New page: Compile ThirdPersonCharacter
[2019.03.21-16.25.33:184][784]LogSavePackage: Moving 'C:/Users/Malo/Documents/GitHub/ProjetsHub2018/FPSUnreal/PeopleWithGuns/Saved/ThirdPersonCharacterA4A4FC6A49138E667B5D59BE10C441D2.tmp' to 'C:/Users/Malo/Documents/GitHub/ProjetsHub2018/FPSUnreal/PeopleWithGuns/Content/ThirdPersonBP/Blueprints/Character/ThirdPersonCharacter.uasset'
[2019.03.21-16.25.35:265][833]LogSlate: FSceneViewport::OnFocusLost() reason 0
[2019.03.21-16.26.24:619][837]LogFileHelpers: Editor autosave (incl. sublevels) for '/Game/ThirdPersonBP/Maps/MainMenu' took 0.036
[2019.03.21-16.26.24:623][837]OBJ SavePackage: Generating thumbnails for [1] asset(s) in package [/Game/ThirdPersonBP/Blueprints/Character/ThirdPersonCharacter] ([1] browsable assets)...
[2019.03.21-16.26.24:656][837]OBJ SavePackage:     Rendered thumbnail for [Blueprint /Game/ThirdPersonBP/Blueprints/Character/ThirdPersonCharacter.ThirdPersonCharacter]
[2019.03.21-16.26.24:656][837]OBJ SavePackage: Finished generating thumbnails for package [/Game/ThirdPersonBP/Blueprints/Character/ThirdPersonCharacter]
[2019.03.21-16.26.24:957][837]LogSavePackage: Moving 'C:/Users/Malo/Documents/GitHub/ProjetsHub2018/FPSUnreal/PeopleWithGuns/Saved/ThirdPersonCharacter_Auto1F8A5D4514884F2D9CEE71C8179B17AD4.tmp' to 'C:/Users/Malo/Documents/GitHub/ProjetsHub2018/FPSUnreal/PeopleWithGuns/Saved/Autosaves/Game/ThirdPersonBP/Blueprints/Character/ThirdPersonCharacter_Auto1.uasset'
[2019.03.21-16.26.24:960][837]LogFileHelpers: Auto-saving content packages took 0.339
[2019.03.21-16.58.19:426][113]LogFileHelpers: Editor autosave (incl. sublevels) for '/Game/ThirdPersonBP/Maps/MainMenu' took 0.365
[2019.03.21-16.58.19:430][113]OBJ SavePackage: Generating thumbnails for [1] asset(s) in package [/Game/ThirdPersonBP/Blueprints/Character/ThirdPersonCharacter] ([1] browsable assets)...
[2019.03.21-16.58.19:480][113]OBJ SavePackage:     Rendered thumbnail for [Blueprint /Game/ThirdPersonBP/Blueprints/Character/ThirdPersonCharacter.ThirdPersonCharacter]
[2019.03.21-16.58.19:480][113]OBJ SavePackage: Finished generating thumbnails for package [/Game/ThirdPersonBP/Blueprints/Character/ThirdPersonCharacter]
[2019.03.21-16.58.19:948][113]LogSavePackage: Moving 'C:/Users/Malo/Documents/GitHub/ProjetsHub2018/FPSUnreal/PeopleWithGuns/Saved/ThirdPersonCharacter_Auto2A1086C4540B3FDE88C3265AB1A14DD38.tmp' to 'C:/Users/Malo/Documents/GitHub/ProjetsHub2018/FPSUnreal/PeopleWithGuns/Saved/Autosaves/Game/ThirdPersonBP/Blueprints/Character/ThirdPersonCharacter_Auto2.uasset'
[2019.03.21-16.58.19:950][113]LogFileHelpers: Auto-saving content packages took 0.523
[2019.03.21-17.08.34:888][864]LogFileHelpers: Editor autosave (incl. sublevels) for '/Game/ThirdPersonBP/Maps/MainMenu' took 0.050
[2019.03.21-17.08.34:891][864]OBJ SavePackage: Generating thumbnails for [1] asset(s) in package [/Game/ThirdPersonBP/Blueprints/Character/ThirdPersonCharacter] ([1] browsable assets)...
[2019.03.21-17.08.34:931][864]OBJ SavePackage:     Rendered thumbnail for [Blueprint /Game/ThirdPersonBP/Blueprints/Character/ThirdPersonCharacter.ThirdPersonCharacter]
[2019.03.21-17.08.34:931][864]OBJ SavePackage: Finished generating thumbnails for package [/Game/ThirdPersonBP/Blueprints/Character/ThirdPersonCharacter]
[2019.03.21-17.08.35:303][864]LogSavePackage: Moving 'C:/Users/Malo/Documents/GitHub/ProjetsHub2018/FPSUnreal/PeopleWithGuns/Saved/ThirdPersonCharacter_Auto3740C10B948B9775C9551188629B8FFA7.tmp' to 'C:/Users/Malo/Documents/GitHub/ProjetsHub2018/FPSUnreal/PeopleWithGuns/Saved/Autosaves/Game/ThirdPersonBP/Blueprints/Character/ThirdPersonCharacter_Auto3.uasset'
[2019.03.21-17.08.35:305][864]LogFileHelpers: Auto-saving content packages took 0.415
[2019.03.21-17.21.27:722][815]LogFileHelpers: Editor autosave (incl. sublevels) for '/Game/ThirdPersonBP/Maps/MainMenu' took 0.035
[2019.03.21-17.21.27:724][815]OBJ SavePackage: Generating thumbnails for [1] asset(s) in package [/Game/ThirdPersonBP/Blueprints/Character/ThirdPersonCharacter] ([1] browsable assets)...
[2019.03.21-17.21.27:759][815]OBJ SavePackage:     Rendered thumbnail for [Blueprint /Game/ThirdPersonBP/Blueprints/Character/ThirdPersonCharacter.ThirdPersonCharacter]
[2019.03.21-17.21.27:759][815]OBJ SavePackage: Finished generating thumbnails for package [/Game/ThirdPersonBP/Blueprints/Character/ThirdPersonCharacter]
[2019.03.21-17.21.28:082][815]LogSavePackage: Moving 'C:/Users/Malo/Documents/GitHub/ProjetsHub2018/FPSUnreal/PeopleWithGuns/Saved/ThirdPersonCharacter_Auto476215CE04C5B19EF4E3115AA825BB831.tmp' to 'C:/Users/Malo/Documents/GitHub/ProjetsHub2018/FPSUnreal/PeopleWithGuns/Saved/Autosaves/Game/ThirdPersonBP/Blueprints/Character/ThirdPersonCharacter_Auto4.uasset'
[2019.03.21-17.21.28:084][815]LogFileHelpers: Auto-saving content packages took 0.361
[2019.03.21-17.33.50:242][111]LogFileHelpers: Editor autosave (incl. sublevels) for '/Game/ThirdPersonBP/Maps/MainMenu' took 0.055
[2019.03.21-17.33.50:246][111]OBJ SavePackage: Generating thumbnails for [1] asset(s) in package [/Game/ThirdPersonBP/Blueprints/Character/ThirdPersonCharacter] ([1] browsable assets)...
[2019.03.21-17.33.50:284][111]OBJ SavePackage:     Rendered thumbnail for [Blueprint /Game/ThirdPersonBP/Blueprints/Character/ThirdPersonCharacter.ThirdPersonCharacter]
[2019.03.21-17.33.50:284][111]OBJ SavePackage: Finished generating thumbnails for package [/Game/ThirdPersonBP/Blueprints/Character/ThirdPersonCharacter]
[2019.03.21-17.33.50:683][111]LogSavePackage: Moving 'C:/Users/Malo/Documents/GitHub/ProjetsHub2018/FPSUnreal/PeopleWithGuns/Saved/ThirdPersonCharacter_Auto560C6538E4B456D7592B0FFA1F7353F12.tmp' to 'C:/Users/Malo/Documents/GitHub/ProjetsHub2018/FPSUnreal/PeopleWithGuns/Saved/Autosaves/Game/ThirdPersonBP/Blueprints/Character/ThirdPersonCharacter_Auto5.uasset'
[2019.03.21-17.33.50:685][111]LogFileHelpers: Auto-saving content packages took 0.441
[2019.03.21-17.34.59:020][ 22]LogSlate: FSceneViewport::OnFocusLost() reason 0
[2019.03.21-17.36.49:215][890]BlueprintLog: New page: Compile ThirdPersonCharacter
[2019.03.21-17.36.50:304][890]LogSavePackage: Moving 'C:/Users/Malo/Documents/GitHub/ProjetsHub2018/FPSUnreal/PeopleWithGuns/Saved/ThirdPersonCharacterA5C1F4E54A4525A39A9ECEB3DE6D7595.tmp' to 'C:/Users/Malo/Documents/GitHub/ProjetsHub2018/FPSUnreal/PeopleWithGuns/Content/ThirdPersonBP/Blueprints/Character/ThirdPersonCharacter.uasset'
[2019.03.21-17.36.52:837][973]LogSlate: FSceneViewport::OnFocusLost() reason 0
[2019.03.21-17.39.54:092][ 92]LogSlate: FSceneViewport::OnFocusLost() reason 2
[2019.03.21-17.46.06:382][225]LogFileHelpers: Editor autosave (incl. sublevels) for '/Game/ThirdPersonBP/Maps/MainMenu' took 0.075
[2019.03.21-17.46.06:385][225]OBJ SavePackage: Generating thumbnails for [1] asset(s) in package [/Game/ThirdPersonBP/Blueprints/Character/ThirdPersonCharacter] ([1] browsable assets)...
[2019.03.21-17.46.06:413][225]OBJ SavePackage:     Rendered thumbnail for [Blueprint /Game/ThirdPersonBP/Blueprints/Character/ThirdPersonCharacter.ThirdPersonCharacter]
[2019.03.21-17.46.06:413][225]OBJ SavePackage: Finished generating thumbnails for package [/Game/ThirdPersonBP/Blueprints/Character/ThirdPersonCharacter]
[2019.03.21-17.46.06:777][225]LogSavePackage: Moving 'C:/Users/Malo/Documents/GitHub/ProjetsHub2018/FPSUnreal/PeopleWithGuns/Saved/ThirdPersonCharacter_Auto6CC99CD8442F7F12F91AD45ACEDCA292C.tmp' to 'C:/Users/Malo/Documents/GitHub/ProjetsHub2018/FPSUnreal/PeopleWithGuns/Saved/Autosaves/Game/ThirdPersonBP/Blueprints/Character/ThirdPersonCharacter_Auto6.uasset'
[2019.03.21-17.46.06:780][225]LogFileHelpers: Auto-saving content packages took 0.397
[2019.03.21-17.58.52:368][851]BlueprintLog: New page: Compile ThirdPersonCharacter
[2019.03.21-17.58.53:456][851]LogSavePackage: Moving 'C:/Users/Malo/Documents/GitHub/ProjetsHub2018/FPSUnreal/PeopleWithGuns/Saved/ThirdPersonCharacter1555B82B451025A18824B2A8C1435502.tmp' to 'C:/Users/Malo/Documents/GitHub/ProjetsHub2018/FPSUnreal/PeopleWithGuns/Content/ThirdPersonBP/Blueprints/Character/ThirdPersonCharacter.uasset'
[2019.03.21-17.58.54:729][889]LogSlate: FSceneViewport::OnFocusLost() reason 0
[2019.03.21-17.59.03:480][224]LogSlate: Window 'ThirdPersonCharacter' being destroyed
[2019.03.21-17.59.03:490][224]LogSlate: Window 'ThirdPersonCharacter' being destroyed
[2019.03.21-17.59.05:304][302]LogSlate: FSceneViewport::OnFocusLost() reason 0
[2019.03.21-17.59.05:752][305]LogSavePackage: Moving 'C:/Users/Malo/Documents/GitHub/ProjetsHub2018/FPSUnreal/PeopleWithGuns/Saved/MainMenuAD9C115E4AFC6D8CF35C2898A6B7E895.tmp' to 'C:/Users/Malo/Documents/GitHub/ProjetsHub2018/FPSUnreal/PeopleWithGuns/Content/ThirdPersonBP/Maps/MainMenu.umap'
[2019.03.21-17.59.05:886][305]LogSavePackage: Moving 'C:/Users/Malo/Documents/GitHub/ProjetsHub2018/FPSUnreal/PeopleWithGuns/Saved/MainMenu_BuiltDataD380AF0F4FB5A4ED890560831C83CD6D.tmp' to 'C:/Users/Malo/Documents/GitHub/ProjetsHub2018/FPSUnreal/PeopleWithGuns/Content/ThirdPersonBP/Maps/MainMenu_BuiltData.uasset'
[2019.03.21-17.59.06:561][345]LogSlate: FSceneViewport::OnFocusLost() reason 0
[2019.03.21-17.59.06:870][351]LogSlate: Window 'PeopleWithGuns - Unreal Editor' being destroyed
[2019.03.21-17.59.06:872][351]LogWindowsTextInputMethodSystem: Display: IME system now deactivated.
[2019.03.21-17.59.07:203][352]Cmd: QUIT_EDITOR
[2019.03.21-17.59.07:282][352]LogExit: Preparing to exit.
[2019.03.21-17.59.08:666][352]LogExit: Editor shut down
[2019.03.21-17.59.08:668][352]LogExit: Transaction tracking system shut down
[2019.03.21-17.59.09:728][352]LogExit: Object subsystem successfully closed.
[2019.03.21-17.59.09:776][352]LogShaderCompilers: Display: Shaders left to compile 0
[2019.03.21-17.59.09:787][352]LogD3D11RHI: Shutdown
[2019.03.21-17.59.09:787][352]LogD3D11RHI: CleanupD3DDevice
[2019.03.21-17.59.09:850][352]LogD3D11RHI: ~FD3D11DynamicRHI
[2019.03.21-17.59.09:952][352]LogModuleManager: Shutting down and abandoning module BlueprintGraph (610)
[2019.03.21-17.59.09:953][352]LogModuleManager: Shutting down and abandoning module HierarchicalLODOutliner (608)
[2019.03.21-17.59.09:953][352]LogModuleManager: Shutting down and abandoning module SceneOutliner (606)
[2019.03.21-17.59.09:953][352]LogModuleManager: Shutting down and abandoning module AddContentDialog (604)
[2019.03.21-17.59.09:963][352]LogModuleManager: Shutting down and abandoning module WidgetCarousel (603)
[2019.03.21-17.59.09:963][352]LogModuleManager: Shutting down and abandoning module EditorWidgets (600)
[2019.03.21-17.59.09:963][352]LogModuleManager: Shutting down and abandoning module CollectionManager (598)
[2019.03.21-17.59.09:965][352]LogModuleManager: Shutting down and abandoning module StatsViewer (596)
[2019.03.21-17.59.09:966][352]LogModuleManager: Shutting down and abandoning module FoliageEdit (594)
[2019.03.21-17.59.09:966][352]LogModuleManager: Shutting down and abandoning module LandscapeEditor (592)
[2019.03.21-17.59.09:968][352]LogModuleManager: Shutting down and abandoning module MeshPaintMode (590)
[2019.03.21-17.59.09:969][352]LogModuleManager: Shutting down and abandoning module SceneDepthPickerMode (588)
[2019.03.21-17.59.09:969][352]LogModuleManager: Shutting down and abandoning module ActorPickerMode (586)
[2019.03.21-17.59.09:969][352]LogModuleManager: Shutting down and abandoning module GeometryMode (584)
[2019.03.21-17.59.09:969][352]LogModuleManager: Shutting down and abandoning module TextureAlignMode (582)
[2019.03.21-17.59.09:969][352]LogModuleManager: Shutting down and abandoning module BspMode (580)
[2019.03.21-17.59.09:970][352]LogModuleManager: Shutting down and abandoning module PIEPreviewDeviceProfileSelector (578)
[2019.03.21-17.59.09:970][352]LogModuleManager: Shutting down and abandoning module SequenceRecorderSections (576)
[2019.03.21-17.59.09:970][352]LogModuleManager: Shutting down and abandoning module AutomationWorker (574)
[2019.03.21-17.59.09:973][352]LogModuleManager: Shutting down and abandoning module AudioCaptureEditor (572)
[2019.03.21-17.59.09:974][352]LogModuleManager: Shutting down and abandoning module SequenceRecorder (571)
[2019.03.21-17.59.09:993][352]LogModuleManager: Shutting down and abandoning module MatineeToLevelSequence (568)
[2019.03.21-17.59.10:005][352]LogModuleManager: Shutting down and abandoning module LevelSequenceEditor (566)
[2019.03.21-17.59.10:010][352]LogModuleManager: Shutting down and abandoning module PlacementMode (565)
[2019.03.21-17.59.10:010][352]LogModuleManager: Shutting down and abandoning module MaterialEditor (564)
[2019.03.21-17.59.10:014][352]LogModuleManager: Shutting down and abandoning module WmfMediaFactory (560)
[2019.03.21-17.59.10:014][352]LogModuleManager: Shutting down and abandoning module WmfMediaEditor (558)
[2019.03.21-17.59.10:014][352]LogModuleManager: Shutting down and abandoning module MediaPlayerEditor (556)
[2019.03.21-17.59.10:015][352]LogModuleManager: Shutting down and abandoning module OpenExrWrapper (554)
[2019.03.21-17.59.10:015][352]LogModuleManager: Shutting down and abandoning module ImgMediaFactory (552)
[2019.03.21-17.59.10:015][352]LogModuleManager: Shutting down and abandoning module ImgMediaEditor (550)
[2019.03.21-17.59.10:015][352]LogModuleManager: Shutting down and abandoning module AvfMediaFactory (548)
[2019.03.21-17.59.10:015][352]LogModuleManager: Shutting down and abandoning module AvfMediaEditor (546)
[2019.03.21-17.59.10:015][352]LogModuleManager: Shutting down and abandoning module AndroidMediaFactory (544)
[2019.03.21-17.59.10:016][352]LogModuleManager: Shutting down and abandoning module AndroidMediaEditor (542)
[2019.03.21-17.59.10:016][352]LogModuleManager: Shutting down and abandoning module MagicLeapCameraPreviewFactory (540)
[2019.03.21-17.59.10:016][352]LogModuleManager: Shutting down and abandoning module MagicLeapMediaFactory (538)
[2019.03.21-17.59.10:016][352]LogModuleManager: Shutting down and abandoning module MagicLeapMediaEditor (536)
[2019.03.21-17.59.10:016][352]LogModuleManager: Shutting down and abandoning module CharacterAI (534)
[2019.03.21-17.59.10:016][352]LogModuleManager: Shutting down and abandoning module SmartSnapping (532)
[2019.03.21-17.59.10:016][352]LogModuleManager: Shutting down and abandoning module SessionServices (530)
[2019.03.21-17.59.10:016][352]LogModuleManager: Shutting down and abandoning module ViewportSnapping (528)
[2019.03.21-17.59.10:016][352]LogModuleManager: Shutting down and abandoning module ViewportInteraction (526)
[2019.03.21-17.59.10:016][352]LogModuleManager: Shutting down and abandoning module ClothPainter (524)
[2019.03.21-17.59.10:017][352]LogModuleManager: Shutting down and abandoning module SkeletalMeshEditor (523)
[2019.03.21-17.59.10:019][352]LogModuleManager: Shutting down and abandoning module LogVisualizer (520)
[2019.03.21-17.59.10:020][352]LogModuleManager: Shutting down and abandoning module IntroTutorials (518)
[2019.03.21-17.59.10:022][352]LogModuleManager: Shutting down and abandoning module GameProjectGeneration (517)
[2019.03.21-17.59.10:023][352]LogModuleManager: Shutting down and abandoning module LuminPlatformEditor (514)
[2019.03.21-17.59.10:023][352]LogModuleManager: Shutting down and abandoning module IOSPlatformEditor (512)
[2019.03.21-17.59.10:023][352]LogModuleManager: Shutting down and abandoning module HTML5PlatformEditor (510)
[2019.03.21-17.59.10:023][352]LogModuleManager: Shutting down and abandoning module AndroidPlatformEditor (508)
[2019.03.21-17.59.10:023][352]LogModuleManager: Shutting down and abandoning module AndroidDeviceDetection (507)
[2019.03.21-17.59.10:614][352]LogModuleManager: Shutting down and abandoning module WindowsPlatformEditor (504)
[2019.03.21-17.59.10:614][352]LogModuleManager: Shutting down and abandoning module LuminRuntimeSettings (502)
[2019.03.21-17.59.10:614][352]LogModuleManager: Shutting down and abandoning module IOSRuntimeSettings (500)
[2019.03.21-17.59.10:614][352]LogModuleManager: Shutting down and abandoning module AndroidRuntimeSettings (498)
[2019.03.21-17.59.10:614][352]LogModuleManager: Shutting down and abandoning module InputBindingEditor (496)
[2019.03.21-17.59.10:615][352]LogModuleManager: Shutting down and abandoning module MergeActors (494)
[2019.03.21-17.59.10:616][352]LogModuleManager: Shutting down and abandoning module LocalizationDashboard (492)
[2019.03.21-17.59.10:616][352]LogModuleManager: Shutting down and abandoning module LocalizationService (491)
[2019.03.21-17.59.10:617][352]LogModuleManager: Shutting down and abandoning module HardwareTargeting (488)
[2019.03.21-17.59.10:617][352]LogModuleManager: Shutting down and abandoning module DeviceProfileEditor (486)
[2019.03.21-17.59.10:617][352]LogModuleManager: Shutting down and abandoning module UndoHistory (484)
[2019.03.21-17.59.10:618][352]LogModuleManager: Shutting down and abandoning module XmlParser (482)
[2019.03.21-17.59.10:618][352]LogModuleManager: Shutting down and abandoning module Blutility (480)
[2019.03.21-17.59.10:618][352]LogModuleManager: Shutting down and abandoning module ProjectSettingsViewer (478)
[2019.03.21-17.59.10:619][352]LogModuleManager: Shutting down and abandoning module ProjectTargetPlatformEditor (477)
[2019.03.21-17.59.10:620][352]LogModuleManager: Shutting down and abandoning module EditorSettingsViewer (474)
[2019.03.21-17.59.10:620][352]LogModuleManager: Shutting down and abandoning module SettingsEditor (472)
[2019.03.21-17.59.10:621][352]LogModuleManager: Shutting down and abandoning module ProjectLauncher (470)
[2019.03.21-17.59.10:622][352]LogModuleManager: Shutting down and abandoning module SessionFrontend (468)
[2019.03.21-17.59.10:622][352]LogModuleManager: Shutting down and abandoning module ProfilerClient (466)
[2019.03.21-17.59.10:623][352]LogModuleManager: Shutting down and abandoning module DeviceManager (464)
[2019.03.21-17.59.10:623][352]LogModuleManager: Shutting down and abandoning module TargetDeviceServices (463)
[2019.03.21-17.59.10:688][352]LogModuleManager: Shutting down and abandoning module AutomationController (460)
[2019.03.21-17.59.10:689][352]LogModuleManager: Shutting down and abandoning module AutomationWindow (458)
[2019.03.21-17.59.10:690][352]LogModuleManager: Shutting down and abandoning module Layers (456)
[2019.03.21-17.59.10:692][352]LogModuleManager: Shutting down and abandoning module ComponentVisualizers (454)
[2019.03.21-17.59.10:692][352]LogModuleManager: Shutting down and abandoning module DetailCustomizations (452)
[2019.03.21-17.59.10:693][352]LogModuleManager: Shutting down and abandoning module PackagesDialog (450)
[2019.03.21-17.59.10:693][352]LogModuleManager: Shutting down and abandoning module Persona (448)
[2019.03.21-17.59.10:695][352]LogModuleManager: Shutting down and abandoning module AdvancedPreviewScene (447)
[2019.03.21-17.59.10:695][352]LogModuleManager: Shutting down and abandoning module AnimGraph (445)
[2019.03.21-17.59.10:695][352]LogModuleManager: Shutting down and abandoning module Kismet (442)
[2019.03.21-17.59.10:705][352]LogModuleManager: Shutting down and abandoning module GraphEditor (440)
[2019.03.21-17.59.10:706][352]LogModuleManager: Shutting down and abandoning module ClassViewer (438)
[2019.03.21-17.59.10:707][352]LogModuleManager: Shutting down and abandoning module Toolbox (436)
[2019.03.21-17.59.10:707][352]LogModuleManager: Shutting down and abandoning module ModuleUI (434)
[2019.03.21-17.59.10:707][352]LogModuleManager: Shutting down and abandoning module MovieSceneTools (432)
[2019.03.21-17.59.10:708][352]LogModuleManager: Shutting down and abandoning module OutputLog (430)
[2019.03.21-17.59.10:708][352]LogModuleManager: Shutting down and abandoning module GammaUI (428)
[2019.03.21-17.59.10:708][352]LogModuleManager: Shutting down and abandoning module Documentation (426)
[2019.03.21-17.59.10:709][352]LogModuleManager: Shutting down and abandoning module MovieSceneTracks (424)
[2019.03.21-17.59.10:709][352]LogModuleManager: Shutting down and abandoning module MovieScene (422)
[2019.03.21-17.59.10:710][352]LogModuleManager: Shutting down and abandoning module StreamingPauseRendering (420)
[2019.03.21-17.59.10:710][352]LogModuleManager: Shutting down and abandoning module LauncherPlatform (418)
[2019.03.21-17.59.10:710][352]LogModuleManager: Shutting down and abandoning module AnalyticsET (416)
[2019.03.21-17.59.10:710][352]LogModuleManager: Shutting down and abandoning module PortalServices (414)
[2019.03.21-17.59.10:710][352]LogModuleManager: Shutting down and abandoning module PortalRpc (412)
[2019.03.21-17.59.10:710][352]LogModuleManager: Shutting down and abandoning module MessagingRpc (410)
[2019.03.21-17.59.10:710][352]LogModuleManager: Shutting down and abandoning module AIModule (408)
[2019.03.21-17.59.10:711][352]LogModuleManager: Shutting down and abandoning module GameplayDebugger (407)
[2019.03.21-17.59.10:711][352]LogModuleManager: Shutting down and abandoning module AITestSuite (405)
[2019.03.21-17.59.10:712][352]LogModuleManager: Shutting down and abandoning module NavigationSystem (403)
[2019.03.21-17.59.10:712][352]LogModuleManager: Shutting down and abandoning module DesktopPlatform (400)
[2019.03.21-17.59.10:712][352]LogModuleManager: Shutting down and abandoning module ProfilerService (398)
[2019.03.21-17.59.10:949][352]LogModuleManager: Shutting down and abandoning module TaskGraph (396)
[2019.03.21-17.59.10:950][352]LogModuleManager: Shutting down and abandoning module ProceduralMeshComponentEditor (394)
[2019.03.21-17.59.10:950][352]LogModuleManager: Shutting down and abandoning module ProceduralMeshComponent (392)
[2019.03.21-17.59.10:951][352]LogModuleManager: Shutting down and abandoning module OculusInput (390)
[2019.03.21-17.59.10:951][352]LogModuleManager: Shutting down and abandoning module MobilePatchingUtils (388)
[2019.03.21-17.59.10:951][352]LogModuleManager: Shutting down and abandoning module EditableMesh (386)
[2019.03.21-17.59.10:951][352]LogModuleManager: Shutting down and abandoning module CustomMeshComponent (384)
[2019.03.21-17.59.10:951][352]LogModuleManager: Shutting down and abandoning module CableComponent (382)
[2019.03.21-17.59.10:951][352]LogModuleManager: Shutting down and abandoning module AudioCapture (380)
[2019.03.21-17.59.10:951][352]LogModuleManager: Shutting down and abandoning module ArchVisCharacter (378)
[2019.03.21-17.59.10:951][352]LogModuleManager: Shutting down and abandoning module AndroidPermission (376)
[2019.03.21-17.59.10:951][352]LogModuleManager: Shutting down and abandoning module NUTUnrealEngine4 (374)
[2019.03.21-17.59.10:951][352]LogModuleManager: Shutting down and abandoning module NetcodeUnitTest (372)
[2019.03.21-17.59.10:953][352]LogModuleManager: Shutting down and abandoning module MediaCompositingEditor (370)
[2019.03.21-17.59.10:953][352]LogModuleManager: Shutting down and abandoning module MediaCompositing (368)
[2019.03.21-17.59.10:953][352]LogModuleManager: Shutting down and abandoning module LinearTimecode (366)
[2019.03.21-17.59.10:953][352]LogModuleManager: Shutting down and abandoning module ImgMedia (364)
[2019.03.21-17.59.10:959][352]LogModuleManager: Shutting down and abandoning module HTML5Networking (362)
[2019.03.21-17.59.10:959][352]LogModuleManager: Shutting down and abandoning module GeometryCacheTracks (360)
[2019.03.21-17.59.10:959][352]LogModuleManager: Shutting down and abandoning module GeometryCacheSequencer (358)
[2019.03.21-17.59.10:959][352]LogModuleManager: Shutting down and abandoning module BackChannel (356)
[2019.03.21-17.59.10:959][352]LogModuleManager: Shutting down and abandoning module AppleVision (354)
[2019.03.21-17.59.10:959][352]LogModuleManager: Shutting down and abandoning module AppleImageUtils (352)
[2019.03.21-17.59.10:959][352]LogModuleManager: Shutting down and abandoning module AlembicImporter (350)
[2019.03.21-17.59.10:959][352]LogModuleManager: Shutting down and abandoning module AlembicLibrary (349)
[2019.03.21-17.59.10:959][352]LogModuleManager: Shutting down and abandoning module GeometryCache (348)
[2019.03.21-17.59.10:959][352]LogModuleManager: Shutting down and abandoning module GeometryCacheEd (347)
[2019.03.21-17.59.10:959][352]LogModuleManager: Shutting down and abandoning module DatasmithContentEditor (342)
[2019.03.21-17.59.10:960][352]LogModuleManager: Shutting down and abandoning module DatasmithContent (340)
[2019.03.21-17.59.10:960][352]LogModuleManager: Shutting down and abandoning module SpeedTreeImporter (338)
[2019.03.21-17.59.10:960][352]LogModuleManager: Shutting down and abandoning module PluginBrowser (336)
[2019.03.21-17.59.10:962][352]LogModuleManager: Shutting down and abandoning module MobileLauncherProfileWizard (334)
[2019.03.21-17.59.10:963][352]LogModuleManager: Shutting down and abandoning module PolygonModeling (332)
[2019.03.21-17.59.10:963][352]LogModuleManager: Shutting down and abandoning module MeshEditor (330)
[2019.03.21-17.59.10:964][352]LogModuleManager: Shutting down and abandoning module CryptoKeysOpenSSL (328)
[2019.03.21-17.59.10:964][352]LogModuleManager: Shutting down and abandoning module CryptoKeys (326)
[2019.03.21-17.59.10:964][352]LogModuleManager: Shutting down and abandoning module VisualStudioSourceCodeAccess (324)
[2019.03.21-17.59.10:965][352]LogModuleManager: Shutting down and abandoning module VisualStudioCodeSourceCodeAccess (322)
[2019.03.21-17.59.10:965][352]LogModuleManager: Shutting down and abandoning module UObjectPlugin (320)
[2019.03.21-17.59.10:965][352]LogModuleManager: Shutting down and abandoning module SubversionSourceControl (318)
[2019.03.21-17.59.10:966][352]LogModuleManager: Shutting down and abandoning module PerforceSourceControl (316)
[2019.03.21-17.59.10:967][352]LogModuleManager: Shutting down and abandoning module GitSourceControl (314)
[2019.03.21-17.59.10:969][352]LogModuleManager: Shutting down and abandoning module SourceControl (313)
[2019.03.21-17.59.10:970][352]LogModuleManager: Shutting down and abandoning module CLionSourceCodeAccess (310)
[2019.03.21-17.59.10:970][352]LogModuleManager: Shutting down and abandoning module LightPropagationVolumeEditor (308)
[2019.03.21-17.59.10:970][352]LogModuleManager: Shutting down and abandoning module PaperTiledImporter (306)
[2019.03.21-17.59.10:970][352]LogModuleManager: Shutting down and abandoning module PaperSpriteSheetImporter (304)
[2019.03.21-17.59.10:971][352]LogModuleManager: Shutting down and abandoning module Paper2DEditor (302)
[2019.03.21-17.59.10:972][352]LogModuleManager: Shutting down and abandoning module MeshPaint (301)
[2019.03.21-17.59.10:973][352]LogModuleManager: Shutting down and abandoning module RuntimePhysXCooking (298)
[2019.03.21-17.59.10:973][352]LogModuleManager: Shutting down and abandoning module PhysXVehiclesEditor (296)
[2019.03.21-17.59.10:973][352]LogModuleManager: Shutting down and abandoning module PhysXVehicles (294)
[2019.03.21-17.59.10:973][352]LogModuleManager: Shutting down and abandoning module OculusEditor (292)
[2019.03.21-17.59.10:973][352]LogModuleManager: Shutting down and abandoning module LocationServicesBPLibrary (290)
[2019.03.21-17.59.10:974][352]LogModuleManager: Shutting down and abandoning module ImmediatePhysicsEditor (288)
[2019.03.21-17.59.10:974][352]LogModuleManager: Shutting down and abandoning module ImmediatePhysics (286)
[2019.03.21-17.59.10:974][352]LogModuleManager: Shutting down and abandoning module ActorSequence (284)
[2019.03.21-17.59.10:974][352]LogModuleManager: Shutting down and abandoning module UdpMessaging (282)
[2019.03.21-17.59.11:076][352]LogModuleManager: Shutting down and abandoning module TcpMessaging (280)
[2019.03.21-17.59.11:176][352]LogModuleManager: Shutting down and abandoning module MagicLeapAudio (278)
[2019.03.21-17.59.11:176][352]LogModuleManager: Shutting down and abandoning module GameplayTagsEditor (276)
[2019.03.21-17.59.11:177][352]LogModuleManager: Shutting down and abandoning module FacialAnimationEditor (274)
[2019.03.21-17.59.11:177][352]LogModuleManager: Shutting down and abandoning module FacialAnimation (272)
[2019.03.21-17.59.11:177][352]LogModuleManager: Shutting down and abandoning module DataValidation (270)
[2019.03.21-17.59.11:177][352]LogModuleManager: Shutting down and abandoning module AssetManagerEditor (268)
[2019.03.21-17.59.11:179][352]LogModuleManager: Shutting down and abandoning module LevelEditor (267)
[2019.03.21-17.59.11:183][352]LogModuleManager: Shutting down and abandoning module PixelInspectorModule (266)
[2019.03.21-17.59.11:183][352]LogModuleManager: Shutting down and abandoning module CommonMenuExtensions (264)
[2019.03.21-17.59.11:184][352]LogModuleManager: Shutting down and abandoning module MainFrame (262)
[2019.03.21-17.59.11:184][352]LogModuleManager: Shutting down and abandoning module HotReload (261)
[2019.03.21-17.59.11:186][352]LogModuleManager: Shutting down and abandoning module ContentBrowser (257)
[2019.03.21-17.59.11:189][352]LogModuleManager: Shutting down and abandoning module TreeMap (255)
[2019.03.21-17.59.11:189][352]LogModuleManager: Shutting down and abandoning module LightPropagationVolumeRuntime (252)
[2019.03.21-17.59.11:189][352]LogModuleManager: Shutting down and abandoning module AISupportModule (250)
[2019.03.21-17.59.11:189][352]LogModuleManager: Shutting down and abandoning module Paper2D (248)
[2019.03.21-17.59.11:189][352]LogModuleManager: Shutting down and abandoning module WindowsMoviePlayer (246)
[2019.03.21-17.59.11:191][352]LogModuleManager: Shutting down and abandoning module WmfMedia (244)
[2019.03.21-17.59.11:193][352]LogModuleManager: Shutting down and abandoning module Media (243)
[2019.03.21-17.59.11:199][352]LogModuleManager: Shutting down and abandoning module PacketHandler (240)
[2019.03.21-17.59.11:200][352]LogModuleManager: Shutting down and abandoning module ClothingSystemEditor (238)
[2019.03.21-17.59.11:200][352]LogModuleManager: Shutting down and abandoning module ClothingSystemRuntime (236)
[2019.03.21-17.59.11:201][352]LogModuleManager: Shutting down and abandoning module MediaAssets (234)
[2019.03.21-17.59.11:201][352]LogModuleManager: Shutting down and abandoning module Overlay (232)
[2019.03.21-17.59.11:201][352]LogModuleManager: Shutting down and abandoning module OverlayEditor (231)
[2019.03.21-17.59.11:201][352]LogModuleManager: Shutting down and abandoning module VREditor (228)
[2019.03.21-17.59.11:202][352]LogModuleManager: Shutting down and abandoning module StringTableEditor (226)
[2019.03.21-17.59.11:202][352]LogModuleManager: Shutting down and abandoning module GameplayTasksEditor (224)
[2019.03.21-17.59.11:202][352]LogModuleManager: Shutting down and abandoning module BehaviorTreeEditor (222)
[2019.03.21-17.59.11:204][352]LogModuleManager: Shutting down and abandoning module FunctionalTesting (220)
[2019.03.21-17.59.11:205][352]LogModuleManager: Shutting down and abandoning module CollisionAnalyzer (218)
[2019.03.21-17.59.11:206][352]LogModuleManager: Shutting down and abandoning module WorkspaceMenuStructure (217)
[2019.03.21-17.59.11:208][352]LogModuleManager: Shutting down and abandoning module UMG (214)
[2019.03.21-17.59.11:208][352]LogModuleManager: Shutting down and abandoning module UMGEditor (213)
[2019.03.21-17.59.11:210][352]LogModuleManager: Shutting down and abandoning module Sequencer (212)
[2019.03.21-17.59.11:212][352]LogModuleManager: Shutting down and abandoning module MessageLog (209)
[2019.03.21-17.59.11:212][352]LogModuleManager: Shutting down and abandoning module SlateReflector (204)
[2019.03.21-17.59.11:215][352]LogModuleManager: Shutting down and abandoning module Slate (202)
[2019.03.21-17.59.11:215][352]LogModuleManager: Shutting down and abandoning module EditorStyle (200)
[2019.03.21-17.59.11:222][352]LogModuleManager: Shutting down and abandoning module MRMesh (198)
[2019.03.21-17.59.11:222][352]LogModuleManager: Shutting down and abandoning module SourceCodeAccess (196)
[2019.03.21-17.59.11:222][352]LogModuleManager: Shutting down and abandoning module HeadMountedDisplay (194)
[2019.03.21-17.59.11:222][352]LogModuleManager: Shutting down and abandoning module XAudio2 (192)
[2019.03.21-17.59.11:222][352]LogModuleManager: Shutting down and abandoning module Networking (190)
[2019.03.21-17.59.11:222][352]LogModuleManager: Shutting down and abandoning module Core (188)
[2019.03.21-17.59.11:222][352]LogModuleManager: Shutting down and abandoning module LevelSequence (186)
[2019.03.21-17.59.11:222][352]LogModuleManager: Shutting down and abandoning module KismetCompiler (184)
[2019.03.21-17.59.11:222][352]LogModuleManager: Shutting down and abandoning module MeshUtilities (182)
[2019.03.21-17.59.11:223][352]LogModuleManager: Shutting down and abandoning module MeshMergeUtilities (181)
[2019.03.21-17.59.11:225][352]LogModuleManager: Shutting down and abandoning module MeshReductionInterface (180)
[2019.03.21-17.59.11:225][352]LogModuleManager: Shutting down and abandoning module SimplygonSwarm (179)
[2019.03.21-17.59.11:225][352]LogModuleManager: Shutting down and abandoning module ProxyLODMeshReduction (177)
[2019.03.21-17.59.11:228][352]LogModuleManager: Shutting down and abandoning module SimplygonMeshReduction (175)
[2019.03.21-17.59.11:228][352]LogModuleManager: Shutting down and abandoning module QuadricMeshReduction (173)
[2019.03.21-17.59.11:228][352]LogModuleManager: Shutting down and abandoning module MaterialBaking (169)
[2019.03.21-17.59.11:229][352]LogModuleManager: Shutting down and abandoning module DirectoryWatcher (165)
[2019.03.21-17.59.11:231][352]LogModuleManager: Shutting down and abandoning module DerivedDataCache (162)
[2019.03.21-17.59.11:319][352]LogDerivedDataCache: Shutdown
[2019.03.21-17.59.11:319][352]LogModuleManager: Shutting down and abandoning module XGEController (160)
[2019.03.21-17.59.11:319][352]LogXGEController: Cleaning working directory: C:/Users/Malo/AppData/Local/Temp/UnrealXGEWorkingDir/
[2019.03.21-17.59.11:320][352]LogModuleManager: Shutting down and abandoning module TargetPlatform (158)
[2019.03.21-17.59.11:321][352]LogModuleManager: Shutting down and abandoning module VulkanShaderFormat (157)
[2019.03.21-17.59.11:321][352]LogModuleManager: Shutting down and abandoning module ShaderFormatVectorVM (155)
[2019.03.21-17.59.11:322][352]LogModuleManager: Shutting down and abandoning module ShaderFormatOpenGL (153)
[2019.03.21-17.59.11:322][352]LogModuleManager: Shutting down and abandoning module ShaderFormatD3D (151)
[2019.03.21-17.59.11:322][352]LogModuleManager: Shutting down and abandoning module MetalShaderFormat (149)
[2019.03.21-17.59.11:323][352]LogModuleManager: Shutting down and abandoning module TextureFormatUncompressed (147)
[2019.03.21-17.59.11:323][352]LogModuleManager: Shutting down and abandoning module TextureFormatPVR (145)
[2019.03.21-17.59.11:323][352]LogModuleManager: Shutting down and abandoning module TextureFormatDXT (143)
[2019.03.21-17.59.11:323][352]LogModuleManager: Shutting down and abandoning module TextureFormatIntelISPCTexComp (141)
[2019.03.21-17.59.11:324][352]LogModuleManager: Shutting down and abandoning module TextureFormatASTC (139)
[2019.03.21-17.59.11:324][352]LogModuleManager: Shutting down and abandoning module ImageWrapper (138)
[2019.03.21-17.59.11:324][352]LogModuleManager: Shutting down and abandoning module TextureFormatAndroid (135)
[2019.03.21-17.59.11:324][352]LogModuleManager: Shutting down and abandoning module AudioFormatOpus (133)
[2019.03.21-17.59.11:325][352]LogModuleManager: Shutting down and abandoning module AudioFormatOgg (131)
[2019.03.21-17.59.11:325][352]LogModuleManager: Shutting down and abandoning module AudioFormatADPCM (129)
[2019.03.21-17.59.11:325][352]LogModuleManager: Shutting down and abandoning module LuminTargetPlatform (127)
[2019.03.21-17.59.11:325][352]LogModuleManager: Shutting down and abandoning module LinuxTargetPlatform (125)
[2019.03.21-17.59.11:325][352]LogModuleManager: Shutting down and abandoning module LinuxServerTargetPlatform (123)
[2019.03.21-17.59.11:326][352]LogModuleManager: Shutting down and abandoning module LinuxNoEditorTargetPlatform (121)
[2019.03.21-17.59.11:326][352]LogModuleManager: Shutting down and abandoning module LinuxClientTargetPlatform (119)
[2019.03.21-17.59.11:326][352]LogModuleManager: Shutting down and abandoning module TVOSTargetPlatform (117)
[2019.03.21-17.59.11:353][352]LogModuleManager: Shutting down and abandoning module Messaging (115)
[2019.03.21-17.59.11:353][352]LogModuleManager: Shutting down and abandoning module IOSTargetPlatform (113)
[2019.03.21-17.59.11:368][352]LogModuleManager: Shutting down and abandoning module HTML5TargetPlatform (111)
[2019.03.21-17.59.11:368][352]LogModuleManager: Shutting down and abandoning module AndroidTargetPlatform (109)
[2019.03.21-17.59.11:425][352]LogModuleManager: Shutting down and abandoning module WindowsTargetPlatform (107)
[2019.03.21-17.59.11:425][352]LogModuleManager: Shutting down and abandoning module WindowsServerTargetPlatform (105)
[2019.03.21-17.59.11:426][352]LogModuleManager: Shutting down and abandoning module WindowsNoEditorTargetPlatform (103)
[2019.03.21-17.59.11:426][352]LogModuleManager: Shutting down and abandoning module WindowsClientTargetPlatform (101)
[2019.03.21-17.59.11:426][352]LogModuleManager: Shutting down and abandoning module MacTargetPlatform (99)
[2019.03.21-17.59.11:426][352]LogModuleManager: Shutting down and abandoning module MacServerTargetPlatform (97)
[2019.03.21-17.59.11:426][352]LogModuleManager: Shutting down and abandoning module MacNoEditorTargetPlatform (95)
[2019.03.21-17.59.11:427][352]LogModuleManager: Shutting down and abandoning module MacClientTargetPlatform (93)
[2019.03.21-17.59.11:427][352]LogModuleManager: Shutting down and abandoning module AllDesktopTargetPlatform (91)
[2019.03.21-17.59.11:427][352]LogModuleManager: Shutting down and abandoning module InputCore (88)
[2019.03.21-17.59.11:427][352]LogModuleManager: Shutting down and abandoning module Settings (86)
[2019.03.21-17.59.11:427][352]LogModuleManager: Shutting down and abandoning module PhysXCooking (84)
[2019.03.21-17.59.11:427][352]LogModuleManager: Shutting down and abandoning module OculusHMD (82)
[2019.03.21-17.59.11:427][352]LogModuleManager: Shutting down and abandoning module ExampleDeviceProfileSelector (80)
[2019.03.21-17.59.11:428][352]LogModuleManager: Shutting down and abandoning module LauncherChunkInstaller (78)
[2019.03.21-17.59.11:428][352]LogModuleManager: Shutting down and abandoning module OnlineBlueprintSupport (76)
[2019.03.21-17.59.11:428][352]LogModuleManager: Shutting down and abandoning module OnlineSubsystem (72)
[2019.03.21-17.59.11:433][352]LogModuleManager: Shutting down and abandoning module XMPP (65)
[2019.03.21-17.59.11:435][352]LogModuleManager: Shutting down and abandoning module WebSockets (64)
[2019.03.21-17.59.11:443][352]LogModuleManager: Shutting down and abandoning module HTTP (61)
[2019.03.21-17.59.11:444][352]LogHttp: Display: Http module shutting down, but needs to wait on 1 outstanding Http requests:
[2019.03.21-17.59.11:444][352]LogHttp: Display: 	verb=[POST] url=[https://datarouter.ol.epicgames.com/datarouter/api/v1/public/data?SessionID=%7BB0D64AF5-460B-2A1B-366C-A58CE7806548%7D&AppID=UEEditor.Rocket.Release&AppVersion=4.20.3-4369336%2B%2B%2BUE4%2BRelease-4.20&UserID=a4d8b5eb44ce9fb17b7240bbdca66db1%7Ce13323db472b437e907144303bb07345%7C256f2a14-a5f3-4699-86f1-9ff3e8e37f47&AppEnvironment=datacollector-binary&UploadType=eteventstream] status=Processing
[2019.03.21-17.59.11:454][352]LogModuleManager: Shutting down and abandoning module SSL (60)
[2019.03.21-17.59.11:457][352]LogModuleManager: Shutting down and abandoning module MagicLeapEmulator (56)
[2019.03.21-17.59.11:457][352]LogModuleManager: Shutting down and abandoning module MagicLeapPrivileges (54)
[2019.03.21-17.59.11:457][352]LogModuleManager: Shutting down and abandoning module MagicLeapIdentity (52)
[2019.03.21-17.59.11:457][352]LogModuleManager: Shutting down and abandoning module MagicLeapHelperVulkan (50)
[2019.03.21-17.59.11:457][352]LogModuleManager: Shutting down and abandoning module MagicLeapHelperOpenGL (48)
[2019.03.21-17.59.11:457][352]LogModuleManager: Shutting down and abandoning module MagicLeapSecureStorage (46)
[2019.03.21-17.59.11:457][352]LogModuleManager: Shutting down and abandoning module MagicLeapGestures (44)
[2019.03.21-17.59.11:458][352]LogModuleManager: Shutting down and abandoning module MagicLeapEyeTracker (42)
[2019.03.21-17.59.11:458][352]LogModuleManager: Shutting down and abandoning module MagicLeapController (40)
[2019.03.21-17.59.11:459][352]LogSlate: Slate User Destroyed.  User Index 0, Is Virtual User: 0
[2019.03.21-17.59.11:460][352]LogModuleManager: Shutting down and abandoning module MagicLeap (38)
[2019.03.21-17.59.11:460][352]LogModuleManager: Shutting down and abandoning module AnimationModifiers (36)
[2019.03.21-17.59.11:461][352]LogModuleManager: Shutting down and abandoning module PropertyEditor (35)
[2019.03.21-17.59.11:461][352]LogModuleManager: Shutting down and abandoning module AudioEditor (32)
[2019.03.21-17.59.11:463][352]LogModuleManager: Shutting down and abandoning module TextureCompressor (30)
[2019.03.21-17.59.11:467][352]LogModuleManager: Shutting down and abandoning module ShaderCore (28)
[2019.03.21-17.59.11:467][352]LogModuleManager: Shutting down and abandoning module Landscape (26)
[2019.03.21-17.59.11:467][352]LogModuleManager: Shutting down and abandoning module SlateRHIRenderer (24)
[2019.03.21-17.59.11:472][352]LogModuleManager: Shutting down and abandoning module OpenGLDrv (22)
[2019.03.21-17.59.11:472][352]LogModuleManager: Shutting down and abandoning module D3D11RHI (20)
[2019.03.21-17.59.11:472][352]LogModuleManager: Shutting down and abandoning module AnimGraphRuntime (18)
[2019.03.21-17.59.11:472][352]LogModuleManager: Shutting down and abandoning module Renderer (16)
[2019.03.21-17.59.11:472][352]LogModuleManager: Shutting down and abandoning module Engine (14)
[2019.03.21-17.59.11:472][352]LogModuleManager: Shutting down and abandoning module CoreUObject (12)
[2019.03.21-17.59.11:472][352]LogModuleManager: Shutting down and abandoning module NetworkFile (10)
[2019.03.21-17.59.11:472][352]LogModuleManager: Shutting down and abandoning module CookedIterativeFile (8)
[2019.03.21-17.59.11:472][352]LogModuleManager: Shutting down and abandoning module StreamingFile (6)
[2019.03.21-17.59.11:473][352]LogModuleManager: Shutting down and abandoning module SandboxFile (4)
[2019.03.21-17.59.11:473][352]LogModuleManager: Shutting down and abandoning module PakFile (2)
[2019.03.21-17.59.11:477][352]LogExit: Exiting.
[2019.03.21-17.59.11:527][352]Log file closed, 03/21/19 18:59:11
