Log file open, 03/27/19 23:49:11
LogWindows: Failed to load 'aqProf.dll' (GetLastError=126)
LogWindows: File 'aqProf.dll' does not exist
LogWindows: Failed to load 'VtuneApi.dll' (GetLastError=126)
LogWindows: File 'VtuneApi.dll' does not exist
LogWindows: Failed to load 'VtuneApi32e.dll' (GetLastError=126)
LogWindows: File 'VtuneApi32e.dll' does not exist
LogInit: Display: Running engine without a game
LogPlatformFile: Not using cached read wrapper
LogInit: Display: Loading recent project file: C:/Users/Malo/Documents/GitHub/ProjetsHub2018/FPSUnreal/PeopleWithGuns/PeopleWithGuns.uproject
LogTaskGraph: Started task graph with 5 named threads and 11 total threads with 3 sets of task threads.
LogStats: Stats thread started at 0.445992
LogD3D11RHI: Loaded GFSDK_Aftermath_Lib.x64.dll
LogICUInternationalization: Display: ICU TimeZone Detection - Raw Offset: +1:00, Platform Override: ''
LogPluginManager: Mounting plugin Paper2D
LogPluginManager: Mounting plugin AISupport
LogPluginManager: Mounting plugin LightPropagationVolume
LogPluginManager: Mounting plugin CLionSourceCodeAccess
LogPluginManager: Mounting plugin CodeLiteSourceCodeAccess
LogPluginManager: Mounting plugin GitSourceControl
LogPluginManager: Mounting plugin KDevelopSourceCodeAccess
LogPluginManager: Mounting plugin NullSourceCodeAccess
LogPluginManager: Mounting plugin PerforceSourceControl
LogPluginManager: Mounting plugin SubversionSourceControl
LogPluginManager: Mounting plugin UObjectPlugin
LogPluginManager: Mounting plugin VisualStudioCodeSourceCodeAccess
LogPluginManager: Mounting plugin VisualStudioSourceCodeAccess
LogPluginManager: Mounting plugin XCodeSourceCodeAccess
LogPluginManager: Mounting plugin AssetManagerEditor
LogPluginManager: Mounting plugin CryptoKeys
LogPluginManager: Mounting plugin DataValidation
LogPluginManager: Mounting plugin FacialAnimation
LogPluginManager: Mounting plugin GameplayTagsEditor
LogPluginManager: Mounting plugin MacGraphicsSwitching
LogPluginManager: Mounting plugin MeshEditor
LogPluginManager: Mounting plugin MobileLauncherProfileWizard
LogPluginManager: Mounting plugin PluginBrowser
LogPluginManager: Mounting plugin SpeedTreeImporter
LogPluginManager: Mounting plugin DatasmithContent
LogPluginManager: Mounting plugin AlembicImporter
LogPluginManager: Mounting plugin AppleImageUtils
LogPluginManager: Mounting plugin AppleVision
LogPluginManager: Mounting plugin BackChannel
LogPluginManager: Mounting plugin CharacterAI
LogPluginManager: Mounting plugin GeometryCache
LogPluginManager: Mounting plugin HTML5Networking
LogPluginManager: Mounting plugin ProxyLODPlugin
LogPluginManager: Mounting plugin MagicLeap
LogPluginManager: Mounting plugin MagicLeapEmulator
LogPluginManager: Mounting plugin MagicLeapMedia
LogPluginManager: Mounting plugin AndroidMedia
LogPluginManager: Mounting plugin AvfMedia
LogPluginManager: Mounting plugin ImgMedia
LogPluginManager: Mounting plugin LinearTimecode
LogPluginManager: Mounting plugin MediaCompositing
LogPluginManager: Mounting plugin MediaPlayerEditor
LogPluginManager: Mounting plugin WmfMedia
LogPluginManager: Mounting plugin TcpMessaging
LogPluginManager: Mounting plugin UdpMessaging
LogPluginManager: Mounting plugin ActorSequence
LogPluginManager: Mounting plugin LevelSequenceEditor
LogPluginManager: Mounting plugin MatineeToLevelSequence
LogPluginManager: Mounting plugin NetcodeUnitTest
LogPluginManager: Mounting plugin NUTUnrealEngine4
LogPluginManager: Mounting plugin OnlineSubsystemGooglePlay
LogPluginManager: Mounting plugin OnlineSubsystemIOS
LogPluginManager: Mounting plugin OnlineSubsystem
LogPluginManager: Mounting plugin OnlineSubsystemNull
LogPluginManager: Mounting plugin OnlineSubsystemSteam
LogPluginManager: Mounting plugin OnlineSubsystemUtils
LogPluginManager: Mounting plugin LauncherChunkInstaller
LogPluginManager: Mounting plugin AndroidDeviceProfileSelector
LogPluginManager: Mounting plugin AndroidMoviePlayer
LogPluginManager: Mounting plugin AndroidPermission
LogPluginManager: Mounting plugin AppleMoviePlayer
LogPluginManager: Mounting plugin ArchVisCharacter
LogPluginManager: Mounting plugin AudioCapture
LogPluginManager: Mounting plugin CableComponent
LogPluginManager: Mounting plugin CustomMeshComponent
LogPluginManager: Mounting plugin EditableMesh
LogPluginManager: Mounting plugin ExampleDeviceProfileSelector
LogPluginManager: Mounting plugin GoogleCloudMessaging
LogPluginManager: Mounting plugin ImmediatePhysics
LogPluginManager: Mounting plugin IOSDeviceProfileSelector
LogPluginManager: Mounting plugin LinuxDeviceProfileSelector
LogPluginManager: Mounting plugin LocationServicesBPLibrary
LogPluginManager: Mounting plugin MobilePatchingUtils
LogPluginManager: Mounting plugin OculusVR
LogPluginManager: Plugin shader directory ../../../Engine/Plugins/Runtime/Oculus/OculusVR/Shaders found
LogPluginManager: Mapping shader source directory ../../../Engine/Plugins/Runtime/Oculus/OculusVR/Shaders to virtual directory /Plugin/OculusVR
LogPluginManager: Mounting plugin PhysXVehicles
LogPluginManager: Mounting plugin ProceduralMeshComponent
LogPluginManager: Mounting plugin RuntimePhysXCooking
LogPluginManager: Mounting plugin WindowsMoviePlayer
LogStreaming: Display: Took  0.154s to configure plugins.
LogInit: Using libcurl 7.55.1-DEV
LogInit:  - built for x86_64-pc-win32
LogInit:  - supports SSL with OpenSSL/1.0.2h
LogInit:  - supports HTTP deflate (compression) using libz 1.2.8
LogInit:  - other features:
LogInit:      CURL_VERSION_SSL
LogInit:      CURL_VERSION_LIBZ
LogInit:      CURL_VERSION_IPV6
LogInit:      CURL_VERSION_ASYNCHDNS
LogInit:      CURL_VERSION_LARGEFILE
LogInit:      CURL_VERSION_IDN
LogInit:  CurlRequestOptions (configurable via config and command line):
LogInit:  - bVerifyPeer = false  - Libcurl will NOT verify peer certificate
LogInit:  - bUseHttpProxy = false  - Libcurl will NOT use HTTP proxy
LogInit:  - bDontReuseConnections = false  - Libcurl will reuse connections
LogInit:  - CertBundlePath = nullptr  - Libcurl will use whatever was configured at build time.
LogInit:  - MaxHostConnections = 16  - Libcurl will limit the number of connections to a host
LogInit:  - LocalHostAddr = Default
LogInit:  - BufferSize = 65536
LogOnline: Display: STEAM: Loading Steam SDK 1.39
LogOnline: Warning: STEAM: Steam API disabled!
LogOnline: Display: STEAM: OnlineSubsystemSteam::Shutdown()
LogInit: WinSock: version 1.1 (2.2), MaxSocks=32767, MaxUdp=65467
LogInit: Build: ++UE4+Release-4.20-CL-4369336
LogInit: Engine Version: 4.20.3-4369336+++UE4+Release-4.20
LogInit: Compatible Engine Version: 4.20.0-4212847+++UE4+Release-4.20
LogInit: Net CL: 4212847
LogInit: OS: Windows 10 (), CPU: Intel(R) Core(TM) i7-6500U CPU @ 2.50GHz, GPU: Intel(R) HD Graphics 520
LogInit: Compiled (64-bit): Sep 17 2018 12:26:19
LogInit: Compiled with Visual C++: 19.13.26129.00
LogInit: Build Configuration: Development
LogInit: Branch Name: ++UE4+Release-4.20
LogInit: Command Line: -EpicPortal -epicusername="Hookibibi" -epicuserid=e13323db472b437e907144303bb07345 -epiclocale=fr-FR
LogInit: Base Directory: R:/UE_4.20/Engine/Binaries/Win64/
LogInit: Installed Engine Build: 1
LogDevObjectVersion: Number of dev versions registered: 20
LogDevObjectVersion:   Dev-Blueprints (B0D832E4-1F89-4F0D-ACCF-7EB736FD4AA2): 10
LogDevObjectVersion:   Dev-Build (E1C64328-A22C-4D53-A36C-8E866417BD8C): 0
LogDevObjectVersion:   Dev-Core (375EC13C-06E4-48FB-B500-84F0262A717E): 2
LogDevObjectVersion:   Dev-Editor (E4B068ED-F494-42E9-A231-DA0B2E46BB41): 24
LogDevObjectVersion:   Dev-Framework (CFFC743F-43B0-4480-9391-14DF171D2073): 34
LogDevObjectVersion:   Dev-Mobile (B02B49B5-BB20-44E9-A304-32B752E40360): 2
LogDevObjectVersion:   Dev-Networking (A4E4105C-59A1-49B5-A7C5-40C4547EDFEE): 0
LogDevObjectVersion:   Dev-Online (39C831C9-5AE6-47DC-9A44-9C173E1C8E7C): 0
LogDevObjectVersion:   Dev-Physics (78F01B33-EBEA-4F98-B9B4-84EACCB95AA2): 0
LogDevObjectVersion:   Dev-Platform (6631380F-2D4D-43E0-8009-CF276956A95A): 0
LogDevObjectVersion:   Dev-Rendering (12F88B9F-8875-4AFC-A67C-D90C383ABD29): 26
LogDevObjectVersion:   Dev-Sequencer (7B5AE74C-D270-4C10-A958-57980B212A5A): 9
LogDevObjectVersion:   Dev-VR (D7296918-1DD6-4BDD-9DE2-64A83CC13884): 2
LogDevObjectVersion:   Dev-LoadTimes (C2A15278-BFE7-4AFE-6C17-90FF531DF755): 1
LogDevObjectVersion:   Private-Geometry (6EACA3D4-40EC-4CC1-B786-8BED09428FC5): 3
LogDevObjectVersion:   Dev-AnimPhys (29E575DD-E0A3-4627-9D10-D276232CDCEA): 17
LogDevObjectVersion:   Dev-ReflectionCapture (6B266CEC-1EC7-4B8F-A30B-E4D90942FC07): 1
LogDevObjectVersion:   Dev-Automation (0DF73D61-A23F-47EA-B727-89E90C41499A): 1
LogDevObjectVersion:   FortniteMain (601D1886-AC64-4F84-AA16-D3DE0DEAC7D6): 12
LogDevObjectVersion:   Dev-Enterprise (9DFFBCD6-494F-0158-E221-12823C92A888): 1
LogStreaming: Display: Took  0.007s to delete old logs.
LogInit: Presizing for max 8388607 objects, including 0 objects not considered by GC, pre-allocating 0 bytes for permanent pool.
LogInit: Object subsystem initialized
[2019.03.27-22.49.11:937][  0]LogInit: Selected Device Profile: [Windows]
[2019.03.27-22.49.11:937][  0]LogInit: Applying CVar settings loaded from the selected device profile: [Windows]
[2019.03.27-22.49.11:968][  0]LogHAL: Display: Platform has ~ 8 GB [8464732160 / 8589934592 / 8], which maps to Default [LargestMinGB=32, LargerMinGB=12, DefaultMinGB=8, SmallerMinGB=6, SmallestMinGB=0)
[2019.03.27-22.49.11:968][  0]LogInit: Setting Device Profile CVar: [[r.Vulkan.UseRealUBs:1]]
[2019.03.27-22.49.11:968][  0]LogInit: Going up to parent DeviceProfile []
[2019.03.27-22.49.11:969][  0]LogInit: Computer: DESKTOP-FT66DED
[2019.03.27-22.49.11:969][  0]LogInit: User: Malo
[2019.03.27-22.49.11:969][  0]LogInit: CPU Page size=4096, Cores=2
[2019.03.27-22.49.11:969][  0]LogInit: High frequency timer resolution =10.000000 MHz
[2019.03.27-22.49.11:969][  0]LogMemory: Memory total: Physical=7.9GB (8GB approx)
[2019.03.27-22.49.11:969][  0]LogMemory: Platform Memory Stats for Windows
[2019.03.27-22.49.11:969][  0]LogMemory: Process Physical Memory: 101.54 MB used, 101.54 MB peak
[2019.03.27-22.49.11:969][  0]LogMemory: Process Virtual Memory: 96.32 MB used, 96.32 MB peak
[2019.03.27-22.49.11:969][  0]LogMemory: Physical Memory: 4378.67 MB used,  3693.93 MB free, 8072.60 MB total
[2019.03.27-22.49.11:969][  0]LogMemory: Virtual Memory: 4628.76 MB used,  3693.93 MB free, 134217728.00 MB total
[2019.03.27-22.49.12:021][  0]LogInit: Using OS detected language (fr-FR).
[2019.03.27-22.49.12:021][  0]LogInit: Using OS detected locale (fr-FR).
[2019.03.27-22.49.12:024][  0]LogTextLocalizationManager: No specific localization for 'fr-FR' exists, so the 'fr' localization will be used.
[2019.03.27-22.49.12:037][  0]LogStreaming: Display: Took  0.016s to InitEngineTextLocalization.
[2019.03.27-22.49.12:037][  0]LogInit: Setting process to per monitor DPI aware
[2019.03.27-22.49.12:085][  0]LogSlate: New Slate User Created.  User Index 0, Is Virtual User: 0
[2019.03.27-22.49.12:085][  0]LogSlate: Slate User Registered.  User Index 0, Is Virtual User: 0
[2019.03.27-22.49.14:739][  0]LogD3D11RHI: D3D11 adapters:
[2019.03.27-22.49.14:751][  0]LogD3D11RHI:    0. 'Intel(R) HD Graphics 520' (Feature Level 11_0)
[2019.03.27-22.49.14:751][  0]LogD3D11RHI:       128/0/4036 MB DedicatedVideo/DedicatedSystem/SharedSystem, Outputs:1, VendorId:0x8086
[2019.03.27-22.49.14:764][  0]LogD3D11RHI:    1. 'Microsoft Basic Render Driver' (Feature Level 11_0)
[2019.03.27-22.49.14:764][  0]LogD3D11RHI:       0/0/4036 MB DedicatedVideo/DedicatedSystem/SharedSystem, Outputs:0, VendorId:0x1414
[2019.03.27-22.49.14:764][  0]LogD3D11RHI: Chosen D3D11 Adapter: 0
[2019.03.27-22.49.14:771][  0]LogD3D11RHI: Creating new Direct3DDevice
[2019.03.27-22.49.14:771][  0]LogD3D11RHI:     GPU DeviceId: 0x1916 (for the marketing name, search the web for "GPU Device Id")
[2019.03.27-22.49.14:771][  0]LogWindows: EnumDisplayDevices:
[2019.03.27-22.49.14:772][  0]LogWindows:    0. 'Intel(R) HD Graphics 520' (P:1 D:1)
[2019.03.27-22.49.14:772][  0]LogWindows:    1. 'Intel(R) HD Graphics 520' (P:0 D:0)
[2019.03.27-22.49.14:773][  0]LogWindows:    2. 'Intel(R) HD Graphics 520' (P:0 D:0)
[2019.03.27-22.49.14:773][  0]LogWindows: DebugString: FoundDriverCount:3 
[2019.03.27-22.49.14:773][  0]LogD3D11RHI:     Adapter Name: Intel(R) HD Graphics 520
[2019.03.27-22.49.14:773][  0]LogD3D11RHI:   Driver Version: 22.20.16.4771 (internal:22.20.16.4771, unified:22.20.16.4771)
[2019.03.27-22.49.14:773][  0]LogD3D11RHI:      Driver Date: 8-13-2017
[2019.03.27-22.49.14:773][  0]LogRHI: Texture pool is 1502 MB (70% of 2146 MB)
[2019.03.27-22.49.14:781][  0]LogD3D11RHI: Async texture creation enabled
[2019.03.27-22.49.14:795][  0]LogD3D11RHI: GPU Timing Frequency: 12.000000 (Debug: 2 0)
[2019.03.27-22.49.14:798][  0]LogShaderCompilers: Guid format shader working directory is -26 characters bigger than the processId version (C:/Users/Malo/Documents/GitHub/ProjetsHub2018/FPSUnreal/PeopleWithGuns/Intermediate/Shaders/WorkingDirectory/14268/).
[2019.03.27-22.49.14:798][  0]LogShaderCompilers: Cleaned the shader compiler working directory 'C:/Users/Malo/AppData/Local/Temp/UnrealShaderWorkingDir/3B62C90D4AE16664D9D46DAF01A53DA6/'.
[2019.03.27-22.49.15:467][  0]LogTemp: Display: Loaded TP AllDesktopTargetPlatform
[2019.03.27-22.49.15:487][  0]LogTemp: Display: Loaded TP MacClientTargetPlatform
[2019.03.27-22.49.15:505][  0]LogTemp: Display: Loaded TP MacNoEditorTargetPlatform
[2019.03.27-22.49.15:523][  0]LogTemp: Display: Loaded TP MacServerTargetPlatform
[2019.03.27-22.49.15:547][  0]LogTemp: Display: Loaded TP MacTargetPlatform
[2019.03.27-22.49.15:566][  0]LogTemp: Display: Loaded TP WindowsClientTargetPlatform
[2019.03.27-22.49.15:584][  0]LogTemp: Display: Loaded TP WindowsNoEditorTargetPlatform
[2019.03.27-22.49.15:602][  0]LogTemp: Display: Loaded TP WindowsServerTargetPlatform
[2019.03.27-22.49.15:609][  0]LogTemp: Display: Loaded TP WindowsTargetPlatform
[2019.03.27-22.49.15:732][  0]LogTemp: Display: Loaded TP AndroidTargetPlatform
[2019.03.27-22.49.15:732][  0]LogTemp: Display: Loaded TP AndroidTargetPlatform
[2019.03.27-22.49.15:732][  0]LogTemp: Display: Loaded TP AndroidTargetPlatform
[2019.03.27-22.49.15:732][  0]LogTemp: Display: Loaded TP AndroidTargetPlatform
[2019.03.27-22.49.15:732][  0]LogTemp: Display: Loaded TP AndroidTargetPlatform
[2019.03.27-22.49.15:732][  0]LogTemp: Display: Loaded TP AndroidTargetPlatform
[2019.03.27-22.49.15:732][  0]LogTemp: Display: Loaded TP AndroidTargetPlatform
[2019.03.27-22.49.15:732][  0]LogTemp: Display: Loaded TP AndroidTargetPlatform
[2019.03.27-22.49.15:732][  0]LogTemp: Display: Loaded TP AndroidTargetPlatform
[2019.03.27-22.49.15:732][  0]LogTemp: Display: Loaded TP AndroidTargetPlatform
[2019.03.27-22.49.15:732][  0]LogTemp: Display: Loaded TP AndroidTargetPlatform
[2019.03.27-22.49.15:732][  0]LogTemp: Display: Loaded TP AndroidTargetPlatform
[2019.03.27-22.49.15:732][  0]LogTemp: Display: Loaded TP AndroidTargetPlatform
[2019.03.27-22.49.15:732][  0]LogTemp: Display: Loaded TP AndroidTargetPlatform
[2019.03.27-22.49.15:732][  0]LogTemp: Display: Loaded TP AndroidTargetPlatform
[2019.03.27-22.49.15:732][  0]LogTemp: Display: Loaded TP AndroidTargetPlatform
[2019.03.27-22.49.15:732][  0]LogTemp: Display: Loaded TP AndroidTargetPlatform
[2019.03.27-22.49.15:732][  0]LogTemp: Display: Loaded TP AndroidTargetPlatform
[2019.03.27-22.49.15:734][  0]LogTemp: Display: Loaded TP HTML5TargetPlatform
[2019.03.27-22.49.15:811][  0]LogTemp: Display: Loaded TP IOSTargetPlatform
[2019.03.27-22.49.15:811][  0]LogTemp: Display: Loaded TP IOSTargetPlatform
[2019.03.27-22.49.15:842][  0]LogTemp: Display: Loaded TP TVOSTargetPlatform
[2019.03.27-22.49.15:842][  0]LogTemp: Display: Loaded TP TVOSTargetPlatform
[2019.03.27-22.49.15:859][  0]LogTemp: Display: Loaded TP LinuxClientTargetPlatform
[2019.03.27-22.49.15:875][  0]LogTemp: Display: Loaded TP LinuxNoEditorTargetPlatform
[2019.03.27-22.49.15:896][  0]LogTemp: Display: Loaded TP LinuxServerTargetPlatform
[2019.03.27-22.49.15:919][  0]LogTemp: Display: Loaded TP LinuxTargetPlatform
[2019.03.27-22.49.15:932][  0]LogTemp: Display: Loaded TP LuminTargetPlatform
[2019.03.27-22.49.15:932][  0]LogTargetPlatformManager: Display: Building Assets For Windows
[2019.03.27-22.49.16:085][  0]LogXGEController: Cleaning working directory: C:/Users/Malo/AppData/Local/Temp/UnrealXGEWorkingDir/
[2019.03.27-22.49.16:085][  0]LogXGEController: Cannot use XGE Controller as Incredibuild is not installed on this machine.
[2019.03.27-22.49.16:085][  0]LogShaderCompilers: Cannot use XGE Shader Compiler as Incredibuild is not installed on this machine.
[2019.03.27-22.49.16:085][  0]LogShaderCompilers: Display: Using Local Shader Compiler.
[2019.03.27-22.49.18:216][  0]LogDerivedDataCache: Display: Max Cache Size: 512 MB
[2019.03.27-22.49.18:594][  0]LogDerivedDataCache: Loaded boot cache 0.38s 70MB C:/Users/Malo/AppData/Local/UnrealEngine/4.20/DerivedDataCache/Boot.ddc.
[2019.03.27-22.49.18:594][  0]LogDerivedDataCache: Display: Loaded Boot cache: C:/Users/Malo/AppData/Local/UnrealEngine/4.20/DerivedDataCache/Boot.ddc
[2019.03.27-22.49.18:594][  0]LogDerivedDataCache: FDerivedDataBackendGraph:  Pak pak cache file C:/Users/Malo/Documents/GitHub/ProjetsHub2018/FPSUnreal/PeopleWithGuns/DerivedDataCache/DDC.ddp not found, will not use a pak cache.
[2019.03.27-22.49.18:594][  0]LogDerivedDataCache: Unable to find inner node Pak for hierarchical cache Hierarchy.
[2019.03.27-22.49.18:594][  0]LogDerivedDataCache: FDerivedDataBackendGraph:  CompressedPak pak cache file C:/Users/Malo/Documents/GitHub/ProjetsHub2018/FPSUnreal/PeopleWithGuns/DerivedDataCache/Compressed.ddp not found, will not use a pak cache.
[2019.03.27-22.49.18:594][  0]LogDerivedDataCache: Unable to find inner node CompressedPak for hierarchical cache Hierarchy.
[2019.03.27-22.49.18:620][  0]LogDerivedDataCache: Display: Pak cache opened for reading ../../../Engine/DerivedDataCache/Compressed.ddp.
[2019.03.27-22.49.18:634][  0]LogDerivedDataCache: Using Local data cache path C:/Users/Malo/AppData/Local/UnrealEngine/Common/DerivedDataCache: Writable
[2019.03.27-22.49.18:634][  0]LogDerivedDataCache: Shared data cache path not found in *engine.ini, will not use an Shared cache.
[2019.03.27-22.49.18:634][  0]LogDerivedDataCache: Unable to find inner node Shared for hierarchical cache Hierarchy.
[2019.03.27-22.49.18:660][  0]LogMaterial: Verifying Global Shaders for PCD3D_SM5
[2019.03.27-22.49.18:666][  0]LogSlate: Using FreeType 2.6.0
[2019.03.27-22.49.18:667][  0]LogSlate: SlateFontServices - WITH_FREETYPE: 1, WITH_HARFBUZZ: 1
[2019.03.27-22.49.18:762][  0]LogAssetRegistry: FAssetRegistry took 0.0283 seconds to start up
[2019.03.27-22.49.19:282][  0]LogInit: Selected Device Profile: [Windows]
[2019.03.27-22.49.19:505][  0]LogSimplygon: Simplygon DLL not present - disabling.
[2019.03.27-22.49.19:517][  0]LogMeshReduction: Using SimplygonSwarm for distributed automatic mesh merging
[2019.03.27-22.49.19:517][  0]LogMeshReduction: Using ProxyLODMeshReduction for automatic mesh merging
[2019.03.27-22.49.19:518][  0]LogMeshReduction: Using QuadricMeshReduction for automatic static mesh reduction
[2019.03.27-22.49.19:518][  0]LogMeshReduction: No automatic skeletal mesh reduction module available
[2019.03.27-22.49.19:549][  0]LogNetVersion: PeopleWithGuns 1.0.0, NetCL: 4212847, EngineNetVer: 5, GameNetVer: 0 (Checksum: 1271298656)
[2019.03.27-22.49.20:734][  0]LogPackageLocalizationCache: Processed 10 localized package path(s) for 2 prioritized culture(s) in 0.179267 seconds
[2019.03.27-22.49.20:745][  0]LogUObjectArray: 38209 objects as part of root set at end of initial load.
[2019.03.27-22.49.20:745][  0]LogUObjectAllocator: 6663656 out of 0 bytes used by permanent object pool.
[2019.03.27-22.49.20:745][  0]LogUObjectArray: CloseDisregardForGC: 0/0 objects in disregard for GC pool
[2019.03.27-22.49.25:079][  0]LogTcpMessaging: Initializing TcpMessaging bridge
[2019.03.27-22.49.25:093][  0]LogUdpMessaging: Initializing bridge on interface 0.0.0.0:0 to multicast group 230.0.0.1:6666.
[2019.03.27-22.49.25:411][  0]SourceControl: Source control is disabled
[2019.03.27-22.49.25:411][  0]SourceControl: Source control is disabled
[2019.03.27-22.49.25:418][  0]SourceControl: Source control is disabled
[2019.03.27-22.49.25:421][  0]SourceControl: Source control is disabled
[2019.03.27-22.49.25:714][  0]LogAndroidPermission: UAndroidPermissionCallbackProxy::GetInstance
[2019.03.27-22.49.25:896][  0]LogOcInput: OculusInput pre-init called
[2019.03.27-22.49.26:016][  0]LogEngine: Initializing Engine...
[2019.03.27-22.49.26:021][  0]LogStats: UGameplayTagsManager::ConstructGameplayTagTree: ImportINI prefixes -  0.000 s
[2019.03.27-22.49.26:021][  0]LogStats: UGameplayTagsManager::ConstructGameplayTagTree: Construct from data asset -  0.000 s
[2019.03.27-22.49.26:022][  0]LogStats: UGameplayTagsManager::ConstructGameplayTagTree: ImportINI -  0.000 s
[2019.03.27-22.49.26:022][  0]LogStats: UGameplayTagsManager::ConstructGameplayTagTree: GameplayTagTreeChangedEvent.Broadcast -  0.000 s
[2019.03.27-22.49.26:327][  0]LogInit: Initializing FReadOnlyCVARCache
[2019.03.27-22.49.26:352][  0]LogAIModule: Creating AISystem for world Untitled
[2019.03.27-22.49.26:445][  0]LogInit: XAudio2 using 'Casque (Conexant ISST Audio)' : 2 channels at 48 kHz using 32 bits per sample (channel mask 0x3)
[2019.03.27-22.49.26:474][  0]LogInit: FAudioDevice initialized.
[2019.03.27-22.49.26:474][  0]LogNetVersion: Set ProjectVersion to 1.0.0.0. Version Checksum will be recalculated on next use.
[2019.03.27-22.49.26:575][  0]LogDerivedDataCache: Saved boot cache 0.10s 70MB C:/Users/Malo/AppData/Local/UnrealEngine/4.20/DerivedDataCache/Boot.ddc.
[2019.03.27-22.49.26:593][  0]LogInit: Texture streaming: Enabled
[2019.03.27-22.49.26:621][  0]LogEngineSessionManager: EngineSessionManager initialized
[2019.03.27-22.49.26:621][  0]LogEngineSessionManager: EngineSessionManager sent abnormal shutdown report. Type=Crashed, SessionId={9C2C1B26-44AF-0864-0BF3-50B3CAFFBAD6}
[2019.03.27-22.49.26:642][  0]LogInit: Transaction tracking system initialized
[2019.03.27-22.49.26:680][  0]BlueprintLog: New page: Editor Load
[2019.03.27-22.49.26:835][  0]LocalizationService: Localization service is disabled
[2019.03.27-22.49.27:981][  0]LogCook: Display: Max memory allowance for cook 16384mb min free memory 0mb
[2019.03.27-22.49.27:981][  0]LogCook: Display: Mobile HDR setting 1
[2019.03.27-22.49.27:982][  0]LogGameplayTags: Display: UGameplayTagsManager::DoneAddingNativeTags. DelegateIsBound: 0
[2019.03.27-22.49.27:982][  0]LogStats: UGameplayTagsManager::ConstructGameplayTagTree: ImportINI prefixes -  0.000 s
[2019.03.27-22.49.27:982][  0]LogStats: UGameplayTagsManager::ConstructGameplayTagTree: Construct from data asset -  0.000 s
[2019.03.27-22.49.27:983][  0]LogStats: UGameplayTagsManager::ConstructGameplayTagTree: ImportINI -  0.000 s
[2019.03.27-22.49.27:983][  0]LogStats: UGameplayTagsManager::ConstructGameplayTagTree: GameplayTagTreeChangedEvent.Broadcast -  0.000 s
[2019.03.27-22.49.28:513][  0]LogFileCache: Scanning file cache for directory 'C:/Users/Malo/Documents/GitHub/ProjetsHub2018/FPSUnreal/PeopleWithGuns/Content/' took 0.13s
[2019.03.27-22.49.28:513][  0]SourceControl: Source control is disabled
[2019.03.27-22.49.28:622][  0]LogSlate: Took 0.000472 seconds to synchronously load lazily loaded font '../../../Engine/Content/Slate/Fonts/Roboto-Regular.ttf' (155K)
[2019.03.27-22.49.40:853][  0]LogSlate: Window 'Restore Packages' being destroyed
[2019.03.27-22.49.40:854][  0]LogWindowsTextInputMethodSystem: Display: IME system now deactivated.
[2019.03.27-22.49.40:899][  0]LogWindowsTextInputMethodSystem: Display: IME system now deactivated.
[2019.03.27-22.49.40:901][  0]Cmd: MAP LOAD FILE="C:/Users/Malo/Documents/GitHub/ProjetsHub2018/FPSUnreal/PeopleWithGuns/Content/ThirdPersonBP/Maps/MainMenu.umap" TEMPLATE=0 SHOWPROGRESS=1 FEATURELEVEL=3
[2019.03.27-22.49.40:902][  0]LightingResults: New page: Lighting Build
[2019.03.27-22.49.40:910][  0]MapCheck: New page: Map Check
[2019.03.27-22.49.40:910][  0]LightingResults: New page: Lighting Build
[2019.03.27-22.49.41:543][  0]LogAIModule: Creating AISystem for world MainMenu
[2019.03.27-22.49.41:545][  0]LogEditorServer: Finished looking for orphan Actors (0.000 secs)
[2019.03.27-22.49.41:597][  0]Cmd: MAP CHECKDEP NOCLEARLOG
[2019.03.27-22.49.41:709][  0]MapCheck: Map check complete: 0 Error(s), 0 Warning(s), took 111,487ms to complete.
[2019.03.27-22.49.41:709][  0]LogFileHelpers: Loading map 'MainMenu' took 0.808
[2019.03.27-22.49.41:799][  0]LogSlate: Updating window title bar state: overlay mode, drag disabled, window buttons hidden, title bar hidden
[2019.03.27-22.49.41:808][  0]LogSlate: Updating window title bar state: overlay mode, drag disabled, window buttons hidden, title bar hidden
[2019.03.27-22.49.41:819][  0]LogSlate: Updating window title bar state: overlay mode, drag disabled, window buttons hidden, title bar hidden
[2019.03.27-22.49.41:828][  0]LogSlate: Updating window title bar state: overlay mode, drag disabled, window buttons hidden, title bar hidden
[2019.03.27-22.49.41:840][  0]LogCollectionManager: Loaded 0 collections in 0.001175 seconds
[2019.03.27-22.49.41:889][  0]LogFileCache: Scanning file cache for directory 'C:/Users/Malo/Documents/GitHub/ProjetsHub2018/FPSUnreal/PeopleWithGuns/Saved/Collections/' took 0.01s
[2019.03.27-22.49.41:889][  0]LogFileCache: Scanning file cache for directory 'C:/Users/Malo/Documents/GitHub/ProjetsHub2018/FPSUnreal/PeopleWithGuns/Content/Developers/Malo/Collections/' took 0.01s
[2019.03.27-22.49.41:889][  0]LogFileCache: Scanning file cache for directory 'C:/Users/Malo/Documents/GitHub/ProjetsHub2018/FPSUnreal/PeopleWithGuns/Content/Collections/' took 0.01s
[2019.03.27-22.49.41:889][  0]LogCollectionManager: Rebuilt the GUID cache for 0 collections in 0.000001 seconds
[2019.03.27-22.49.41:901][  0]LogContentBrowser: Native class hierarchy populated in 0.0113 seconds. Added 2572 classes and 602 folders.
[2019.03.27-22.49.41:911][  0]LogContentBrowser: Native class hierarchy updated for 'WidgetCarousel' in 0.0003 seconds. Added 0 classes and 0 folders.
[2019.03.27-22.49.42:333][  0]LogContentBrowser: Native class hierarchy updated for 'AddContentDialog' in 0.0005 seconds. Added 0 classes and 0 folders.
[2019.03.27-22.49.42:340][  0]LogContentBrowser: Native class hierarchy updated for 'SceneOutliner' in 0.0004 seconds. Added 1 classes and 2 folders.
[2019.03.27-22.49.42:456][  0]LogSlate: Took 0.000308 seconds to synchronously load lazily loaded font '../../../Engine/Content/Slate/Fonts/Roboto-Bold.ttf' (160K)
[2019.03.27-22.49.42:474][  0]LogSlate: Took 0.010855 seconds to synchronously load lazily loaded font '../../../Engine/Content/Editor/Slate/Fonts/FontAwesome.ttf' (139K)
[2019.03.27-22.49.42:579][  0]LogRenderer: Reallocating scene render targets to support 1528x536 Format 9 NumSamples 1 (Frame:1).
[2019.03.27-22.49.43:291][  0]LogContentBrowser: Native class hierarchy updated for 'HierarchicalLODOutliner' in 0.0003 seconds. Added 0 classes and 0 folders.
[2019.03.27-22.49.43:291][  0]LogLoad: (Engine Initialization) Total time: 35.38 seconds
[2019.03.27-22.49.43:292][  0]LogLoad: (Engine Initialization) Total Blueprint compile time: 0.00 seconds
[2019.03.27-22.49.43:347][  0]LogContentStreaming: Texture pool size now 400 MB
[2019.03.27-22.49.43:393][  0]LogRenderer: Reallocating scene render targets to support 1528x552 Format 9 NumSamples 1 (Frame:3).
[2019.03.27-22.49.43:637][  0]LogSlate: Took 0.007701 seconds to synchronously load lazily loaded font '../../../Engine/Content/Slate/Fonts/Roboto-Light.ttf' (167K)
[2019.03.27-22.49.43:830][  3]LogAssetRegistry: Asset discovery search completed in 25.0905 seconds
[2019.03.27-22.49.43:833][  3]LogCollectionManager: Rebuilt the object cache for 0 collections in 0.000001 seconds (found 0 objects)
[2019.03.27-22.49.43:833][  3]LogCollectionManager: Fixed up redirectors for 0 collections in 0.000355 seconds (updated 0 objects)
[2019.03.27-22.57.25:555][495]LogAudio: Warning: Current Audio Device with ID {0.0.0.00000000}.{0d1c6af1-3e24-4e75-b740-6a81a721cc11} was removed. Shutting down audio device.
[2019.03.27-22.57.25:556][495]LogInit: XAudio2 using 'Haut-parleur (Conexant ISST Audio)' : 2 channels at 48 kHz using 32 bits per sample (channel mask 0x3)
[2019.03.27-23.00.08:136][980]LogInit: XAudio2 using 'Haut-parleur (Conexant ISST Audio)' : 2 channels at 48 kHz using 32 bits per sample (channel mask 0x3)
[2019.03.27-23.00.08:413][981]LogInit: XAudio2 using 'Casque (Conexant ISST Audio)' : 2 channels at 48 kHz using 32 bits per sample (channel mask 0x3)
[2019.03.27-23.00.12:775][994]LogInit: XAudio2 using 'Casque (Conexant ISST Audio)' : 2 channels at 48 kHz using 32 bits per sample (channel mask 0x3)
[2019.03.27-23.00.13:077][995]LogInit: XAudio2 using 'Casque (Conexant ISST Audio)' : 2 channels at 48 kHz using 32 bits per sample (channel mask 0x3)
[2019.03.27-23.02.37:907][426]LogAudio: Warning: Current Audio Device with ID {0.0.0.00000000}.{0d1c6af1-3e24-4e75-b740-6a81a721cc11} was removed. Shutting down audio device.
[2019.03.27-23.02.37:907][426]LogInit: XAudio2 using 'Haut-parleur (Conexant ISST Audio)' : 2 channels at 48 kHz using 32 bits per sample (channel mask 0x3)
[2019.03.27-23.02.38:264][427]LogInit: XAudio2 using 'Haut-parleur (Conexant ISST Audio)' : 2 channels at 48 kHz using 32 bits per sample (channel mask 0x3)
[2019.03.27-23.07.14:791][253]LogInit: XAudio2 using 'Casque (Conexant ISST Audio)' : 2 channels at 48 kHz using 32 bits per sample (channel mask 0x3)
[2019.03.27-23.07.14:913][253]LogAudio: Warning: Current Audio Device with ID {0.0.0.00000000}.{0d1c6af1-3e24-4e75-b740-6a81a721cc11} was removed. Shutting down audio device.
[2019.03.27-23.07.14:913][253]LogAudio: Error: CreateMasteringVoice error: Device Invalidated
[2019.03.27-23.07.14:913][253]LogInit: Warning: Failed to create the mastering voice for XAudio2
[2019.03.27-23.07.15:107][254]LogInit: XAudio2 using 'Casque (Conexant ISST Audio)' : 2 channels at 48 kHz using 32 bits per sample (channel mask 0x3)
[2019.03.27-23.07.17:625][259]LogInit: XAudio2 using 'Casque (Conexant ISST Audio)' : 2 channels at 48 kHz using 32 bits per sample (channel mask 0x3)
[2019.03.27-23.08.30:886][541]LogSlate: FSceneViewport::OnFocusLost() reason 0
[2019.03.27-23.08.31:134][547]LogSlate: Window 'PeopleWithGuns - Unreal Editor' being destroyed
[2019.03.27-23.08.31:406][548]Cmd: QUIT_EDITOR
[2019.03.27-23.08.31:433][548]LogWindowsTextInputMethodSystem: Display: IME system now deactivated.
[2019.03.27-23.08.31:453][548]LogExit: Preparing to exit.
[2019.03.27-23.08.31:767][548]LogExit: Editor shut down
[2019.03.27-23.08.31:767][548]LogExit: Transaction tracking system shut down
[2019.03.27-23.08.32:635][548]LogExit: Object subsystem successfully closed.
[2019.03.27-23.08.32:659][548]LogShaderCompilers: Display: Shaders left to compile 0
[2019.03.27-23.08.32:664][548]LogD3D11RHI: Shutdown
[2019.03.27-23.08.32:665][548]LogD3D11RHI: CleanupD3DDevice
[2019.03.27-23.08.32:671][548]LogD3D11RHI: ~FD3D11DynamicRHI
[2019.03.27-23.08.32:690][548]LogModuleManager: Shutting down and abandoning module HierarchicalLODOutliner (608)
[2019.03.27-23.08.32:690][548]LogModuleManager: Shutting down and abandoning module SceneOutliner (606)
[2019.03.27-23.08.32:690][548]LogModuleManager: Shutting down and abandoning module AddContentDialog (604)
[2019.03.27-23.08.32:691][548]LogModuleManager: Shutting down and abandoning module WidgetCarousel (603)
[2019.03.27-23.08.32:691][548]LogModuleManager: Shutting down and abandoning module EditorWidgets (600)
[2019.03.27-23.08.32:691][548]LogModuleManager: Shutting down and abandoning module CollectionManager (598)
[2019.03.27-23.08.32:691][548]LogModuleManager: Shutting down and abandoning module StatsViewer (596)
[2019.03.27-23.08.32:691][548]LogModuleManager: Shutting down and abandoning module FoliageEdit (594)
[2019.03.27-23.08.32:691][548]LogModuleManager: Shutting down and abandoning module LandscapeEditor (592)
[2019.03.27-23.08.32:691][548]LogModuleManager: Shutting down and abandoning module MeshPaintMode (590)
[2019.03.27-23.08.32:691][548]LogModuleManager: Shutting down and abandoning module SceneDepthPickerMode (588)
[2019.03.27-23.08.32:691][548]LogModuleManager: Shutting down and abandoning module ActorPickerMode (586)
[2019.03.27-23.08.32:692][548]LogModuleManager: Shutting down and abandoning module GeometryMode (584)
[2019.03.27-23.08.32:692][548]LogModuleManager: Shutting down and abandoning module TextureAlignMode (582)
[2019.03.27-23.08.32:692][548]LogModuleManager: Shutting down and abandoning module BspMode (580)
[2019.03.27-23.08.32:692][548]LogModuleManager: Shutting down and abandoning module PIEPreviewDeviceProfileSelector (578)
[2019.03.27-23.08.32:692][548]LogModuleManager: Shutting down and abandoning module SequenceRecorderSections (576)
[2019.03.27-23.08.32:692][548]LogModuleManager: Shutting down and abandoning module AutomationWorker (574)
[2019.03.27-23.08.32:692][548]LogModuleManager: Shutting down and abandoning module AudioCaptureEditor (572)
[2019.03.27-23.08.32:692][548]LogModuleManager: Shutting down and abandoning module SequenceRecorder (571)
[2019.03.27-23.08.32:692][548]LogModuleManager: Shutting down and abandoning module MatineeToLevelSequence (568)
[2019.03.27-23.08.32:692][548]LogModuleManager: Shutting down and abandoning module LevelSequenceEditor (566)
[2019.03.27-23.08.32:693][548]LogModuleManager: Shutting down and abandoning module PlacementMode (565)
[2019.03.27-23.08.32:693][548]LogModuleManager: Shutting down and abandoning module MaterialEditor (564)
[2019.03.27-23.08.32:693][548]LogModuleManager: Shutting down and abandoning module WmfMediaFactory (560)
[2019.03.27-23.08.32:693][548]LogModuleManager: Shutting down and abandoning module WmfMediaEditor (558)
[2019.03.27-23.08.32:693][548]LogModuleManager: Shutting down and abandoning module MediaPlayerEditor (556)
[2019.03.27-23.08.32:693][548]LogModuleManager: Shutting down and abandoning module OpenExrWrapper (554)
[2019.03.27-23.08.32:693][548]LogModuleManager: Shutting down and abandoning module ImgMediaFactory (552)
[2019.03.27-23.08.32:693][548]LogModuleManager: Shutting down and abandoning module ImgMediaEditor (550)
[2019.03.27-23.08.32:694][548]LogModuleManager: Shutting down and abandoning module AvfMediaFactory (548)
[2019.03.27-23.08.32:694][548]LogModuleManager: Shutting down and abandoning module AvfMediaEditor (546)
[2019.03.27-23.08.32:694][548]LogModuleManager: Shutting down and abandoning module AndroidMediaFactory (544)
[2019.03.27-23.08.32:694][548]LogModuleManager: Shutting down and abandoning module AndroidMediaEditor (542)
[2019.03.27-23.08.32:694][548]LogModuleManager: Shutting down and abandoning module MagicLeapCameraPreviewFactory (540)
[2019.03.27-23.08.32:694][548]LogModuleManager: Shutting down and abandoning module MagicLeapMediaFactory (538)
[2019.03.27-23.08.32:694][548]LogModuleManager: Shutting down and abandoning module MagicLeapMediaEditor (536)
[2019.03.27-23.08.32:694][548]LogModuleManager: Shutting down and abandoning module CharacterAI (534)
[2019.03.27-23.08.32:694][548]LogModuleManager: Shutting down and abandoning module SmartSnapping (532)
[2019.03.27-23.08.32:694][548]LogModuleManager: Shutting down and abandoning module SessionServices (530)
[2019.03.27-23.08.32:694][548]LogModuleManager: Shutting down and abandoning module ViewportSnapping (528)
[2019.03.27-23.08.32:694][548]LogModuleManager: Shutting down and abandoning module ViewportInteraction (526)
[2019.03.27-23.08.32:694][548]LogModuleManager: Shutting down and abandoning module ClothPainter (524)
[2019.03.27-23.08.32:694][548]LogModuleManager: Shutting down and abandoning module SkeletalMeshEditor (523)
[2019.03.27-23.08.32:694][548]LogModuleManager: Shutting down and abandoning module LogVisualizer (520)
[2019.03.27-23.08.32:695][548]LogModuleManager: Shutting down and abandoning module IntroTutorials (518)
[2019.03.27-23.08.32:695][548]LogModuleManager: Shutting down and abandoning module GameProjectGeneration (517)
[2019.03.27-23.08.32:695][548]LogModuleManager: Shutting down and abandoning module LuminPlatformEditor (514)
[2019.03.27-23.08.32:695][548]LogModuleManager: Shutting down and abandoning module IOSPlatformEditor (512)
[2019.03.27-23.08.32:695][548]LogModuleManager: Shutting down and abandoning module HTML5PlatformEditor (510)
[2019.03.27-23.08.32:695][548]LogModuleManager: Shutting down and abandoning module AndroidPlatformEditor (508)
[2019.03.27-23.08.32:695][548]LogModuleManager: Shutting down and abandoning module AndroidDeviceDetection (507)
[2019.03.27-23.08.33:664][548]LogModuleManager: Shutting down and abandoning module WindowsPlatformEditor (504)
[2019.03.27-23.08.33:664][548]LogModuleManager: Shutting down and abandoning module LuminRuntimeSettings (502)
[2019.03.27-23.08.33:664][548]LogModuleManager: Shutting down and abandoning module IOSRuntimeSettings (500)
[2019.03.27-23.08.33:665][548]LogModuleManager: Shutting down and abandoning module AndroidRuntimeSettings (498)
[2019.03.27-23.08.33:665][548]LogModuleManager: Shutting down and abandoning module InputBindingEditor (496)
[2019.03.27-23.08.33:665][548]LogModuleManager: Shutting down and abandoning module MergeActors (494)
[2019.03.27-23.08.33:665][548]LogModuleManager: Shutting down and abandoning module LocalizationDashboard (492)
[2019.03.27-23.08.33:665][548]LogModuleManager: Shutting down and abandoning module LocalizationService (491)
[2019.03.27-23.08.33:665][548]LogModuleManager: Shutting down and abandoning module HardwareTargeting (488)
[2019.03.27-23.08.33:665][548]LogModuleManager: Shutting down and abandoning module DeviceProfileEditor (486)
[2019.03.27-23.08.33:665][548]LogModuleManager: Shutting down and abandoning module UndoHistory (484)
[2019.03.27-23.08.33:665][548]LogModuleManager: Shutting down and abandoning module XmlParser (482)
[2019.03.27-23.08.33:665][548]LogModuleManager: Shutting down and abandoning module Blutility (480)
[2019.03.27-23.08.33:665][548]LogModuleManager: Shutting down and abandoning module ProjectSettingsViewer (478)
[2019.03.27-23.08.33:665][548]LogModuleManager: Shutting down and abandoning module ProjectTargetPlatformEditor (477)
[2019.03.27-23.08.33:666][548]LogModuleManager: Shutting down and abandoning module EditorSettingsViewer (474)
[2019.03.27-23.08.33:666][548]LogModuleManager: Shutting down and abandoning module SettingsEditor (472)
[2019.03.27-23.08.33:666][548]LogModuleManager: Shutting down and abandoning module ProjectLauncher (470)
[2019.03.27-23.08.33:666][548]LogModuleManager: Shutting down and abandoning module SessionFrontend (468)
[2019.03.27-23.08.33:666][548]LogModuleManager: Shutting down and abandoning module ProfilerClient (466)
[2019.03.27-23.08.33:666][548]LogModuleManager: Shutting down and abandoning module DeviceManager (464)
[2019.03.27-23.08.33:666][548]LogModuleManager: Shutting down and abandoning module TargetDeviceServices (463)
[2019.03.27-23.08.33:732][548]LogModuleManager: Shutting down and abandoning module AutomationController (460)
[2019.03.27-23.08.33:732][548]LogModuleManager: Shutting down and abandoning module AutomationWindow (458)
[2019.03.27-23.08.33:732][548]LogModuleManager: Shutting down and abandoning module Layers (456)
[2019.03.27-23.08.33:732][548]LogModuleManager: Shutting down and abandoning module ComponentVisualizers (454)
[2019.03.27-23.08.33:732][548]LogModuleManager: Shutting down and abandoning module DetailCustomizations (452)
[2019.03.27-23.08.33:732][548]LogModuleManager: Shutting down and abandoning module PackagesDialog (450)
[2019.03.27-23.08.33:732][548]LogModuleManager: Shutting down and abandoning module Persona (448)
[2019.03.27-23.08.33:732][548]LogModuleManager: Shutting down and abandoning module AdvancedPreviewScene (447)
[2019.03.27-23.08.33:733][548]LogModuleManager: Shutting down and abandoning module AnimGraph (445)
[2019.03.27-23.08.33:733][548]LogModuleManager: Shutting down and abandoning module Kismet (442)
[2019.03.27-23.08.33:733][548]LogModuleManager: Shutting down and abandoning module GraphEditor (440)
[2019.03.27-23.08.33:733][548]LogModuleManager: Shutting down and abandoning module ClassViewer (438)
[2019.03.27-23.08.33:733][548]LogModuleManager: Shutting down and abandoning module Toolbox (436)
[2019.03.27-23.08.33:733][548]LogModuleManager: Shutting down and abandoning module ModuleUI (434)
[2019.03.27-23.08.33:733][548]LogModuleManager: Shutting down and abandoning module MovieSceneTools (432)
[2019.03.27-23.08.33:733][548]LogModuleManager: Shutting down and abandoning module OutputLog (430)
[2019.03.27-23.08.33:733][548]LogModuleManager: Shutting down and abandoning module GammaUI (428)
[2019.03.27-23.08.33:733][548]LogModuleManager: Shutting down and abandoning module Documentation (426)
[2019.03.27-23.08.33:733][548]LogModuleManager: Shutting down and abandoning module MovieSceneTracks (424)
[2019.03.27-23.08.33:733][548]LogModuleManager: Shutting down and abandoning module MovieScene (422)
[2019.03.27-23.08.33:733][548]LogModuleManager: Shutting down and abandoning module StreamingPauseRendering (420)
[2019.03.27-23.08.33:733][548]LogModuleManager: Shutting down and abandoning module LauncherPlatform (418)
[2019.03.27-23.08.33:733][548]LogModuleManager: Shutting down and abandoning module AnalyticsET (416)
[2019.03.27-23.08.33:733][548]LogModuleManager: Shutting down and abandoning module PortalServices (414)
[2019.03.27-23.08.33:733][548]LogModuleManager: Shutting down and abandoning module PortalRpc (412)
[2019.03.27-23.08.33:733][548]LogModuleManager: Shutting down and abandoning module MessagingRpc (410)
[2019.03.27-23.08.33:733][548]LogModuleManager: Shutting down and abandoning module AIModule (408)
[2019.03.27-23.08.33:733][548]LogModuleManager: Shutting down and abandoning module GameplayDebugger (407)
[2019.03.27-23.08.33:734][548]LogModuleManager: Shutting down and abandoning module AITestSuite (405)
[2019.03.27-23.08.33:734][548]LogModuleManager: Shutting down and abandoning module NavigationSystem (403)
[2019.03.27-23.08.33:734][548]LogModuleManager: Shutting down and abandoning module DesktopPlatform (400)
[2019.03.27-23.08.33:734][548]LogModuleManager: Shutting down and abandoning module ProfilerService (398)
[2019.03.27-23.08.33:876][548]LogModuleManager: Shutting down and abandoning module TaskGraph (396)
[2019.03.27-23.08.33:876][548]LogModuleManager: Shutting down and abandoning module ProceduralMeshComponentEditor (394)
[2019.03.27-23.08.33:877][548]LogModuleManager: Shutting down and abandoning module ProceduralMeshComponent (392)
[2019.03.27-23.08.33:877][548]LogModuleManager: Shutting down and abandoning module OculusInput (390)
[2019.03.27-23.08.33:877][548]LogModuleManager: Shutting down and abandoning module MobilePatchingUtils (388)
[2019.03.27-23.08.33:877][548]LogModuleManager: Shutting down and abandoning module EditableMesh (386)
[2019.03.27-23.08.33:877][548]LogModuleManager: Shutting down and abandoning module CustomMeshComponent (384)
[2019.03.27-23.08.33:877][548]LogModuleManager: Shutting down and abandoning module CableComponent (382)
[2019.03.27-23.08.33:877][548]LogModuleManager: Shutting down and abandoning module AudioCapture (380)
[2019.03.27-23.08.33:877][548]LogModuleManager: Shutting down and abandoning module ArchVisCharacter (378)
[2019.03.27-23.08.33:877][548]LogModuleManager: Shutting down and abandoning module AndroidPermission (376)
[2019.03.27-23.08.33:877][548]LogModuleManager: Shutting down and abandoning module NUTUnrealEngine4 (374)
[2019.03.27-23.08.33:877][548]LogModuleManager: Shutting down and abandoning module NetcodeUnitTest (372)
[2019.03.27-23.08.33:877][548]LogModuleManager: Shutting down and abandoning module MediaCompositingEditor (370)
[2019.03.27-23.08.33:877][548]LogModuleManager: Shutting down and abandoning module MediaCompositing (368)
[2019.03.27-23.08.33:877][548]LogModuleManager: Shutting down and abandoning module LinearTimecode (366)
[2019.03.27-23.08.33:877][548]LogModuleManager: Shutting down and abandoning module ImgMedia (364)
[2019.03.27-23.08.33:893][548]LogModuleManager: Shutting down and abandoning module HTML5Networking (362)
[2019.03.27-23.08.33:893][548]LogModuleManager: Shutting down and abandoning module GeometryCacheTracks (360)
[2019.03.27-23.08.33:893][548]LogModuleManager: Shutting down and abandoning module GeometryCacheSequencer (358)
[2019.03.27-23.08.33:893][548]LogModuleManager: Shutting down and abandoning module BackChannel (356)
[2019.03.27-23.08.33:895][548]LogModuleManager: Shutting down and abandoning module AppleVision (354)
[2019.03.27-23.08.33:895][548]LogModuleManager: Shutting down and abandoning module AppleImageUtils (352)
[2019.03.27-23.08.33:895][548]LogModuleManager: Shutting down and abandoning module AlembicImporter (350)
[2019.03.27-23.08.33:895][548]LogModuleManager: Shutting down and abandoning module AlembicLibrary (349)
[2019.03.27-23.08.33:895][548]LogModuleManager: Shutting down and abandoning module GeometryCache (348)
[2019.03.27-23.08.33:895][548]LogModuleManager: Shutting down and abandoning module GeometryCacheEd (347)
[2019.03.27-23.08.33:895][548]LogModuleManager: Shutting down and abandoning module DatasmithContentEditor (342)
[2019.03.27-23.08.33:895][548]LogModuleManager: Shutting down and abandoning module DatasmithContent (340)
[2019.03.27-23.08.33:896][548]LogModuleManager: Shutting down and abandoning module SpeedTreeImporter (338)
[2019.03.27-23.08.33:896][548]LogModuleManager: Shutting down and abandoning module PluginBrowser (336)
[2019.03.27-23.08.33:896][548]LogModuleManager: Shutting down and abandoning module MobileLauncherProfileWizard (334)
[2019.03.27-23.08.33:897][548]LogModuleManager: Shutting down and abandoning module PolygonModeling (332)
[2019.03.27-23.08.33:897][548]LogModuleManager: Shutting down and abandoning module MeshEditor (330)
[2019.03.27-23.08.33:897][548]LogModuleManager: Shutting down and abandoning module CryptoKeysOpenSSL (328)
[2019.03.27-23.08.33:897][548]LogModuleManager: Shutting down and abandoning module CryptoKeys (326)
[2019.03.27-23.08.33:897][548]LogModuleManager: Shutting down and abandoning module VisualStudioSourceCodeAccess (324)
[2019.03.27-23.08.33:897][548]LogModuleManager: Shutting down and abandoning module VisualStudioCodeSourceCodeAccess (322)
[2019.03.27-23.08.33:897][548]LogModuleManager: Shutting down and abandoning module UObjectPlugin (320)
[2019.03.27-23.08.33:897][548]LogModuleManager: Shutting down and abandoning module SubversionSourceControl (318)
[2019.03.27-23.08.33:897][548]LogModuleManager: Shutting down and abandoning module PerforceSourceControl (316)
[2019.03.27-23.08.33:897][548]LogModuleManager: Shutting down and abandoning module GitSourceControl (314)
[2019.03.27-23.08.33:897][548]LogModuleManager: Shutting down and abandoning module SourceControl (313)
[2019.03.27-23.08.33:897][548]LogModuleManager: Shutting down and abandoning module CLionSourceCodeAccess (310)
[2019.03.27-23.08.33:897][548]LogModuleManager: Shutting down and abandoning module LightPropagationVolumeEditor (308)
[2019.03.27-23.08.33:897][548]LogModuleManager: Shutting down and abandoning module PaperTiledImporter (306)
[2019.03.27-23.08.33:897][548]LogModuleManager: Shutting down and abandoning module PaperSpriteSheetImporter (304)
[2019.03.27-23.08.33:897][548]LogModuleManager: Shutting down and abandoning module Paper2DEditor (302)
[2019.03.27-23.08.33:897][548]LogModuleManager: Shutting down and abandoning module MeshPaint (301)
[2019.03.27-23.08.33:898][548]LogModuleManager: Shutting down and abandoning module RuntimePhysXCooking (298)
[2019.03.27-23.08.33:898][548]LogModuleManager: Shutting down and abandoning module PhysXVehiclesEditor (296)
[2019.03.27-23.08.33:898][548]LogModuleManager: Shutting down and abandoning module PhysXVehicles (294)
[2019.03.27-23.08.33:898][548]LogModuleManager: Shutting down and abandoning module OculusEditor (292)
[2019.03.27-23.08.33:898][548]LogModuleManager: Shutting down and abandoning module LocationServicesBPLibrary (290)
[2019.03.27-23.08.33:898][548]LogModuleManager: Shutting down and abandoning module ImmediatePhysicsEditor (288)
[2019.03.27-23.08.33:898][548]LogModuleManager: Shutting down and abandoning module ImmediatePhysics (286)
[2019.03.27-23.08.33:898][548]LogModuleManager: Shutting down and abandoning module ActorSequence (284)
[2019.03.27-23.08.33:898][548]LogModuleManager: Shutting down and abandoning module UdpMessaging (282)
[2019.03.27-23.08.33:999][548]LogModuleManager: Shutting down and abandoning module TcpMessaging (280)
[2019.03.27-23.08.34:099][548]LogModuleManager: Shutting down and abandoning module MagicLeapAudio (278)
[2019.03.27-23.08.34:099][548]LogModuleManager: Shutting down and abandoning module GameplayTagsEditor (276)
[2019.03.27-23.08.34:099][548]LogModuleManager: Shutting down and abandoning module FacialAnimationEditor (274)
[2019.03.27-23.08.34:099][548]LogModuleManager: Shutting down and abandoning module FacialAnimation (272)
[2019.03.27-23.08.34:099][548]LogModuleManager: Shutting down and abandoning module DataValidation (270)
[2019.03.27-23.08.34:099][548]LogModuleManager: Shutting down and abandoning module AssetManagerEditor (268)
[2019.03.27-23.08.34:099][548]LogModuleManager: Shutting down and abandoning module LevelEditor (267)
[2019.03.27-23.08.34:101][548]LogModuleManager: Shutting down and abandoning module PixelInspectorModule (266)
[2019.03.27-23.08.34:101][548]LogModuleManager: Shutting down and abandoning module CommonMenuExtensions (264)
[2019.03.27-23.08.34:101][548]LogModuleManager: Shutting down and abandoning module MainFrame (262)
[2019.03.27-23.08.34:101][548]LogModuleManager: Shutting down and abandoning module HotReload (261)
[2019.03.27-23.08.34:102][548]LogModuleManager: Shutting down and abandoning module ContentBrowser (257)
[2019.03.27-23.08.34:103][548]LogModuleManager: Shutting down and abandoning module TreeMap (255)
[2019.03.27-23.08.34:103][548]LogModuleManager: Shutting down and abandoning module LightPropagationVolumeRuntime (252)
[2019.03.27-23.08.34:103][548]LogModuleManager: Shutting down and abandoning module AISupportModule (250)
[2019.03.27-23.08.34:103][548]LogModuleManager: Shutting down and abandoning module Paper2D (248)
[2019.03.27-23.08.34:103][548]LogModuleManager: Shutting down and abandoning module WindowsMoviePlayer (246)
[2019.03.27-23.08.34:103][548]LogModuleManager: Shutting down and abandoning module WmfMedia (244)
[2019.03.27-23.08.34:106][548]LogModuleManager: Shutting down and abandoning module Media (243)
[2019.03.27-23.08.34:113][548]LogModuleManager: Shutting down and abandoning module PacketHandler (240)
[2019.03.27-23.08.34:113][548]LogModuleManager: Shutting down and abandoning module ClothingSystemEditor (238)
[2019.03.27-23.08.34:113][548]LogModuleManager: Shutting down and abandoning module ClothingSystemRuntime (236)
[2019.03.27-23.08.34:114][548]LogModuleManager: Shutting down and abandoning module MediaAssets (234)
[2019.03.27-23.08.34:114][548]LogModuleManager: Shutting down and abandoning module Overlay (232)
[2019.03.27-23.08.34:114][548]LogModuleManager: Shutting down and abandoning module OverlayEditor (231)
[2019.03.27-23.08.34:114][548]LogModuleManager: Shutting down and abandoning module VREditor (228)
[2019.03.27-23.08.34:114][548]LogModuleManager: Shutting down and abandoning module StringTableEditor (226)
[2019.03.27-23.08.34:114][548]LogModuleManager: Shutting down and abandoning module GameplayTasksEditor (224)
[2019.03.27-23.08.34:114][548]LogModuleManager: Shutting down and abandoning module BehaviorTreeEditor (222)
[2019.03.27-23.08.34:114][548]LogModuleManager: Shutting down and abandoning module FunctionalTesting (220)
[2019.03.27-23.08.34:114][548]LogModuleManager: Shutting down and abandoning module CollisionAnalyzer (218)
[2019.03.27-23.08.34:114][548]LogModuleManager: Shutting down and abandoning module WorkspaceMenuStructure (217)
[2019.03.27-23.08.34:114][548]LogModuleManager: Shutting down and abandoning module UMG (214)
[2019.03.27-23.08.34:114][548]LogModuleManager: Shutting down and abandoning module UMGEditor (213)
[2019.03.27-23.08.34:114][548]LogModuleManager: Shutting down and abandoning module Sequencer (212)
[2019.03.27-23.08.34:114][548]LogModuleManager: Shutting down and abandoning module MessageLog (209)
[2019.03.27-23.08.34:114][548]LogModuleManager: Shutting down and abandoning module SlateReflector (204)
[2019.03.27-23.08.34:114][548]LogModuleManager: Shutting down and abandoning module Slate (202)
[2019.03.27-23.08.34:114][548]LogModuleManager: Shutting down and abandoning module EditorStyle (200)
[2019.03.27-23.08.34:118][548]LogModuleManager: Shutting down and abandoning module MRMesh (198)
[2019.03.27-23.08.34:118][548]LogModuleManager: Shutting down and abandoning module SourceCodeAccess (196)
[2019.03.27-23.08.34:118][548]LogModuleManager: Shutting down and abandoning module HeadMountedDisplay (194)
[2019.03.27-23.08.34:118][548]LogModuleManager: Shutting down and abandoning module XAudio2 (192)
[2019.03.27-23.08.34:118][548]LogModuleManager: Shutting down and abandoning module Networking (190)
[2019.03.27-23.08.34:118][548]LogModuleManager: Shutting down and abandoning module Core (188)
[2019.03.27-23.08.34:118][548]LogModuleManager: Shutting down and abandoning module LevelSequence (186)
[2019.03.27-23.08.34:118][548]LogModuleManager: Shutting down and abandoning module KismetCompiler (184)
[2019.03.27-23.08.34:118][548]LogModuleManager: Shutting down and abandoning module MeshUtilities (182)
[2019.03.27-23.08.34:118][548]LogModuleManager: Shutting down and abandoning module MeshMergeUtilities (181)
[2019.03.27-23.08.34:118][548]LogModuleManager: Shutting down and abandoning module MeshReductionInterface (180)
[2019.03.27-23.08.34:118][548]LogModuleManager: Shutting down and abandoning module SimplygonSwarm (179)
[2019.03.27-23.08.34:118][548]LogModuleManager: Shutting down and abandoning module ProxyLODMeshReduction (177)
[2019.03.27-23.08.34:118][548]LogModuleManager: Shutting down and abandoning module SimplygonMeshReduction (175)
[2019.03.27-23.08.34:118][548]LogModuleManager: Shutting down and abandoning module QuadricMeshReduction (173)
[2019.03.27-23.08.34:118][548]LogModuleManager: Shutting down and abandoning module MaterialBaking (169)
[2019.03.27-23.08.34:118][548]LogModuleManager: Shutting down and abandoning module DirectoryWatcher (165)
[2019.03.27-23.08.34:118][548]LogModuleManager: Shutting down and abandoning module DerivedDataCache (162)
[2019.03.27-23.08.34:141][548]LogDerivedDataCache: Shutdown
[2019.03.27-23.08.34:141][548]LogModuleManager: Shutting down and abandoning module XGEController (160)
[2019.03.27-23.08.34:141][548]LogXGEController: Cleaning working directory: C:/Users/Malo/AppData/Local/Temp/UnrealXGEWorkingDir/
[2019.03.27-23.08.34:142][548]LogModuleManager: Shutting down and abandoning module TargetPlatform (158)
[2019.03.27-23.08.34:142][548]LogModuleManager: Shutting down and abandoning module VulkanShaderFormat (157)
[2019.03.27-23.08.34:142][548]LogModuleManager: Shutting down and abandoning module ShaderFormatVectorVM (155)
[2019.03.27-23.08.34:142][548]LogModuleManager: Shutting down and abandoning module ShaderFormatOpenGL (153)
[2019.03.27-23.08.34:142][548]LogModuleManager: Shutting down and abandoning module ShaderFormatD3D (151)
[2019.03.27-23.08.34:142][548]LogModuleManager: Shutting down and abandoning module MetalShaderFormat (149)
[2019.03.27-23.08.34:142][548]LogModuleManager: Shutting down and abandoning module TextureFormatUncompressed (147)
[2019.03.27-23.08.34:142][548]LogModuleManager: Shutting down and abandoning module TextureFormatPVR (145)
[2019.03.27-23.08.34:143][548]LogModuleManager: Shutting down and abandoning module TextureFormatDXT (143)
[2019.03.27-23.08.34:143][548]LogModuleManager: Shutting down and abandoning module TextureFormatIntelISPCTexComp (141)
[2019.03.27-23.08.34:143][548]LogModuleManager: Shutting down and abandoning module TextureFormatASTC (139)
[2019.03.27-23.08.34:143][548]LogModuleManager: Shutting down and abandoning module ImageWrapper (138)
[2019.03.27-23.08.34:143][548]LogModuleManager: Shutting down and abandoning module TextureFormatAndroid (135)
[2019.03.27-23.08.34:143][548]LogModuleManager: Shutting down and abandoning module AudioFormatOpus (133)
[2019.03.27-23.08.34:143][548]LogModuleManager: Shutting down and abandoning module AudioFormatOgg (131)
[2019.03.27-23.08.34:143][548]LogModuleManager: Shutting down and abandoning module AudioFormatADPCM (129)
[2019.03.27-23.08.34:143][548]LogModuleManager: Shutting down and abandoning module LuminTargetPlatform (127)
[2019.03.27-23.08.34:143][548]LogModuleManager: Shutting down and abandoning module LinuxTargetPlatform (125)
[2019.03.27-23.08.34:143][548]LogModuleManager: Shutting down and abandoning module LinuxServerTargetPlatform (123)
[2019.03.27-23.08.34:143][548]LogModuleManager: Shutting down and abandoning module LinuxNoEditorTargetPlatform (121)
[2019.03.27-23.08.34:143][548]LogModuleManager: Shutting down and abandoning module LinuxClientTargetPlatform (119)
[2019.03.27-23.08.34:143][548]LogModuleManager: Shutting down and abandoning module TVOSTargetPlatform (117)
[2019.03.27-23.08.34:147][548]LogModuleManager: Shutting down and abandoning module Messaging (115)
[2019.03.27-23.08.34:147][548]LogModuleManager: Shutting down and abandoning module IOSTargetPlatform (113)
[2019.03.27-23.08.34:150][548]LogModuleManager: Shutting down and abandoning module HTML5TargetPlatform (111)
[2019.03.27-23.08.34:150][548]LogModuleManager: Shutting down and abandoning module AndroidTargetPlatform (109)
[2019.03.27-23.08.34:171][548]LogModuleManager: Shutting down and abandoning module WindowsTargetPlatform (107)
[2019.03.27-23.08.34:171][548]LogModuleManager: Shutting down and abandoning module WindowsServerTargetPlatform (105)
[2019.03.27-23.08.34:171][548]LogModuleManager: Shutting down and abandoning module WindowsNoEditorTargetPlatform (103)
[2019.03.27-23.08.34:171][548]LogModuleManager: Shutting down and abandoning module WindowsClientTargetPlatform (101)
[2019.03.27-23.08.34:171][548]LogModuleManager: Shutting down and abandoning module MacTargetPlatform (99)
[2019.03.27-23.08.34:171][548]LogModuleManager: Shutting down and abandoning module MacServerTargetPlatform (97)
[2019.03.27-23.08.34:171][548]LogModuleManager: Shutting down and abandoning module MacNoEditorTargetPlatform (95)
[2019.03.27-23.08.34:171][548]LogModuleManager: Shutting down and abandoning module MacClientTargetPlatform (93)
[2019.03.27-23.08.34:171][548]LogModuleManager: Shutting down and abandoning module AllDesktopTargetPlatform (91)
[2019.03.27-23.08.34:171][548]LogModuleManager: Shutting down and abandoning module InputCore (88)
[2019.03.27-23.08.34:171][548]LogModuleManager: Shutting down and abandoning module Settings (86)
[2019.03.27-23.08.34:171][548]LogModuleManager: Shutting down and abandoning module PhysXCooking (84)
[2019.03.27-23.08.34:171][548]LogModuleManager: Shutting down and abandoning module OculusHMD (82)
[2019.03.27-23.08.34:171][548]LogModuleManager: Shutting down and abandoning module ExampleDeviceProfileSelector (80)
[2019.03.27-23.08.34:171][548]LogModuleManager: Shutting down and abandoning module LauncherChunkInstaller (78)
[2019.03.27-23.08.34:171][548]LogModuleManager: Shutting down and abandoning module OnlineBlueprintSupport (76)
[2019.03.27-23.08.34:171][548]LogModuleManager: Shutting down and abandoning module OnlineSubsystem (72)
[2019.03.27-23.08.34:172][548]LogModuleManager: Shutting down and abandoning module XMPP (65)
[2019.03.27-23.08.34:172][548]LogModuleManager: Shutting down and abandoning module WebSockets (64)
[2019.03.27-23.08.34:175][548]LogModuleManager: Shutting down and abandoning module HTTP (61)
[2019.03.27-23.08.34:175][548]LogHttp: Display: Http module shutting down, but needs to wait on 1 outstanding Http requests:
[2019.03.27-23.08.34:175][548]LogHttp: Display: 	verb=[POST] url=[https://datarouter.ol.epicgames.com/datarouter/api/v1/public/data?SessionID=%7BEA18B9F6-461F-9F64-2C28-77966897C2DB%7D&AppID=UEEditor.Rocket.Release&AppVersion=4.20.3-4369336%2B%2B%2BUE4%2BRelease-4.20&UserID=a4d8b5eb44ce9fb17b7240bbdca66db1%7Ce13323db472b437e907144303bb07345%7C256f2a14-a5f3-4699-86f1-9ff3e8e37f47&AppEnvironment=datacollector-binary&UploadType=eteventstream] status=Processing
[2019.03.27-23.08.34:202][548]LogModuleManager: Shutting down and abandoning module SSL (60)
[2019.03.27-23.08.34:204][548]LogModuleManager: Shutting down and abandoning module MagicLeapEmulator (56)
[2019.03.27-23.08.34:204][548]LogModuleManager: Shutting down and abandoning module MagicLeapPrivileges (54)
[2019.03.27-23.08.34:204][548]LogModuleManager: Shutting down and abandoning module MagicLeapIdentity (52)
[2019.03.27-23.08.34:204][548]LogModuleManager: Shutting down and abandoning module MagicLeapHelperVulkan (50)
[2019.03.27-23.08.34:204][548]LogModuleManager: Shutting down and abandoning module MagicLeapHelperOpenGL (48)
[2019.03.27-23.08.34:204][548]LogModuleManager: Shutting down and abandoning module MagicLeapSecureStorage (46)
[2019.03.27-23.08.34:204][548]LogModuleManager: Shutting down and abandoning module MagicLeapGestures (44)
[2019.03.27-23.08.34:204][548]LogModuleManager: Shutting down and abandoning module MagicLeapEyeTracker (42)
[2019.03.27-23.08.34:204][548]LogModuleManager: Shutting down and abandoning module MagicLeapController (40)
[2019.03.27-23.08.34:204][548]LogSlate: Slate User Destroyed.  User Index 0, Is Virtual User: 0
[2019.03.27-23.08.34:204][548]LogModuleManager: Shutting down and abandoning module MagicLeap (38)
[2019.03.27-23.08.34:204][548]LogModuleManager: Shutting down and abandoning module AnimationModifiers (36)
[2019.03.27-23.08.34:204][548]LogModuleManager: Shutting down and abandoning module PropertyEditor (35)
[2019.03.27-23.08.34:204][548]LogModuleManager: Shutting down and abandoning module AudioEditor (32)
[2019.03.27-23.08.34:204][548]LogModuleManager: Shutting down and abandoning module TextureCompressor (30)
[2019.03.27-23.08.34:205][548]LogModuleManager: Shutting down and abandoning module ShaderCore (28)
[2019.03.27-23.08.34:205][548]LogModuleManager: Shutting down and abandoning module Landscape (26)
[2019.03.27-23.08.34:205][548]LogModuleManager: Shutting down and abandoning module SlateRHIRenderer (24)
[2019.03.27-23.08.34:205][548]LogModuleManager: Shutting down and abandoning module OpenGLDrv (22)
[2019.03.27-23.08.34:205][548]LogModuleManager: Shutting down and abandoning module D3D11RHI (20)
[2019.03.27-23.08.34:205][548]LogModuleManager: Shutting down and abandoning module AnimGraphRuntime (18)
[2019.03.27-23.08.34:205][548]LogModuleManager: Shutting down and abandoning module Renderer (16)
[2019.03.27-23.08.34:205][548]LogModuleManager: Shutting down and abandoning module Engine (14)
[2019.03.27-23.08.34:205][548]LogModuleManager: Shutting down and abandoning module CoreUObject (12)
[2019.03.27-23.08.34:205][548]LogModuleManager: Shutting down and abandoning module NetworkFile (10)
[2019.03.27-23.08.34:205][548]LogModuleManager: Shutting down and abandoning module CookedIterativeFile (8)
[2019.03.27-23.08.34:205][548]LogModuleManager: Shutting down and abandoning module StreamingFile (6)
[2019.03.27-23.08.34:205][548]LogModuleManager: Shutting down and abandoning module SandboxFile (4)
[2019.03.27-23.08.34:205][548]LogModuleManager: Shutting down and abandoning module PakFile (2)
[2019.03.27-23.08.34:210][548]LogExit: Exiting.
[2019.03.27-23.08.34:218][548]Log file closed, 03/28/19 00:08:34
