Log file open, 02/17/19 20:49:39
LogWindows: Failed to load 'aqProf.dll' (GetLastError=126)
LogWindows: File 'aqProf.dll' does not exist
LogWindows: Failed to load 'VSPerf140.dll' (GetLastError=126)
LogWindows: File 'VSPerf140.dll' does not exist
LogWindows: Failed to load 'VtuneApi.dll' (GetLastError=126)
LogWindows: File 'VtuneApi.dll' does not exist
LogWindows: Failed to load 'VtuneApi32e.dll' (GetLastError=126)
LogWindows: File 'VtuneApi32e.dll' does not exist
LogInit: Display: Running engine for game: PeopleWithGuns
LogPlatformFile: Not using cached read wrapper
LogTaskGraph: Started task graph with 5 named threads and 14 total threads with 3 sets of task threads.
LogStats: Stats thread started at 0.205653
LogD3D11RHI: Loaded GFSDK_Aftermath_Lib.x64.dll
LogICUInternationalization: Display: ICU TimeZone Detection - Raw Offset: +1:00, Platform Override: ''
LogPluginManager: Mounting plugin Paper2D
LogPluginManager: Mounting plugin AISupport
LogPluginManager: Mounting plugin LightPropagationVolume
LogPluginManager: Mounting plugin CLionSourceCodeAccess
LogPluginManager: Mounting plugin CodeLiteSourceCodeAccess
LogPluginManager: Mounting plugin GitSourceControl
LogPluginManager: Mounting plugin KDevelopSourceCodeAccess
LogPluginManager: Mounting plugin NullSourceCodeAccess
LogPluginManager: Mounting plugin PerforceSourceControl
LogPluginManager: Mounting plugin SubversionSourceControl
LogPluginManager: Mounting plugin UObjectPlugin
LogPluginManager: Mounting plugin VisualStudioCodeSourceCodeAccess
LogPluginManager: Mounting plugin VisualStudioSourceCodeAccess
LogPluginManager: Mounting plugin XCodeSourceCodeAccess
LogPluginManager: Mounting plugin AssetManagerEditor
LogPluginManager: Mounting plugin CryptoKeys
LogPluginManager: Mounting plugin DataValidation
LogPluginManager: Mounting plugin FacialAnimation
LogPluginManager: Mounting plugin GameplayTagsEditor
LogPluginManager: Mounting plugin MacGraphicsSwitching
LogPluginManager: Mounting plugin MeshEditor
LogPluginManager: Mounting plugin MobileLauncherProfileWizard
LogPluginManager: Mounting plugin PluginBrowser
LogPluginManager: Mounting plugin SpeedTreeImporter
LogPluginManager: Mounting plugin DatasmithContent
LogPluginManager: Mounting plugin AlembicImporter
LogPluginManager: Mounting plugin AppleImageUtils
LogPluginManager: Mounting plugin AppleVision
LogPluginManager: Mounting plugin BackChannel
LogPluginManager: Mounting plugin CharacterAI
LogPluginManager: Mounting plugin GeometryCache
LogPluginManager: Mounting plugin HTML5Networking
LogPluginManager: Mounting plugin ProxyLODPlugin
LogPluginManager: Mounting plugin MagicLeap
LogPluginManager: Mounting plugin MagicLeapEmulator
LogPluginManager: Mounting plugin MagicLeapMedia
LogPluginManager: Mounting plugin AndroidMedia
LogPluginManager: Mounting plugin AvfMedia
LogPluginManager: Mounting plugin ImgMedia
LogPluginManager: Mounting plugin LinearTimecode
LogPluginManager: Mounting plugin MediaCompositing
LogPluginManager: Mounting plugin MediaPlayerEditor
LogPluginManager: Mounting plugin WmfMedia
LogPluginManager: Mounting plugin TcpMessaging
LogPluginManager: Mounting plugin UdpMessaging
LogPluginManager: Mounting plugin ActorSequence
LogPluginManager: Mounting plugin LevelSequenceEditor
LogPluginManager: Mounting plugin MatineeToLevelSequence
LogPluginManager: Mounting plugin NetcodeUnitTest
LogPluginManager: Mounting plugin NUTUnrealEngine4
LogPluginManager: Mounting plugin OnlineSubsystemGooglePlay
LogPluginManager: Mounting plugin OnlineSubsystemIOS
LogPluginManager: Mounting plugin OnlineSubsystem
LogPluginManager: Mounting plugin OnlineSubsystemNull
LogPluginManager: Mounting plugin OnlineSubsystemSteam
LogPluginManager: Mounting plugin OnlineSubsystemUtils
LogPluginManager: Mounting plugin LauncherChunkInstaller
LogPluginManager: Mounting plugin AndroidDeviceProfileSelector
LogPluginManager: Mounting plugin AndroidMoviePlayer
LogPluginManager: Mounting plugin AndroidPermission
LogPluginManager: Mounting plugin AppleMoviePlayer
LogPluginManager: Mounting plugin ArchVisCharacter
LogPluginManager: Mounting plugin AudioCapture
LogPluginManager: Mounting plugin CableComponent
LogPluginManager: Mounting plugin CustomMeshComponent
LogPluginManager: Mounting plugin EditableMesh
LogPluginManager: Mounting plugin ExampleDeviceProfileSelector
LogPluginManager: Mounting plugin GoogleCloudMessaging
LogPluginManager: Mounting plugin ImmediatePhysics
LogPluginManager: Mounting plugin IOSDeviceProfileSelector
LogPluginManager: Mounting plugin LinuxDeviceProfileSelector
LogPluginManager: Mounting plugin LocationServicesBPLibrary
LogPluginManager: Mounting plugin MobilePatchingUtils
LogPluginManager: Mounting plugin OculusVR
LogPluginManager: Plugin shader directory ../../../Engine/Plugins/Runtime/Oculus/OculusVR/Shaders found
LogPluginManager: Mapping shader source directory ../../../Engine/Plugins/Runtime/Oculus/OculusVR/Shaders to virtual directory /Plugin/OculusVR
LogPluginManager: Mounting plugin PhysXVehicles
LogPluginManager: Mounting plugin ProceduralMeshComponent
LogPluginManager: Mounting plugin RuntimePhysXCooking
LogPluginManager: Mounting plugin WindowsMoviePlayer
LogStreaming: Display: Took  0.116s to configure plugins.
LogInit: Using libcurl 7.55.1-DEV
LogInit:  - built for x86_64-pc-win32
LogInit:  - supports SSL with OpenSSL/1.0.2h
LogInit:  - supports HTTP deflate (compression) using libz 1.2.8
LogInit:  - other features:
LogInit:      CURL_VERSION_SSL
LogInit:      CURL_VERSION_LIBZ
LogInit:      CURL_VERSION_IPV6
LogInit:      CURL_VERSION_ASYNCHDNS
LogInit:      CURL_VERSION_LARGEFILE
LogInit:      CURL_VERSION_IDN
LogInit:  CurlRequestOptions (configurable via config and command line):
LogInit:  - bVerifyPeer = false  - Libcurl will NOT verify peer certificate
LogInit:  - bUseHttpProxy = false  - Libcurl will NOT use HTTP proxy
LogInit:  - bDontReuseConnections = false  - Libcurl will reuse connections
LogInit:  - CertBundlePath = nullptr  - Libcurl will use whatever was configured at build time.
LogInit:  - MaxHostConnections = 16  - Libcurl will limit the number of connections to a host
LogInit:  - LocalHostAddr = Default
LogInit:  - BufferSize = 65536
LogOnline: Display: STEAM: Loading Steam SDK 1.39
LogOnline: Warning: STEAM: Steam API disabled!
LogOnline: Display: STEAM: OnlineSubsystemSteam::Shutdown()
LogInit: WinSock: version 1.1 (2.2), MaxSocks=32767, MaxUdp=65467
LogInit: Build: ++UE4+Release-4.20-CL-4369336
LogInit: Engine Version: 4.20.3-4369336+++UE4+Release-4.20
LogInit: Compatible Engine Version: 4.20.0-4212847+++UE4+Release-4.20
LogInit: Net CL: 4212847
LogInit: OS: Windows 10 (), CPU: Intel(R) Core(TM) i5-7400 CPU @ 3.00GHz, GPU: NVIDIA GeForce GTX 1060 3GB
LogInit: Compiled (64-bit): Sep 17 2018 12:26:19
LogInit: Compiled with Visual C++: 19.13.26129.00
LogInit: Build Configuration: Development
LogInit: Branch Name: ++UE4+Release-4.20
LogInit: Command Line: 
LogInit: Base Directory: C:/Program Files/Epic Games/UE_4.20/Engine/Binaries/Win64/
LogInit: Installed Engine Build: 1
LogDevObjectVersion: Number of dev versions registered: 20
LogDevObjectVersion:   Dev-Blueprints (B0D832E4-1F89-4F0D-ACCF-7EB736FD4AA2): 10
LogDevObjectVersion:   Dev-Build (E1C64328-A22C-4D53-A36C-8E866417BD8C): 0
LogDevObjectVersion:   Dev-Core (375EC13C-06E4-48FB-B500-84F0262A717E): 2
LogDevObjectVersion:   Dev-Editor (E4B068ED-F494-42E9-A231-DA0B2E46BB41): 24
LogDevObjectVersion:   Dev-Framework (CFFC743F-43B0-4480-9391-14DF171D2073): 34
LogDevObjectVersion:   Dev-Mobile (B02B49B5-BB20-44E9-A304-32B752E40360): 2
LogDevObjectVersion:   Dev-Networking (A4E4105C-59A1-49B5-A7C5-40C4547EDFEE): 0
LogDevObjectVersion:   Dev-Online (39C831C9-5AE6-47DC-9A44-9C173E1C8E7C): 0
LogDevObjectVersion:   Dev-Physics (78F01B33-EBEA-4F98-B9B4-84EACCB95AA2): 0
LogDevObjectVersion:   Dev-Platform (6631380F-2D4D-43E0-8009-CF276956A95A): 0
LogDevObjectVersion:   Dev-Rendering (12F88B9F-8875-4AFC-A67C-D90C383ABD29): 26
LogDevObjectVersion:   Dev-Sequencer (7B5AE74C-D270-4C10-A958-57980B212A5A): 9
LogDevObjectVersion:   Dev-VR (D7296918-1DD6-4BDD-9DE2-64A83CC13884): 2
LogDevObjectVersion:   Dev-LoadTimes (C2A15278-BFE7-4AFE-6C17-90FF531DF755): 1
LogDevObjectVersion:   Private-Geometry (6EACA3D4-40EC-4CC1-B786-8BED09428FC5): 3
LogDevObjectVersion:   Dev-AnimPhys (29E575DD-E0A3-4627-9D10-D276232CDCEA): 17
LogDevObjectVersion:   Dev-ReflectionCapture (6B266CEC-1EC7-4B8F-A30B-E4D90942FC07): 1
LogDevObjectVersion:   Dev-Automation (0DF73D61-A23F-47EA-B727-89E90C41499A): 1
LogDevObjectVersion:   FortniteMain (601D1886-AC64-4F84-AA16-D3DE0DEAC7D6): 12
LogDevObjectVersion:   Dev-Enterprise (9DFFBCD6-494F-0158-E221-12823C92A888): 1
LogStreaming: Display: Took  0.006s to delete old logs.
LogInit: Presizing for max 8388607 objects, including 0 objects not considered by GC, pre-allocating 0 bytes for permanent pool.
LogInit: Object subsystem initialized
[2019.02.17-19.49.40:050][  0]LogInit: Selected Device Profile: [Windows]
[2019.02.17-19.49.40:050][  0]LogInit: Applying CVar settings loaded from the selected device profile: [Windows]
[2019.02.17-19.49.40:063][  0]LogHAL: Display: Platform has ~ 16 GB [17143238656 / 17179869184 / 16], which maps to Larger [LargestMinGB=32, LargerMinGB=12, DefaultMinGB=8, SmallerMinGB=6, SmallestMinGB=0)
[2019.02.17-19.49.40:063][  0]LogInit: Setting Device Profile CVar: [[r.Vulkan.UseRealUBs:1]]
[2019.02.17-19.49.40:063][  0]LogInit: Going up to parent DeviceProfile []
[2019.02.17-19.49.40:063][  0]LogInit: Computer: DESKTOP-IL37EE6
[2019.02.17-19.49.40:063][  0]LogInit: User: fox56
[2019.02.17-19.49.40:063][  0]LogInit: CPU Page size=4096, Cores=4
[2019.02.17-19.49.40:064][  0]LogInit: High frequency timer resolution =2.929689 MHz
[2019.02.17-19.49.40:064][  0]LogMemory: Memory total: Physical=16.0GB (16GB approx)
[2019.02.17-19.49.40:064][  0]LogMemory: Platform Memory Stats for Windows
[2019.02.17-19.49.40:064][  0]LogMemory: Process Physical Memory: 101.00 MB used, 101.00 MB peak
[2019.02.17-19.49.40:064][  0]LogMemory: Process Virtual Memory: 92.36 MB used, 92.36 MB peak
[2019.02.17-19.49.40:064][  0]LogMemory: Physical Memory: 7380.07 MB used,  8969.00 MB free, 16349.07 MB total
[2019.02.17-19.49.40:064][  0]LogMemory: Virtual Memory: 4633.26 MB used,  8969.00 MB free, 134217728.00 MB total
[2019.02.17-19.49.40:083][  0]LogInit: Using OS detected language (fr-FR).
[2019.02.17-19.49.40:083][  0]LogInit: Using OS detected locale (fr-FR).
[2019.02.17-19.49.40:085][  0]LogTextLocalizationManager: No specific localization for 'fr-FR' exists, so the 'fr' localization will be used.
[2019.02.17-19.49.40:087][  0]LogStreaming: Display: Took  0.004s to InitEngineTextLocalization.
[2019.02.17-19.49.40:087][  0]LogInit: Setting process to per monitor DPI aware
[2019.02.17-19.49.40:121][  0]LogSlate: New Slate User Created.  User Index 0, Is Virtual User: 0
[2019.02.17-19.49.40:121][  0]LogSlate: Slate User Registered.  User Index 0, Is Virtual User: 0
[2019.02.17-19.49.40:309][  0]LogD3D11RHI: D3D11 adapters:
[2019.02.17-19.49.40:373][  0]LogD3D11RHI:    0. 'NVIDIA GeForce GTX 1060 3GB' (Feature Level 11_0)
[2019.02.17-19.49.40:373][  0]LogD3D11RHI:       2988/0/8174 MB DedicatedVideo/DedicatedSystem/SharedSystem, Outputs:1, VendorId:0x10de
[2019.02.17-19.49.40:376][  0]LogD3D11RHI:    1. 'Microsoft Basic Render Driver' (Feature Level 11_0)
[2019.02.17-19.49.40:376][  0]LogD3D11RHI:       0/0/8174 MB DedicatedVideo/DedicatedSystem/SharedSystem, Outputs:0, VendorId:0x1414
[2019.02.17-19.49.40:376][  0]LogD3D11RHI: Chosen D3D11 Adapter: 0
[2019.02.17-19.49.40:384][  0]LogD3D11RHI: Creating new Direct3DDevice
[2019.02.17-19.49.40:384][  0]LogD3D11RHI:     GPU DeviceId: 0x1c02 (for the marketing name, search the web for "GPU Device Id")
[2019.02.17-19.49.40:384][  0]LogWindows: EnumDisplayDevices:
[2019.02.17-19.49.40:384][  0]LogWindows:    0. 'NVIDIA GeForce GTX 1060 3GB' (P:1 D:1)
[2019.02.17-19.49.40:384][  0]LogWindows:    1. 'NVIDIA GeForce GTX 1060 3GB' (P:0 D:0)
[2019.02.17-19.49.40:384][  0]LogWindows:    2. 'NVIDIA GeForce GTX 1060 3GB' (P:0 D:0)
[2019.02.17-19.49.40:385][  0]LogWindows:    3. 'NVIDIA GeForce GTX 1060 3GB' (P:0 D:0)
[2019.02.17-19.49.40:385][  0]LogWindows: DebugString: FoundDriverCount:4 
[2019.02.17-19.49.40:385][  0]LogD3D11RHI:     Adapter Name: NVIDIA GeForce GTX 1060 3GB
[2019.02.17-19.49.40:385][  0]LogD3D11RHI:   Driver Version: 417.71 (internal:25.21.14.1771, unified:417.71)
[2019.02.17-19.49.40:385][  0]LogD3D11RHI:      Driver Date: 1-11-2019
[2019.02.17-19.49.40:385][  0]LogRHI: Texture pool is 2091 MB (70% of 2988 MB)
[2019.02.17-19.49.40:432][  0]LogD3D11RHI: Async texture creation enabled
[2019.02.17-19.49.40:464][  0]LogD3D11RHI: GPU Timing Frequency: 1000.000000 (Debug: 2 2)
[2019.02.17-19.49.40:514][  0]LogShaderCompilers: Guid format shader working directory is -41 characters bigger than the processId version (../../../../../../Users/fox56/Documents/GitHub/ProjetsHub2018/FPSUnreal/PeopleWithGuns/Intermediate/Shaders/WorkingDirectory/16220/).
[2019.02.17-19.49.40:514][  0]LogShaderCompilers: Cleaned the shader compiler working directory 'C:/Users/fox56/AppData/Local/Temp/UnrealShaderWorkingDir/FDBDA7814CC14B828FD41AA71022721E/'.
[2019.02.17-19.49.40:790][  0]LogTemp: Display: Loaded TP AllDesktopTargetPlatform
[2019.02.17-19.49.40:805][  0]LogTemp: Display: Loaded TP MacClientTargetPlatform
[2019.02.17-19.49.40:823][  0]LogTemp: Display: Loaded TP MacNoEditorTargetPlatform
[2019.02.17-19.49.40:839][  0]LogTemp: Display: Loaded TP MacServerTargetPlatform
[2019.02.17-19.49.40:855][  0]LogTemp: Display: Loaded TP MacTargetPlatform
[2019.02.17-19.49.40:870][  0]LogTemp: Display: Loaded TP WindowsClientTargetPlatform
[2019.02.17-19.49.40:886][  0]LogTemp: Display: Loaded TP WindowsNoEditorTargetPlatform
[2019.02.17-19.49.40:901][  0]LogTemp: Display: Loaded TP WindowsServerTargetPlatform
[2019.02.17-19.49.40:909][  0]LogTemp: Display: Loaded TP WindowsTargetPlatform
[2019.02.17-19.49.41:006][  0]LogTemp: Display: Loaded TP AndroidTargetPlatform
[2019.02.17-19.49.41:006][  0]LogTemp: Display: Loaded TP AndroidTargetPlatform
[2019.02.17-19.49.41:006][  0]LogTemp: Display: Loaded TP AndroidTargetPlatform
[2019.02.17-19.49.41:006][  0]LogTemp: Display: Loaded TP AndroidTargetPlatform
[2019.02.17-19.49.41:006][  0]LogTemp: Display: Loaded TP AndroidTargetPlatform
[2019.02.17-19.49.41:006][  0]LogTemp: Display: Loaded TP AndroidTargetPlatform
[2019.02.17-19.49.41:006][  0]LogTemp: Display: Loaded TP AndroidTargetPlatform
[2019.02.17-19.49.41:006][  0]LogTemp: Display: Loaded TP AndroidTargetPlatform
[2019.02.17-19.49.41:006][  0]LogTemp: Display: Loaded TP AndroidTargetPlatform
[2019.02.17-19.49.41:006][  0]LogTemp: Display: Loaded TP AndroidTargetPlatform
[2019.02.17-19.49.41:006][  0]LogTemp: Display: Loaded TP AndroidTargetPlatform
[2019.02.17-19.49.41:006][  0]LogTemp: Display: Loaded TP AndroidTargetPlatform
[2019.02.17-19.49.41:006][  0]LogTemp: Display: Loaded TP AndroidTargetPlatform
[2019.02.17-19.49.41:006][  0]LogTemp: Display: Loaded TP AndroidTargetPlatform
[2019.02.17-19.49.41:006][  0]LogTemp: Display: Loaded TP AndroidTargetPlatform
[2019.02.17-19.49.41:006][  0]LogTemp: Display: Loaded TP AndroidTargetPlatform
[2019.02.17-19.49.41:006][  0]LogTemp: Display: Loaded TP AndroidTargetPlatform
[2019.02.17-19.49.41:006][  0]LogTemp: Display: Loaded TP AndroidTargetPlatform
[2019.02.17-19.49.41:007][  0]LogTemp: Display: Loaded TP HTML5TargetPlatform
[2019.02.17-19.49.41:071][  0]LogTemp: Display: Loaded TP IOSTargetPlatform
[2019.02.17-19.49.41:071][  0]LogTemp: Display: Loaded TP IOSTargetPlatform
[2019.02.17-19.49.41:096][  0]LogTemp: Display: Loaded TP TVOSTargetPlatform
[2019.02.17-19.49.41:096][  0]LogTemp: Display: Loaded TP TVOSTargetPlatform
[2019.02.17-19.49.41:110][  0]LogTemp: Display: Loaded TP LinuxClientTargetPlatform
[2019.02.17-19.49.41:123][  0]LogTemp: Display: Loaded TP LinuxNoEditorTargetPlatform
[2019.02.17-19.49.41:137][  0]LogTemp: Display: Loaded TP LinuxServerTargetPlatform
[2019.02.17-19.49.41:152][  0]LogTemp: Display: Loaded TP LinuxTargetPlatform
[2019.02.17-19.49.41:161][  0]LogTemp: Display: Loaded TP LuminTargetPlatform
[2019.02.17-19.49.41:161][  0]LogTargetPlatformManager: Display: Building Assets For Windows
[2019.02.17-19.49.41:237][  0]LogXGEController: Cannot use XGE Controller as Incredibuild is not installed on this machine.
[2019.02.17-19.49.41:237][  0]LogShaderCompilers: Cannot use XGE Shader Compiler as Incredibuild is not installed on this machine.
[2019.02.17-19.49.41:237][  0]LogShaderCompilers: Display: Using Local Shader Compiler.
[2019.02.17-19.49.42:033][  0]LogDerivedDataCache: Display: Max Cache Size: 512 MB
[2019.02.17-19.49.42:095][  0]LogDerivedDataCache: Loaded boot cache 0.06s 77MB C:/Users/fox56/AppData/Local/UnrealEngine/4.20/DerivedDataCache/Boot.ddc.
[2019.02.17-19.49.42:095][  0]LogDerivedDataCache: Display: Loaded Boot cache: C:/Users/fox56/AppData/Local/UnrealEngine/4.20/DerivedDataCache/Boot.ddc
[2019.02.17-19.49.42:096][  0]LogDerivedDataCache: FDerivedDataBackendGraph:  Pak pak cache file ../../../../../../Users/fox56/Documents/GitHub/ProjetsHub2018/FPSUnreal/PeopleWithGuns/DerivedDataCache/DDC.ddp not found, will not use a pak cache.
[2019.02.17-19.49.42:096][  0]LogDerivedDataCache: Unable to find inner node Pak for hierarchical cache Hierarchy.
[2019.02.17-19.49.42:096][  0]LogDerivedDataCache: FDerivedDataBackendGraph:  CompressedPak pak cache file ../../../../../../Users/fox56/Documents/GitHub/ProjetsHub2018/FPSUnreal/PeopleWithGuns/DerivedDataCache/Compressed.ddp not found, will not use a pak cache.
[2019.02.17-19.49.42:096][  0]LogDerivedDataCache: Unable to find inner node CompressedPak for hierarchical cache Hierarchy.
[2019.02.17-19.49.42:110][  0]LogDerivedDataCache: Display: Pak cache opened for reading ../../../Engine/DerivedDataCache/Compressed.ddp.
[2019.02.17-19.49.42:122][  0]LogDerivedDataCache: Using Local data cache path C:/Users/fox56/AppData/Local/UnrealEngine/Common/DerivedDataCache: Writable
[2019.02.17-19.49.42:122][  0]LogDerivedDataCache: Shared data cache path not found in *engine.ini, will not use an Shared cache.
[2019.02.17-19.49.42:122][  0]LogDerivedDataCache: Unable to find inner node Shared for hierarchical cache Hierarchy.
[2019.02.17-19.49.42:141][  0]LogMaterial: Verifying Global Shaders for PCD3D_SM5
[2019.02.17-19.49.42:143][  0]LogSlate: Using FreeType 2.6.0
[2019.02.17-19.49.42:143][  0]LogSlate: SlateFontServices - WITH_FREETYPE: 1, WITH_HARFBUZZ: 1
[2019.02.17-19.49.42:222][  0]LogAssetRegistry: FAssetRegistry took 0.0275 seconds to start up
[2019.02.17-19.49.42:559][  0]LogInit: Selected Device Profile: [Windows]
[2019.02.17-19.49.42:695][  0]LogSimplygon: Simplygon DLL not present - disabling.
[2019.02.17-19.49.42:700][  0]LogMeshReduction: Using SimplygonSwarm for distributed automatic mesh merging
[2019.02.17-19.49.42:700][  0]LogMeshReduction: Using ProxyLODMeshReduction for automatic mesh merging
[2019.02.17-19.49.42:700][  0]LogMeshReduction: Using QuadricMeshReduction for automatic static mesh reduction
[2019.02.17-19.49.42:700][  0]LogMeshReduction: No automatic skeletal mesh reduction module available
[2019.02.17-19.49.42:714][  0]LogNetVersion: PeopleWithGuns 1.0.0, NetCL: 4212847, EngineNetVer: 5, GameNetVer: 0 (Checksum: 1271298656)
[2019.02.17-19.49.43:229][  0]LogPackageLocalizationCache: Processed 10 localized package path(s) for 2 prioritized culture(s) in 0.097924 seconds
[2019.02.17-19.49.43:236][  0]LogUObjectArray: 38209 objects as part of root set at end of initial load.
[2019.02.17-19.49.43:236][  0]LogUObjectAllocator: 6663648 out of 0 bytes used by permanent object pool.
[2019.02.17-19.49.43:236][  0]LogUObjectArray: CloseDisregardForGC: 0/0 objects in disregard for GC pool
[2019.02.17-19.49.44:140][  0]LogTcpMessaging: Initializing TcpMessaging bridge
[2019.02.17-19.49.44:153][  0]LogUdpMessaging: Initializing bridge on interface 0.0.0.0:0 to multicast group 230.0.0.1:6666.
[2019.02.17-19.49.44:296][  0]SourceControl: Source control is disabled
[2019.02.17-19.49.44:296][  0]SourceControl: Source control is disabled
[2019.02.17-19.49.44:298][  0]SourceControl: Source control is disabled
[2019.02.17-19.49.44:299][  0]SourceControl: Source control is disabled
[2019.02.17-19.49.44:463][  0]LogAndroidPermission: UAndroidPermissionCallbackProxy::GetInstance
[2019.02.17-19.49.44:548][  0]LogOcInput: OculusInput pre-init called
[2019.02.17-19.49.44:612][  0]LogEngine: Initializing Engine...
[2019.02.17-19.49.44:614][  0]LogStats: UGameplayTagsManager::ConstructGameplayTagTree: ImportINI prefixes -  0.000 s
[2019.02.17-19.49.44:614][  0]LogStats: UGameplayTagsManager::ConstructGameplayTagTree: Construct from data asset -  0.000 s
[2019.02.17-19.49.44:614][  0]LogStats: UGameplayTagsManager::ConstructGameplayTagTree: ImportINI -  0.000 s
[2019.02.17-19.49.44:614][  0]LogStats: UGameplayTagsManager::ConstructGameplayTagTree: GameplayTagTreeChangedEvent.Broadcast -  0.000 s
[2019.02.17-19.49.44:837][  0]LogInit: Initializing FReadOnlyCVARCache
[2019.02.17-19.49.44:852][  0]LogAIModule: Creating AISystem for world Untitled
[2019.02.17-19.49.44:870][  0]LogInit: XAudio2 using 'Casque pour téléphone (Corsair VOID PRO Surround USB Adapter)' : 6 channels at 48 kHz using 16 bits per sample (channel mask 0x3f)
[2019.02.17-19.49.45:005][  0]LogInit: FAudioDevice initialized.
[2019.02.17-19.49.45:005][  0]LogNetVersion: Set ProjectVersion to 1.0.0.0. Version Checksum will be recalculated on next use.
[2019.02.17-19.49.45:152][  0]LogDerivedDataCache: Saved boot cache 0.15s 77MB C:/Users/fox56/AppData/Local/UnrealEngine/4.20/DerivedDataCache/Boot.ddc.
[2019.02.17-19.49.45:172][  0]LogInit: Texture streaming: Enabled
[2019.02.17-19.49.45:192][  0]LogEngineSessionManager: EngineSessionManager initialized
[2019.02.17-19.49.45:207][  0]LogInit: Transaction tracking system initialized
[2019.02.17-19.49.45:238][  0]BlueprintLog: New page: Editor Load
[2019.02.17-19.49.45:332][  0]LocalizationService: Localization service is disabled
[2019.02.17-19.49.45:596][  0]LogCook: Display: Max memory allowance for cook 16384mb min free memory 0mb
[2019.02.17-19.49.45:596][  0]LogCook: Display: Mobile HDR setting 1
[2019.02.17-19.49.45:596][  0]LogGameplayTags: Display: UGameplayTagsManager::DoneAddingNativeTags. DelegateIsBound: 0
[2019.02.17-19.49.45:596][  0]LogStats: UGameplayTagsManager::ConstructGameplayTagTree: ImportINI prefixes -  0.000 s
[2019.02.17-19.49.45:596][  0]LogStats: UGameplayTagsManager::ConstructGameplayTagTree: Construct from data asset -  0.000 s
[2019.02.17-19.49.45:596][  0]LogStats: UGameplayTagsManager::ConstructGameplayTagTree: ImportINI -  0.000 s
[2019.02.17-19.49.45:596][  0]LogStats: UGameplayTagsManager::ConstructGameplayTagTree: GameplayTagTreeChangedEvent.Broadcast -  0.000 s
[2019.02.17-19.49.45:722][  0]LogFileCache: Scanning file cache for directory 'C:/Users/fox56/Documents/GitHub/ProjetsHub2018/FPSUnreal/PeopleWithGuns/Content/' took 0.05s
[2019.02.17-19.49.45:722][  0]SourceControl: Source control is disabled
[2019.02.17-19.49.45:723][  0]Cmd: MAP LOAD FILE="../../../../../../Users/fox56/Documents/GitHub/ProjetsHub2018/FPSUnreal/PeopleWithGuns/Content/ThirdPersonBP/Maps/MainMenu.umap" TEMPLATE=0 SHOWPROGRESS=1 FEATURELEVEL=3
[2019.02.17-19.49.45:723][  0]LightingResults: New page: Lighting Build
[2019.02.17-19.49.45:726][  0]MapCheck: New page: Map Check
[2019.02.17-19.49.45:726][  0]LightingResults: New page: Lighting Build
[2019.02.17-19.49.46:014][  0]LogAIModule: Creating AISystem for world MainMenu
[2019.02.17-19.49.46:015][  0]LogEditorServer: Finished looking for orphan Actors (0.000 secs)
[2019.02.17-19.49.46:040][  0]Cmd: MAP CHECKDEP NOCLEARLOG
[2019.02.17-19.49.46:116][  0]MapCheck: Map check complete: 0 Error(s), 0 Warning(s), took 75,267ms to complete.
[2019.02.17-19.49.46:116][  0]LogFileHelpers: Loading map 'MainMenu' took 0.393
[2019.02.17-19.49.46:220][  0]LogSlate: Updating window title bar state: overlay mode, drag disabled, window buttons hidden, title bar hidden
[2019.02.17-19.49.46:228][  0]LogSlate: Updating window title bar state: overlay mode, drag disabled, window buttons hidden, title bar hidden
[2019.02.17-19.49.46:236][  0]LogSlate: Updating window title bar state: overlay mode, drag disabled, window buttons hidden, title bar hidden
[2019.02.17-19.49.46:243][  0]LogSlate: Updating window title bar state: overlay mode, drag disabled, window buttons hidden, title bar hidden
[2019.02.17-19.49.46:251][  0]LogCollectionManager: Loaded 0 collections in 0.002705 seconds
[2019.02.17-19.49.46:293][  0]LogFileCache: Scanning file cache for directory 'C:/Users/fox56/Documents/GitHub/ProjetsHub2018/FPSUnreal/PeopleWithGuns/Saved/Collections/' took 0.01s
[2019.02.17-19.49.46:293][  0]LogFileCache: Scanning file cache for directory 'C:/Users/fox56/Documents/GitHub/ProjetsHub2018/FPSUnreal/PeopleWithGuns/Content/Developers/fox56/Collections/' took 0.01s
[2019.02.17-19.49.46:293][  0]LogFileCache: Scanning file cache for directory 'C:/Users/fox56/Documents/GitHub/ProjetsHub2018/FPSUnreal/PeopleWithGuns/Content/Collections/' took 0.01s
[2019.02.17-19.49.46:293][  0]LogCollectionManager: Rebuilt the GUID cache for 0 collections in 0.000000 seconds
[2019.02.17-19.49.46:302][  0]LogContentBrowser: Native class hierarchy populated in 0.0089 seconds. Added 2572 classes and 602 folders.
[2019.02.17-19.49.46:309][  0]LogContentBrowser: Native class hierarchy updated for 'WidgetCarousel' in 0.0002 seconds. Added 0 classes and 0 folders.
[2019.02.17-19.49.46:367][  0]LogContentBrowser: Native class hierarchy updated for 'AddContentDialog' in 0.0002 seconds. Added 0 classes and 0 folders.
[2019.02.17-19.49.46:372][  0]LogContentBrowser: Native class hierarchy updated for 'SceneOutliner' in 0.0003 seconds. Added 1 classes and 2 folders.
[2019.02.17-19.49.46:434][  0]LogSlate: Took 0.000267 seconds to synchronously load lazily loaded font '../../../Engine/Content/Slate/Fonts/Roboto-Regular.ttf' (155K)
[2019.02.17-19.49.46:435][  0]LogSlate: Took 0.000191 seconds to synchronously load lazily loaded font '../../../Engine/Content/Slate/Fonts/Roboto-Bold.ttf' (160K)
[2019.02.17-19.49.46:440][  0]LogSlate: Took 0.000184 seconds to synchronously load lazily loaded font '../../../Engine/Content/Editor/Slate/Fonts/FontAwesome.ttf' (139K)
[2019.02.17-19.49.46:522][  0]LogRenderer: Reallocating scene render targets to support 1208x576 Format 10 NumSamples 1 (Frame:1).
[2019.02.17-19.49.46:645][  0]LogContentBrowser: Native class hierarchy updated for 'HierarchicalLODOutliner' in 0.0002 seconds. Added 0 classes and 0 folders.
[2019.02.17-19.49.46:645][  0]LogLoad: (Engine Initialization) Total time: 8.52 seconds
[2019.02.17-19.49.46:645][  0]LogLoad: (Engine Initialization) Total Blueprint compile time: 0.00 seconds
[2019.02.17-19.49.46:655][  0]LogWindowsTextInputMethodSystem: Display: IME system now deactivated.
[2019.02.17-19.49.46:675][  0]LogContentStreaming: Texture pool size now 1000 MB
[2019.02.17-19.49.46:734][  1]LogSlate: Took 0.000184 seconds to synchronously load lazily loaded font '../../../Engine/Content/Slate/Fonts/Roboto-Light.ttf' (167K)
[2019.02.17-19.49.46:750][  2]LogAssetRegistry: Asset discovery search completed in 4.5512 seconds
[2019.02.17-19.49.46:752][  2]LogCollectionManager: Rebuilt the object cache for 0 collections in 0.000000 seconds (found 0 objects)
[2019.02.17-19.49.46:752][  2]LogCollectionManager: Fixed up redirectors for 0 collections in 0.000057 seconds (updated 0 objects)
[2019.02.17-19.49.49:091][276]LogSlate: FSceneViewport::OnFocusLost() reason 0
[2019.02.17-19.49.49:272][293]LogSlate: Took 0.000198 seconds to synchronously load lazily loaded font '../../../Engine/Content/Slate/Fonts/Roboto-Light.ttf' (167K)
[2019.02.17-19.49.49:279][293]LogAssetEditorManager: Opening Asset editor for WidgetBlueprint /Game/ThirdPersonBP/Blueprints/UI/Lobby/GameSettings.GameSettings
[2019.02.17-19.49.49:749][293]LogContentBrowser: Native class hierarchy updated for 'BlueprintGraph' in 0.0009 seconds. Added 116 classes and 0 folders.
[2019.02.17-19.49.50:559][293]LogSlate: Took 0.000216 seconds to synchronously load lazily loaded font '../../../Engine/Content/Slate/Fonts/Roboto-BoldCondensed.ttf' (158K)
[2019.02.17-19.53.00:573][625]BlueprintLog: New page: Compile GameSettings
[2019.02.17-19.53.00:757][625]LogSavePackage: Moving '../../../../../../Users/fox56/Documents/GitHub/ProjetsHub2018/FPSUnreal/PeopleWithGuns/Saved/GameSettingsA08C434B486E054D682A6FBD01C59A2A.tmp' to '../../../../../../Users/fox56/Documents/GitHub/ProjetsHub2018/FPSUnreal/PeopleWithGuns/Content/ThirdPersonBP/Blueprints/UI/Lobby/GameSettings.uasset'
[2019.02.17-19.53.01:263][661]LogSavePackage: Moving '../../../../../../Users/fox56/Documents/GitHub/ProjetsHub2018/FPSUnreal/PeopleWithGuns/Saved/GameSettingsB4BACC5C41CD823F49B2B785629C5637.tmp' to '../../../../../../Users/fox56/Documents/GitHub/ProjetsHub2018/FPSUnreal/PeopleWithGuns/Content/ThirdPersonBP/Blueprints/UI/Lobby/GameSettings.uasset'
[2019.02.17-19.53.56:835][ 84]LogAssetEditorManager: Opening Asset editor for WidgetBlueprint /Game/ThirdPersonBP/Blueprints/UI/Lobby/LobbyMenu.LobbyMenu
[2019.02.17-19.54.03:093][575]LogSlate: Took 0.000193 seconds to synchronously load lazily loaded font '../../../Engine/Content/Slate/Fonts/Roboto-Italic.ttf' (157K)
[2019.02.17-19.54.24:277][432]BlueprintLog: New page: Compile GameSettings
[2019.02.17-19.54.24:622][432]LogSavePackage: Moving '../../../../../../Users/fox56/Documents/GitHub/ProjetsHub2018/FPSUnreal/PeopleWithGuns/Saved/GameSettings8850EE974C3853A31A8495B11BB07AC9.tmp' to '../../../../../../Users/fox56/Documents/GitHub/ProjetsHub2018/FPSUnreal/PeopleWithGuns/Content/ThirdPersonBP/Blueprints/UI/Lobby/GameSettings.uasset'
[2019.02.17-19.57.27:610][742]BlueprintLog: New page: Compile GameSettings
[2019.02.17-19.57.27:957][742]LogSavePackage: Moving '../../../../../../Users/fox56/Documents/GitHub/ProjetsHub2018/FPSUnreal/PeopleWithGuns/Saved/GameSettingsA59518AA407E078B04967EAB50FFB643.tmp' to '../../../../../../Users/fox56/Documents/GitHub/ProjetsHub2018/FPSUnreal/PeopleWithGuns/Content/ThirdPersonBP/Blueprints/UI/Lobby/GameSettings.uasset'
[2019.02.17-19.57.30:829][ 22]BlueprintLog: New page: Compile GameSettings
[2019.02.17-19.57.31:148][ 22]LogSavePackage: Moving '../../../../../../Users/fox56/Documents/GitHub/ProjetsHub2018/FPSUnreal/PeopleWithGuns/Saved/GameSettings6C986CA34EC5205C572B81B18FCBA2AC.tmp' to '../../../../../../Users/fox56/Documents/GitHub/ProjetsHub2018/FPSUnreal/PeopleWithGuns/Content/ThirdPersonBP/Blueprints/UI/Lobby/GameSettings.uasset'
[2019.02.17-19.57.32:956][178]LogSavePackage: Moving '../../../../../../Users/fox56/Documents/GitHub/ProjetsHub2018/FPSUnreal/PeopleWithGuns/Saved/GameSettingsE358A7904966FB0D77E6C580B9BD6DC9.tmp' to '../../../../../../Users/fox56/Documents/GitHub/ProjetsHub2018/FPSUnreal/PeopleWithGuns/Content/ThirdPersonBP/Blueprints/UI/Lobby/GameSettings.uasset'
[2019.02.17-19.58.21:272][175]BlueprintLog: New page: Compile GameSettings
[2019.02.17-19.58.21:617][175]LogSavePackage: Moving '../../../../../../Users/fox56/Documents/GitHub/ProjetsHub2018/FPSUnreal/PeopleWithGuns/Saved/GameSettingsA0D952EC43CD4787D9EF4AB6829FD51E.tmp' to '../../../../../../Users/fox56/Documents/GitHub/ProjetsHub2018/FPSUnreal/PeopleWithGuns/Content/ThirdPersonBP/Blueprints/UI/Lobby/GameSettings.uasset'
[2019.02.17-19.58.37:691][204]BlueprintLog: New page: Compile GameSettings
[2019.02.17-19.58.38:031][204]LogSavePackage: Moving '../../../../../../Users/fox56/Documents/GitHub/ProjetsHub2018/FPSUnreal/PeopleWithGuns/Saved/GameSettingsE3531FEF459EED8F37DCE481F2C02D62.tmp' to '../../../../../../Users/fox56/Documents/GitHub/ProjetsHub2018/FPSUnreal/PeopleWithGuns/Content/ThirdPersonBP/Blueprints/UI/Lobby/GameSettings.uasset'
[2019.02.17-19.58.42:428][461]LogAssetEditorManager: Opening Asset editor for Blueprint /Game/ThirdPersonBP/Blueprints/Lobby/LobbyGM.LobbyGM
[2019.02.17-19.59.02:240][961]LogSlate: Took 0.001897 seconds to synchronously load lazily loaded font '../../../Engine/Content/Slate/Fonts/DroidSansFallback.ttf' (3848K)
[2019.02.17-19.59.20:279][931]BlueprintLog: New page: Compile GameSettings
[2019.02.17-19.59.20:665][931]LogSavePackage: Moving '../../../../../../Users/fox56/Documents/GitHub/ProjetsHub2018/FPSUnreal/PeopleWithGuns/Saved/GameSettingsC5B8D80F4F403719AA3D74A014783732.tmp' to '../../../../../../Users/fox56/Documents/GitHub/ProjetsHub2018/FPSUnreal/PeopleWithGuns/Content/ThirdPersonBP/Blueprints/UI/Lobby/GameSettings.uasset'
[2019.02.17-20.00.08:261][ 48]BlueprintLog: New page: Compile GameSettings
[2019.02.17-20.00.08:635][ 48]LogSavePackage: Moving '../../../../../../Users/fox56/Documents/GitHub/ProjetsHub2018/FPSUnreal/PeopleWithGuns/Saved/GameSettings03F6AEC94C1A43E89A1573B6A5F05530.tmp' to '../../../../../../Users/fox56/Documents/GitHub/ProjetsHub2018/FPSUnreal/PeopleWithGuns/Content/ThirdPersonBP/Blueprints/UI/Lobby/GameSettings.uasset'
[2019.02.17-20.00.23:037][917]BlueprintLog: New page: Compile GameSettings
[2019.02.17-20.00.23:401][917]LogSavePackage: Moving '../../../../../../Users/fox56/Documents/GitHub/ProjetsHub2018/FPSUnreal/PeopleWithGuns/Saved/GameSettings79D6678644151E3EB6164C8C8A65DE3D.tmp' to '../../../../../../Users/fox56/Documents/GitHub/ProjetsHub2018/FPSUnreal/PeopleWithGuns/Content/ThirdPersonBP/Blueprints/UI/Lobby/GameSettings.uasset'
[2019.02.17-20.00.29:977][440]BlueprintLog: New page: Compile GameSettings
[2019.02.17-20.00.30:316][440]LogSavePackage: Moving '../../../../../../Users/fox56/Documents/GitHub/ProjetsHub2018/FPSUnreal/PeopleWithGuns/Saved/GameSettingsD8CBA81B4FFD6AC731E23590565A94DE.tmp' to '../../../../../../Users/fox56/Documents/GitHub/ProjetsHub2018/FPSUnreal/PeopleWithGuns/Content/ThirdPersonBP/Blueprints/UI/Lobby/GameSettings.uasset'
[2019.02.17-20.01.05:600][ 13]LogSavePackage: Moving '../../../../../../Users/fox56/Documents/GitHub/ProjetsHub2018/FPSUnreal/PeopleWithGuns/Saved/GameSettingsCFDBB45048AE5BAAA72322A3A4EA3F83.tmp' to '../../../../../../Users/fox56/Documents/GitHub/ProjetsHub2018/FPSUnreal/PeopleWithGuns/Content/ThirdPersonBP/Blueprints/UI/Lobby/GameSettings.uasset'
[2019.02.17-20.01.41:418][189]BlueprintLog: New page: Compile GameSettings
[2019.02.17-20.01.41:834][189]LogSavePackage: Moving '../../../../../../Users/fox56/Documents/GitHub/ProjetsHub2018/FPSUnreal/PeopleWithGuns/Saved/GameSettings2F22230442E163C258D6FCBC3248977A.tmp' to '../../../../../../Users/fox56/Documents/GitHub/ProjetsHub2018/FPSUnreal/PeopleWithGuns/Content/ThirdPersonBP/Blueprints/UI/Lobby/GameSettings.uasset'
[2019.02.17-20.02.23:046][677]LogEditorTransaction: Undo Move Widget
[2019.02.17-20.02.23:861][677]LogStats: FPlatformStackWalk::StackWalkAndDump -  0.815 s
[2019.02.17-20.02.23:861][677]LogOutputDevice: Error: === Handled ensure: ===
[2019.02.17-20.02.23:861][677]LogOutputDevice: Error: 
[2019.02.17-20.02.23:861][677]LogOutputDevice: Error: Ensure condition failed: PinHelpers::UnresolvedPins.Num() == 0 [File:D:\Build\++UE4\Sync\Engine\Source\Runtime\Engine\Private\EdGraph\EdGraphPin.cpp] [Line: 2103]
[2019.02.17-20.02.23:861][677]LogOutputDevice: Error: 
[2019.02.17-20.02.23:861][677]LogOutputDevice: Error: Stack: 
[2019.02.17-20.02.23:862][677]LogOutputDevice: Error: [Callstack] 0x00007ffc1b2971f6 UE4Editor-Core.dll!UnknownFunction []
[2019.02.17-20.02.23:862][677]LogOutputDevice: Error: [Callstack] 0x00007ffc1afd0c92 UE4Editor-Core.dll!UnknownFunction []
[2019.02.17-20.02.23:862][677]LogOutputDevice: Error: [Callstack] 0x00007ffc1afeb356 UE4Editor-Core.dll!UnknownFunction []
[2019.02.17-20.02.23:862][677]LogOutputDevice: Error: [Callstack] 0x00007ffc0caff1e8 UE4Editor-Engine.dll!UnknownFunction []
[2019.02.17-20.02.23:862][677]LogOutputDevice: Error: [Callstack] 0x00007ffc0afa4c25 UE4Editor-UnrealEd.dll!UnknownFunction []
[2019.02.17-20.02.23:862][677]LogOutputDevice: Error: [Callstack] 0x00007ffc0afd01fb UE4Editor-UnrealEd.dll!UnknownFunction []
[2019.02.17-20.02.23:862][677]LogOutputDevice: Error: [Callstack] 0x00007ffc0afb6535 UE4Editor-UnrealEd.dll!UnknownFunction []
[2019.02.17-20.02.23:862][677]LogOutputDevice: Error: [Callstack] 0x00007ffc0b022dc5 UE4Editor-UnrealEd.dll!UnknownFunction []
[2019.02.17-20.02.23:862][677]LogOutputDevice: Error: [Callstack] 0x00007ffc0b069b6d UE4Editor-UnrealEd.dll!UnknownFunction []
[2019.02.17-20.02.23:862][677]LogOutputDevice: Error: [Callstack] 0x00007ffc0affc81f UE4Editor-UnrealEd.dll!UnknownFunction []
[2019.02.17-20.02.23:862][677]LogOutputDevice: Error: [Callstack] 0x00007ffc15b205b8 UE4Editor-Kismet.dll!UnknownFunction []
[2019.02.17-20.02.23:862][677]LogOutputDevice: Error: [Callstack] 0x00007ffc181a24df UE4Editor-Slate.dll!UnknownFunction []
[2019.02.17-20.02.23:862][677]LogOutputDevice: Error: [Callstack] 0x00007ffc181e437e UE4Editor-Slate.dll!UnknownFunction []
[2019.02.17-20.02.23:862][677]LogOutputDevice: Error: [Callstack] 0x00007ffc0b853a8e UE4Editor-UnrealEd.dll!UnknownFunction []
[2019.02.17-20.02.23:862][677]LogOutputDevice: Error: [Callstack] 0x00007ffc0b841a08 UE4Editor-UnrealEd.dll!UnknownFunction []
[2019.02.17-20.02.23:862][677]LogOutputDevice: Error: [Callstack] 0x00007ffc181670ac UE4Editor-Slate.dll!UnknownFunction []
[2019.02.17-20.02.23:862][677]LogOutputDevice: Error: [Callstack] 0x00007ffc181e606c UE4Editor-Slate.dll!UnknownFunction []
[2019.02.17-20.02.23:862][677]LogOutputDevice: Error: [Callstack] 0x00007ffc181d9846 UE4Editor-Slate.dll!UnknownFunction []
[2019.02.17-20.02.23:862][677]LogOutputDevice: Error: [Callstack] 0x00007ffc3ff9ce45 UE4Editor-ApplicationCore.dll!UnknownFunction []
[2019.02.17-20.02.23:862][677]LogOutputDevice: Error: [Callstack] 0x00007ffc3ff90270 UE4Editor-ApplicationCore.dll!UnknownFunction []
[2019.02.17-20.02.23:862][677]LogOutputDevice: Error: [Callstack] 0x00007ffc3ff9f4c5 UE4Editor-ApplicationCore.dll!UnknownFunction []
[2019.02.17-20.02.23:862][677]LogOutputDevice: Error: [Callstack] 0x00007ffc3ff8c209 UE4Editor-ApplicationCore.dll!UnknownFunction []
[2019.02.17-20.02.23:862][677]LogOutputDevice: Error: [Callstack] 0x00007ffc6c7b6d41 USER32.dll!UnknownFunction []
[2019.02.17-20.02.23:862][677]LogOutputDevice: Error: [Callstack] 0x00007ffc6c7b6713 USER32.dll!UnknownFunction []
[2019.02.17-20.02.23:862][677]LogOutputDevice: Error: [Callstack] 0x00007ffc3ffa0646 UE4Editor-ApplicationCore.dll!UnknownFunction []
[2019.02.17-20.02.23:862][677]LogOutputDevice: Error: [Callstack] 0x00007ff65d8354e5 UE4Editor.exe!UnknownFunction []
[2019.02.17-20.02.23:862][677]LogOutputDevice: Error: [Callstack] 0x00007ff65d845b3c UE4Editor.exe!UnknownFunction []
[2019.02.17-20.02.23:862][677]LogOutputDevice: Error: [Callstack] 0x00007ff65d845bba UE4Editor.exe!UnknownFunction []
[2019.02.17-20.02.23:862][677]LogOutputDevice: Error: [Callstack] 0x00007ff65d853dac UE4Editor.exe!UnknownFunction []
[2019.02.17-20.02.23:862][677]LogOutputDevice: Error: [Callstack] 0x00007ff65d855aaa UE4Editor.exe!UnknownFunction []
[2019.02.17-20.02.23:862][677]LogOutputDevice: Error: [Callstack] 0x00007ffc6c6f3dc4 KERNEL32.DLL!UnknownFunction []
[2019.02.17-20.02.23:862][677]LogOutputDevice: Error: [Callstack] 0x00007ffc6d573691 ntdll.dll!UnknownFunction []
[2019.02.17-20.02.23:862][677]LogOutputDevice: Error: 
[2019.02.17-20.02.23:867][677]LogStats:                SubmitErrorReport -  0.000 s
[2019.02.17-20.02.24:332][677]LogStats:                    SendNewReport -  0.465 s
[2019.02.17-20.02.24:332][677]LogStats:             FDebug::EnsureFailed -  1.285 s
[2019.02.17-20.02.24:470][682]LogEditorTransaction: Undo Set Binding
[2019.02.17-20.02.52:112][273]BlueprintLog: New page: Compile LobbyMenu
[2019.02.17-20.02.52:427][273]LogSavePackage: Moving '../../../../../../Users/fox56/Documents/GitHub/ProjetsHub2018/FPSUnreal/PeopleWithGuns/Saved/LobbyMenu77A8111740AABAA6FF791AA233561353.tmp' to '../../../../../../Users/fox56/Documents/GitHub/ProjetsHub2018/FPSUnreal/PeopleWithGuns/Content/ThirdPersonBP/Blueprints/UI/Lobby/LobbyMenu.uasset'
[2019.02.17-20.03.20:305][522]BlueprintLog: New page: Compile LobbyMenu
[2019.02.17-20.03.20:618][522]LogSavePackage: Moving '../../../../../../Users/fox56/Documents/GitHub/ProjetsHub2018/FPSUnreal/PeopleWithGuns/Saved/LobbyMenu5629BF9B4DD43F457BBE17ACCDBDC697.tmp' to '../../../../../../Users/fox56/Documents/GitHub/ProjetsHub2018/FPSUnreal/PeopleWithGuns/Content/ThirdPersonBP/Blueprints/UI/Lobby/LobbyMenu.uasset'
[2019.02.17-20.03.26:827][917]LogTemp: Repeating last play command: Standalone Game
[2019.02.17-20.03.28:162][917]LogSlate: Window 'Save Content' being destroyed
[2019.02.17-20.03.28:267][917]LogSavePackage: Moving '../../../../../../Users/fox56/Documents/GitHub/ProjetsHub2018/FPSUnreal/PeopleWithGuns/Saved/GameSettings09DF7D3A4F30D8799FDB668EDB86B238.tmp' to '../../../../../../Users/fox56/Documents/GitHub/ProjetsHub2018/FPSUnreal/PeopleWithGuns/Content/ThirdPersonBP/Blueprints/UI/Lobby/GameSettings.uasset'
[2019.02.17-20.04.12:076][970]BlueprintLog: New page: Compile GameSettings
[2019.02.17-20.04.12:457][970]LogSavePackage: Moving '../../../../../../Users/fox56/Documents/GitHub/ProjetsHub2018/FPSUnreal/PeopleWithGuns/Saved/GameSettings013B2A8C49A84501B33B7589FD6D68C7.tmp' to '../../../../../../Users/fox56/Documents/GitHub/ProjetsHub2018/FPSUnreal/PeopleWithGuns/Content/ThirdPersonBP/Blueprints/UI/Lobby/GameSettings.uasset'
[2019.02.17-20.04.15:376][174]BlueprintLog: New page: Compile GameSettings
[2019.02.17-20.04.15:759][174]LogSavePackage: Moving '../../../../../../Users/fox56/Documents/GitHub/ProjetsHub2018/FPSUnreal/PeopleWithGuns/Saved/GameSettings8B835EDB48F3E629DC486C9C29CF624E.tmp' to '../../../../../../Users/fox56/Documents/GitHub/ProjetsHub2018/FPSUnreal/PeopleWithGuns/Content/ThirdPersonBP/Blueprints/UI/Lobby/GameSettings.uasset'
[2019.02.17-20.04.31:071][ 88]BlueprintLog: New page: Compile GameSettings
[2019.02.17-20.04.31:493][ 88]LogSavePackage: Moving '../../../../../../Users/fox56/Documents/GitHub/ProjetsHub2018/FPSUnreal/PeopleWithGuns/Saved/GameSettings2F989CE640679667C079D096C9C4D00C.tmp' to '../../../../../../Users/fox56/Documents/GitHub/ProjetsHub2018/FPSUnreal/PeopleWithGuns/Content/ThirdPersonBP/Blueprints/UI/Lobby/GameSettings.uasset'
[2019.02.17-20.04.33:640][268]LogTemp: Repeating last play command: Standalone Game
[2019.02.17-20.06.05:308][473]BlueprintLog: New page: Compile LobbyMenu
[2019.02.17-20.06.05:612][473]LogSavePackage: Moving '../../../../../../Users/fox56/Documents/GitHub/ProjetsHub2018/FPSUnreal/PeopleWithGuns/Saved/LobbyMenu24D748334903A38356EE3A9BCDFABE26.tmp' to '../../../../../../Users/fox56/Documents/GitHub/ProjetsHub2018/FPSUnreal/PeopleWithGuns/Content/ThirdPersonBP/Blueprints/UI/Lobby/LobbyMenu.uasset'
[2019.02.17-20.06.09:881][764]BlueprintLog: New page: Compile GameSettings
[2019.02.17-20.06.10:338][764]LogSavePackage: Moving '../../../../../../Users/fox56/Documents/GitHub/ProjetsHub2018/FPSUnreal/PeopleWithGuns/Saved/GameSettings683ED26942B6D9B7F41026A51D574C5F.tmp' to '../../../../../../Users/fox56/Documents/GitHub/ProjetsHub2018/FPSUnreal/PeopleWithGuns/Content/ThirdPersonBP/Blueprints/UI/Lobby/GameSettings.uasset'
[2019.02.17-20.06.18:337][230]BlueprintLog: New page: Compile GameSettings
[2019.02.17-20.06.18:724][230]LogSavePackage: Moving '../../../../../../Users/fox56/Documents/GitHub/ProjetsHub2018/FPSUnreal/PeopleWithGuns/Saved/GameSettingsA96CBE664F5D67D649184F880709465B.tmp' to '../../../../../../Users/fox56/Documents/GitHub/ProjetsHub2018/FPSUnreal/PeopleWithGuns/Content/ThirdPersonBP/Blueprints/UI/Lobby/GameSettings.uasset'
[2019.02.17-20.06.20:782][407]LogTemp: Repeating last play command: Standalone Game
[2019.02.17-20.08.29:988][995]BlueprintLog: New page: Compile LobbyGM
[2019.02.17-20.08.30:396][995]LogSavePackage: Moving '../../../../../../Users/fox56/Documents/GitHub/ProjetsHub2018/FPSUnreal/PeopleWithGuns/Saved/LobbyGM8EDE74D14F447952BDDED385A0551947.tmp' to '../../../../../../Users/fox56/Documents/GitHub/ProjetsHub2018/FPSUnreal/PeopleWithGuns/Content/ThirdPersonBP/Blueprints/Lobby/LobbyGM.uasset'
[2019.02.17-20.08.57:123][441]LogTemp: Repeating last play command: Standalone Game
[2019.02.17-20.18.55:192][704]BlueprintLog: New page: Compile LobbyGM
[2019.02.17-20.18.55:607][704]LogSavePackage: Moving '../../../../../../Users/fox56/Documents/GitHub/ProjetsHub2018/FPSUnreal/PeopleWithGuns/Saved/LobbyGM6792256648E2647CEF5BB78948A28CB2.tmp' to '../../../../../../Users/fox56/Documents/GitHub/ProjetsHub2018/FPSUnreal/PeopleWithGuns/Content/ThirdPersonBP/Blueprints/Lobby/LobbyGM.uasset'
[2019.02.17-20.19.05:932][628]LogSlate: Took 0.000201 seconds to synchronously load lazily loaded font '../../../Engine/Content/Slate/Fonts/Roboto-BoldCondensedItalic.ttf' (160K)
[2019.02.17-20.20.48:267][840]LogFileHelpers: Editor autosave (incl. sublevels) for '/Game/ThirdPersonBP/Maps/MainMenu' took 0.049
[2019.02.17-20.20.48:268][840]OBJ SavePackage: Generating thumbnails for [0] asset(s) in package [/Game/ThirdPersonBP/Blueprints/UI/Lobby/GameSettings] ([1] browsable assets)...
[2019.02.17-20.20.48:268][840]OBJ SavePackage: Finished generating thumbnails for package [/Game/ThirdPersonBP/Blueprints/UI/Lobby/GameSettings]
[2019.02.17-20.20.48:379][840]LogSavePackage: Moving '../../../../../../Users/fox56/Documents/GitHub/ProjetsHub2018/FPSUnreal/PeopleWithGuns/Saved/GameSettings_Auto18991AF7A4B6E3574FCC0D2964F3107BC.tmp' to '../../../../../../Users/fox56/Documents/GitHub/ProjetsHub2018/FPSUnreal/PeopleWithGuns/Saved/Autosaves/Game/ThirdPersonBP/Blueprints/UI/Lobby/GameSettings_Auto1.uasset'
[2019.02.17-20.20.48:382][840]OBJ SavePackage: Generating thumbnails for [0] asset(s) in package [/Game/ThirdPersonBP/Blueprints/Lobby/LobbyGM] ([1] browsable assets)...
[2019.02.17-20.20.48:382][840]OBJ SavePackage: Finished generating thumbnails for package [/Game/ThirdPersonBP/Blueprints/Lobby/LobbyGM]
[2019.02.17-20.20.48:479][840]LogSavePackage: Moving '../../../../../../Users/fox56/Documents/GitHub/ProjetsHub2018/FPSUnreal/PeopleWithGuns/Saved/LobbyGM_Auto1FF122D0D453A4DBFA1ED0E95F4AB953D.tmp' to '../../../../../../Users/fox56/Documents/GitHub/ProjetsHub2018/FPSUnreal/PeopleWithGuns/Saved/Autosaves/Game/ThirdPersonBP/Blueprints/Lobby/LobbyGM_Auto1.uasset'
[2019.02.17-20.20.48:481][840]LogFileHelpers: Auto-saving content packages took 0.213
[2019.02.17-20.22.16:570][672]BlueprintLog: New page: Compile LobbyGM
[2019.02.17-20.22.17:106][672]LogSavePackage: Moving '../../../../../../Users/fox56/Documents/GitHub/ProjetsHub2018/FPSUnreal/PeopleWithGuns/Saved/GameSettings61F111344C829CAAB94A7BAB38858A78.tmp' to '../../../../../../Users/fox56/Documents/GitHub/ProjetsHub2018/FPSUnreal/PeopleWithGuns/Content/ThirdPersonBP/Blueprints/UI/Lobby/GameSettings.uasset'
[2019.02.17-20.22.17:206][672]LogSavePackage: Moving '../../../../../../Users/fox56/Documents/GitHub/ProjetsHub2018/FPSUnreal/PeopleWithGuns/Saved/LobbyGMAF485CAD40D06B945C80F3BB63FB9232.tmp' to '../../../../../../Users/fox56/Documents/GitHub/ProjetsHub2018/FPSUnreal/PeopleWithGuns/Content/ThirdPersonBP/Blueprints/Lobby/LobbyGM.uasset'
[2019.02.17-20.23.46:872][644]BlueprintLog: New page: Compile GameSettings
[2019.02.17-20.23.47:265][644]LogSavePackage: Moving '../../../../../../Users/fox56/Documents/GitHub/ProjetsHub2018/FPSUnreal/PeopleWithGuns/Saved/GameSettingsB425269F45EF9BFF8CB92A95CF09C64D.tmp' to '../../../../../../Users/fox56/Documents/GitHub/ProjetsHub2018/FPSUnreal/PeopleWithGuns/Content/ThirdPersonBP/Blueprints/UI/Lobby/GameSettings.uasset'
[2019.02.17-20.23.56:851][472]BlueprintLog: New page: Compile GameSettings
[2019.02.17-20.23.57:251][472]LogSavePackage: Moving '../../../../../../Users/fox56/Documents/GitHub/ProjetsHub2018/FPSUnreal/PeopleWithGuns/Saved/GameSettings6834FDA144E9DBA3606210997F465307.tmp' to '../../../../../../Users/fox56/Documents/GitHub/ProjetsHub2018/FPSUnreal/PeopleWithGuns/Content/ThirdPersonBP/Blueprints/UI/Lobby/GameSettings.uasset'
[2019.02.17-20.27.24:422][153]BlueprintLog: New page: Compile GameSettings
[2019.02.17-20.27.24:893][153]LogSavePackage: Moving '../../../../../../Users/fox56/Documents/GitHub/ProjetsHub2018/FPSUnreal/PeopleWithGuns/Saved/GameSettingsC8E1F86A4F1B1BA90C344FA2187B4AEF.tmp' to '../../../../../../Users/fox56/Documents/GitHub/ProjetsHub2018/FPSUnreal/PeopleWithGuns/Content/ThirdPersonBP/Blueprints/UI/Lobby/GameSettings.uasset'
[2019.02.17-20.27.47:424][ 14]BlueprintLog: New page: Compile GameSettings
[2019.02.17-20.27.47:863][ 14]LogSavePackage: Moving '../../../../../../Users/fox56/Documents/GitHub/ProjetsHub2018/FPSUnreal/PeopleWithGuns/Saved/GameSettings8DCF66554B842FD0895125B9EEBD6A69.tmp' to '../../../../../../Users/fox56/Documents/GitHub/ProjetsHub2018/FPSUnreal/PeopleWithGuns/Content/ThirdPersonBP/Blueprints/UI/Lobby/GameSettings.uasset'
[2019.02.17-20.27.55:615][556]LogBlueprint: Warning: [Compiler ] Pasted node  CustomEvent   conflicted with  On Clicked (TimeLeft)  and was replaced as a Custom Event!
[2019.02.17-20.27.55:616][556]LogBlueprint: Warning: [Compiler ] Pasted node  CustomEvent_1   conflicted with  On Clicked (TimeRight)  and was replaced as a Custom Event!
[2019.02.17-20.30.46:033][477]LogFileHelpers: Editor autosave (incl. sublevels) for '/Game/ThirdPersonBP/Maps/MainMenu' took 0.088
[2019.02.17-20.30.46:034][477]OBJ SavePackage: Generating thumbnails for [0] asset(s) in package [/Game/ThirdPersonBP/Blueprints/UI/Lobby/GameSettings] ([1] browsable assets)...
[2019.02.17-20.30.46:035][477]OBJ SavePackage: Finished generating thumbnails for package [/Game/ThirdPersonBP/Blueprints/UI/Lobby/GameSettings]
[2019.02.17-20.30.46:238][477]LogSavePackage: Moving '../../../../../../Users/fox56/Documents/GitHub/ProjetsHub2018/FPSUnreal/PeopleWithGuns/Saved/GameSettings_Auto226BD5F0B4663D0B49DA04988603EBE9B.tmp' to '../../../../../../Users/fox56/Documents/GitHub/ProjetsHub2018/FPSUnreal/PeopleWithGuns/Saved/Autosaves/Game/ThirdPersonBP/Blueprints/UI/Lobby/GameSettings_Auto2.uasset'
[2019.02.17-20.30.46:245][477]LogFileHelpers: Auto-saving content packages took 0.211
[2019.02.17-20.33.18:426][994]BlueprintLog: New page: Compile GameSettings
[2019.02.17-20.33.18:874][994]LogSavePackage: Moving '../../../../../../Users/fox56/Documents/GitHub/ProjetsHub2018/FPSUnreal/PeopleWithGuns/Saved/GameSettings58669B444000BBFEA1CAADA9CCE48354.tmp' to '../../../../../../Users/fox56/Documents/GitHub/ProjetsHub2018/FPSUnreal/PeopleWithGuns/Content/ThirdPersonBP/Blueprints/UI/Lobby/GameSettings.uasset'
[2019.02.17-20.33.20:470][115]LogSlate: Window 'LobbyGM' being destroyed
[2019.02.17-20.33.20:473][115]LogSlate: Window 'LobbyGM' being destroyed
[2019.02.17-20.33.21:879][201]LogSlate: Window 'PeopleWithGuns - Unreal Editor' being destroyed
[2019.02.17-20.33.21:880][201]LogWindowsTextInputMethodSystem: Display: IME system now deactivated.
[2019.02.17-20.33.22:218][202]Cmd: QUIT_EDITOR
[2019.02.17-20.33.22:273][202]LogExit: Preparing to exit.
[2019.02.17-20.33.22:674][202]LogExit: Editor shut down
[2019.02.17-20.33.22:674][202]LogExit: Transaction tracking system shut down
[2019.02.17-20.33.23:516][202]LogExit: Object subsystem successfully closed.
[2019.02.17-20.33.23:526][202]LogShaderCompilers: Display: Shaders left to compile 0
[2019.02.17-20.33.23:531][202]LogD3D11RHI: Shutdown
[2019.02.17-20.33.23:531][202]LogD3D11RHI: CleanupD3DDevice
[2019.02.17-20.33.23:534][202]LogD3D11RHI: ~FD3D11DynamicRHI
[2019.02.17-20.33.23:564][202]LogModuleManager: Shutting down and abandoning module SequencerWidgets (612)
[2019.02.17-20.33.23:564][202]LogModuleManager: Shutting down and abandoning module BlueprintGraph (610)
[2019.02.17-20.33.23:564][202]LogModuleManager: Shutting down and abandoning module HierarchicalLODOutliner (608)
[2019.02.17-20.33.23:564][202]LogModuleManager: Shutting down and abandoning module SceneOutliner (606)
[2019.02.17-20.33.23:564][202]LogModuleManager: Shutting down and abandoning module AddContentDialog (604)
[2019.02.17-20.33.23:567][202]LogModuleManager: Shutting down and abandoning module WidgetCarousel (603)
[2019.02.17-20.33.23:567][202]LogModuleManager: Shutting down and abandoning module EditorWidgets (600)
[2019.02.17-20.33.23:567][202]LogModuleManager: Shutting down and abandoning module CollectionManager (598)
[2019.02.17-20.33.23:568][202]LogModuleManager: Shutting down and abandoning module StatsViewer (596)
[2019.02.17-20.33.23:568][202]LogModuleManager: Shutting down and abandoning module FoliageEdit (594)
[2019.02.17-20.33.23:568][202]LogModuleManager: Shutting down and abandoning module LandscapeEditor (592)
[2019.02.17-20.33.23:568][202]LogModuleManager: Shutting down and abandoning module MeshPaintMode (590)
[2019.02.17-20.33.23:568][202]LogModuleManager: Shutting down and abandoning module SceneDepthPickerMode (588)
[2019.02.17-20.33.23:568][202]LogModuleManager: Shutting down and abandoning module ActorPickerMode (586)
[2019.02.17-20.33.23:568][202]LogModuleManager: Shutting down and abandoning module GeometryMode (584)
[2019.02.17-20.33.23:569][202]LogModuleManager: Shutting down and abandoning module TextureAlignMode (582)
[2019.02.17-20.33.23:569][202]LogModuleManager: Shutting down and abandoning module BspMode (580)
[2019.02.17-20.33.23:569][202]LogModuleManager: Shutting down and abandoning module PIEPreviewDeviceProfileSelector (578)
[2019.02.17-20.33.23:569][202]LogModuleManager: Shutting down and abandoning module SequenceRecorderSections (576)
[2019.02.17-20.33.23:569][202]LogModuleManager: Shutting down and abandoning module AutomationWorker (574)
[2019.02.17-20.33.23:569][202]LogModuleManager: Shutting down and abandoning module AudioCaptureEditor (572)
[2019.02.17-20.33.23:569][202]LogModuleManager: Shutting down and abandoning module SequenceRecorder (571)
[2019.02.17-20.33.23:569][202]LogModuleManager: Shutting down and abandoning module MatineeToLevelSequence (568)
[2019.02.17-20.33.23:569][202]LogModuleManager: Shutting down and abandoning module LevelSequenceEditor (566)
[2019.02.17-20.33.23:569][202]LogModuleManager: Shutting down and abandoning module PlacementMode (565)
[2019.02.17-20.33.23:569][202]LogModuleManager: Shutting down and abandoning module MaterialEditor (564)
[2019.02.17-20.33.23:569][202]LogModuleManager: Shutting down and abandoning module WmfMediaFactory (560)
[2019.02.17-20.33.23:570][202]LogModuleManager: Shutting down and abandoning module WmfMediaEditor (558)
[2019.02.17-20.33.23:570][202]LogModuleManager: Shutting down and abandoning module MediaPlayerEditor (556)
[2019.02.17-20.33.23:570][202]LogModuleManager: Shutting down and abandoning module OpenExrWrapper (554)
[2019.02.17-20.33.23:570][202]LogModuleManager: Shutting down and abandoning module ImgMediaFactory (552)
[2019.02.17-20.33.23:570][202]LogModuleManager: Shutting down and abandoning module ImgMediaEditor (550)
[2019.02.17-20.33.23:570][202]LogModuleManager: Shutting down and abandoning module AvfMediaFactory (548)
[2019.02.17-20.33.23:570][202]LogModuleManager: Shutting down and abandoning module AvfMediaEditor (546)
[2019.02.17-20.33.23:571][202]LogModuleManager: Shutting down and abandoning module AndroidMediaFactory (544)
[2019.02.17-20.33.23:571][202]LogModuleManager: Shutting down and abandoning module AndroidMediaEditor (542)
[2019.02.17-20.33.23:571][202]LogModuleManager: Shutting down and abandoning module MagicLeapCameraPreviewFactory (540)
[2019.02.17-20.33.23:571][202]LogModuleManager: Shutting down and abandoning module MagicLeapMediaFactory (538)
[2019.02.17-20.33.23:571][202]LogModuleManager: Shutting down and abandoning module MagicLeapMediaEditor (536)
[2019.02.17-20.33.23:571][202]LogModuleManager: Shutting down and abandoning module CharacterAI (534)
[2019.02.17-20.33.23:571][202]LogModuleManager: Shutting down and abandoning module SmartSnapping (532)
[2019.02.17-20.33.23:571][202]LogModuleManager: Shutting down and abandoning module SessionServices (530)
[2019.02.17-20.33.23:571][202]LogModuleManager: Shutting down and abandoning module ViewportSnapping (528)
[2019.02.17-20.33.23:571][202]LogModuleManager: Shutting down and abandoning module ViewportInteraction (526)
[2019.02.17-20.33.23:571][202]LogModuleManager: Shutting down and abandoning module ClothPainter (524)
[2019.02.17-20.33.23:571][202]LogModuleManager: Shutting down and abandoning module SkeletalMeshEditor (523)
[2019.02.17-20.33.23:571][202]LogModuleManager: Shutting down and abandoning module LogVisualizer (520)
[2019.02.17-20.33.23:571][202]LogModuleManager: Shutting down and abandoning module IntroTutorials (518)
[2019.02.17-20.33.23:571][202]LogModuleManager: Shutting down and abandoning module GameProjectGeneration (517)
[2019.02.17-20.33.23:571][202]LogModuleManager: Shutting down and abandoning module LuminPlatformEditor (514)
[2019.02.17-20.33.23:571][202]LogModuleManager: Shutting down and abandoning module IOSPlatformEditor (512)
[2019.02.17-20.33.23:572][202]LogModuleManager: Shutting down and abandoning module HTML5PlatformEditor (510)
[2019.02.17-20.33.23:572][202]LogModuleManager: Shutting down and abandoning module AndroidPlatformEditor (508)
[2019.02.17-20.33.23:572][202]LogModuleManager: Shutting down and abandoning module AndroidDeviceDetection (507)
[2019.02.17-20.33.24:943][202]LogModuleManager: Shutting down and abandoning module WindowsPlatformEditor (504)
[2019.02.17-20.33.24:943][202]LogModuleManager: Shutting down and abandoning module LuminRuntimeSettings (502)
[2019.02.17-20.33.24:943][202]LogModuleManager: Shutting down and abandoning module IOSRuntimeSettings (500)
[2019.02.17-20.33.24:943][202]LogModuleManager: Shutting down and abandoning module AndroidRuntimeSettings (498)
[2019.02.17-20.33.24:944][202]LogModuleManager: Shutting down and abandoning module InputBindingEditor (496)
[2019.02.17-20.33.24:944][202]LogModuleManager: Shutting down and abandoning module MergeActors (494)
[2019.02.17-20.33.24:944][202]LogModuleManager: Shutting down and abandoning module LocalizationDashboard (492)
[2019.02.17-20.33.24:944][202]LogModuleManager: Shutting down and abandoning module LocalizationService (491)
[2019.02.17-20.33.24:944][202]LogModuleManager: Shutting down and abandoning module HardwareTargeting (488)
[2019.02.17-20.33.24:944][202]LogModuleManager: Shutting down and abandoning module DeviceProfileEditor (486)
[2019.02.17-20.33.24:944][202]LogModuleManager: Shutting down and abandoning module UndoHistory (484)
[2019.02.17-20.33.24:944][202]LogModuleManager: Shutting down and abandoning module XmlParser (482)
[2019.02.17-20.33.24:944][202]LogModuleManager: Shutting down and abandoning module Blutility (480)
[2019.02.17-20.33.24:944][202]LogModuleManager: Shutting down and abandoning module ProjectSettingsViewer (478)
[2019.02.17-20.33.24:944][202]LogModuleManager: Shutting down and abandoning module ProjectTargetPlatformEditor (477)
[2019.02.17-20.33.24:944][202]LogModuleManager: Shutting down and abandoning module EditorSettingsViewer (474)
[2019.02.17-20.33.24:944][202]LogModuleManager: Shutting down and abandoning module SettingsEditor (472)
[2019.02.17-20.33.24:945][202]LogModuleManager: Shutting down and abandoning module ProjectLauncher (470)
[2019.02.17-20.33.24:945][202]LogModuleManager: Shutting down and abandoning module SessionFrontend (468)
[2019.02.17-20.33.24:945][202]LogModuleManager: Shutting down and abandoning module ProfilerClient (466)
[2019.02.17-20.33.24:945][202]LogModuleManager: Shutting down and abandoning module DeviceManager (464)
[2019.02.17-20.33.24:945][202]LogModuleManager: Shutting down and abandoning module TargetDeviceServices (463)
[2019.02.17-20.33.25:001][202]LogModuleManager: Shutting down and abandoning module AutomationController (460)
[2019.02.17-20.33.25:001][202]LogModuleManager: Shutting down and abandoning module AutomationWindow (458)
[2019.02.17-20.33.25:001][202]LogModuleManager: Shutting down and abandoning module Layers (456)
[2019.02.17-20.33.25:001][202]LogModuleManager: Shutting down and abandoning module ComponentVisualizers (454)
[2019.02.17-20.33.25:001][202]LogModuleManager: Shutting down and abandoning module DetailCustomizations (452)
[2019.02.17-20.33.25:001][202]LogModuleManager: Shutting down and abandoning module PackagesDialog (450)
[2019.02.17-20.33.25:001][202]LogModuleManager: Shutting down and abandoning module Persona (448)
[2019.02.17-20.33.25:001][202]LogModuleManager: Shutting down and abandoning module AdvancedPreviewScene (447)
[2019.02.17-20.33.25:001][202]LogModuleManager: Shutting down and abandoning module AnimGraph (445)
[2019.02.17-20.33.25:001][202]LogModuleManager: Shutting down and abandoning module Kismet (442)
[2019.02.17-20.33.25:011][202]LogModuleManager: Shutting down and abandoning module GraphEditor (440)
[2019.02.17-20.33.25:011][202]LogModuleManager: Shutting down and abandoning module ClassViewer (438)
[2019.02.17-20.33.25:011][202]LogModuleManager: Shutting down and abandoning module Toolbox (436)
[2019.02.17-20.33.25:011][202]LogModuleManager: Shutting down and abandoning module ModuleUI (434)
[2019.02.17-20.33.25:011][202]LogModuleManager: Shutting down and abandoning module MovieSceneTools (432)
[2019.02.17-20.33.25:011][202]LogModuleManager: Shutting down and abandoning module OutputLog (430)
[2019.02.17-20.33.25:011][202]LogModuleManager: Shutting down and abandoning module GammaUI (428)
[2019.02.17-20.33.25:011][202]LogModuleManager: Shutting down and abandoning module Documentation (426)
[2019.02.17-20.33.25:013][202]LogModuleManager: Shutting down and abandoning module MovieSceneTracks (424)
[2019.02.17-20.33.25:013][202]LogModuleManager: Shutting down and abandoning module MovieScene (422)
[2019.02.17-20.33.25:013][202]LogModuleManager: Shutting down and abandoning module StreamingPauseRendering (420)
[2019.02.17-20.33.25:013][202]LogModuleManager: Shutting down and abandoning module LauncherPlatform (418)
[2019.02.17-20.33.25:013][202]LogModuleManager: Shutting down and abandoning module AnalyticsET (416)
[2019.02.17-20.33.25:013][202]LogModuleManager: Shutting down and abandoning module PortalServices (414)
[2019.02.17-20.33.25:013][202]LogModuleManager: Shutting down and abandoning module PortalRpc (412)
[2019.02.17-20.33.25:013][202]LogModuleManager: Shutting down and abandoning module MessagingRpc (410)
[2019.02.17-20.33.25:013][202]LogModuleManager: Shutting down and abandoning module AIModule (408)
[2019.02.17-20.33.25:013][202]LogModuleManager: Shutting down and abandoning module GameplayDebugger (407)
[2019.02.17-20.33.25:013][202]LogModuleManager: Shutting down and abandoning module AITestSuite (405)
[2019.02.17-20.33.25:014][202]LogModuleManager: Shutting down and abandoning module NavigationSystem (403)
[2019.02.17-20.33.25:014][202]LogModuleManager: Shutting down and abandoning module DesktopPlatform (400)
[2019.02.17-20.33.25:014][202]LogModuleManager: Shutting down and abandoning module ProfilerService (398)
[2019.02.17-20.33.25:216][202]LogModuleManager: Shutting down and abandoning module TaskGraph (396)
[2019.02.17-20.33.25:216][202]LogModuleManager: Shutting down and abandoning module ProceduralMeshComponentEditor (394)
[2019.02.17-20.33.25:217][202]LogModuleManager: Shutting down and abandoning module ProceduralMeshComponent (392)
[2019.02.17-20.33.25:217][202]LogModuleManager: Shutting down and abandoning module OculusInput (390)
[2019.02.17-20.33.25:217][202]LogModuleManager: Shutting down and abandoning module MobilePatchingUtils (388)
[2019.02.17-20.33.25:217][202]LogModuleManager: Shutting down and abandoning module EditableMesh (386)
[2019.02.17-20.33.25:217][202]LogModuleManager: Shutting down and abandoning module CustomMeshComponent (384)
[2019.02.17-20.33.25:217][202]LogModuleManager: Shutting down and abandoning module CableComponent (382)
[2019.02.17-20.33.25:217][202]LogModuleManager: Shutting down and abandoning module AudioCapture (380)
[2019.02.17-20.33.25:217][202]LogModuleManager: Shutting down and abandoning module ArchVisCharacter (378)
[2019.02.17-20.33.25:217][202]LogModuleManager: Shutting down and abandoning module AndroidPermission (376)
[2019.02.17-20.33.25:217][202]LogModuleManager: Shutting down and abandoning module NUTUnrealEngine4 (374)
[2019.02.17-20.33.25:217][202]LogModuleManager: Shutting down and abandoning module NetcodeUnitTest (372)
[2019.02.17-20.33.25:217][202]LogModuleManager: Shutting down and abandoning module MediaCompositingEditor (370)
[2019.02.17-20.33.25:217][202]LogModuleManager: Shutting down and abandoning module MediaCompositing (368)
[2019.02.17-20.33.25:217][202]LogModuleManager: Shutting down and abandoning module LinearTimecode (366)
[2019.02.17-20.33.25:217][202]LogModuleManager: Shutting down and abandoning module ImgMedia (364)
[2019.02.17-20.33.25:222][202]LogModuleManager: Shutting down and abandoning module HTML5Networking (362)
[2019.02.17-20.33.25:222][202]LogModuleManager: Shutting down and abandoning module GeometryCacheTracks (360)
[2019.02.17-20.33.25:222][202]LogModuleManager: Shutting down and abandoning module GeometryCacheSequencer (358)
[2019.02.17-20.33.25:222][202]LogModuleManager: Shutting down and abandoning module BackChannel (356)
[2019.02.17-20.33.25:222][202]LogModuleManager: Shutting down and abandoning module AppleVision (354)
[2019.02.17-20.33.25:222][202]LogModuleManager: Shutting down and abandoning module AppleImageUtils (352)
[2019.02.17-20.33.25:222][202]LogModuleManager: Shutting down and abandoning module AlembicImporter (350)
[2019.02.17-20.33.25:222][202]LogModuleManager: Shutting down and abandoning module AlembicLibrary (349)
[2019.02.17-20.33.25:222][202]LogModuleManager: Shutting down and abandoning module GeometryCache (348)
[2019.02.17-20.33.25:222][202]LogModuleManager: Shutting down and abandoning module GeometryCacheEd (347)
[2019.02.17-20.33.25:222][202]LogModuleManager: Shutting down and abandoning module DatasmithContentEditor (342)
[2019.02.17-20.33.25:222][202]LogModuleManager: Shutting down and abandoning module DatasmithContent (340)
[2019.02.17-20.33.25:223][202]LogModuleManager: Shutting down and abandoning module SpeedTreeImporter (338)
[2019.02.17-20.33.25:223][202]LogModuleManager: Shutting down and abandoning module PluginBrowser (336)
[2019.02.17-20.33.25:223][202]LogModuleManager: Shutting down and abandoning module MobileLauncherProfileWizard (334)
[2019.02.17-20.33.25:223][202]LogModuleManager: Shutting down and abandoning module PolygonModeling (332)
[2019.02.17-20.33.25:223][202]LogModuleManager: Shutting down and abandoning module MeshEditor (330)
[2019.02.17-20.33.25:223][202]LogModuleManager: Shutting down and abandoning module CryptoKeysOpenSSL (328)
[2019.02.17-20.33.25:223][202]LogModuleManager: Shutting down and abandoning module CryptoKeys (326)
[2019.02.17-20.33.25:223][202]LogModuleManager: Shutting down and abandoning module VisualStudioSourceCodeAccess (324)
[2019.02.17-20.33.25:223][202]LogModuleManager: Shutting down and abandoning module VisualStudioCodeSourceCodeAccess (322)
[2019.02.17-20.33.25:223][202]LogModuleManager: Shutting down and abandoning module UObjectPlugin (320)
[2019.02.17-20.33.25:223][202]LogModuleManager: Shutting down and abandoning module SubversionSourceControl (318)
[2019.02.17-20.33.25:223][202]LogModuleManager: Shutting down and abandoning module PerforceSourceControl (316)
[2019.02.17-20.33.25:224][202]LogModuleManager: Shutting down and abandoning module GitSourceControl (314)
[2019.02.17-20.33.25:224][202]LogModuleManager: Shutting down and abandoning module SourceControl (313)
[2019.02.17-20.33.25:224][202]LogModuleManager: Shutting down and abandoning module CLionSourceCodeAccess (310)
[2019.02.17-20.33.25:224][202]LogModuleManager: Shutting down and abandoning module LightPropagationVolumeEditor (308)
[2019.02.17-20.33.25:224][202]LogModuleManager: Shutting down and abandoning module PaperTiledImporter (306)
[2019.02.17-20.33.25:224][202]LogModuleManager: Shutting down and abandoning module PaperSpriteSheetImporter (304)
[2019.02.17-20.33.25:224][202]LogModuleManager: Shutting down and abandoning module Paper2DEditor (302)
[2019.02.17-20.33.25:224][202]LogModuleManager: Shutting down and abandoning module MeshPaint (301)
[2019.02.17-20.33.25:224][202]LogModuleManager: Shutting down and abandoning module RuntimePhysXCooking (298)
[2019.02.17-20.33.25:224][202]LogModuleManager: Shutting down and abandoning module PhysXVehiclesEditor (296)
[2019.02.17-20.33.25:224][202]LogModuleManager: Shutting down and abandoning module PhysXVehicles (294)
[2019.02.17-20.33.25:224][202]LogModuleManager: Shutting down and abandoning module OculusEditor (292)
[2019.02.17-20.33.25:224][202]LogModuleManager: Shutting down and abandoning module LocationServicesBPLibrary (290)
[2019.02.17-20.33.25:224][202]LogModuleManager: Shutting down and abandoning module ImmediatePhysicsEditor (288)
[2019.02.17-20.33.25:224][202]LogModuleManager: Shutting down and abandoning module ImmediatePhysics (286)
[2019.02.17-20.33.25:224][202]LogModuleManager: Shutting down and abandoning module ActorSequence (284)
[2019.02.17-20.33.25:224][202]LogModuleManager: Shutting down and abandoning module UdpMessaging (282)
[2019.02.17-20.33.25:325][202]LogModuleManager: Shutting down and abandoning module TcpMessaging (280)
[2019.02.17-20.33.25:426][202]LogModuleManager: Shutting down and abandoning module MagicLeapAudio (278)
[2019.02.17-20.33.25:426][202]LogModuleManager: Shutting down and abandoning module GameplayTagsEditor (276)
[2019.02.17-20.33.25:426][202]LogModuleManager: Shutting down and abandoning module FacialAnimationEditor (274)
[2019.02.17-20.33.25:426][202]LogModuleManager: Shutting down and abandoning module FacialAnimation (272)
[2019.02.17-20.33.25:426][202]LogModuleManager: Shutting down and abandoning module DataValidation (270)
[2019.02.17-20.33.25:426][202]LogModuleManager: Shutting down and abandoning module AssetManagerEditor (268)
[2019.02.17-20.33.25:427][202]LogModuleManager: Shutting down and abandoning module LevelEditor (267)
[2019.02.17-20.33.25:429][202]LogModuleManager: Shutting down and abandoning module PixelInspectorModule (266)
[2019.02.17-20.33.25:429][202]LogModuleManager: Shutting down and abandoning module CommonMenuExtensions (264)
[2019.02.17-20.33.25:429][202]LogModuleManager: Shutting down and abandoning module MainFrame (262)
[2019.02.17-20.33.25:429][202]LogModuleManager: Shutting down and abandoning module HotReload (261)
[2019.02.17-20.33.25:430][202]LogModuleManager: Shutting down and abandoning module ContentBrowser (257)
[2019.02.17-20.33.25:432][202]LogModuleManager: Shutting down and abandoning module TreeMap (255)
[2019.02.17-20.33.25:433][202]LogModuleManager: Shutting down and abandoning module LightPropagationVolumeRuntime (252)
[2019.02.17-20.33.25:433][202]LogModuleManager: Shutting down and abandoning module AISupportModule (250)
[2019.02.17-20.33.25:433][202]LogModuleManager: Shutting down and abandoning module Paper2D (248)
[2019.02.17-20.33.25:433][202]LogModuleManager: Shutting down and abandoning module WindowsMoviePlayer (246)
[2019.02.17-20.33.25:433][202]LogModuleManager: Shutting down and abandoning module WmfMedia (244)
[2019.02.17-20.33.25:434][202]LogModuleManager: Shutting down and abandoning module Media (243)
[2019.02.17-20.33.25:440][202]LogModuleManager: Shutting down and abandoning module PacketHandler (240)
[2019.02.17-20.33.25:440][202]LogModuleManager: Shutting down and abandoning module ClothingSystemEditor (238)
[2019.02.17-20.33.25:440][202]LogModuleManager: Shutting down and abandoning module ClothingSystemRuntime (236)
[2019.02.17-20.33.25:441][202]LogModuleManager: Shutting down and abandoning module MediaAssets (234)
[2019.02.17-20.33.25:441][202]LogModuleManager: Shutting down and abandoning module Overlay (232)
[2019.02.17-20.33.25:441][202]LogModuleManager: Shutting down and abandoning module OverlayEditor (231)
[2019.02.17-20.33.25:441][202]LogModuleManager: Shutting down and abandoning module VREditor (228)
[2019.02.17-20.33.25:441][202]LogModuleManager: Shutting down and abandoning module StringTableEditor (226)
[2019.02.17-20.33.25:441][202]LogModuleManager: Shutting down and abandoning module GameplayTasksEditor (224)
[2019.02.17-20.33.25:441][202]LogModuleManager: Shutting down and abandoning module BehaviorTreeEditor (222)
[2019.02.17-20.33.25:441][202]LogModuleManager: Shutting down and abandoning module FunctionalTesting (220)
[2019.02.17-20.33.25:441][202]LogModuleManager: Shutting down and abandoning module CollisionAnalyzer (218)
[2019.02.17-20.33.25:441][202]LogModuleManager: Shutting down and abandoning module WorkspaceMenuStructure (217)
[2019.02.17-20.33.25:441][202]LogModuleManager: Shutting down and abandoning module UMG (214)
[2019.02.17-20.33.25:441][202]LogModuleManager: Shutting down and abandoning module UMGEditor (213)
[2019.02.17-20.33.25:441][202]LogModuleManager: Shutting down and abandoning module Sequencer (212)
[2019.02.17-20.33.25:441][202]LogModuleManager: Shutting down and abandoning module MessageLog (209)
[2019.02.17-20.33.25:441][202]LogModuleManager: Shutting down and abandoning module SlateReflector (204)
[2019.02.17-20.33.25:442][202]LogModuleManager: Shutting down and abandoning module Slate (202)
[2019.02.17-20.33.25:442][202]LogModuleManager: Shutting down and abandoning module EditorStyle (200)
[2019.02.17-20.33.25:446][202]LogModuleManager: Shutting down and abandoning module MRMesh (198)
[2019.02.17-20.33.25:446][202]LogModuleManager: Shutting down and abandoning module SourceCodeAccess (196)
[2019.02.17-20.33.25:446][202]LogModuleManager: Shutting down and abandoning module HeadMountedDisplay (194)
[2019.02.17-20.33.25:446][202]LogModuleManager: Shutting down and abandoning module XAudio2 (192)
[2019.02.17-20.33.25:446][202]LogModuleManager: Shutting down and abandoning module Networking (190)
[2019.02.17-20.33.25:446][202]LogModuleManager: Shutting down and abandoning module Core (188)
[2019.02.17-20.33.25:446][202]LogModuleManager: Shutting down and abandoning module LevelSequence (186)
[2019.02.17-20.33.25:446][202]LogModuleManager: Shutting down and abandoning module KismetCompiler (184)
[2019.02.17-20.33.25:446][202]LogModuleManager: Shutting down and abandoning module MeshUtilities (182)
[2019.02.17-20.33.25:446][202]LogModuleManager: Shutting down and abandoning module MeshMergeUtilities (181)
[2019.02.17-20.33.25:446][202]LogModuleManager: Shutting down and abandoning module MeshReductionInterface (180)
[2019.02.17-20.33.25:447][202]LogModuleManager: Shutting down and abandoning module SimplygonSwarm (179)
[2019.02.17-20.33.25:447][202]LogModuleManager: Shutting down and abandoning module ProxyLODMeshReduction (177)
[2019.02.17-20.33.25:447][202]LogModuleManager: Shutting down and abandoning module SimplygonMeshReduction (175)
[2019.02.17-20.33.25:447][202]LogModuleManager: Shutting down and abandoning module QuadricMeshReduction (173)
[2019.02.17-20.33.25:447][202]LogModuleManager: Shutting down and abandoning module MaterialBaking (169)
[2019.02.17-20.33.25:447][202]LogModuleManager: Shutting down and abandoning module DirectoryWatcher (165)
[2019.02.17-20.33.25:447][202]LogModuleManager: Shutting down and abandoning module DerivedDataCache (162)
[2019.02.17-20.33.25:545][202]LogDerivedDataCache: Shutdown
[2019.02.17-20.33.25:546][202]LogModuleManager: Shutting down and abandoning module XGEController (160)
[2019.02.17-20.33.25:546][202]LogModuleManager: Shutting down and abandoning module TargetPlatform (158)
[2019.02.17-20.33.25:547][202]LogModuleManager: Shutting down and abandoning module VulkanShaderFormat (157)
[2019.02.17-20.33.25:547][202]LogModuleManager: Shutting down and abandoning module ShaderFormatVectorVM (155)
[2019.02.17-20.33.25:547][202]LogModuleManager: Shutting down and abandoning module ShaderFormatOpenGL (153)
[2019.02.17-20.33.25:547][202]LogModuleManager: Shutting down and abandoning module ShaderFormatD3D (151)
[2019.02.17-20.33.25:547][202]LogModuleManager: Shutting down and abandoning module MetalShaderFormat (149)
[2019.02.17-20.33.25:547][202]LogModuleManager: Shutting down and abandoning module TextureFormatUncompressed (147)
[2019.02.17-20.33.25:547][202]LogModuleManager: Shutting down and abandoning module TextureFormatPVR (145)
[2019.02.17-20.33.25:547][202]LogModuleManager: Shutting down and abandoning module TextureFormatDXT (143)
[2019.02.17-20.33.25:547][202]LogModuleManager: Shutting down and abandoning module TextureFormatIntelISPCTexComp (141)
[2019.02.17-20.33.25:547][202]LogModuleManager: Shutting down and abandoning module TextureFormatASTC (139)
[2019.02.17-20.33.25:547][202]LogModuleManager: Shutting down and abandoning module ImageWrapper (138)
[2019.02.17-20.33.25:548][202]LogModuleManager: Shutting down and abandoning module TextureFormatAndroid (135)
[2019.02.17-20.33.25:548][202]LogModuleManager: Shutting down and abandoning module AudioFormatOpus (133)
[2019.02.17-20.33.25:548][202]LogModuleManager: Shutting down and abandoning module AudioFormatOgg (131)
[2019.02.17-20.33.25:548][202]LogModuleManager: Shutting down and abandoning module AudioFormatADPCM (129)
[2019.02.17-20.33.25:548][202]LogModuleManager: Shutting down and abandoning module LuminTargetPlatform (127)
[2019.02.17-20.33.25:548][202]LogModuleManager: Shutting down and abandoning module LinuxTargetPlatform (125)
[2019.02.17-20.33.25:548][202]LogModuleManager: Shutting down and abandoning module LinuxServerTargetPlatform (123)
[2019.02.17-20.33.25:548][202]LogModuleManager: Shutting down and abandoning module LinuxNoEditorTargetPlatform (121)
[2019.02.17-20.33.25:548][202]LogModuleManager: Shutting down and abandoning module LinuxClientTargetPlatform (119)
[2019.02.17-20.33.25:548][202]LogModuleManager: Shutting down and abandoning module TVOSTargetPlatform (117)
[2019.02.17-20.33.25:557][202]LogModuleManager: Shutting down and abandoning module Messaging (115)
[2019.02.17-20.33.25:557][202]LogModuleManager: Shutting down and abandoning module IOSTargetPlatform (113)
[2019.02.17-20.33.25:563][202]LogModuleManager: Shutting down and abandoning module HTML5TargetPlatform (111)
[2019.02.17-20.33.25:563][202]LogModuleManager: Shutting down and abandoning module AndroidTargetPlatform (109)
[2019.02.17-20.33.25:598][202]LogModuleManager: Shutting down and abandoning module WindowsTargetPlatform (107)
[2019.02.17-20.33.25:598][202]LogModuleManager: Shutting down and abandoning module WindowsServerTargetPlatform (105)
[2019.02.17-20.33.25:598][202]LogModuleManager: Shutting down and abandoning module WindowsNoEditorTargetPlatform (103)
[2019.02.17-20.33.25:598][202]LogModuleManager: Shutting down and abandoning module WindowsClientTargetPlatform (101)
[2019.02.17-20.33.25:598][202]LogModuleManager: Shutting down and abandoning module MacTargetPlatform (99)
[2019.02.17-20.33.25:599][202]LogModuleManager: Shutting down and abandoning module MacServerTargetPlatform (97)
[2019.02.17-20.33.25:599][202]LogModuleManager: Shutting down and abandoning module MacNoEditorTargetPlatform (95)
[2019.02.17-20.33.25:599][202]LogModuleManager: Shutting down and abandoning module MacClientTargetPlatform (93)
[2019.02.17-20.33.25:599][202]LogModuleManager: Shutting down and abandoning module AllDesktopTargetPlatform (91)
[2019.02.17-20.33.25:599][202]LogModuleManager: Shutting down and abandoning module InputCore (88)
[2019.02.17-20.33.25:599][202]LogModuleManager: Shutting down and abandoning module Settings (86)
[2019.02.17-20.33.25:599][202]LogModuleManager: Shutting down and abandoning module PhysXCooking (84)
[2019.02.17-20.33.25:599][202]LogModuleManager: Shutting down and abandoning module OculusHMD (82)
[2019.02.17-20.33.25:599][202]LogModuleManager: Shutting down and abandoning module ExampleDeviceProfileSelector (80)
[2019.02.17-20.33.25:599][202]LogModuleManager: Shutting down and abandoning module LauncherChunkInstaller (78)
[2019.02.17-20.33.25:599][202]LogModuleManager: Shutting down and abandoning module OnlineBlueprintSupport (76)
[2019.02.17-20.33.25:599][202]LogModuleManager: Shutting down and abandoning module OnlineSubsystem (72)
[2019.02.17-20.33.25:601][202]LogModuleManager: Shutting down and abandoning module XMPP (65)
[2019.02.17-20.33.25:601][202]LogModuleManager: Shutting down and abandoning module WebSockets (64)
[2019.02.17-20.33.25:628][202]LogModuleManager: Shutting down and abandoning module HTTP (61)
[2019.02.17-20.33.25:628][202]LogHttp: Display: Http module shutting down, but needs to wait on 1 outstanding Http requests:
[2019.02.17-20.33.25:628][202]LogHttp: Display: 	verb=[POST] url=[https://datarouter.ol.epicgames.com/datarouter/api/v1/public/data?SessionID=%7BBAE31FD4-4A00-1414-0F34-78BE19299B80%7D&AppID=UEEditor.Rocket.Release&AppVersion=4.20.3-4369336%2B%2B%2BUE4%2BRelease-4.20&UserID=ef7d3e5243b422bdb3e40685b0484be6%7Ce13323db472b437e907144303bb07345%7Ced5ede0c-5b4e-4ea3-a6ef-8328b47ebf76&AppEnvironment=datacollector-binary&UploadType=eteventstream] status=Processing
[2019.02.17-20.33.25:632][202]LogModuleManager: Shutting down and abandoning module SSL (60)
[2019.02.17-20.33.25:633][202]LogModuleManager: Shutting down and abandoning module MagicLeapEmulator (56)
[2019.02.17-20.33.25:633][202]LogModuleManager: Shutting down and abandoning module MagicLeapPrivileges (54)
[2019.02.17-20.33.25:634][202]LogModuleManager: Shutting down and abandoning module MagicLeapIdentity (52)
[2019.02.17-20.33.25:634][202]LogModuleManager: Shutting down and abandoning module MagicLeapHelperVulkan (50)
[2019.02.17-20.33.25:634][202]LogModuleManager: Shutting down and abandoning module MagicLeapHelperOpenGL (48)
[2019.02.17-20.33.25:634][202]LogModuleManager: Shutting down and abandoning module MagicLeapSecureStorage (46)
[2019.02.17-20.33.25:634][202]LogModuleManager: Shutting down and abandoning module MagicLeapGestures (44)
[2019.02.17-20.33.25:634][202]LogModuleManager: Shutting down and abandoning module MagicLeapEyeTracker (42)
[2019.02.17-20.33.25:634][202]LogModuleManager: Shutting down and abandoning module MagicLeapController (40)
[2019.02.17-20.33.25:634][202]LogSlate: Slate User Destroyed.  User Index 0, Is Virtual User: 0
[2019.02.17-20.33.25:634][202]LogModuleManager: Shutting down and abandoning module MagicLeap (38)
[2019.02.17-20.33.25:634][202]LogModuleManager: Shutting down and abandoning module AnimationModifiers (36)
[2019.02.17-20.33.25:634][202]LogModuleManager: Shutting down and abandoning module PropertyEditor (35)
[2019.02.17-20.33.25:634][202]LogModuleManager: Shutting down and abandoning module AudioEditor (32)
[2019.02.17-20.33.25:635][202]LogModuleManager: Shutting down and abandoning module TextureCompressor (30)
[2019.02.17-20.33.25:635][202]LogModuleManager: Shutting down and abandoning module ShaderCore (28)
[2019.02.17-20.33.25:635][202]LogModuleManager: Shutting down and abandoning module Landscape (26)
[2019.02.17-20.33.25:635][202]LogModuleManager: Shutting down and abandoning module SlateRHIRenderer (24)
[2019.02.17-20.33.25:636][202]LogModuleManager: Shutting down and abandoning module OpenGLDrv (22)
[2019.02.17-20.33.25:636][202]LogModuleManager: Shutting down and abandoning module D3D11RHI (20)
[2019.02.17-20.33.25:636][202]LogModuleManager: Shutting down and abandoning module AnimGraphRuntime (18)
[2019.02.17-20.33.25:637][202]LogModuleManager: Shutting down and abandoning module Renderer (16)
[2019.02.17-20.33.25:637][202]LogModuleManager: Shutting down and abandoning module Engine (14)
[2019.02.17-20.33.25:637][202]LogModuleManager: Shutting down and abandoning module CoreUObject (12)
[2019.02.17-20.33.25:637][202]LogModuleManager: Shutting down and abandoning module NetworkFile (10)
[2019.02.17-20.33.25:637][202]LogModuleManager: Shutting down and abandoning module CookedIterativeFile (8)
[2019.02.17-20.33.25:637][202]LogModuleManager: Shutting down and abandoning module StreamingFile (6)
[2019.02.17-20.33.25:637][202]LogModuleManager: Shutting down and abandoning module SandboxFile (4)
[2019.02.17-20.33.25:637][202]LogModuleManager: Shutting down and abandoning module PakFile (2)
[2019.02.17-20.33.25:642][202]LogExit: Exiting.
[2019.02.17-20.33.25:658][202]Log file closed, 02/17/19 21:33:25
