Log file open, 02/18/19 00:22:23
LogWindows: Failed to load 'aqProf.dll' (GetLastError=126)
LogWindows: File 'aqProf.dll' does not exist
LogWindows: Failed to load 'VSPerf140.dll' (GetLastError=126)
LogWindows: File 'VSPerf140.dll' does not exist
LogWindows: Failed to load 'VtuneApi.dll' (GetLastError=126)
LogWindows: File 'VtuneApi.dll' does not exist
LogWindows: Failed to load 'VtuneApi32e.dll' (GetLastError=126)
LogWindows: File 'VtuneApi32e.dll' does not exist
LogInit: Display: Running engine for game: PeopleWithGuns
LogPlatformFile: Not using cached read wrapper
LogTaskGraph: Started task graph with 5 named threads and 14 total threads with 3 sets of task threads.
LogStats: Stats thread started at 0.204388
LogD3D11RHI: Loaded GFSDK_Aftermath_Lib.x64.dll
LogICUInternationalization: Display: ICU TimeZone Detection - Raw Offset: +1:00, Platform Override: ''
LogPluginManager: Mounting plugin Paper2D
LogPluginManager: Mounting plugin AISupport
LogPluginManager: Mounting plugin LightPropagationVolume
LogPluginManager: Mounting plugin CLionSourceCodeAccess
LogPluginManager: Mounting plugin CodeLiteSourceCodeAccess
LogPluginManager: Mounting plugin GitSourceControl
LogPluginManager: Mounting plugin KDevelopSourceCodeAccess
LogPluginManager: Mounting plugin NullSourceCodeAccess
LogPluginManager: Mounting plugin PerforceSourceControl
LogPluginManager: Mounting plugin SubversionSourceControl
LogPluginManager: Mounting plugin UObjectPlugin
LogPluginManager: Mounting plugin VisualStudioCodeSourceCodeAccess
LogPluginManager: Mounting plugin VisualStudioSourceCodeAccess
LogPluginManager: Mounting plugin XCodeSourceCodeAccess
LogPluginManager: Mounting plugin AssetManagerEditor
LogPluginManager: Mounting plugin CryptoKeys
LogPluginManager: Mounting plugin DataValidation
LogPluginManager: Mounting plugin FacialAnimation
LogPluginManager: Mounting plugin GameplayTagsEditor
LogPluginManager: Mounting plugin MacGraphicsSwitching
LogPluginManager: Mounting plugin MeshEditor
LogPluginManager: Mounting plugin MobileLauncherProfileWizard
LogPluginManager: Mounting plugin PluginBrowser
LogPluginManager: Mounting plugin SpeedTreeImporter
LogPluginManager: Mounting plugin DatasmithContent
LogPluginManager: Mounting plugin AlembicImporter
LogPluginManager: Mounting plugin AppleImageUtils
LogPluginManager: Mounting plugin AppleVision
LogPluginManager: Mounting plugin BackChannel
LogPluginManager: Mounting plugin CharacterAI
LogPluginManager: Mounting plugin GeometryCache
LogPluginManager: Mounting plugin HTML5Networking
LogPluginManager: Mounting plugin ProxyLODPlugin
LogPluginManager: Mounting plugin MagicLeap
LogPluginManager: Mounting plugin MagicLeapEmulator
LogPluginManager: Mounting plugin MagicLeapMedia
LogPluginManager: Mounting plugin AndroidMedia
LogPluginManager: Mounting plugin AvfMedia
LogPluginManager: Mounting plugin ImgMedia
LogPluginManager: Mounting plugin LinearTimecode
LogPluginManager: Mounting plugin MediaCompositing
LogPluginManager: Mounting plugin MediaPlayerEditor
LogPluginManager: Mounting plugin WmfMedia
LogPluginManager: Mounting plugin TcpMessaging
LogPluginManager: Mounting plugin UdpMessaging
LogPluginManager: Mounting plugin ActorSequence
LogPluginManager: Mounting plugin LevelSequenceEditor
LogPluginManager: Mounting plugin MatineeToLevelSequence
LogPluginManager: Mounting plugin NetcodeUnitTest
LogPluginManager: Mounting plugin NUTUnrealEngine4
LogPluginManager: Mounting plugin OnlineSubsystemGooglePlay
LogPluginManager: Mounting plugin OnlineSubsystemIOS
LogPluginManager: Mounting plugin OnlineSubsystem
LogPluginManager: Mounting plugin OnlineSubsystemNull
LogPluginManager: Mounting plugin OnlineSubsystemSteam
LogPluginManager: Mounting plugin OnlineSubsystemUtils
LogPluginManager: Mounting plugin LauncherChunkInstaller
LogPluginManager: Mounting plugin AndroidDeviceProfileSelector
LogPluginManager: Mounting plugin AndroidMoviePlayer
LogPluginManager: Mounting plugin AndroidPermission
LogPluginManager: Mounting plugin AppleMoviePlayer
LogPluginManager: Mounting plugin ArchVisCharacter
LogPluginManager: Mounting plugin AudioCapture
LogPluginManager: Mounting plugin CableComponent
LogPluginManager: Mounting plugin CustomMeshComponent
LogPluginManager: Mounting plugin EditableMesh
LogPluginManager: Mounting plugin ExampleDeviceProfileSelector
LogPluginManager: Mounting plugin GoogleCloudMessaging
LogPluginManager: Mounting plugin ImmediatePhysics
LogPluginManager: Mounting plugin IOSDeviceProfileSelector
LogPluginManager: Mounting plugin LinuxDeviceProfileSelector
LogPluginManager: Mounting plugin LocationServicesBPLibrary
LogPluginManager: Mounting plugin MobilePatchingUtils
LogPluginManager: Mounting plugin OculusVR
LogPluginManager: Plugin shader directory ../../../Engine/Plugins/Runtime/Oculus/OculusVR/Shaders found
LogPluginManager: Mapping shader source directory ../../../Engine/Plugins/Runtime/Oculus/OculusVR/Shaders to virtual directory /Plugin/OculusVR
LogPluginManager: Mounting plugin PhysXVehicles
LogPluginManager: Mounting plugin ProceduralMeshComponent
LogPluginManager: Mounting plugin RuntimePhysXCooking
LogPluginManager: Mounting plugin WindowsMoviePlayer
LogStreaming: Display: Took  0.071s to configure plugins.
LogInit: Using libcurl 7.55.1-DEV
LogInit:  - built for x86_64-pc-win32
LogInit:  - supports SSL with OpenSSL/1.0.2h
LogInit:  - supports HTTP deflate (compression) using libz 1.2.8
LogInit:  - other features:
LogInit:      CURL_VERSION_SSL
LogInit:      CURL_VERSION_LIBZ
LogInit:      CURL_VERSION_IPV6
LogInit:      CURL_VERSION_ASYNCHDNS
LogInit:      CURL_VERSION_LARGEFILE
LogInit:      CURL_VERSION_IDN
LogInit:  CurlRequestOptions (configurable via config and command line):
LogInit:  - bVerifyPeer = false  - Libcurl will NOT verify peer certificate
LogInit:  - bUseHttpProxy = false  - Libcurl will NOT use HTTP proxy
LogInit:  - bDontReuseConnections = false  - Libcurl will reuse connections
LogInit:  - CertBundlePath = nullptr  - Libcurl will use whatever was configured at build time.
LogInit:  - MaxHostConnections = 16  - Libcurl will limit the number of connections to a host
LogInit:  - LocalHostAddr = Default
LogInit:  - BufferSize = 65536
LogOnline: Display: STEAM: Loading Steam SDK 1.39
LogInit: WinSock: version 1.1 (2.2), MaxSocks=32767, MaxUdp=65467
LogInit: Build: ++UE4+Release-4.20-CL-4369336
LogInit: Engine Version: 4.20.3-4369336+++UE4+Release-4.20
LogInit: Compatible Engine Version: 4.20.0-4212847+++UE4+Release-4.20
LogInit: Net CL: 4212847
LogInit: OS: Windows 10 (), CPU: Intel(R) Core(TM) i5-7400 CPU @ 3.00GHz, GPU: NVIDIA GeForce GTX 1060 3GB
LogInit: Compiled (64-bit): Sep 17 2018 12:26:19
LogInit: Compiled with Visual C++: 19.13.26129.00
LogInit: Build Configuration: Development
LogInit: Branch Name: ++UE4+Release-4.20
LogInit: Command Line:  /Game/ThirdPersonBP/Maps/MainMenu -game -PIEVIACONSOLE -ResX=1280 -ResY=720  -Multiprocess -messaging -SessionName="Play in Standalone Game" -windowed 
LogInit: Base Directory: C:/Program Files/Epic Games/UE_4.20/Engine/Binaries/Win64/
LogInit: Installed Engine Build: 1
LogDevObjectVersion: Number of dev versions registered: 20
LogDevObjectVersion:   Dev-Blueprints (B0D832E4-1F89-4F0D-ACCF-7EB736FD4AA2): 10
LogDevObjectVersion:   Dev-Build (E1C64328-A22C-4D53-A36C-8E866417BD8C): 0
LogDevObjectVersion:   Dev-Core (375EC13C-06E4-48FB-B500-84F0262A717E): 2
LogDevObjectVersion:   Dev-Editor (E4B068ED-F494-42E9-A231-DA0B2E46BB41): 24
LogDevObjectVersion:   Dev-Framework (CFFC743F-43B0-4480-9391-14DF171D2073): 34
LogDevObjectVersion:   Dev-Mobile (B02B49B5-BB20-44E9-A304-32B752E40360): 2
LogDevObjectVersion:   Dev-Networking (A4E4105C-59A1-49B5-A7C5-40C4547EDFEE): 0
LogDevObjectVersion:   Dev-Online (39C831C9-5AE6-47DC-9A44-9C173E1C8E7C): 0
LogDevObjectVersion:   Dev-Physics (78F01B33-EBEA-4F98-B9B4-84EACCB95AA2): 0
LogDevObjectVersion:   Dev-Platform (6631380F-2D4D-43E0-8009-CF276956A95A): 0
LogDevObjectVersion:   Dev-Rendering (12F88B9F-8875-4AFC-A67C-D90C383ABD29): 26
LogDevObjectVersion:   Dev-Sequencer (7B5AE74C-D270-4C10-A958-57980B212A5A): 9
LogDevObjectVersion:   Dev-VR (D7296918-1DD6-4BDD-9DE2-64A83CC13884): 2
LogDevObjectVersion:   Dev-LoadTimes (C2A15278-BFE7-4AFE-6C17-90FF531DF755): 1
LogDevObjectVersion:   Private-Geometry (6EACA3D4-40EC-4CC1-B786-8BED09428FC5): 3
LogDevObjectVersion:   Dev-AnimPhys (29E575DD-E0A3-4627-9D10-D276232CDCEA): 17
LogDevObjectVersion:   Dev-ReflectionCapture (6B266CEC-1EC7-4B8F-A30B-E4D90942FC07): 1
LogDevObjectVersion:   Dev-Automation (0DF73D61-A23F-47EA-B727-89E90C41499A): 1
LogDevObjectVersion:   FortniteMain (601D1886-AC64-4F84-AA16-D3DE0DEAC7D6): 12
LogDevObjectVersion:   Dev-Enterprise (9DFFBCD6-494F-0158-E221-12823C92A888): 1
LogStreaming: Display: Took  0.007s to delete old logs.
LogInit: Presizing for max 8388607 objects, including 0 objects not considered by GC, pre-allocating 0 bytes for permanent pool.
LogInit: Object subsystem initialized
[2019.02.17-23.22.24:609][  0]LogInit: Selected Device Profile: [Windows]
[2019.02.17-23.22.24:609][  0]LogInit: Applying CVar settings loaded from the selected device profile: [Windows]
[2019.02.17-23.22.24:614][  0]LogHAL: Display: Platform has ~ 16 GB [17143238656 / 17179869184 / 16], which maps to Larger [LargestMinGB=32, LargerMinGB=12, DefaultMinGB=8, SmallerMinGB=6, SmallestMinGB=0)
[2019.02.17-23.22.24:614][  0]LogInit: Setting Device Profile CVar: [[r.Vulkan.UseRealUBs:1]]
[2019.02.17-23.22.24:614][  0]LogInit: Going up to parent DeviceProfile []
[2019.02.17-23.22.24:616][  0]LogInit: Computer: DESKTOP-IL37EE6
[2019.02.17-23.22.24:617][  0]LogInit: User: fox56
[2019.02.17-23.22.24:617][  0]LogInit: CPU Page size=4096, Cores=4
[2019.02.17-23.22.24:617][  0]LogInit: High frequency timer resolution =2.929689 MHz
[2019.02.17-23.22.24:617][  0]LogMemory: Memory total: Physical=16.0GB (16GB approx)
[2019.02.17-23.22.24:617][  0]LogMemory: Platform Memory Stats for Windows
[2019.02.17-23.22.24:617][  0]LogMemory: Process Physical Memory: 132.66 MB used, 132.66 MB peak
[2019.02.17-23.22.24:617][  0]LogMemory: Process Virtual Memory: 106.11 MB used, 106.11 MB peak
[2019.02.17-23.22.24:617][  0]LogMemory: Physical Memory: 9361.32 MB used,  6987.74 MB free, 16349.07 MB total
[2019.02.17-23.22.24:617][  0]LogMemory: Virtual Memory: 4739.33 MB used,  6987.74 MB free, 134217728.00 MB total
[2019.02.17-23.22.24:653][  0]LogInit: Using OS detected language (fr-FR).
[2019.02.17-23.22.24:653][  0]LogInit: Using OS detected locale (fr-FR).
[2019.02.17-23.22.24:653][  0]LogTextLocalizationManager: No specific localization for 'fr-FR' exists, so the 'fr' localization will be used.
[2019.02.17-23.22.24:674][  0]LogStreaming: Display: Took  0.021s to InitEngineTextLocalization.
[2019.02.17-23.22.24:726][  0]LogSlate: New Slate User Created.  User Index 0, Is Virtual User: 0
[2019.02.17-23.22.24:727][  0]LogSlate: Slate User Registered.  User Index 0, Is Virtual User: 0
[2019.02.17-23.22.24:731][  0]LogD3D11RHI: D3D11 adapters:
[2019.02.17-23.22.24:856][  0]LogD3D11RHI:    0. 'NVIDIA GeForce GTX 1060 3GB' (Feature Level 11_0)
[2019.02.17-23.22.24:856][  0]LogD3D11RHI:       2988/0/8174 MB DedicatedVideo/DedicatedSystem/SharedSystem, Outputs:1, VendorId:0x10de
[2019.02.17-23.22.24:861][  0]LogD3D11RHI:    1. 'Microsoft Basic Render Driver' (Feature Level 11_0)
[2019.02.17-23.22.24:861][  0]LogD3D11RHI:       0/0/8174 MB DedicatedVideo/DedicatedSystem/SharedSystem, Outputs:0, VendorId:0x1414
[2019.02.17-23.22.24:861][  0]LogD3D11RHI: Chosen D3D11 Adapter: 0
[2019.02.17-23.22.24:877][  0]LogD3D11RHI: Creating new Direct3DDevice
[2019.02.17-23.22.24:878][  0]LogD3D11RHI:     GPU DeviceId: 0x1c02 (for the marketing name, search the web for "GPU Device Id")
[2019.02.17-23.22.24:878][  0]LogWindows: EnumDisplayDevices:
[2019.02.17-23.22.24:878][  0]LogWindows:    0. 'NVIDIA GeForce GTX 1060 3GB' (P:1 D:1)
[2019.02.17-23.22.24:879][  0]LogWindows:    1. 'NVIDIA GeForce GTX 1060 3GB' (P:0 D:0)
[2019.02.17-23.22.24:879][  0]LogWindows:    2. 'NVIDIA GeForce GTX 1060 3GB' (P:0 D:0)
[2019.02.17-23.22.24:879][  0]LogWindows:    3. 'NVIDIA GeForce GTX 1060 3GB' (P:0 D:0)
[2019.02.17-23.22.24:879][  0]LogWindows: DebugString: FoundDriverCount:4 
[2019.02.17-23.22.24:879][  0]LogD3D11RHI:     Adapter Name: NVIDIA GeForce GTX 1060 3GB
[2019.02.17-23.22.24:879][  0]LogD3D11RHI:   Driver Version: 417.71 (internal:25.21.14.1771, unified:417.71)
[2019.02.17-23.22.24:879][  0]LogD3D11RHI:      Driver Date: 1-11-2019
[2019.02.17-23.22.24:879][  0]LogRHI: Texture pool is 2091 MB (70% of 2988 MB)
[2019.02.17-23.22.24:951][  0]LogD3D11RHI: Async texture creation enabled
[2019.02.17-23.22.25:037][  0]LogD3D11RHI: GPU Timing Frequency: 1000.000000 (Debug: 2 2)
[2019.02.17-23.22.25:086][  0]LogShaderCompilers: Guid format shader working directory is -41 characters bigger than the processId version (../../../../../../Users/fox56/Documents/GitHub/ProjetsHub2018/FPSUnreal/PeopleWithGuns/Intermediate/Shaders/WorkingDirectory/12880/).
[2019.02.17-23.22.25:087][  0]LogShaderCompilers: Cleaned the shader compiler working directory 'C:/Users/fox56/AppData/Local/Temp/UnrealShaderWorkingDir/486809424E36E04E693CF6BDA445D3A7/'.
[2019.02.17-23.22.25:488][  0]LogTemp: Display: Loaded TP WindowsClientTargetPlatform
[2019.02.17-23.22.25:509][  0]LogTemp: Display: Loaded TP WindowsNoEditorTargetPlatform
[2019.02.17-23.22.25:530][  0]LogTemp: Display: Loaded TP WindowsServerTargetPlatform
[2019.02.17-23.22.25:557][  0]LogTemp: Display: Loaded TP WindowsTargetPlatform
[2019.02.17-23.22.25:557][  0]LogTargetPlatformManager: Display: Building Assets For Windows
[2019.02.17-23.22.25:653][  0]LogXGEController: Cannot use XGE Controller as Incredibuild is not installed on this machine.
[2019.02.17-23.22.25:653][  0]LogShaderCompilers: Cannot use XGE Shader Compiler as Incredibuild is not installed on this machine.
[2019.02.17-23.22.25:653][  0]LogShaderCompilers: Display: Using Local Shader Compiler.
[2019.02.17-23.22.27:521][  0]LogDerivedDataCache: Display: Max Cache Size: 512 MB
[2019.02.17-23.22.27:603][  0]LogDerivedDataCache: Loaded boot cache 0.08s 77MB C:/Users/fox56/AppData/Local/UnrealEngine/4.20/DerivedDataCache/Boot.ddc.
[2019.02.17-23.22.27:603][  0]LogDerivedDataCache: Display: Loaded Boot cache: C:/Users/fox56/AppData/Local/UnrealEngine/4.20/DerivedDataCache/Boot.ddc
[2019.02.17-23.22.27:603][  0]LogDerivedDataCache: FDerivedDataBackendGraph:  Pak pak cache file ../../../../../../Users/fox56/Documents/GitHub/ProjetsHub2018/FPSUnreal/PeopleWithGuns/DerivedDataCache/DDC.ddp not found, will not use a pak cache.
[2019.02.17-23.22.27:603][  0]LogDerivedDataCache: Unable to find inner node Pak for hierarchical cache Hierarchy.
[2019.02.17-23.22.27:603][  0]LogDerivedDataCache: FDerivedDataBackendGraph:  CompressedPak pak cache file ../../../../../../Users/fox56/Documents/GitHub/ProjetsHub2018/FPSUnreal/PeopleWithGuns/DerivedDataCache/Compressed.ddp not found, will not use a pak cache.
[2019.02.17-23.22.27:603][  0]LogDerivedDataCache: Unable to find inner node CompressedPak for hierarchical cache Hierarchy.
[2019.02.17-23.22.27:618][  0]LogDerivedDataCache: Display: Pak cache opened for reading ../../../Engine/DerivedDataCache/Compressed.ddp.
[2019.02.17-23.22.27:647][  0]LogDerivedDataCache: Using Local data cache path C:/Users/fox56/AppData/Local/UnrealEngine/Common/DerivedDataCache: Writable
[2019.02.17-23.22.27:647][  0]LogDerivedDataCache: Shared data cache path not found in *engine.ini, will not use an Shared cache.
[2019.02.17-23.22.27:647][  0]LogDerivedDataCache: Unable to find inner node Shared for hierarchical cache Hierarchy.
[2019.02.17-23.22.27:668][  0]LogMaterial: Verifying Global Shaders for PCD3D_SM5
[2019.02.17-23.22.27:670][  0]LogSlate: Using FreeType 2.6.0
[2019.02.17-23.22.27:679][  0]LogSlate: SlateFontServices - WITH_FREETYPE: 1, WITH_HARFBUZZ: 1
[2019.02.17-23.22.27:930][  0]LogInit: Using OS detected language (fr-FR).
[2019.02.17-23.22.27:930][  0]LogInit: Using OS detected locale (fr-FR).
[2019.02.17-23.22.27:930][  0]LogTextLocalizationManager: No localization for 'fr-FR' exists, so 'en' will be used for the language.
[2019.02.17-23.22.27:930][  0]LogTextLocalizationManager: No localization for 'fr-FR' exists, so 'en' will be used for the locale.
[2019.02.17-23.22.28:366][  0]LogStreaming: Display: Took  0.436s to InitGameTextLocalization.
[2019.02.17-23.22.28:375][  0]LogAssetRegistry: FAssetRegistry took 0.0051 seconds to start up
[2019.02.17-23.22.28:583][  0]LogPackageLocalizationCache: Processed 10 localized package path(s) for 1 prioritized culture(s) in 0.016925 seconds
[2019.02.17-23.22.28:712][  0]LogInit: Selected Device Profile: [Windows]
[2019.02.17-23.22.28:873][  0]LogSimplygon: Simplygon DLL not present - disabling.
[2019.02.17-23.22.28:879][  0]LogMeshReduction: Using SimplygonSwarm for distributed automatic mesh merging
[2019.02.17-23.22.28:879][  0]LogMeshReduction: Using ProxyLODMeshReduction for automatic mesh merging
[2019.02.17-23.22.28:879][  0]LogMeshReduction: Using QuadricMeshReduction for automatic static mesh reduction
[2019.02.17-23.22.28:879][  0]LogMeshReduction: No automatic skeletal mesh reduction module available
[2019.02.17-23.22.28:906][  0]LogNetVersion: PeopleWithGuns 1.0.0, NetCL: 4212847, EngineNetVer: 5, GameNetVer: 0 (Checksum: 1271298656)
[2019.02.17-23.22.29:817][  0]LogMoviePlayer: Initializing movie player
[2019.02.17-23.22.30:093][  0]LogTcpMessaging: Initializing TcpMessaging bridge
[2019.02.17-23.22.30:107][  0]LogUdpMessaging: Initializing bridge on interface 0.0.0.0:0 to multicast group 230.0.0.1:6666.
[2019.02.17-23.22.30:199][  0]SourceControl: Source control is disabled
[2019.02.17-23.22.30:200][  0]SourceControl: Source control is disabled
[2019.02.17-23.22.30:201][  0]SourceControl: Source control is disabled
[2019.02.17-23.22.30:351][  0]LogAndroidPermission: UAndroidPermissionCallbackProxy::GetInstance
[2019.02.17-23.22.30:466][  0]LogOcInput: OculusInput pre-init called
[2019.02.17-23.22.30:478][  0]LogUObjectArray: 42139 objects as part of root set at end of initial load.
[2019.02.17-23.22.30:478][  0]LogUObjectAllocator: 7435256 out of 0 bytes used by permanent object pool.
[2019.02.17-23.22.30:478][  0]LogUObjectArray: CloseDisregardForGC: 0/0 objects in disregard for GC pool
[2019.02.17-23.22.30:546][  0]LogEngine: Initializing Engine...
[2019.02.17-23.22.30:559][  0]LogStats: UGameplayTagsManager::ConstructGameplayTagTree: ImportINI prefixes -  0.000 s
[2019.02.17-23.22.30:559][  0]LogStats: UGameplayTagsManager::ConstructGameplayTagTree: Construct from data asset -  0.000 s
[2019.02.17-23.22.30:559][  0]LogStats: UGameplayTagsManager::ConstructGameplayTagTree: ImportINI -  0.000 s
[2019.02.17-23.22.30:559][  0]LogStats: UGameplayTagsManager::ConstructGameplayTagTree: GameplayTagTreeChangedEvent.Broadcast -  0.000 s
[2019.02.17-23.22.30:820][  0]LogInit: Initializing FReadOnlyCVARCache
[2019.02.17-23.22.30:840][  0]LogInit: XAudio2 using 'Casque pour téléphone (Corsair VOID PRO Surround USB Adapter)' : 6 channels at 48 kHz using 16 bits per sample (channel mask 0x3f)
[2019.02.17-23.22.30:980][  0]LogInit: FAudioDevice initialized.
[2019.02.17-23.22.30:991][  0]LogNetVersion: Set ProjectVersion to 1.0.0.0. Version Checksum will be recalculated on next use.
[2019.02.17-23.22.30:998][  0]LogInit: Texture streaming: Enabled
[2019.02.17-23.22.31:290][  0]LogSlate: Updating window title bar state: overlay mode, drag disabled, window buttons hidden, title bar hidden
[2019.02.17-23.22.31:291][  0]LogInit: Display: Game Engine Initialized.
[2019.02.17-23.22.31:291][  0]LogGameplayTags: Display: UGameplayTagsManager::DoneAddingNativeTags. DelegateIsBound: 0
[2019.02.17-23.22.31:291][  0]LogStats: UGameplayTagsManager::ConstructGameplayTagTree: ImportINI prefixes -  0.000 s
[2019.02.17-23.22.31:291][  0]LogStats: UGameplayTagsManager::ConstructGameplayTagTree: Construct from data asset -  0.000 s
[2019.02.17-23.22.31:291][  0]LogStats: UGameplayTagsManager::ConstructGameplayTagTree: ImportINI -  0.000 s
[2019.02.17-23.22.31:291][  0]LogStats: UGameplayTagsManager::ConstructGameplayTagTree: GameplayTagTreeChangedEvent.Broadcast -  0.000 s
[2019.02.17-23.22.31:312][  0]LogInit: Display: Starting Game.
[2019.02.17-23.22.31:312][  0]LogNet: Browse: /Game/ThirdPersonBP/Maps/MainMenu?Name=Player
[2019.02.17-23.22.31:312][  0]LogLoad: LoadMap: /Game/ThirdPersonBP/Maps/MainMenu?Name=Player
[2019.02.17-23.22.31:365][  0]LogAIModule: Creating AISystem for world MainMenu
[2019.02.17-23.22.31:693][  0]LogLoad: Game class is 'LobbyGM_C'
[2019.02.17-23.22.31:694][  0]LogWorld: Bringing World /Game/ThirdPersonBP/Maps/MainMenu.MainMenu up for play (max tick rate 0) at 2019.02.18-00.22.31
[2019.02.17-23.22.31:694][  0]LogWorld: Bringing up level for play took: 0.000710
[2019.02.17-23.22.31:695][  0]LogGameMode: FindPlayerStart: PATHS NOT DEFINED or NO PLAYERSTART with positive rating
[2019.02.17-23.22.31:701][  0]LogBlueprintUserMessages: [LobbyPC_C_0] Saving worked !
[2019.02.17-23.22.31:707][  0]LogScript: Warning: Script Msg: Attempted to access index 0 from array 'SpawnPoints' of length 0 in '/Game/ThirdPersonBP/Blueprints/Lobby/LobbyGM.LobbyGM_C'!
[2019.02.17-23.22.31:707][  0]LogScript: Warning: Accessed None trying to read property CallFunc_Array_Get_Item
	LobbyGM_C /Game/ThirdPersonBP/Maps/MainMenu.MainMenu:PersistentLevel.LobbyGM_C_0
	Function /Game/ThirdPersonBP/Blueprints/Lobby/LobbyGM.LobbyGM_C:ExecuteUbergraph_LobbyGM:0FF4
[2019.02.17-23.22.31:707][  0]LogScript: Warning: Script call stack:
	Function /Game/ThirdPersonBP/Blueprints/Lobby/LobbyGM.LobbyGM_C:K2_PostLogin
	Function /Game/ThirdPersonBP/Blueprints/Lobby/LobbyGM.LobbyGM_C:ExecuteUbergraph_LobbyGM
	Function /Game/ThirdPersonBP/Blueprints/Lobby/LobbyGM.LobbyGM_C:RespawnPlayer
	Function /Game/ThirdPersonBP/Blueprints/Lobby/LobbyGM.LobbyGM_C:ExecuteUbergraph_LobbyGM

[2019.02.17-23.22.31:708][  0]LogScript: Warning: Script Msg: Attempted to access index 0 from array 'SpawnPoints' of length 0 in '/Game/ThirdPersonBP/Blueprints/Lobby/LobbyGM.LobbyGM_C'!
[2019.02.17-23.22.31:708][  0]LogScript: Warning: Accessed None trying to read property CallFunc_Array_Get_Item
	LobbyGM_C /Game/ThirdPersonBP/Maps/MainMenu.MainMenu:PersistentLevel.LobbyGM_C_0
	Function /Game/ThirdPersonBP/Blueprints/Lobby/LobbyGM.LobbyGM_C:ExecuteUbergraph_LobbyGM:1130
[2019.02.17-23.22.31:708][  0]LogScript: Warning: Script call stack:
	Function /Game/ThirdPersonBP/Blueprints/Lobby/LobbyGM.LobbyGM_C:K2_PostLogin
	Function /Game/ThirdPersonBP/Blueprints/Lobby/LobbyGM.LobbyGM_C:ExecuteUbergraph_LobbyGM
	Function /Game/ThirdPersonBP/Blueprints/Lobby/LobbyGM.LobbyGM_C:RespawnPlayer
	Function /Game/ThirdPersonBP/Blueprints/Lobby/LobbyGM.LobbyGM_C:ExecuteUbergraph_LobbyGM

[2019.02.17-23.22.31:710][  0]LogLoad: Took 0.398050 seconds to LoadMap(/Game/ThirdPersonBP/Maps/MainMenu)
[2019.02.17-23.22.31:712][  0]LogSlate: Took 0.000180 seconds to synchronously load lazily loaded font '../../../Engine/Content/Slate/Fonts/Roboto-Regular.ttf' (155K)
[2019.02.17-23.22.31:779][  0]LogRenderer: Reallocating scene render targets to support 1280x720 Format 10 NumSamples 1 (Frame:1).
[2019.02.17-23.22.31:779][  0]LogLoad: (Engine Initialization) Total time: 10.60 seconds
[2019.02.17-23.22.31:779][  0]LogLoad: (Engine Initialization) Total Blueprint compile time: 0.00 seconds
[2019.02.17-23.22.31:800][  0]LogContentStreaming: Texture pool size now 1000 MB
[2019.02.17-23.22.35:328][217]LogSlate: FSceneViewport::OnFocusLost() reason 0
[2019.02.17-23.22.36:812][309]LogSlate: FSceneViewport::OnFocusLost() reason 0
[2019.02.17-23.22.39:186][452]LogOnlineSession: Verbose: OSS: dumping NamedSession: 
[2019.02.17-23.22.39:186][452]LogOnlineSession: Verbose: OSS: 	SessionName: GameSession
[2019.02.17-23.22.39:186][452]LogOnlineSession: Verbose: OSS: 	HostingPlayerNum: 0
[2019.02.17-23.22.39:186][452]LogOnlineSession: Verbose: OSS: 	SessionState: Pending
[2019.02.17-23.22.39:186][452]LogOnlineSession: Verbose: OSS: 	RegisteredPlayers: 
[2019.02.17-23.22.39:186][452]LogOnlineSession: Verbose: OSS: 	    0 registered players
[2019.02.17-23.22.39:186][452]LogOnlineSession: Verbose: OSS: dumping Session: 
[2019.02.17-23.22.39:186][452]LogOnlineSession: Verbose: OSS: 	OwningPlayerName: GIGN du Poitou Charantes
[2019.02.17-23.22.39:187][452]LogOnlineSession: Verbose: OSS: 	OwningPlayerId: GIGN du Poitou Charantes [0x110000108A0EC96]
[2019.02.17-23.22.39:187][452]LogOnlineSession: Verbose: OSS: 	NumOpenPrivateConnections: 0
[2019.02.17-23.22.39:187][452]LogOnlineSession: Verbose: OSS: 	NumOpenPublicConnections: 3
[2019.02.17-23.22.39:187][452]LogOnlineSession: Verbose: OSS: 	SessionInfo: HostIP: INVALID SteamP2P: 76561198105029782:7777 Type: Lobby session SessionId: Lobby [0x1860000012B0213]
[2019.02.17-23.22.39:187][452]LogOnlineSession: Verbose: OSS: dumping SessionSettings: 
[2019.02.17-23.22.39:187][452]LogOnlineSession: Verbose: OSS: 	NumPublicConnections: 4
[2019.02.17-23.22.39:187][452]LogOnlineSession: Verbose: OSS: 	NumPrivateConnections: 0
[2019.02.17-23.22.39:187][452]LogOnlineSession: Verbose: OSS: 	bIsLanMatch: false
[2019.02.17-23.22.39:187][452]LogOnlineSession: Verbose: OSS: 	bIsDedicated: false
[2019.02.17-23.22.39:187][452]LogOnlineSession: Verbose: OSS: 	bUsesStats: false
[2019.02.17-23.22.39:187][452]LogOnlineSession: Verbose: OSS: 	bShouldAdvertise: true
[2019.02.17-23.22.39:187][452]LogOnlineSession: Verbose: OSS: 	bAllowJoinInProgress: true
[2019.02.17-23.22.39:187][452]LogOnlineSession: Verbose: OSS: 	bAllowInvites: false
[2019.02.17-23.22.39:187][452]LogOnlineSession: Verbose: OSS: 	bUsesPresence: true
[2019.02.17-23.22.39:187][452]LogOnlineSession: Verbose: OSS: 	bAllowJoinViaPresence: true
[2019.02.17-23.22.39:187][452]LogOnlineSession: Verbose: OSS: 	bAllowJoinViaPresenceFriendsOnly: false
[2019.02.17-23.22.39:187][452]LogOnlineSession: Verbose: OSS: 	BuildUniqueId: 0x0040486f
[2019.02.17-23.22.39:187][452]LogOnlineSession: Verbose: OSS: 	Settings:
[2019.02.17-23.22.39:411][452]LogPackageName: SearchForPackageOnDisk took   0.223s to resolve Lobby.umap.
[2019.02.17-23.22.39:618][452]LogPackageName: SearchForPackageOnDisk took   0.206s to resolve Lobby.umap.
[2019.02.17-23.22.39:618][452]LogNet: Browse: /Game/ThirdPersonBP/Maps/Lobby?listen
[2019.02.17-23.22.39:618][452]LogLoad: LoadMap: /Game/ThirdPersonBP/Maps/Lobby?listen
[2019.02.17-23.22.39:619][452]LogScript: Warning: Script Msg: DestroySession - Invalid player state
[2019.02.17-23.22.40:042][452]LogAIModule: Creating AISystem for world Lobby
[2019.02.17-23.22.40:042][452]LogLoad: Game class is 'LobbyGM_C'
[2019.02.17-23.22.40:042][452]LogTemp: Display: ParseSettings for GameNetDriver
[2019.02.17-23.22.40:042][452]LogTemp: Display: ParseSettings for SteamNetDriver_0
[2019.02.17-23.22.40:043][452]LogTemp: Display: ParseSettings for GameNetDriver
[2019.02.17-23.22.40:043][452]LogNet: ReplicationDriverClass is null! Not using ReplicationDriver.
[2019.02.17-23.22.40:043][452]LogNet: Display: SteamNetDriver_0 bound to port 7777
[2019.02.17-23.22.40:043][452]PacketHandlerLog: Loaded PacketHandler component: Engine.EngineHandlerComponentFactory (StatelessConnectHandlerComponent)
[2019.02.17-23.22.40:043][452]LogNet: GameNetDriver SteamNetDriver_0 IpNetDriver listening on port 7777
[2019.02.17-23.22.40:044][452]LogWorld: Bringing World /Game/ThirdPersonBP/Maps/Lobby.Lobby up for play (max tick rate 0) at 2019.02.18-00.22.40
[2019.02.17-23.22.40:044][452]LogWorld: Bringing up level for play took: 0.001430
[2019.02.17-23.22.40:046][452]LogBlueprintUserMessages: [LobbyPC_C_0] Saving worked !
[2019.02.17-23.22.40:054][452]LogLoad: Took 0.436692 seconds to LoadMap(/Game/ThirdPersonBP/Maps/Lobby)
[2019.02.17-23.22.43:569][665]LogSlate: FSceneViewport::OnFocusLost() reason 0
[2019.02.17-23.22.43:669][671]LogGameMode: ProcessServerTravel: /Game/ThirdPersonBP/Maps/Arena01
[2019.02.17-23.22.43:669][671]LogWorld: SeamlessTravel to: /Game/ThirdPersonBP/Maps/Arena01
[2019.02.17-23.22.43:710][672]LogAIModule: Creating AISystem for world TravelMap
[2019.02.17-23.22.43:711][672]LogStats:     SeamlessTravel FlushLevelStreaming  -  0.001 s
[2019.02.17-23.22.43:712][672]LogWorld: Bringing World /Game/ThirdPersonBP/Maps/TravelMap.TravelMap up for play (max tick rate 0) at 2019.02.18-00.22.43
[2019.02.17-23.22.43:712][672]LogWorld: Bringing up level for play took: 0.000453
[2019.02.17-23.22.43:712][672]LogWorld: Sending NotifyLoadedWorld for LP: LocalPlayer_0 PC: LobbyPC_C_0
[2019.02.17-23.22.43:712][672]LogNet: Verbose: NotifyLoadedWorld Begin
[2019.02.17-23.22.43:712][672]LogNet: VeryVerbose: GetFunctionCallspace Server calling Server function: ServerNotifyLoadedWorld Local
[2019.02.17-23.22.43:712][672]LogNet: Verbose: NotifyLoadedWorld End
[2019.02.17-23.22.43:712][672]LogWorld: StartLoadingDestination to: /Game/ThirdPersonBP/Maps/Arena01
[2019.02.17-23.22.44:657][702]LogAIModule: Creating AISystem for world Arena01
[2019.02.17-23.22.44:658][702]LogLoad: Game class is 'ThirdPersonGameMode_C'
[2019.02.17-23.22.44:658][702]LogStats:     SeamlessTravel FlushLevelStreaming  -  0.001 s
[2019.02.17-23.22.44:662][702]LogWorld: Bringing World /Game/ThirdPersonBP/Maps/Arena01.Arena01 up for play (max tick rate 0) at 2019.02.18-00.22.44
[2019.02.17-23.22.44:663][702]LogWorld: Bringing up level for play took: 0.004175
[2019.02.17-23.22.44:663][702]LogWorld: Sending NotifyLoadedWorld for LP: LocalPlayer_0 PC: LobbyPC_C_0
[2019.02.17-23.22.44:663][702]LogNet: Verbose: NotifyLoadedWorld Begin
[2019.02.17-23.22.44:663][702]LogNet: VeryVerbose: GetFunctionCallspace Server calling Server function: ServerNotifyLoadedWorld Local
[2019.02.17-23.22.44:663][702]LogNet: Verbose: NotifyLoadedWorld End
[2019.02.17-23.22.44:663][702]LogWorld: ----SeamlessTravel finished in 0.99 seconds ------
[2019.02.17-23.22.44:663][702]LogScript: Warning: Script Msg: DestroySession - Invalid player state
[2019.02.17-23.23.14:413][537]LogSlate: Window 'PeopleWithGuns (64-bit Development PCD3D_SM5) ' being destroyed
[2019.02.17-23.23.14:414][537]LogWindowsTextInputMethodSystem: Display: IME system now deactivated.
[2019.02.17-23.23.14:421][537]LogSlate: Updating window title bar state: overlay mode, drag disabled, window buttons hidden, title bar hidden
[2019.02.17-23.23.14:422][537]LogEngine: All Windows Closed
[2019.02.17-23.23.14:422][537]LogWindows: FPlatformMisc::RequestExit(0)
[2019.02.17-23.23.14:441][538]LogNet: World NetDriver shutdown SteamNetDriver_0 [GameNetDriver]
[2019.02.17-23.23.14:441][538]LogNet: DestroyNamedNetDriver SteamNetDriver_0 [GameNetDriver]
[2019.02.17-23.23.14:441][538]LogExit: GameNetDriver SteamNetDriver_0 shut down
[2019.02.17-23.23.14:574][538]LogExit: Preparing to exit.
[2019.02.17-23.23.14:574][538]LogMoviePlayer: Shutting down movie player
[2019.02.17-23.23.15:150][538]LogSlate: Updating window title bar state: overlay mode, drag disabled, window buttons hidden, title bar hidden
[2019.02.17-23.23.15:165][538]LogExit: Game engine shut down
[2019.02.17-23.23.15:690][538]LogExit: Object subsystem successfully closed.
[2019.02.17-23.23.15:704][538]LogShaderCompilers: Display: Shaders left to compile 0
[2019.02.17-23.23.15:706][538]LogD3D11RHI: Shutdown
[2019.02.17-23.23.15:706][538]LogD3D11RHI: CleanupD3DDevice
[2019.02.17-23.23.15:707][538]LogD3D11RHI: ~FD3D11DynamicRHI
[2019.02.17-23.23.15:722][538]LogModuleManager: Shutting down and abandoning module SequenceRecorderSections (372)
[2019.02.17-23.23.15:722][538]LogModuleManager: Shutting down and abandoning module SequenceRecorder (370)
[2019.02.17-23.23.15:722][538]LogModuleManager: Shutting down and abandoning module AutomationController (368)
[2019.02.17-23.23.15:722][538]LogModuleManager: Shutting down and abandoning module AutomationWorker (366)
[2019.02.17-23.23.15:722][538]LogModuleManager: Shutting down and abandoning module AIModule (364)
[2019.02.17-23.23.15:722][538]LogModuleManager: Shutting down and abandoning module GameplayDebugger (363)
[2019.02.17-23.23.15:722][538]LogModuleManager: Shutting down and abandoning module AITestSuite (361)
[2019.02.17-23.23.15:722][538]LogModuleManager: Shutting down and abandoning module NavigationSystem (359)
[2019.02.17-23.23.15:722][538]LogModuleManager: Shutting down and abandoning module WmfMediaFactory (356)
[2019.02.17-23.23.15:722][538]LogModuleManager: Shutting down and abandoning module OpenExrWrapper (354)
[2019.02.17-23.23.15:722][538]LogModuleManager: Shutting down and abandoning module ImgMediaFactory (352)
[2019.02.17-23.23.15:722][538]LogModuleManager: Shutting down and abandoning module AvfMediaFactory (350)
[2019.02.17-23.23.15:722][538]LogModuleManager: Shutting down and abandoning module MagicLeapCameraPreviewFactory (348)
[2019.02.17-23.23.15:722][538]LogModuleManager: Shutting down and abandoning module MagicLeapMediaFactory (346)
[2019.02.17-23.23.15:722][538]LogModuleManager: Shutting down and abandoning module CharacterAI (344)
[2019.02.17-23.23.15:722][538]LogModuleManager: Shutting down and abandoning module SessionServices (342)
[2019.02.17-23.23.15:722][538]LogModuleManager: Shutting down and abandoning module MovieSceneCapture (340)
[2019.02.17-23.23.15:722][538]LogModuleManager: Shutting down and abandoning module MovieSceneTracks (338)
[2019.02.17-23.23.15:722][538]LogModuleManager: Shutting down and abandoning module MovieScene (336)
[2019.02.17-23.23.15:722][538]LogModuleManager: Shutting down and abandoning module StreamingPauseRendering (334)
[2019.02.17-23.23.15:722][538]LogModuleManager: Shutting down and abandoning module PortalServices (332)
[2019.02.17-23.23.15:722][538]LogModuleManager: Shutting down and abandoning module PortalRpc (330)
[2019.02.17-23.23.15:722][538]LogModuleManager: Shutting down and abandoning module MessagingRpc (328)
[2019.02.17-23.23.15:722][538]LogModuleManager: Shutting down and abandoning module ProfilerService (326)
[2019.02.17-23.23.15:832][538]LogModuleManager: Shutting down and abandoning module TaskGraph (324)
[2019.02.17-23.23.15:832][538]LogModuleManager: Shutting down and abandoning module ProceduralMeshComponent (322)
[2019.02.17-23.23.15:832][538]LogModuleManager: Shutting down and abandoning module OculusInput (320)
[2019.02.17-23.23.15:832][538]LogModuleManager: Shutting down and abandoning module MobilePatchingUtils (318)
[2019.02.17-23.23.15:832][538]LogModuleManager: Shutting down and abandoning module EditableMesh (316)
[2019.02.17-23.23.15:832][538]LogModuleManager: Shutting down and abandoning module CustomMeshComponent (314)
[2019.02.17-23.23.15:832][538]LogModuleManager: Shutting down and abandoning module CableComponent (312)
[2019.02.17-23.23.15:832][538]LogModuleManager: Shutting down and abandoning module AudioCapture (310)
[2019.02.17-23.23.15:832][538]LogModuleManager: Shutting down and abandoning module ArchVisCharacter (308)
[2019.02.17-23.23.15:832][538]LogModuleManager: Shutting down and abandoning module AndroidPermission (306)
[2019.02.17-23.23.15:832][538]LogModuleManager: Shutting down and abandoning module NUTUnrealEngine4 (302)
[2019.02.17-23.23.15:833][538]LogModuleManager: Shutting down and abandoning module NetcodeUnitTest (300)
[2019.02.17-23.23.15:833][538]LogModuleManager: Shutting down and abandoning module MediaCompositing (298)
[2019.02.17-23.23.15:833][538]LogModuleManager: Shutting down and abandoning module LinearTimecode (296)
[2019.02.17-23.23.15:833][538]LogModuleManager: Shutting down and abandoning module ImgMedia (294)
[2019.02.17-23.23.15:835][538]LogModuleManager: Shutting down and abandoning module HTML5Networking (292)
[2019.02.17-23.23.15:835][538]LogModuleManager: Shutting down and abandoning module GeometryCacheTracks (290)
[2019.02.17-23.23.15:835][538]LogModuleManager: Shutting down and abandoning module GeometryCacheSequencer (289)
[2019.02.17-23.23.15:835][538]LogModuleManager: Shutting down and abandoning module GeometryCache (286)
[2019.02.17-23.23.15:835][538]LogModuleManager: Shutting down and abandoning module GeometryCacheEd (285)
[2019.02.17-23.23.15:835][538]LogModuleManager: Shutting down and abandoning module BackChannel (282)
[2019.02.17-23.23.15:835][538]LogModuleManager: Shutting down and abandoning module AppleVision (280)
[2019.02.17-23.23.15:835][538]LogModuleManager: Shutting down and abandoning module AppleImageUtils (278)
[2019.02.17-23.23.15:835][538]LogModuleManager: Shutting down and abandoning module DatasmithContent (276)
[2019.02.17-23.23.15:836][538]LogModuleManager: Shutting down and abandoning module CryptoKeysOpenSSL (274)
[2019.02.17-23.23.15:836][538]LogModuleManager: Shutting down and abandoning module CryptoKeys (272)
[2019.02.17-23.23.15:836][538]LogModuleManager: Shutting down and abandoning module VisualStudioSourceCodeAccess (270)
[2019.02.17-23.23.15:836][538]LogModuleManager: Shutting down and abandoning module HotReload (269)
[2019.02.17-23.23.15:836][538]LogModuleManager: Shutting down and abandoning module DirectoryWatcher (268)
[2019.02.17-23.23.15:836][538]LogModuleManager: Shutting down and abandoning module VisualStudioCodeSourceCodeAccess (264)
[2019.02.17-23.23.15:836][538]LogModuleManager: Shutting down and abandoning module UObjectPlugin (262)
[2019.02.17-23.23.15:836][538]LogModuleManager: Shutting down and abandoning module SubversionSourceControl (260)
[2019.02.17-23.23.15:836][538]LogModuleManager: Shutting down and abandoning module PerforceSourceControl (258)
[2019.02.17-23.23.15:836][538]LogModuleManager: Shutting down and abandoning module SourceControl (257)
[2019.02.17-23.23.15:836][538]LogModuleManager: Shutting down and abandoning module CLionSourceCodeAccess (254)
[2019.02.17-23.23.15:836][538]LogModuleManager: Shutting down and abandoning module RuntimePhysXCooking (252)
[2019.02.17-23.23.15:836][538]LogModuleManager: Shutting down and abandoning module PhysXVehiclesEditor (250)
[2019.02.17-23.23.15:836][538]LogModuleManager: Shutting down and abandoning module PhysXVehicles (248)
[2019.02.17-23.23.15:836][538]LogModuleManager: Shutting down and abandoning module LocationServicesBPLibrary (246)
[2019.02.17-23.23.15:836][538]LogModuleManager: Shutting down and abandoning module ImmediatePhysicsEditor (244)
[2019.02.17-23.23.15:836][538]LogModuleManager: Shutting down and abandoning module ImmediatePhysics (242)
[2019.02.17-23.23.15:836][538]LogModuleManager: Shutting down and abandoning module ActorSequence (240)
[2019.02.17-23.23.15:836][538]LogModuleManager: Shutting down and abandoning module UdpMessaging (238)
[2019.02.17-23.23.15:938][538]LogModuleManager: Shutting down and abandoning module TcpMessaging (236)
[2019.02.17-23.23.16:124][538]LogModuleManager: Shutting down and abandoning module MagicLeapAudio (234)
[2019.02.17-23.23.16:124][538]LogModuleManager: Shutting down and abandoning module GameplayTagsEditor (232)
[2019.02.17-23.23.16:124][538]LogModuleManager: Shutting down and abandoning module FacialAnimation (230)
[2019.02.17-23.23.16:124][538]LogModuleManager: Shutting down and abandoning module DataValidation (228)
[2019.02.17-23.23.16:124][538]LogModuleManager: Shutting down and abandoning module AssetManagerEditor (226)
[2019.02.17-23.23.16:124][538]LogModuleManager: Shutting down and abandoning module TreeMap (225)
[2019.02.17-23.23.16:124][538]LogModuleManager: Shutting down and abandoning module LightPropagationVolumeRuntime (222)
[2019.02.17-23.23.16:124][538]LogModuleManager: Shutting down and abandoning module AISupportModule (220)
[2019.02.17-23.23.16:124][538]LogModuleManager: Shutting down and abandoning module Paper2D (218)
[2019.02.17-23.23.16:124][538]LogModuleManager: Shutting down and abandoning module PIEPreviewDeviceProfileSelector (216)
[2019.02.17-23.23.16:124][538]LogModuleManager: Shutting down and abandoning module WindowsMoviePlayer (214)
[2019.02.17-23.23.16:124][538]LogModuleManager: Shutting down and abandoning module WmfMedia (212)
[2019.02.17-23.23.16:125][538]LogModuleManager: Shutting down and abandoning module Media (211)
[2019.02.17-23.23.16:131][538]LogModuleManager: Shutting down and abandoning module PacketHandler (208)
[2019.02.17-23.23.16:131][538]LogModuleManager: Shutting down and abandoning module ClothingSystemEditor (206)
[2019.02.17-23.23.16:131][538]LogModuleManager: Shutting down and abandoning module ClothingSystemRuntime (204)
[2019.02.17-23.23.16:131][538]LogModuleManager: Shutting down and abandoning module MediaAssets (202)
[2019.02.17-23.23.16:131][538]LogModuleManager: Shutting down and abandoning module Overlay (200)
[2019.02.17-23.23.16:131][538]LogModuleManager: Shutting down and abandoning module OverlayEditor (199)
[2019.02.17-23.23.16:131][538]LogModuleManager: Shutting down and abandoning module VREditor (196)
[2019.02.17-23.23.16:131][538]LogModuleManager: Shutting down and abandoning module StringTableEditor (194)
[2019.02.17-23.23.16:131][538]LogModuleManager: Shutting down and abandoning module GameplayTasksEditor (192)
[2019.02.17-23.23.16:131][538]LogModuleManager: Shutting down and abandoning module BehaviorTreeEditor (190)
[2019.02.17-23.23.16:131][538]LogModuleManager: Shutting down and abandoning module FunctionalTesting (188)
[2019.02.17-23.23.16:131][538]LogModuleManager: Shutting down and abandoning module CollisionAnalyzer (186)
[2019.02.17-23.23.16:132][538]LogModuleManager: Shutting down and abandoning module WorkspaceMenuStructure (185)
[2019.02.17-23.23.16:132][538]LogModuleManager: Shutting down and abandoning module UMG (182)
[2019.02.17-23.23.16:132][538]LogModuleManager: Shutting down and abandoning module UMGEditor (181)
[2019.02.17-23.23.16:132][538]LogModuleManager: Shutting down and abandoning module Sequencer (180)
[2019.02.17-23.23.16:132][538]LogModuleManager: Shutting down and abandoning module MessageLog (177)
[2019.02.17-23.23.16:132][538]LogModuleManager: Shutting down and abandoning module SlateReflector (172)
[2019.02.17-23.23.16:132][538]LogModuleManager: Shutting down and abandoning module Slate (170)
[2019.02.17-23.23.16:132][538]LogModuleManager: Shutting down and abandoning module EditorStyle (168)
[2019.02.17-23.23.16:135][538]LogModuleManager: Shutting down and abandoning module MRMesh (166)
[2019.02.17-23.23.16:135][538]LogModuleManager: Shutting down and abandoning module Messaging (164)
[2019.02.17-23.23.16:135][538]LogModuleManager: Shutting down and abandoning module SourceCodeAccess (162)
[2019.02.17-23.23.16:135][538]LogModuleManager: Shutting down and abandoning module HeadMountedDisplay (160)
[2019.02.17-23.23.16:135][538]LogModuleManager: Shutting down and abandoning module XAudio2 (158)
[2019.02.17-23.23.16:135][538]LogModuleManager: Shutting down and abandoning module Networking (156)
[2019.02.17-23.23.16:135][538]LogModuleManager: Shutting down and abandoning module Core (154)
[2019.02.17-23.23.16:135][538]LogModuleManager: Shutting down and abandoning module LevelSequence (152)
[2019.02.17-23.23.16:135][538]LogModuleManager: Shutting down and abandoning module KismetCompiler (150)
[2019.02.17-23.23.16:135][538]LogModuleManager: Shutting down and abandoning module MeshUtilities (148)
[2019.02.17-23.23.16:135][538]LogModuleManager: Shutting down and abandoning module MeshMergeUtilities (147)
[2019.02.17-23.23.16:135][538]LogModuleManager: Shutting down and abandoning module MeshReductionInterface (146)
[2019.02.17-23.23.16:135][538]LogModuleManager: Shutting down and abandoning module SimplygonSwarm (145)
[2019.02.17-23.23.16:135][538]LogModuleManager: Shutting down and abandoning module ProxyLODMeshReduction (143)
[2019.02.17-23.23.16:135][538]LogModuleManager: Shutting down and abandoning module SimplygonMeshReduction (141)
[2019.02.17-23.23.16:135][538]LogModuleManager: Shutting down and abandoning module QuadricMeshReduction (139)
[2019.02.17-23.23.16:135][538]LogModuleManager: Shutting down and abandoning module MaterialBaking (135)
[2019.02.17-23.23.16:135][538]LogModuleManager: Shutting down and abandoning module DerivedDataCache (130)
