Log file open, 02/13/19 15:10:09
LogWindows: Failed to load 'aqProf.dll' (GetLastError=126)
LogWindows: File 'aqProf.dll' does not exist
LogWindows: Failed to load 'VtuneApi.dll' (GetLastError=126)
LogWindows: File 'VtuneApi.dll' does not exist
LogWindows: Failed to load 'VtuneApi32e.dll' (GetLastError=126)
LogWindows: File 'VtuneApi32e.dll' does not exist
LogInit: Display: Running engine without a game
LogPlatformFile: Not using cached read wrapper
LogInit: Display: Loading recent project file: C:/Users/Malo/Documents/GitHub/ProjetsHub2018/FPSUnreal/PeopleWithGuns/PeopleWithGuns.uproject
LogTaskGraph: Started task graph with 5 named threads and 11 total threads with 3 sets of task threads.
LogStats: Stats thread started at 0.659745
LogD3D11RHI: Loaded GFSDK_Aftermath_Lib.x64.dll
LogICUInternationalization: Display: ICU TimeZone Detection - Raw Offset: +1:00, Platform Override: ''
LogPluginManager: Mounting plugin Paper2D
LogPluginManager: Mounting plugin AISupport
LogPluginManager: Mounting plugin LightPropagationVolume
LogPluginManager: Mounting plugin CLionSourceCodeAccess
LogPluginManager: Mounting plugin CodeLiteSourceCodeAccess
LogPluginManager: Mounting plugin GitSourceControl
LogPluginManager: Mounting plugin KDevelopSourceCodeAccess
LogPluginManager: Mounting plugin NullSourceCodeAccess
LogPluginManager: Mounting plugin PerforceSourceControl
LogPluginManager: Mounting plugin SubversionSourceControl
LogPluginManager: Mounting plugin UObjectPlugin
LogPluginManager: Mounting plugin VisualStudioCodeSourceCodeAccess
LogPluginManager: Mounting plugin VisualStudioSourceCodeAccess
LogPluginManager: Mounting plugin XCodeSourceCodeAccess
LogPluginManager: Mounting plugin AssetManagerEditor
LogPluginManager: Mounting plugin CryptoKeys
LogPluginManager: Mounting plugin DataValidation
LogPluginManager: Mounting plugin FacialAnimation
LogPluginManager: Mounting plugin GameplayTagsEditor
LogPluginManager: Mounting plugin MacGraphicsSwitching
LogPluginManager: Mounting plugin MeshEditor
LogPluginManager: Mounting plugin MobileLauncherProfileWizard
LogPluginManager: Mounting plugin PluginBrowser
LogPluginManager: Mounting plugin SpeedTreeImporter
LogPluginManager: Mounting plugin DatasmithContent
LogPluginManager: Mounting plugin AlembicImporter
LogPluginManager: Mounting plugin AppleImageUtils
LogPluginManager: Mounting plugin AppleVision
LogPluginManager: Mounting plugin BackChannel
LogPluginManager: Mounting plugin CharacterAI
LogPluginManager: Mounting plugin GeometryCache
LogPluginManager: Mounting plugin HTML5Networking
LogPluginManager: Mounting plugin ProxyLODPlugin
LogPluginManager: Mounting plugin MagicLeap
LogPluginManager: Mounting plugin MagicLeapEmulator
LogPluginManager: Mounting plugin MagicLeapMedia
LogPluginManager: Mounting plugin AndroidMedia
LogPluginManager: Mounting plugin AvfMedia
LogPluginManager: Mounting plugin ImgMedia
LogPluginManager: Mounting plugin LinearTimecode
LogPluginManager: Mounting plugin MediaCompositing
LogPluginManager: Mounting plugin MediaPlayerEditor
LogPluginManager: Mounting plugin WmfMedia
LogPluginManager: Mounting plugin TcpMessaging
LogPluginManager: Mounting plugin UdpMessaging
LogPluginManager: Mounting plugin ActorSequence
LogPluginManager: Mounting plugin LevelSequenceEditor
LogPluginManager: Mounting plugin MatineeToLevelSequence
LogPluginManager: Mounting plugin NetcodeUnitTest
LogPluginManager: Mounting plugin NUTUnrealEngine4
LogPluginManager: Mounting plugin OnlineSubsystemGooglePlay
LogPluginManager: Mounting plugin OnlineSubsystemIOS
LogPluginManager: Mounting plugin OnlineSubsystem
LogPluginManager: Mounting plugin OnlineSubsystemNull
LogPluginManager: Mounting plugin OnlineSubsystemSteam
LogPluginManager: Mounting plugin OnlineSubsystemUtils
LogPluginManager: Mounting plugin LauncherChunkInstaller
LogPluginManager: Mounting plugin AndroidDeviceProfileSelector
LogPluginManager: Mounting plugin AndroidMoviePlayer
LogPluginManager: Mounting plugin AndroidPermission
LogPluginManager: Mounting plugin AppleMoviePlayer
LogPluginManager: Mounting plugin ArchVisCharacter
LogPluginManager: Mounting plugin AudioCapture
LogPluginManager: Mounting plugin CableComponent
LogPluginManager: Mounting plugin CustomMeshComponent
LogPluginManager: Mounting plugin EditableMesh
LogPluginManager: Mounting plugin ExampleDeviceProfileSelector
LogPluginManager: Mounting plugin GoogleCloudMessaging
LogPluginManager: Mounting plugin ImmediatePhysics
LogPluginManager: Mounting plugin IOSDeviceProfileSelector
LogPluginManager: Mounting plugin LinuxDeviceProfileSelector
LogPluginManager: Mounting plugin LocationServicesBPLibrary
LogPluginManager: Mounting plugin MobilePatchingUtils
LogPluginManager: Mounting plugin OculusVR
LogPluginManager: Plugin shader directory ../../../Engine/Plugins/Runtime/Oculus/OculusVR/Shaders found
LogPluginManager: Mapping shader source directory ../../../Engine/Plugins/Runtime/Oculus/OculusVR/Shaders to virtual directory /Plugin/OculusVR
LogPluginManager: Mounting plugin PhysXVehicles
LogPluginManager: Mounting plugin ProceduralMeshComponent
LogPluginManager: Mounting plugin RuntimePhysXCooking
LogPluginManager: Mounting plugin WindowsMoviePlayer
LogStreaming: Display: Took  0.215s to configure plugins.
LogInit: Using libcurl 7.55.1-DEV
LogInit:  - built for x86_64-pc-win32
LogInit:  - supports SSL with OpenSSL/1.0.2h
LogInit:  - supports HTTP deflate (compression) using libz 1.2.8
LogInit:  - other features:
LogInit:      CURL_VERSION_SSL
LogInit:      CURL_VERSION_LIBZ
LogInit:      CURL_VERSION_IPV6
LogInit:      CURL_VERSION_ASYNCHDNS
LogInit:      CURL_VERSION_LARGEFILE
LogInit:      CURL_VERSION_IDN
LogInit:  CurlRequestOptions (configurable via config and command line):
LogInit:  - bVerifyPeer = false  - Libcurl will NOT verify peer certificate
LogInit:  - bUseHttpProxy = false  - Libcurl will NOT use HTTP proxy
LogInit:  - bDontReuseConnections = false  - Libcurl will reuse connections
LogInit:  - CertBundlePath = nullptr  - Libcurl will use whatever was configured at build time.
LogInit:  - MaxHostConnections = 16  - Libcurl will limit the number of connections to a host
LogInit:  - LocalHostAddr = Default
LogInit:  - BufferSize = 65536
LogOnline: Display: STEAM: Loading Steam SDK 1.39
LogOnline: Warning: STEAM: Steam API disabled!
LogOnline: Display: STEAM: OnlineSubsystemSteam::Shutdown()
LogInit: WinSock: version 1.1 (2.2), MaxSocks=32767, MaxUdp=65467
LogInit: Build: ++UE4+Release-4.20-CL-4369336
LogInit: Engine Version: 4.20.3-4369336+++UE4+Release-4.20
LogInit: Compatible Engine Version: 4.20.0-4212847+++UE4+Release-4.20
LogInit: Net CL: 4212847
LogInit: OS: Windows 10 (), CPU: Intel(R) Core(TM) i7-6500U CPU @ 2.50GHz, GPU: Intel(R) HD Graphics 520
LogInit: Compiled (64-bit): Sep 17 2018 12:26:19
LogInit: Compiled with Visual C++: 19.13.26129.00
LogInit: Build Configuration: Development
LogInit: Branch Name: ++UE4+Release-4.20
LogInit: Command Line: 
LogInit: Base Directory: R:/UE_4.20/Engine/Binaries/Win64/
LogInit: Installed Engine Build: 1
LogDevObjectVersion: Number of dev versions registered: 20
LogDevObjectVersion:   Dev-Blueprints (B0D832E4-1F89-4F0D-ACCF-7EB736FD4AA2): 10
LogDevObjectVersion:   Dev-Build (E1C64328-A22C-4D53-A36C-8E866417BD8C): 0
LogDevObjectVersion:   Dev-Core (375EC13C-06E4-48FB-B500-84F0262A717E): 2
LogDevObjectVersion:   Dev-Editor (E4B068ED-F494-42E9-A231-DA0B2E46BB41): 24
LogDevObjectVersion:   Dev-Framework (CFFC743F-43B0-4480-9391-14DF171D2073): 34
LogDevObjectVersion:   Dev-Mobile (B02B49B5-BB20-44E9-A304-32B752E40360): 2
LogDevObjectVersion:   Dev-Networking (A4E4105C-59A1-49B5-A7C5-40C4547EDFEE): 0
LogDevObjectVersion:   Dev-Online (39C831C9-5AE6-47DC-9A44-9C173E1C8E7C): 0
LogDevObjectVersion:   Dev-Physics (78F01B33-EBEA-4F98-B9B4-84EACCB95AA2): 0
LogDevObjectVersion:   Dev-Platform (6631380F-2D4D-43E0-8009-CF276956A95A): 0
LogDevObjectVersion:   Dev-Rendering (12F88B9F-8875-4AFC-A67C-D90C383ABD29): 26
LogDevObjectVersion:   Dev-Sequencer (7B5AE74C-D270-4C10-A958-57980B212A5A): 9
LogDevObjectVersion:   Dev-VR (D7296918-1DD6-4BDD-9DE2-64A83CC13884): 2
LogDevObjectVersion:   Dev-LoadTimes (C2A15278-BFE7-4AFE-6C17-90FF531DF755): 1
LogDevObjectVersion:   Private-Geometry (6EACA3D4-40EC-4CC1-B786-8BED09428FC5): 3
LogDevObjectVersion:   Dev-AnimPhys (29E575DD-E0A3-4627-9D10-D276232CDCEA): 17
LogDevObjectVersion:   Dev-ReflectionCapture (6B266CEC-1EC7-4B8F-A30B-E4D90942FC07): 1
LogDevObjectVersion:   Dev-Automation (0DF73D61-A23F-47EA-B727-89E90C41499A): 1
LogDevObjectVersion:   FortniteMain (601D1886-AC64-4F84-AA16-D3DE0DEAC7D6): 12
LogDevObjectVersion:   Dev-Enterprise (9DFFBCD6-494F-0158-E221-12823C92A888): 1
LogStreaming: Display: Took  0.007s to delete old logs.
LogInit: Presizing for max 8388607 objects, including 0 objects not considered by GC, pre-allocating 0 bytes for permanent pool.
LogInit: Object subsystem initialized
[2019.02.13-14.10.11:125][  0]LogInit: Selected Device Profile: [Windows]
[2019.02.13-14.10.11:125][  0]LogInit: Applying CVar settings loaded from the selected device profile: [Windows]
[2019.02.13-14.10.11:156][  0]LogHAL: Display: Platform has ~ 8 GB [8464732160 / 8589934592 / 8], which maps to Default [LargestMinGB=32, LargerMinGB=12, DefaultMinGB=8, SmallerMinGB=6, SmallestMinGB=0)
[2019.02.13-14.10.11:156][  0]LogInit: Setting Device Profile CVar: [[r.Vulkan.UseRealUBs:1]]
[2019.02.13-14.10.11:156][  0]LogInit: Going up to parent DeviceProfile []
[2019.02.13-14.10.11:165][  0]LogInit: Computer: DESKTOP-FT66DED
[2019.02.13-14.10.11:165][  0]LogInit: User: Malo
[2019.02.13-14.10.11:165][  0]LogInit: CPU Page size=4096, Cores=2
[2019.02.13-14.10.11:165][  0]LogInit: High frequency timer resolution =10.000000 MHz
[2019.02.13-14.10.11:165][  0]LogMemory: Memory total: Physical=7.9GB (8GB approx)
[2019.02.13-14.10.11:165][  0]LogMemory: Platform Memory Stats for Windows
[2019.02.13-14.10.11:165][  0]LogMemory: Process Physical Memory: 101.31 MB used, 101.31 MB peak
[2019.02.13-14.10.11:165][  0]LogMemory: Process Virtual Memory: 92.06 MB used, 92.06 MB peak
[2019.02.13-14.10.11:165][  0]LogMemory: Physical Memory: 5200.41 MB used,  2872.19 MB free, 8072.60 MB total
[2019.02.13-14.10.11:165][  0]LogMemory: Virtual Memory: 4624.77 MB used,  2872.19 MB free, 134217728.00 MB total
[2019.02.13-14.10.11:402][  0]LogInit: Using OS detected language (fr-FR).
[2019.02.13-14.10.11:402][  0]LogInit: Using OS detected locale (fr-FR).
[2019.02.13-14.10.11:405][  0]LogTextLocalizationManager: No specific localization for 'fr-FR' exists, so the 'fr' localization will be used.
[2019.02.13-14.10.11:440][  0]LogStreaming: Display: Took  0.037s to InitEngineTextLocalization.
[2019.02.13-14.10.11:440][  0]LogInit: Setting process to per monitor DPI aware
[2019.02.13-14.10.11:565][  0]LogSlate: New Slate User Created.  User Index 0, Is Virtual User: 0
[2019.02.13-14.10.11:565][  0]LogSlate: Slate User Registered.  User Index 0, Is Virtual User: 0
[2019.02.13-14.10.14:792][  0]LogD3D11RHI: D3D11 adapters:
[2019.02.13-14.10.14:804][  0]LogD3D11RHI:    0. 'Intel(R) HD Graphics 520' (Feature Level 11_0)
[2019.02.13-14.10.14:804][  0]LogD3D11RHI:       128/0/4036 MB DedicatedVideo/DedicatedSystem/SharedSystem, Outputs:1, VendorId:0x8086
[2019.02.13-14.10.14:806][  0]LogD3D11RHI:    1. 'Microsoft Basic Render Driver' (Feature Level 11_0)
[2019.02.13-14.10.14:806][  0]LogD3D11RHI:       0/0/4036 MB DedicatedVideo/DedicatedSystem/SharedSystem, Outputs:0, VendorId:0x1414
[2019.02.13-14.10.14:806][  0]LogD3D11RHI: Chosen D3D11 Adapter: 0
[2019.02.13-14.10.14:813][  0]LogD3D11RHI: Creating new Direct3DDevice
[2019.02.13-14.10.14:813][  0]LogD3D11RHI:     GPU DeviceId: 0x1916 (for the marketing name, search the web for "GPU Device Id")
[2019.02.13-14.10.14:813][  0]LogWindows: EnumDisplayDevices:
[2019.02.13-14.10.14:813][  0]LogWindows:    0. 'Intel(R) HD Graphics 520' (P:1 D:1)
[2019.02.13-14.10.14:814][  0]LogWindows:    1. 'Intel(R) HD Graphics 520' (P:0 D:0)
[2019.02.13-14.10.14:814][  0]LogWindows:    2. 'Intel(R) HD Graphics 520' (P:0 D:0)
[2019.02.13-14.10.14:814][  0]LogWindows: DebugString: FoundDriverCount:3 
[2019.02.13-14.10.14:814][  0]LogD3D11RHI:     Adapter Name: Intel(R) HD Graphics 520
[2019.02.13-14.10.14:814][  0]LogD3D11RHI:   Driver Version: 22.20.16.4771 (internal:22.20.16.4771, unified:22.20.16.4771)
[2019.02.13-14.10.14:814][  0]LogD3D11RHI:      Driver Date: 8-13-2017
[2019.02.13-14.10.14:814][  0]LogRHI: Texture pool is 1502 MB (70% of 2146 MB)
[2019.02.13-14.10.14:823][  0]LogD3D11RHI: Async texture creation enabled
[2019.02.13-14.10.14:847][  0]LogD3D11RHI: GPU Timing Frequency: 12.000000 (Debug: 2 0)
[2019.02.13-14.10.14:849][  0]LogShaderCompilers: Guid format shader working directory is -25 characters bigger than the processId version (C:/Users/Malo/Documents/GitHub/ProjetsHub2018/FPSUnreal/PeopleWithGuns/Intermediate/Shaders/WorkingDirectory/6040/).
[2019.02.13-14.10.14:850][  0]LogShaderCompilers: Cleaned the shader compiler working directory 'C:/Users/Malo/AppData/Local/Temp/UnrealShaderWorkingDir/1DC69EB84406DC6A433A0AA026E2613B/'.
[2019.02.13-14.10.15:990][  0]LogTemp: Display: Loaded TP AllDesktopTargetPlatform
[2019.02.13-14.10.16:028][  0]LogTemp: Display: Loaded TP MacClientTargetPlatform
[2019.02.13-14.10.16:065][  0]LogTemp: Display: Loaded TP MacNoEditorTargetPlatform
[2019.02.13-14.10.16:102][  0]LogTemp: Display: Loaded TP MacServerTargetPlatform
[2019.02.13-14.10.16:147][  0]LogTemp: Display: Loaded TP MacTargetPlatform
[2019.02.13-14.10.16:185][  0]LogTemp: Display: Loaded TP WindowsClientTargetPlatform
[2019.02.13-14.10.16:218][  0]LogTemp: Display: Loaded TP WindowsNoEditorTargetPlatform
[2019.02.13-14.10.16:249][  0]LogTemp: Display: Loaded TP WindowsServerTargetPlatform
[2019.02.13-14.10.16:269][  0]LogTemp: Display: Loaded TP WindowsTargetPlatform
[2019.02.13-14.10.16:419][  0]LogTemp: Display: Loaded TP AndroidTargetPlatform
[2019.02.13-14.10.16:419][  0]LogTemp: Display: Loaded TP AndroidTargetPlatform
[2019.02.13-14.10.16:419][  0]LogTemp: Display: Loaded TP AndroidTargetPlatform
[2019.02.13-14.10.16:419][  0]LogTemp: Display: Loaded TP AndroidTargetPlatform
[2019.02.13-14.10.16:419][  0]LogTemp: Display: Loaded TP AndroidTargetPlatform
[2019.02.13-14.10.16:419][  0]LogTemp: Display: Loaded TP AndroidTargetPlatform
[2019.02.13-14.10.16:419][  0]LogTemp: Display: Loaded TP AndroidTargetPlatform
[2019.02.13-14.10.16:419][  0]LogTemp: Display: Loaded TP AndroidTargetPlatform
[2019.02.13-14.10.16:419][  0]LogTemp: Display: Loaded TP AndroidTargetPlatform
[2019.02.13-14.10.16:419][  0]LogTemp: Display: Loaded TP AndroidTargetPlatform
[2019.02.13-14.10.16:419][  0]LogTemp: Display: Loaded TP AndroidTargetPlatform
[2019.02.13-14.10.16:419][  0]LogTemp: Display: Loaded TP AndroidTargetPlatform
[2019.02.13-14.10.16:419][  0]LogTemp: Display: Loaded TP AndroidTargetPlatform
[2019.02.13-14.10.16:419][  0]LogTemp: Display: Loaded TP AndroidTargetPlatform
[2019.02.13-14.10.16:419][  0]LogTemp: Display: Loaded TP AndroidTargetPlatform
[2019.02.13-14.10.16:419][  0]LogTemp: Display: Loaded TP AndroidTargetPlatform
[2019.02.13-14.10.16:419][  0]LogTemp: Display: Loaded TP AndroidTargetPlatform
[2019.02.13-14.10.16:419][  0]LogTemp: Display: Loaded TP AndroidTargetPlatform
[2019.02.13-14.10.16:434][  0]LogTemp: Display: Loaded TP HTML5TargetPlatform
[2019.02.13-14.10.16:554][  0]LogTemp: Display: Loaded TP IOSTargetPlatform
[2019.02.13-14.10.16:554][  0]LogTemp: Display: Loaded TP IOSTargetPlatform
[2019.02.13-14.10.16:605][  0]LogTemp: Display: Loaded TP TVOSTargetPlatform
[2019.02.13-14.10.16:605][  0]LogTemp: Display: Loaded TP TVOSTargetPlatform
[2019.02.13-14.10.16:635][  0]LogTemp: Display: Loaded TP LinuxClientTargetPlatform
[2019.02.13-14.10.16:663][  0]LogTemp: Display: Loaded TP LinuxNoEditorTargetPlatform
[2019.02.13-14.10.16:694][  0]LogTemp: Display: Loaded TP LinuxServerTargetPlatform
[2019.02.13-14.10.16:740][  0]LogTemp: Display: Loaded TP LinuxTargetPlatform
[2019.02.13-14.10.16:764][  0]LogTemp: Display: Loaded TP LuminTargetPlatform
[2019.02.13-14.10.16:765][  0]LogTargetPlatformManager: Display: Building Assets For Windows
[2019.02.13-14.10.17:156][  0]LogXGEController: Cleaning working directory: C:/Users/Malo/AppData/Local/Temp/UnrealXGEWorkingDir/
[2019.02.13-14.10.17:157][  0]LogXGEController: Cannot use XGE Controller as Incredibuild is not installed on this machine.
[2019.02.13-14.10.17:157][  0]LogShaderCompilers: Cannot use XGE Shader Compiler as Incredibuild is not installed on this machine.
[2019.02.13-14.10.17:157][  0]LogShaderCompilers: Display: Using Local Shader Compiler.
[2019.02.13-14.10.19:659][  0]LogDerivedDataCache: Display: Max Cache Size: 512 MB
[2019.02.13-14.10.19:993][  0]LogDerivedDataCache: Loaded boot cache 0.33s 70MB C:/Users/Malo/AppData/Local/UnrealEngine/4.20/DerivedDataCache/Boot.ddc.
[2019.02.13-14.10.19:994][  0]LogDerivedDataCache: Display: Loaded Boot cache: C:/Users/Malo/AppData/Local/UnrealEngine/4.20/DerivedDataCache/Boot.ddc
[2019.02.13-14.10.19:994][  0]LogDerivedDataCache: FDerivedDataBackendGraph:  Pak pak cache file C:/Users/Malo/Documents/GitHub/ProjetsHub2018/FPSUnreal/PeopleWithGuns/DerivedDataCache/DDC.ddp not found, will not use a pak cache.
[2019.02.13-14.10.19:994][  0]LogDerivedDataCache: Unable to find inner node Pak for hierarchical cache Hierarchy.
[2019.02.13-14.10.19:994][  0]LogDerivedDataCache: FDerivedDataBackendGraph:  CompressedPak pak cache file C:/Users/Malo/Documents/GitHub/ProjetsHub2018/FPSUnreal/PeopleWithGuns/DerivedDataCache/Compressed.ddp not found, will not use a pak cache.
[2019.02.13-14.10.19:994][  0]LogDerivedDataCache: Unable to find inner node CompressedPak for hierarchical cache Hierarchy.
[2019.02.13-14.10.20:026][  0]LogDerivedDataCache: Display: Pak cache opened for reading ../../../Engine/DerivedDataCache/Compressed.ddp.
[2019.02.13-14.10.20:039][  0]LogDerivedDataCache: Using Local data cache path C:/Users/Malo/AppData/Local/UnrealEngine/Common/DerivedDataCache: Writable
[2019.02.13-14.10.20:039][  0]LogDerivedDataCache: Shared data cache path not found in *engine.ini, will not use an Shared cache.
[2019.02.13-14.10.20:039][  0]LogDerivedDataCache: Unable to find inner node Shared for hierarchical cache Hierarchy.
[2019.02.13-14.10.20:071][  0]LogMaterial: Verifying Global Shaders for PCD3D_SM5
[2019.02.13-14.10.20:073][  0]LogSlate: Using FreeType 2.6.0
[2019.02.13-14.10.20:095][  0]LogSlate: SlateFontServices - WITH_FREETYPE: 1, WITH_HARFBUZZ: 1
[2019.02.13-14.10.20:534][  0]LogAssetRegistry: FAssetRegistry took 0.0327 seconds to start up
[2019.02.13-14.10.21:493][  0]LogInit: Selected Device Profile: [Windows]
[2019.02.13-14.10.22:356][  0]LogSimplygon: Simplygon DLL not present - disabling.
[2019.02.13-14.10.22:423][  0]LogMeshReduction: Using SimplygonSwarm for distributed automatic mesh merging
[2019.02.13-14.10.22:423][  0]LogMeshReduction: Using ProxyLODMeshReduction for automatic mesh merging
[2019.02.13-14.10.22:424][  0]LogMeshReduction: Using QuadricMeshReduction for automatic static mesh reduction
[2019.02.13-14.10.22:424][  0]LogMeshReduction: No automatic skeletal mesh reduction module available
[2019.02.13-14.10.22:516][  0]LogNetVersion: PeopleWithGuns 1.0.0, NetCL: 4212847, EngineNetVer: 5, GameNetVer: 0 (Checksum: 1271298656)
[2019.02.13-14.10.25:188][  0]LogPackageLocalizationCache: Processed 10 localized package path(s) for 2 prioritized culture(s) in 0.231552 seconds
[2019.02.13-14.10.25:202][  0]LogUObjectArray: 38209 objects as part of root set at end of initial load.
[2019.02.13-14.10.25:202][  0]LogUObjectAllocator: 6663656 out of 0 bytes used by permanent object pool.
[2019.02.13-14.10.25:203][  0]LogUObjectArray: CloseDisregardForGC: 0/0 objects in disregard for GC pool
[2019.02.13-14.10.30:767][  0]LogTcpMessaging: Initializing TcpMessaging bridge
[2019.02.13-14.10.30:801][  0]LogUdpMessaging: Initializing bridge on interface 0.0.0.0:0 to multicast group 230.0.0.1:6666.
[2019.02.13-14.10.31:366][  0]SourceControl: Source control is disabled
[2019.02.13-14.10.31:366][  0]SourceControl: Source control is disabled
[2019.02.13-14.10.31:392][  0]SourceControl: Source control is disabled
[2019.02.13-14.10.31:408][  0]SourceControl: Source control is disabled
[2019.02.13-14.10.32:151][  0]LogAndroidPermission: UAndroidPermissionCallbackProxy::GetInstance
[2019.02.13-14.10.32:410][  0]LogOcInput: OculusInput pre-init called
[2019.02.13-14.10.32:643][  0]LogEngine: Initializing Engine...
[2019.02.13-14.10.32:652][  0]LogStats: UGameplayTagsManager::ConstructGameplayTagTree: ImportINI prefixes -  0.001 s
[2019.02.13-14.10.32:652][  0]LogStats: UGameplayTagsManager::ConstructGameplayTagTree: Construct from data asset -  0.000 s
[2019.02.13-14.10.32:652][  0]LogStats: UGameplayTagsManager::ConstructGameplayTagTree: ImportINI -  0.000 s
[2019.02.13-14.10.32:653][  0]LogStats: UGameplayTagsManager::ConstructGameplayTagTree: GameplayTagTreeChangedEvent.Broadcast -  0.000 s
[2019.02.13-14.10.33:218][  0]LogInit: Initializing FReadOnlyCVARCache
[2019.02.13-14.10.33:296][  0]LogAIModule: Creating AISystem for world Untitled
[2019.02.13-14.10.33:361][  0]LogInit: XAudio2 using 'Casque (Conexant ISST Audio)' : 2 channels at 48 kHz using 32 bits per sample (channel mask 0x3)
[2019.02.13-14.10.33:385][  0]LogInit: FAudioDevice initialized.
[2019.02.13-14.10.33:387][  0]LogNetVersion: Set ProjectVersion to 1.0.0.0. Version Checksum will be recalculated on next use.
[2019.02.13-14.10.33:491][  0]LogDerivedDataCache: Saved boot cache 0.10s 70MB C:/Users/Malo/AppData/Local/UnrealEngine/4.20/DerivedDataCache/Boot.ddc.
[2019.02.13-14.10.33:496][  0]LogInit: Texture streaming: Enabled
[2019.02.13-14.10.33:569][  0]LogEngineSessionManager: EngineSessionManager initialized
[2019.02.13-14.10.33:604][  0]LogWindowsTextInputMethodSystem: Display: IME system now deactivated.
[2019.02.13-14.10.33:721][  0]LogInit: Transaction tracking system initialized
[2019.02.13-14.10.33:857][  0]BlueprintLog: New page: Editor Load
[2019.02.13-14.10.34:405][  0]LocalizationService: Localization service is disabled
[2019.02.13-14.10.36:030][  0]LogCook: Display: Max memory allowance for cook 16384mb min free memory 0mb
[2019.02.13-14.10.36:030][  0]LogCook: Display: Mobile HDR setting 1
[2019.02.13-14.10.36:031][  0]LogGameplayTags: Display: UGameplayTagsManager::DoneAddingNativeTags. DelegateIsBound: 0
[2019.02.13-14.10.36:032][  0]LogStats: UGameplayTagsManager::ConstructGameplayTagTree: ImportINI prefixes -  0.000 s
[2019.02.13-14.10.36:032][  0]LogStats: UGameplayTagsManager::ConstructGameplayTagTree: Construct from data asset -  0.000 s
[2019.02.13-14.10.36:032][  0]LogStats: UGameplayTagsManager::ConstructGameplayTagTree: ImportINI -  0.000 s
[2019.02.13-14.10.36:032][  0]LogStats: UGameplayTagsManager::ConstructGameplayTagTree: GameplayTagTreeChangedEvent.Broadcast -  0.000 s
[2019.02.13-14.10.36:821][  0]LogFileCache: Scanning file cache for directory 'C:/Users/Malo/Documents/GitHub/ProjetsHub2018/FPSUnreal/PeopleWithGuns/Content/' took 0.08s
[2019.02.13-14.10.36:821][  0]SourceControl: Source control is disabled
[2019.02.13-14.10.36:823][  0]Cmd: MAP LOAD FILE="C:/Users/Malo/Documents/GitHub/ProjetsHub2018/FPSUnreal/PeopleWithGuns/Content/ThirdPersonBP/Maps/MainMenu.umap" TEMPLATE=0 SHOWPROGRESS=1 FEATURELEVEL=3
[2019.02.13-14.10.36:831][  0]LightingResults: New page: Lighting Build
[2019.02.13-14.10.36:845][  0]MapCheck: New page: Map Check
[2019.02.13-14.10.36:845][  0]LightingResults: New page: Lighting Build
[2019.02.13-14.10.37:462][  0]LogAIModule: Creating AISystem for world MainMenu
[2019.02.13-14.10.37:468][  0]LogEditorServer: Finished looking for orphan Actors (0.000 secs)
[2019.02.13-14.10.37:536][  0]Cmd: MAP CHECKDEP NOCLEARLOG
[2019.02.13-14.10.37:609][  0]MapCheck: Map check complete: 0 Error(s), 0 Warning(s), took 72,977ms to complete.
[2019.02.13-14.10.37:609][  0]LogFileHelpers: Loading map 'MainMenu' took 0.787
[2019.02.13-14.10.37:801][  0]LogSlate: Updating window title bar state: overlay mode, drag disabled, window buttons hidden, title bar hidden
[2019.02.13-14.10.37:814][  0]LogSlate: Updating window title bar state: overlay mode, drag disabled, window buttons hidden, title bar hidden
[2019.02.13-14.10.37:825][  0]LogSlate: Updating window title bar state: overlay mode, drag disabled, window buttons hidden, title bar hidden
[2019.02.13-14.10.37:837][  0]LogSlate: Updating window title bar state: overlay mode, drag disabled, window buttons hidden, title bar hidden
[2019.02.13-14.10.37:880][  0]LogCollectionManager: Loaded 0 collections in 0.002298 seconds
[2019.02.13-14.10.37:942][  0]LogFileCache: Scanning file cache for directory 'C:/Users/Malo/Documents/GitHub/ProjetsHub2018/FPSUnreal/PeopleWithGuns/Saved/Collections/' took 0.01s
[2019.02.13-14.10.37:942][  0]LogFileCache: Scanning file cache for directory 'C:/Users/Malo/Documents/GitHub/ProjetsHub2018/FPSUnreal/PeopleWithGuns/Content/Developers/Malo/Collections/' took 0.01s
[2019.02.13-14.10.37:942][  0]LogFileCache: Scanning file cache for directory 'C:/Users/Malo/Documents/GitHub/ProjetsHub2018/FPSUnreal/PeopleWithGuns/Content/Collections/' took 0.01s
[2019.02.13-14.10.37:942][  0]LogCollectionManager: Rebuilt the GUID cache for 0 collections in 0.000001 seconds
[2019.02.13-14.10.37:961][  0]LogContentBrowser: Native class hierarchy populated in 0.0178 seconds. Added 2572 classes and 602 folders.
[2019.02.13-14.10.37:977][  0]LogContentBrowser: Native class hierarchy updated for 'WidgetCarousel' in 0.0004 seconds. Added 0 classes and 0 folders.
[2019.02.13-14.10.38:582][  0]LogContentBrowser: Native class hierarchy updated for 'AddContentDialog' in 0.0004 seconds. Added 0 classes and 0 folders.
[2019.02.13-14.10.38:605][  0]LogContentBrowser: Native class hierarchy updated for 'SceneOutliner' in 0.0003 seconds. Added 1 classes and 2 folders.
[2019.02.13-14.10.38:806][  0]LogSlate: Took 0.013865 seconds to synchronously load lazily loaded font '../../../Engine/Content/Slate/Fonts/Roboto-Regular.ttf' (155K)
[2019.02.13-14.10.38:823][  0]LogSlate: Took 0.008841 seconds to synchronously load lazily loaded font '../../../Engine/Content/Slate/Fonts/Roboto-Bold.ttf' (160K)
[2019.02.13-14.10.38:842][  0]LogSlate: Took 0.012667 seconds to synchronously load lazily loaded font '../../../Engine/Content/Editor/Slate/Fonts/FontAwesome.ttf' (139K)
[2019.02.13-14.10.39:056][  0]LogRenderer: Reallocating scene render targets to support 1528x536 Format 9 NumSamples 1 (Frame:1).
[2019.02.13-14.10.44:080][  0]LogContentBrowser: Native class hierarchy updated for 'HierarchicalLODOutliner' in 0.0004 seconds. Added 0 classes and 0 folders.
[2019.02.13-14.10.44:080][  0]LogLoad: (Engine Initialization) Total time: 38.33 seconds
[2019.02.13-14.10.44:080][  0]LogLoad: (Engine Initialization) Total Blueprint compile time: 0.00 seconds
[2019.02.13-14.10.44:169][  0]LogContentStreaming: Texture pool size now 400 MB
[2019.02.13-14.10.44:328][  1]LogRenderer: Reallocating scene render targets to support 1528x552 Format 9 NumSamples 1 (Frame:2).
[2019.02.13-14.10.44:784][  5]LogAssetRegistry: Asset discovery search completed in 24.2738 seconds
[2019.02.13-14.10.44:789][  5]LogCollectionManager: Rebuilt the object cache for 0 collections in 0.000000 seconds (found 0 objects)
[2019.02.13-14.10.44:789][  5]LogCollectionManager: Fixed up redirectors for 0 collections in 0.000659 seconds (updated 0 objects)
[2019.02.13-14.10.48:828][ 17]LogSlate: Took 0.008051 seconds to synchronously load lazily loaded font '../../../Engine/Content/Slate/Fonts/Roboto-Light.ttf' (167K)
[2019.02.13-14.13.50:362][560]LogD3D11RHI: Timed out while waiting for GPU to catch up. (0.5 s)
[2019.02.13-14.14.00:041][587]LogSlate: FSceneViewport::OnFocusLost() reason 0
[2019.02.13-14.51.53:393][184]LogSlate: Took 0.000380 seconds to synchronously load lazily loaded font '../../../Engine/Content/Slate/Fonts/Roboto-Light.ttf' (167K)
[2019.02.13-14.51.53:404][184]LogAssetEditorManager: Opening Asset editor for Blueprint /Game/ThirdPersonBP/Blueprints/Lobby/LobbyPC.LobbyPC
[2019.02.13-14.51.54:330][184]LogContentBrowser: Native class hierarchy updated for 'BlueprintGraph' in 0.0018 seconds. Added 116 classes and 0 folders.
[2019.02.13-14.51.55:726][184]LogSlate: Took 0.011865 seconds to synchronously load lazily loaded font '../../../Engine/Content/Slate/Fonts/Roboto-BoldCondensed.ttf' (158K)
[2019.02.13-14.51.56:072][185]LogSlate: Took 0.011598 seconds to synchronously load lazily loaded font '../../../Engine/Content/Slate/Fonts/Roboto-Italic.ttf' (157K)
[2019.02.13-15.05.18:632][450]LogSlate: Took 0.008094 seconds to synchronously load lazily loaded font '../../../Engine/Content/Slate/Fonts/Roboto-BoldCondensedItalic.ttf' (160K)
[2019.02.13-15.06.11:221][681]LogFileHelpers: Editor autosave (incl. sublevels) for '/Game/ThirdPersonBP/Maps/MainMenu' took 0.049
[2019.02.13-15.06.11:227][681]OBJ SavePackage: Generating thumbnails for [0] asset(s) in package [/Game/ThirdPersonBP/Blueprints/Lobby/LobbyPC] ([1] browsable assets)...
[2019.02.13-15.06.11:228][681]OBJ SavePackage: Finished generating thumbnails for package [/Game/ThirdPersonBP/Blueprints/Lobby/LobbyPC]
[2019.02.13-15.06.11:298][681]LogSavePackage: Moving 'C:/Users/Malo/Documents/GitHub/ProjetsHub2018/FPSUnreal/PeopleWithGuns/Saved/LobbyPC_Auto137BE9EDF45E625D6B6C343A142182222.tmp' to 'C:/Users/Malo/Documents/GitHub/ProjetsHub2018/FPSUnreal/PeopleWithGuns/Saved/Autosaves/Game/ThirdPersonBP/Blueprints/Lobby/LobbyPC_Auto1.uasset'
[2019.02.13-15.06.11:300][681]LogFileHelpers: Auto-saving content packages took 0.076
[2019.02.13-15.10.56:394][669]LogAssetEditorManager: Opening Asset editor for Blueprint /Game/ThirdPersonBP/Blueprints/Lobby/LobbyGM.LobbyGM
[2019.02.13-15.11.38:293][892]LogAssetEditorManager: Opening Asset editor for WidgetBlueprint /Game/ThirdPersonBP/Blueprints/UI/Lobby/LobbyMenu.LobbyMenu
[2019.02.13-15.11.58:001][332]BlueprintLog: New page: Compile LobbyMenu
[2019.02.13-15.11.58:226][332]LogSavePackage: Moving 'C:/Users/Malo/Documents/GitHub/ProjetsHub2018/FPSUnreal/PeopleWithGuns/Saved/LobbyMenuAD47BA304E3D8C10CB489AB46D9A2918.tmp' to 'C:/Users/Malo/Documents/GitHub/ProjetsHub2018/FPSUnreal/PeopleWithGuns/Content/ThirdPersonBP/Blueprints/UI/Lobby/LobbyMenu.uasset'
[2019.02.13-15.13.28:042][169]BlueprintLog: New page: Compile LobbyPC
[2019.02.13-15.13.28:346][169]LogSavePackage: Moving 'C:/Users/Malo/Documents/GitHub/ProjetsHub2018/FPSUnreal/PeopleWithGuns/Saved/LobbyPC4374C79942227DCDEA2B2BB9F83FDFAC.tmp' to 'C:/Users/Malo/Documents/GitHub/ProjetsHub2018/FPSUnreal/PeopleWithGuns/Content/ThirdPersonBP/Blueprints/Lobby/LobbyPC.uasset'
[2019.02.13-15.16.11:780][999]LogFileHelpers: Editor autosave (incl. sublevels) for '/Game/ThirdPersonBP/Maps/MainMenu' took 0.039
[2019.02.13-15.16.11:782][999]OBJ SavePackage: Generating thumbnails for [0] asset(s) in package [/Game/ThirdPersonBP/Blueprints/Lobby/LobbyPC] ([1] browsable assets)...
[2019.02.13-15.16.11:783][999]OBJ SavePackage: Finished generating thumbnails for package [/Game/ThirdPersonBP/Blueprints/Lobby/LobbyPC]
[2019.02.13-15.16.11:823][999]LogSavePackage: Moving 'C:/Users/Malo/Documents/GitHub/ProjetsHub2018/FPSUnreal/PeopleWithGuns/Saved/LobbyPC_Auto27F3493DD4EF36829F650DEAC985069A4.tmp' to 'C:/Users/Malo/Documents/GitHub/ProjetsHub2018/FPSUnreal/PeopleWithGuns/Saved/Autosaves/Game/ThirdPersonBP/Blueprints/Lobby/LobbyPC_Auto2.uasset'
[2019.02.13-15.16.11:825][999]LogFileHelpers: Auto-saving content packages took 0.044
[2019.02.13-15.40.53:450][ 38]BlueprintLog: New page: Compile LobbyPC
[2019.02.13-15.40.53:842][ 38]LogSavePackage: Moving 'C:/Users/Malo/Documents/GitHub/ProjetsHub2018/FPSUnreal/PeopleWithGuns/Saved/LobbyPC2608A6D04FD37258DDB329B2113F40BB.tmp' to 'C:/Users/Malo/Documents/GitHub/ProjetsHub2018/FPSUnreal/PeopleWithGuns/Content/ThirdPersonBP/Blueprints/Lobby/LobbyPC.uasset'
[2019.02.13-15.41.31:915][  3]LogFileHelpers: Editor autosave (incl. sublevels) for '/Game/ThirdPersonBP/Maps/MainMenu' took 0.033
[2019.02.13-15.41.31:917][  3]OBJ SavePackage: Generating thumbnails for [0] asset(s) in package [/Game/ThirdPersonBP/Blueprints/Lobby/LobbyPC] ([1] browsable assets)...
[2019.02.13-15.41.31:917][  3]OBJ SavePackage: Finished generating thumbnails for package [/Game/ThirdPersonBP/Blueprints/Lobby/LobbyPC]
[2019.02.13-15.41.31:958][  3]LogSavePackage: Moving 'C:/Users/Malo/Documents/GitHub/ProjetsHub2018/FPSUnreal/PeopleWithGuns/Saved/LobbyPC_Auto3C0B1041342CBD259C237E6866729A7C8.tmp' to 'C:/Users/Malo/Documents/GitHub/ProjetsHub2018/FPSUnreal/PeopleWithGuns/Saved/Autosaves/Game/ThirdPersonBP/Blueprints/Lobby/LobbyPC_Auto3.uasset'
[2019.02.13-15.41.31:960][  3]LogFileHelpers: Auto-saving content packages took 0.044
[2019.02.13-15.43.44:529][344]BlueprintLog: New page: Compile LobbyPC
[2019.02.13-15.43.44:780][344]LogSavePackage: Moving 'C:/Users/Malo/Documents/GitHub/ProjetsHub2018/FPSUnreal/PeopleWithGuns/Saved/LobbyPC95DB33004031D4F1ACA3F9BBA4E18B03.tmp' to 'C:/Users/Malo/Documents/GitHub/ProjetsHub2018/FPSUnreal/PeopleWithGuns/Content/ThirdPersonBP/Blueprints/Lobby/LobbyPC.uasset'
[2019.02.13-15.46.24:099][690]BlueprintLog: New page: Compile LobbyPC
[2019.02.13-15.46.24:500][690]LogSavePackage: Moving 'C:/Users/Malo/Documents/GitHub/ProjetsHub2018/FPSUnreal/PeopleWithGuns/Saved/LobbyPCEB03F8434F2BA6422DC46AB13DE96CBC.tmp' to 'C:/Users/Malo/Documents/GitHub/ProjetsHub2018/FPSUnreal/PeopleWithGuns/Content/ThirdPersonBP/Blueprints/Lobby/LobbyPC.uasset'
[2019.02.13-15.54.23:433][808]BlueprintLog: New page: Compile LobbyPC
[2019.02.13-15.54.23:758][808]LogSavePackage: Moving 'C:/Users/Malo/Documents/GitHub/ProjetsHub2018/FPSUnreal/PeopleWithGuns/Saved/LobbyPCDEECE6584A315C5AA39D509FC70F306F.tmp' to 'C:/Users/Malo/Documents/GitHub/ProjetsHub2018/FPSUnreal/PeopleWithGuns/Content/ThirdPersonBP/Blueprints/Lobby/LobbyPC.uasset'
[2019.02.13-15.54.41:417][872]BlueprintLog: New page: Compile LobbyPC
[2019.02.13-15.54.41:714][872]LogSavePackage: Moving 'C:/Users/Malo/Documents/GitHub/ProjetsHub2018/FPSUnreal/PeopleWithGuns/Saved/LobbyPC9B73931B4B49483A253C08AD4BB945D0.tmp' to 'C:/Users/Malo/Documents/GitHub/ProjetsHub2018/FPSUnreal/PeopleWithGuns/Content/ThirdPersonBP/Blueprints/Lobby/LobbyPC.uasset'
[2019.02.13-15.56.21:001][ 61]BlueprintLog: New page: Compile LobbyGM
[2019.02.13-15.56.21:314][ 61]LogSavePackage: Moving 'C:/Users/Malo/Documents/GitHub/ProjetsHub2018/FPSUnreal/PeopleWithGuns/Saved/LobbyGMD69741AD44CAC8C167A3839BBC5BEBB4.tmp' to 'C:/Users/Malo/Documents/GitHub/ProjetsHub2018/FPSUnreal/PeopleWithGuns/Content/ThirdPersonBP/Blueprints/Lobby/LobbyGM.uasset'
[2019.02.13-15.56.21:363][ 61]LogSavePackage: Moving 'C:/Users/Malo/Documents/GitHub/ProjetsHub2018/FPSUnreal/PeopleWithGuns/Saved/LobbyPC847709DD483B3F05C809D9973A417C1C.tmp' to 'C:/Users/Malo/Documents/GitHub/ProjetsHub2018/FPSUnreal/PeopleWithGuns/Content/ThirdPersonBP/Blueprints/Lobby/LobbyPC.uasset'
[2019.02.13-15.56.23:807][188]BlueprintLog: New page: Compile LobbyPC
[2019.02.13-15.57.12:417][146]LogSavePackage: Moving 'C:/Users/Malo/Documents/GitHub/ProjetsHub2018/FPSUnreal/PeopleWithGuns/Saved/LobbyPC8B8D361C4DB2E748C973D3B4B1D3F104.tmp' to 'C:/Users/Malo/Documents/GitHub/ProjetsHub2018/FPSUnreal/PeopleWithGuns/Content/ThirdPersonBP/Blueprints/Lobby/LobbyPC.uasset'
[2019.02.13-15.57.42:552][991]BlueprintLog: New page: Compile LobbyPC
[2019.02.13-16.00.00:130][100]BlueprintLog: New page: Compile LobbyPC
[2019.02.13-16.00.00:555][100]LogSavePackage: Moving 'C:/Users/Malo/Documents/GitHub/ProjetsHub2018/FPSUnreal/PeopleWithGuns/Saved/LobbyPC5E5C80BD442E4696E39B0B9F3E8D61E2.tmp' to 'C:/Users/Malo/Documents/GitHub/ProjetsHub2018/FPSUnreal/PeopleWithGuns/Content/ThirdPersonBP/Blueprints/Lobby/LobbyPC.uasset'
[2019.02.13-16.00.28:784][292]BlueprintLog: New page: Compile LobbyPC
[2019.02.13-16.00.29:175][292]LogSavePackage: Moving 'C:/Users/Malo/Documents/GitHub/ProjetsHub2018/FPSUnreal/PeopleWithGuns/Saved/LobbyPC8E01524F4BFBCF8ACA695495EAD6EB5B.tmp' to 'C:/Users/Malo/Documents/GitHub/ProjetsHub2018/FPSUnreal/PeopleWithGuns/Content/ThirdPersonBP/Blueprints/Lobby/LobbyPC.uasset'
[2019.02.13-16.01.46:701][899]LogFileHelpers: Editor autosave (incl. sublevels) for '/Game/ThirdPersonBP/Maps/MainMenu' took 0.046
[2019.02.13-16.01.46:704][899]OBJ SavePackage: Generating thumbnails for [0] asset(s) in package [/Game/ThirdPersonBP/Blueprints/Lobby/LobbyPC] ([1] browsable assets)...
[2019.02.13-16.01.46:704][899]OBJ SavePackage: Finished generating thumbnails for package [/Game/ThirdPersonBP/Blueprints/Lobby/LobbyPC]
[2019.02.13-16.01.46:755][899]LogSavePackage: Moving 'C:/Users/Malo/Documents/GitHub/ProjetsHub2018/FPSUnreal/PeopleWithGuns/Saved/LobbyPC_Auto4E75D6DE84E6DB12F54A55B93A6474F6E.tmp' to 'C:/Users/Malo/Documents/GitHub/ProjetsHub2018/FPSUnreal/PeopleWithGuns/Saved/Autosaves/Game/ThirdPersonBP/Blueprints/Lobby/LobbyPC_Auto4.uasset'
[2019.02.13-16.01.46:757][899]LogFileHelpers: Auto-saving content packages took 0.055
[2019.02.13-16.05.57:336][337]BlueprintLog: New page: Compile LobbyPC
[2019.02.13-16.05.57:730][337]LogSavePackage: Moving 'C:/Users/Malo/Documents/GitHub/ProjetsHub2018/FPSUnreal/PeopleWithGuns/Saved/LobbyPC96D1124B40625EB17369D7AFA294EF26.tmp' to 'C:/Users/Malo/Documents/GitHub/ProjetsHub2018/FPSUnreal/PeopleWithGuns/Content/ThirdPersonBP/Blueprints/Lobby/LobbyPC.uasset'
[2019.02.13-16.07.19:054][280]BlueprintLog: New page: Compile LobbyPC
[2019.02.13-16.07.19:370][280]LogSavePackage: Moving 'C:/Users/Malo/Documents/GitHub/ProjetsHub2018/FPSUnreal/PeopleWithGuns/Saved/LobbyPC920DCB684085C87ABCAFC78CDEFC7168.tmp' to 'C:/Users/Malo/Documents/GitHub/ProjetsHub2018/FPSUnreal/PeopleWithGuns/Content/ThirdPersonBP/Blueprints/Lobby/LobbyPC.uasset'
[2019.02.13-16.07.38:325][148]LogAssetEditorManager: Opening Asset editor for Blueprint /Game/ThirdPersonBP/Blueprints/Gameplay/ThirdPersonGameMode.ThirdPersonGameMode
[2019.02.13-16.10.21:447][887]LogAssetEditorManager: Opening Asset editor for Blueprint /Game/ThirdPersonBP/Blueprints/Levels/GameInfoInstance.GameInfoInstance
[2019.02.13-16.10.28:322][117]LogAssetEditorManager: Opening Asset editor for UserDefinedStruct /Game/ThirdPersonBP/Blueprints/Levels/PlayerInfo.PlayerInfo
[2019.02.13-16.10.58:369][391]LogAssetEditorManager: Opening Asset editor for Blueprint /Game/ThirdPersonBP/Blueprints/Gameplay/GameplayPC.GameplayPC
[2019.02.13-16.11.52:862][169]LogAssetEditorManager: Opening Asset editor for WidgetBlueprint /Game/ThirdPersonBP/Blueprints/UI/Lobby/LobbyMenu.LobbyMenu
[2019.02.13-16.12.52:179][709]LogFileHelpers: Editor autosave (incl. sublevels) for '/Game/ThirdPersonBP/Maps/MainMenu' took 0.048
[2019.02.13-16.12.52:182][709]OBJ SavePackage: Generating thumbnails for [0] asset(s) in package [/Game/ThirdPersonBP/Blueprints/Lobby/LobbyPC] ([1] browsable assets)...
[2019.02.13-16.12.52:182][709]OBJ SavePackage: Finished generating thumbnails for package [/Game/ThirdPersonBP/Blueprints/Lobby/LobbyPC]
[2019.02.13-16.12.52:276][709]LogSavePackage: Moving 'C:/Users/Malo/Documents/GitHub/ProjetsHub2018/FPSUnreal/PeopleWithGuns/Saved/LobbyPC_Auto5BAAA2CF04B39A7864FA897BEEC1350D4.tmp' to 'C:/Users/Malo/Documents/GitHub/ProjetsHub2018/FPSUnreal/PeopleWithGuns/Saved/Autosaves/Game/ThirdPersonBP/Blueprints/Lobby/LobbyPC_Auto5.uasset'
[2019.02.13-16.12.52:278][709]LogFileHelpers: Auto-saving content packages took 0.098
[2019.02.13-16.15.11:776][687]BlueprintLog: New page: Compile LobbyPC
[2019.02.13-16.15.12:119][687]LogSavePackage: Moving 'C:/Users/Malo/Documents/GitHub/ProjetsHub2018/FPSUnreal/PeopleWithGuns/Saved/LobbyPCC6BFDE544AFCF6681B2317BD8E3F27A0.tmp' to 'C:/Users/Malo/Documents/GitHub/ProjetsHub2018/FPSUnreal/PeopleWithGuns/Content/ThirdPersonBP/Blueprints/Lobby/LobbyPC.uasset'
[2019.02.13-16.16.07:306][386]BlueprintLog: New page: Compile LobbyPC
[2019.02.13-16.16.07:729][386]LogSavePackage: Moving 'C:/Users/Malo/Documents/GitHub/ProjetsHub2018/FPSUnreal/PeopleWithGuns/Saved/LobbyPC045B0E7C45216C4408A513A6D308B4DB.tmp' to 'C:/Users/Malo/Documents/GitHub/ProjetsHub2018/FPSUnreal/PeopleWithGuns/Content/ThirdPersonBP/Blueprints/Lobby/LobbyPC.uasset'
[2019.02.13-16.16.51:337][359]LogSlate: Prevented a slow task dialog from being summoned while a context menu was open
[2019.02.13-16.17.10:289][128]BlueprintLog: New page: Compile LobbyPC
[2019.02.13-16.17.10:651][128]LogSavePackage: Moving 'C:/Users/Malo/Documents/GitHub/ProjetsHub2018/FPSUnreal/PeopleWithGuns/Saved/LobbyPC4C0FA46E437A3A2F1515478961DF64B2.tmp' to 'C:/Users/Malo/Documents/GitHub/ProjetsHub2018/FPSUnreal/PeopleWithGuns/Content/ThirdPersonBP/Blueprints/Lobby/LobbyPC.uasset'
[2019.02.13-16.22.00:523][450]BlueprintLog: New page: Compile LobbyPC
[2019.02.13-16.22.00:933][450]LogSavePackage: Moving 'C:/Users/Malo/Documents/GitHub/ProjetsHub2018/FPSUnreal/PeopleWithGuns/Saved/LobbyPC4152D988451647FD6AB2D587A4058201.tmp' to 'C:/Users/Malo/Documents/GitHub/ProjetsHub2018/FPSUnreal/PeopleWithGuns/Content/ThirdPersonBP/Blueprints/Lobby/LobbyPC.uasset'
[2019.02.13-16.24.21:318][753]LogSavePackage: Moving 'C:/Users/Malo/Documents/GitHub/ProjetsHub2018/FPSUnreal/PeopleWithGuns/Saved/LobbyPCA9C79CF34EDDA960FB02CC8AA34B584E.tmp' to 'C:/Users/Malo/Documents/GitHub/ProjetsHub2018/FPSUnreal/PeopleWithGuns/Content/ThirdPersonBP/Blueprints/Lobby/LobbyPC.uasset'
[2019.02.13-16.24.22:028][780]BlueprintLog: New page: Compile LobbyPC
[2019.02.13-16.24.43:728][515]BlueprintLog: New page: Compile LobbyPC
[2019.02.13-16.24.44:160][515]LogSavePackage: Moving 'C:/Users/Malo/Documents/GitHub/ProjetsHub2018/FPSUnreal/PeopleWithGuns/Saved/LobbyPC205DCFD94AA6DF28877296811D36401F.tmp' to 'C:/Users/Malo/Documents/GitHub/ProjetsHub2018/FPSUnreal/PeopleWithGuns/Content/ThirdPersonBP/Blueprints/Lobby/LobbyPC.uasset'
[2019.02.13-16.25.36:184][475]LogFileHelpers: Editor autosave (incl. sublevels) for '/Game/ThirdPersonBP/Maps/MainMenu' took 0.038
[2019.02.13-16.25.36:186][475]OBJ SavePackage: Generating thumbnails for [0] asset(s) in package [/Game/ThirdPersonBP/Blueprints/Lobby/LobbyPC] ([1] browsable assets)...
[2019.02.13-16.25.36:186][475]OBJ SavePackage: Finished generating thumbnails for package [/Game/ThirdPersonBP/Blueprints/Lobby/LobbyPC]
[2019.02.13-16.25.36:252][475]LogSavePackage: Moving 'C:/Users/Malo/Documents/GitHub/ProjetsHub2018/FPSUnreal/PeopleWithGuns/Saved/LobbyPC_Auto6750B336F4FE8493F1AC8F396A2E433D5.tmp' to 'C:/Users/Malo/Documents/GitHub/ProjetsHub2018/FPSUnreal/PeopleWithGuns/Saved/Autosaves/Game/ThirdPersonBP/Blueprints/Lobby/LobbyPC_Auto6.uasset'
[2019.02.13-16.25.36:253][475]LogFileHelpers: Auto-saving content packages took 0.068
[2019.02.13-16.26.54:889][534]BlueprintLog: New page: Compile LobbyPC
[2019.02.13-16.26.55:352][534]LogSavePackage: Moving 'C:/Users/Malo/Documents/GitHub/ProjetsHub2018/FPSUnreal/PeopleWithGuns/Saved/LobbyPC676B862E4C147E2159A0F18ED37B6CFD.tmp' to 'C:/Users/Malo/Documents/GitHub/ProjetsHub2018/FPSUnreal/PeopleWithGuns/Content/ThirdPersonBP/Blueprints/Lobby/LobbyPC.uasset'
[2019.02.13-16.27.12:335][200]BlueprintLog: New page: Compile LobbyPC
[2019.02.13-16.27.12:785][200]LogSavePackage: Moving 'C:/Users/Malo/Documents/GitHub/ProjetsHub2018/FPSUnreal/PeopleWithGuns/Saved/LobbyPC2A732A3C49745C32ACC50489666D6A07.tmp' to 'C:/Users/Malo/Documents/GitHub/ProjetsHub2018/FPSUnreal/PeopleWithGuns/Content/ThirdPersonBP/Blueprints/Lobby/LobbyPC.uasset'
[2019.02.13-16.27.50:418][483]LogSlate: Window 'LobbyMenu' being destroyed
[2019.02.13-16.27.50:426][483]LogSlate: Window 'LobbyMenu' being destroyed
[2019.02.13-16.27.50:427][483]LogActorComponent: UnregisterComponent: (/Engine/Transient.EditorFloorComp) Not registered. Aborting.
[2019.02.13-16.27.50:591][483]LogActorComponent: UnregisterComponent: (/Engine/Transient.EditorFloorComp) Not registered. Aborting.
[2019.02.13-16.27.50:731][483]LogActorComponent: UnregisterComponent: (/Engine/Transient.EditorFloorComp) Not registered. Aborting.
[2019.02.13-16.27.53:794][606]LogSavePackage: Moving 'C:/Users/Malo/Documents/GitHub/ProjetsHub2018/FPSUnreal/PeopleWithGuns/Saved/MainMenu3A9A416241DC82C045436CB97A1F5F9A.tmp' to 'C:/Users/Malo/Documents/GitHub/ProjetsHub2018/FPSUnreal/PeopleWithGuns/Content/ThirdPersonBP/Maps/MainMenu.umap'
[2019.02.13-16.27.53:878][606]LogSavePackage: Moving 'C:/Users/Malo/Documents/GitHub/ProjetsHub2018/FPSUnreal/PeopleWithGuns/Saved/MainMenu_BuiltDataE033512443028B18EC659992A6AE7DA5.tmp' to 'C:/Users/Malo/Documents/GitHub/ProjetsHub2018/FPSUnreal/PeopleWithGuns/Content/ThirdPersonBP/Maps/MainMenu_BuiltData.uasset'
[2019.02.13-16.27.55:098][670]LogSlate: Window 'PeopleWithGuns - Unreal Editor' being destroyed
[2019.02.13-16.27.55:101][670]LogWindowsTextInputMethodSystem: Display: IME system now deactivated.
[2019.02.13-16.27.55:429][671]Cmd: QUIT_EDITOR
[2019.02.13-16.27.55:529][671]LogExit: Preparing to exit.
[2019.02.13-16.27.56:165][671]LogExit: Editor shut down
[2019.02.13-16.27.56:166][671]LogExit: Transaction tracking system shut down
[2019.02.13-16.27.56:994][671]LogExit: Object subsystem successfully closed.
[2019.02.13-16.27.57:034][671]LogShaderCompilers: Display: Shaders left to compile 0
[2019.02.13-16.27.57:046][671]LogD3D11RHI: Shutdown
[2019.02.13-16.27.57:046][671]LogD3D11RHI: CleanupD3DDevice
[2019.02.13-16.27.57:088][671]LogD3D11RHI: ~FD3D11DynamicRHI
[2019.02.13-16.27.57:135][671]LogModuleManager: Shutting down and abandoning module SequencerWidgets (612)
[2019.02.13-16.27.57:135][671]LogModuleManager: Shutting down and abandoning module BlueprintGraph (610)
[2019.02.13-16.27.57:135][671]LogModuleManager: Shutting down and abandoning module HierarchicalLODOutliner (608)
[2019.02.13-16.27.57:135][671]LogModuleManager: Shutting down and abandoning module SceneOutliner (606)
[2019.02.13-16.27.57:136][671]LogModuleManager: Shutting down and abandoning module AddContentDialog (604)
[2019.02.13-16.27.57:140][671]LogModuleManager: Shutting down and abandoning module WidgetCarousel (603)
[2019.02.13-16.27.57:140][671]LogModuleManager: Shutting down and abandoning module EditorWidgets (600)
[2019.02.13-16.27.57:140][671]LogModuleManager: Shutting down and abandoning module CollectionManager (598)
[2019.02.13-16.27.57:141][671]LogModuleManager: Shutting down and abandoning module StatsViewer (596)
[2019.02.13-16.27.57:141][671]LogModuleManager: Shutting down and abandoning module FoliageEdit (594)
[2019.02.13-16.27.57:142][671]LogModuleManager: Shutting down and abandoning module LandscapeEditor (592)
[2019.02.13-16.27.57:143][671]LogModuleManager: Shutting down and abandoning module MeshPaintMode (590)
[2019.02.13-16.27.57:144][671]LogModuleManager: Shutting down and abandoning module SceneDepthPickerMode (588)
[2019.02.13-16.27.57:144][671]LogModuleManager: Shutting down and abandoning module ActorPickerMode (586)
[2019.02.13-16.27.57:144][671]LogModuleManager: Shutting down and abandoning module GeometryMode (584)
[2019.02.13-16.27.57:144][671]LogModuleManager: Shutting down and abandoning module TextureAlignMode (582)
[2019.02.13-16.27.57:144][671]LogModuleManager: Shutting down and abandoning module BspMode (580)
[2019.02.13-16.27.57:144][671]LogModuleManager: Shutting down and abandoning module PIEPreviewDeviceProfileSelector (578)
[2019.02.13-16.27.57:144][671]LogModuleManager: Shutting down and abandoning module SequenceRecorderSections (576)
[2019.02.13-16.27.57:144][671]LogModuleManager: Shutting down and abandoning module AutomationWorker (574)
[2019.02.13-16.27.57:145][671]LogModuleManager: Shutting down and abandoning module AudioCaptureEditor (572)
[2019.02.13-16.27.57:145][671]LogModuleManager: Shutting down and abandoning module SequenceRecorder (571)
[2019.02.13-16.27.57:145][671]LogModuleManager: Shutting down and abandoning module MatineeToLevelSequence (568)
[2019.02.13-16.27.57:145][671]LogModuleManager: Shutting down and abandoning module LevelSequenceEditor (566)
[2019.02.13-16.27.57:146][671]LogModuleManager: Shutting down and abandoning module PlacementMode (565)
[2019.02.13-16.27.57:146][671]LogModuleManager: Shutting down and abandoning module MaterialEditor (564)
[2019.02.13-16.27.57:148][671]LogModuleManager: Shutting down and abandoning module WmfMediaFactory (560)
[2019.02.13-16.27.57:148][671]LogModuleManager: Shutting down and abandoning module WmfMediaEditor (558)
[2019.02.13-16.27.57:148][671]LogModuleManager: Shutting down and abandoning module MediaPlayerEditor (556)
[2019.02.13-16.27.57:149][671]LogModuleManager: Shutting down and abandoning module OpenExrWrapper (554)
[2019.02.13-16.27.57:149][671]LogModuleManager: Shutting down and abandoning module ImgMediaFactory (552)
[2019.02.13-16.27.57:149][671]LogModuleManager: Shutting down and abandoning module ImgMediaEditor (550)
[2019.02.13-16.27.57:149][671]LogModuleManager: Shutting down and abandoning module AvfMediaFactory (548)
[2019.02.13-16.27.57:149][671]LogModuleManager: Shutting down and abandoning module AvfMediaEditor (546)
[2019.02.13-16.27.57:149][671]LogModuleManager: Shutting down and abandoning module AndroidMediaFactory (544)
[2019.02.13-16.27.57:150][671]LogModuleManager: Shutting down and abandoning module AndroidMediaEditor (542)
[2019.02.13-16.27.57:150][671]LogModuleManager: Shutting down and abandoning module MagicLeapCameraPreviewFactory (540)
[2019.02.13-16.27.57:150][671]LogModuleManager: Shutting down and abandoning module MagicLeapMediaFactory (538)
[2019.02.13-16.27.57:150][671]LogModuleManager: Shutting down and abandoning module MagicLeapMediaEditor (536)
[2019.02.13-16.27.57:150][671]LogModuleManager: Shutting down and abandoning module CharacterAI (534)
[2019.02.13-16.27.57:150][671]LogModuleManager: Shutting down and abandoning module SmartSnapping (532)
[2019.02.13-16.27.57:150][671]LogModuleManager: Shutting down and abandoning module SessionServices (530)
[2019.02.13-16.27.57:150][671]LogModuleManager: Shutting down and abandoning module ViewportSnapping (528)
[2019.02.13-16.27.57:150][671]LogModuleManager: Shutting down and abandoning module ViewportInteraction (526)
[2019.02.13-16.27.57:150][671]LogModuleManager: Shutting down and abandoning module ClothPainter (524)
[2019.02.13-16.27.57:151][671]LogModuleManager: Shutting down and abandoning module SkeletalMeshEditor (523)
[2019.02.13-16.27.57:152][671]LogModuleManager: Shutting down and abandoning module LogVisualizer (520)
[2019.02.13-16.27.57:154][671]LogModuleManager: Shutting down and abandoning module IntroTutorials (518)
[2019.02.13-16.27.57:154][671]LogModuleManager: Shutting down and abandoning module GameProjectGeneration (517)
[2019.02.13-16.27.57:155][671]LogModuleManager: Shutting down and abandoning module LuminPlatformEditor (514)
[2019.02.13-16.27.57:155][671]LogModuleManager: Shutting down and abandoning module IOSPlatformEditor (512)
[2019.02.13-16.27.57:155][671]LogModuleManager: Shutting down and abandoning module HTML5PlatformEditor (510)
[2019.02.13-16.27.57:155][671]LogModuleManager: Shutting down and abandoning module AndroidPlatformEditor (508)
[2019.02.13-16.27.57:155][671]LogModuleManager: Shutting down and abandoning module AndroidDeviceDetection (507)
[2019.02.13-16.27.57:673][671]LogModuleManager: Shutting down and abandoning module WindowsPlatformEditor (504)
[2019.02.13-16.27.57:674][671]LogModuleManager: Shutting down and abandoning module LuminRuntimeSettings (502)
[2019.02.13-16.27.57:674][671]LogModuleManager: Shutting down and abandoning module IOSRuntimeSettings (500)
[2019.02.13-16.27.57:674][671]LogModuleManager: Shutting down and abandoning module AndroidRuntimeSettings (498)
[2019.02.13-16.27.57:674][671]LogModuleManager: Shutting down and abandoning module InputBindingEditor (496)
[2019.02.13-16.27.57:675][671]LogModuleManager: Shutting down and abandoning module MergeActors (494)
[2019.02.13-16.27.57:675][671]LogModuleManager: Shutting down and abandoning module LocalizationDashboard (492)
[2019.02.13-16.27.57:676][671]LogModuleManager: Shutting down and abandoning module LocalizationService (491)
[2019.02.13-16.27.57:676][671]LogModuleManager: Shutting down and abandoning module HardwareTargeting (488)
[2019.02.13-16.27.57:676][671]LogModuleManager: Shutting down and abandoning module DeviceProfileEditor (486)
[2019.02.13-16.27.57:676][671]LogModuleManager: Shutting down and abandoning module UndoHistory (484)
[2019.02.13-16.27.57:677][671]LogModuleManager: Shutting down and abandoning module XmlParser (482)
[2019.02.13-16.27.57:677][671]LogModuleManager: Shutting down and abandoning module Blutility (480)
[2019.02.13-16.27.57:677][671]LogModuleManager: Shutting down and abandoning module ProjectSettingsViewer (478)
[2019.02.13-16.27.57:677][671]LogModuleManager: Shutting down and abandoning module ProjectTargetPlatformEditor (477)
[2019.02.13-16.27.57:678][671]LogModuleManager: Shutting down and abandoning module EditorSettingsViewer (474)
[2019.02.13-16.27.57:678][671]LogModuleManager: Shutting down and abandoning module SettingsEditor (472)
[2019.02.13-16.27.57:679][671]LogModuleManager: Shutting down and abandoning module ProjectLauncher (470)
[2019.02.13-16.27.57:680][671]LogModuleManager: Shutting down and abandoning module SessionFrontend (468)
[2019.02.13-16.27.57:681][671]LogModuleManager: Shutting down and abandoning module ProfilerClient (466)
[2019.02.13-16.27.57:681][671]LogModuleManager: Shutting down and abandoning module DeviceManager (464)
[2019.02.13-16.27.57:682][671]LogModuleManager: Shutting down and abandoning module TargetDeviceServices (463)
[2019.02.13-16.27.57:748][671]LogModuleManager: Shutting down and abandoning module AutomationController (460)
[2019.02.13-16.27.57:749][671]LogModuleManager: Shutting down and abandoning module AutomationWindow (458)
[2019.02.13-16.27.57:750][671]LogModuleManager: Shutting down and abandoning module Layers (456)
[2019.02.13-16.27.57:752][671]LogModuleManager: Shutting down and abandoning module ComponentVisualizers (454)
[2019.02.13-16.27.57:752][671]LogModuleManager: Shutting down and abandoning module DetailCustomizations (452)
[2019.02.13-16.27.57:752][671]LogModuleManager: Shutting down and abandoning module PackagesDialog (450)
[2019.02.13-16.27.57:753][671]LogModuleManager: Shutting down and abandoning module Persona (448)
[2019.02.13-16.27.57:754][671]LogModuleManager: Shutting down and abandoning module AdvancedPreviewScene (447)
[2019.02.13-16.27.57:754][671]LogModuleManager: Shutting down and abandoning module AnimGraph (445)
[2019.02.13-16.27.57:754][671]LogModuleManager: Shutting down and abandoning module Kismet (442)
[2019.02.13-16.27.57:763][671]LogModuleManager: Shutting down and abandoning module GraphEditor (440)
[2019.02.13-16.27.57:763][671]LogModuleManager: Shutting down and abandoning module ClassViewer (438)
[2019.02.13-16.27.57:765][671]LogModuleManager: Shutting down and abandoning module Toolbox (436)
[2019.02.13-16.27.57:765][671]LogModuleManager: Shutting down and abandoning module ModuleUI (434)
[2019.02.13-16.27.57:765][671]LogModuleManager: Shutting down and abandoning module MovieSceneTools (432)
[2019.02.13-16.27.57:766][671]LogModuleManager: Shutting down and abandoning module OutputLog (430)
[2019.02.13-16.27.57:766][671]LogModuleManager: Shutting down and abandoning module GammaUI (428)
[2019.02.13-16.27.57:767][671]LogModuleManager: Shutting down and abandoning module Documentation (426)
[2019.02.13-16.27.57:767][671]LogModuleManager: Shutting down and abandoning module MovieSceneTracks (424)
[2019.02.13-16.27.57:768][671]LogModuleManager: Shutting down and abandoning module MovieScene (422)
[2019.02.13-16.27.57:768][671]LogModuleManager: Shutting down and abandoning module StreamingPauseRendering (420)
[2019.02.13-16.27.57:769][671]LogModuleManager: Shutting down and abandoning module LauncherPlatform (418)
[2019.02.13-16.27.57:769][671]LogModuleManager: Shutting down and abandoning module AnalyticsET (416)
[2019.02.13-16.27.57:769][671]LogModuleManager: Shutting down and abandoning module PortalServices (414)
[2019.02.13-16.27.57:769][671]LogModuleManager: Shutting down and abandoning module PortalRpc (412)
[2019.02.13-16.27.57:769][671]LogModuleManager: Shutting down and abandoning module MessagingRpc (410)
[2019.02.13-16.27.57:769][671]LogModuleManager: Shutting down and abandoning module AIModule (408)
[2019.02.13-16.27.57:769][671]LogModuleManager: Shutting down and abandoning module GameplayDebugger (407)
[2019.02.13-16.27.57:770][671]LogModuleManager: Shutting down and abandoning module AITestSuite (405)
[2019.02.13-16.27.57:770][671]LogModuleManager: Shutting down and abandoning module NavigationSystem (403)
[2019.02.13-16.27.57:770][671]LogModuleManager: Shutting down and abandoning module DesktopPlatform (400)
[2019.02.13-16.27.57:770][671]LogModuleManager: Shutting down and abandoning module ProfilerService (398)
[2019.02.13-16.27.57:967][671]LogModuleManager: Shutting down and abandoning module TaskGraph (396)
[2019.02.13-16.27.57:968][671]LogModuleManager: Shutting down and abandoning module ProceduralMeshComponentEditor (394)
[2019.02.13-16.27.57:968][671]LogModuleManager: Shutting down and abandoning module ProceduralMeshComponent (392)
[2019.02.13-16.27.57:968][671]LogModuleManager: Shutting down and abandoning module OculusInput (390)
[2019.02.13-16.27.57:968][671]LogModuleManager: Shutting down and abandoning module MobilePatchingUtils (388)
[2019.02.13-16.27.57:968][671]LogModuleManager: Shutting down and abandoning module EditableMesh (386)
[2019.02.13-16.27.57:969][671]LogModuleManager: Shutting down and abandoning module CustomMeshComponent (384)
[2019.02.13-16.27.57:969][671]LogModuleManager: Shutting down and abandoning module CableComponent (382)
[2019.02.13-16.27.57:969][671]LogModuleManager: Shutting down and abandoning module AudioCapture (380)
[2019.02.13-16.27.57:969][671]LogModuleManager: Shutting down and abandoning module ArchVisCharacter (378)
[2019.02.13-16.27.57:969][671]LogModuleManager: Shutting down and abandoning module AndroidPermission (376)
[2019.02.13-16.27.57:969][671]LogModuleManager: Shutting down and abandoning module NUTUnrealEngine4 (374)
[2019.02.13-16.27.57:969][671]LogModuleManager: Shutting down and abandoning module NetcodeUnitTest (372)
[2019.02.13-16.27.57:971][671]LogModuleManager: Shutting down and abandoning module MediaCompositingEditor (370)
[2019.02.13-16.27.57:971][671]LogModuleManager: Shutting down and abandoning module MediaCompositing (368)
[2019.02.13-16.27.57:971][671]LogModuleManager: Shutting down and abandoning module LinearTimecode (366)
[2019.02.13-16.27.57:971][671]LogModuleManager: Shutting down and abandoning module ImgMedia (364)
[2019.02.13-16.27.57:977][671]LogModuleManager: Shutting down and abandoning module HTML5Networking (362)
[2019.02.13-16.27.57:977][671]LogModuleManager: Shutting down and abandoning module GeometryCacheTracks (360)
[2019.02.13-16.27.57:977][671]LogModuleManager: Shutting down and abandoning module GeometryCacheSequencer (358)
[2019.02.13-16.27.57:977][671]LogModuleManager: Shutting down and abandoning module BackChannel (356)
[2019.02.13-16.27.57:978][671]LogModuleManager: Shutting down and abandoning module AppleVision (354)
[2019.02.13-16.27.57:978][671]LogModuleManager: Shutting down and abandoning module AppleImageUtils (352)
[2019.02.13-16.27.57:978][671]LogModuleManager: Shutting down and abandoning module AlembicImporter (350)
[2019.02.13-16.27.57:978][671]LogModuleManager: Shutting down and abandoning module AlembicLibrary (349)
[2019.02.13-16.27.57:978][671]LogModuleManager: Shutting down and abandoning module GeometryCache (348)
[2019.02.13-16.27.57:978][671]LogModuleManager: Shutting down and abandoning module GeometryCacheEd (347)
[2019.02.13-16.27.57:978][671]LogModuleManager: Shutting down and abandoning module DatasmithContentEditor (342)
[2019.02.13-16.27.57:978][671]LogModuleManager: Shutting down and abandoning module DatasmithContent (340)
[2019.02.13-16.27.57:979][671]LogModuleManager: Shutting down and abandoning module SpeedTreeImporter (338)
[2019.02.13-16.27.57:979][671]LogModuleManager: Shutting down and abandoning module PluginBrowser (336)
[2019.02.13-16.27.57:981][671]LogModuleManager: Shutting down and abandoning module MobileLauncherProfileWizard (334)
[2019.02.13-16.27.57:982][671]LogModuleManager: Shutting down and abandoning module PolygonModeling (332)
[2019.02.13-16.27.57:982][671]LogModuleManager: Shutting down and abandoning module MeshEditor (330)
[2019.02.13-16.27.57:982][671]LogModuleManager: Shutting down and abandoning module CryptoKeysOpenSSL (328)
[2019.02.13-16.27.57:983][671]LogModuleManager: Shutting down and abandoning module CryptoKeys (326)
[2019.02.13-16.27.57:983][671]LogModuleManager: Shutting down and abandoning module VisualStudioSourceCodeAccess (324)
[2019.02.13-16.27.57:983][671]LogModuleManager: Shutting down and abandoning module VisualStudioCodeSourceCodeAccess (322)
[2019.02.13-16.27.57:983][671]LogModuleManager: Shutting down and abandoning module UObjectPlugin (320)
[2019.02.13-16.27.57:983][671]LogModuleManager: Shutting down and abandoning module SubversionSourceControl (318)
[2019.02.13-16.27.57:983][671]LogModuleManager: Shutting down and abandoning module PerforceSourceControl (316)
[2019.02.13-16.27.57:985][671]LogModuleManager: Shutting down and abandoning module GitSourceControl (314)
[2019.02.13-16.27.57:986][671]LogModuleManager: Shutting down and abandoning module SourceControl (313)
[2019.02.13-16.27.57:987][671]LogModuleManager: Shutting down and abandoning module CLionSourceCodeAccess (310)
[2019.02.13-16.27.57:987][671]LogModuleManager: Shutting down and abandoning module LightPropagationVolumeEditor (308)
[2019.02.13-16.27.57:987][671]LogModuleManager: Shutting down and abandoning module PaperTiledImporter (306)
[2019.02.13-16.27.57:987][671]LogModuleManager: Shutting down and abandoning module PaperSpriteSheetImporter (304)
[2019.02.13-16.27.57:987][671]LogModuleManager: Shutting down and abandoning module Paper2DEditor (302)
[2019.02.13-16.27.57:989][671]LogModuleManager: Shutting down and abandoning module MeshPaint (301)
[2019.02.13-16.27.57:989][671]LogModuleManager: Shutting down and abandoning module RuntimePhysXCooking (298)
[2019.02.13-16.27.57:989][671]LogModuleManager: Shutting down and abandoning module PhysXVehiclesEditor (296)
[2019.02.13-16.27.57:989][671]LogModuleManager: Shutting down and abandoning module PhysXVehicles (294)
[2019.02.13-16.27.57:989][671]LogModuleManager: Shutting down and abandoning module OculusEditor (292)
[2019.02.13-16.27.57:990][671]LogModuleManager: Shutting down and abandoning module LocationServicesBPLibrary (290)
[2019.02.13-16.27.57:990][671]LogModuleManager: Shutting down and abandoning module ImmediatePhysicsEditor (288)
[2019.02.13-16.27.57:990][671]LogModuleManager: Shutting down and abandoning module ImmediatePhysics (286)
[2019.02.13-16.27.57:990][671]LogModuleManager: Shutting down and abandoning module ActorSequence (284)
[2019.02.13-16.27.57:990][671]LogModuleManager: Shutting down and abandoning module UdpMessaging (282)
[2019.02.13-16.27.58:092][671]LogModuleManager: Shutting down and abandoning module TcpMessaging (280)
[2019.02.13-16.27.58:193][671]LogModuleManager: Shutting down and abandoning module MagicLeapAudio (278)
[2019.02.13-16.27.58:193][671]LogModuleManager: Shutting down and abandoning module GameplayTagsEditor (276)
[2019.02.13-16.27.58:194][671]LogModuleManager: Shutting down and abandoning module FacialAnimationEditor (274)
[2019.02.13-16.27.58:194][671]LogModuleManager: Shutting down and abandoning module FacialAnimation (272)
[2019.02.13-16.27.58:194][671]LogModuleManager: Shutting down and abandoning module DataValidation (270)
[2019.02.13-16.27.58:194][671]LogModuleManager: Shutting down and abandoning module AssetManagerEditor (268)
[2019.02.13-16.27.58:195][671]LogModuleManager: Shutting down and abandoning module LevelEditor (267)
[2019.02.13-16.27.58:198][671]LogModuleManager: Shutting down and abandoning module PixelInspectorModule (266)
[2019.02.13-16.27.58:200][671]LogModuleManager: Shutting down and abandoning module CommonMenuExtensions (264)
[2019.02.13-16.27.58:200][671]LogModuleManager: Shutting down and abandoning module MainFrame (262)
[2019.02.13-16.27.58:200][671]LogModuleManager: Shutting down and abandoning module HotReload (261)
[2019.02.13-16.27.58:201][671]LogModuleManager: Shutting down and abandoning module ContentBrowser (257)
[2019.02.13-16.27.58:204][671]LogModuleManager: Shutting down and abandoning module TreeMap (255)
[2019.02.13-16.27.58:204][671]LogModuleManager: Shutting down and abandoning module LightPropagationVolumeRuntime (252)
[2019.02.13-16.27.58:204][671]LogModuleManager: Shutting down and abandoning module AISupportModule (250)
[2019.02.13-16.27.58:204][671]LogModuleManager: Shutting down and abandoning module Paper2D (248)
[2019.02.13-16.27.58:204][671]LogModuleManager: Shutting down and abandoning module WindowsMoviePlayer (246)
[2019.02.13-16.27.58:205][671]LogModuleManager: Shutting down and abandoning module WmfMedia (244)
[2019.02.13-16.27.58:207][671]LogModuleManager: Shutting down and abandoning module Media (243)
[2019.02.13-16.27.58:214][671]LogModuleManager: Shutting down and abandoning module PacketHandler (240)
[2019.02.13-16.27.58:214][671]LogModuleManager: Shutting down and abandoning module ClothingSystemEditor (238)
[2019.02.13-16.27.58:214][671]LogModuleManager: Shutting down and abandoning module ClothingSystemRuntime (236)
[2019.02.13-16.27.58:215][671]LogModuleManager: Shutting down and abandoning module MediaAssets (234)
[2019.02.13-16.27.58:215][671]LogModuleManager: Shutting down and abandoning module Overlay (232)
[2019.02.13-16.27.58:215][671]LogModuleManager: Shutting down and abandoning module OverlayEditor (231)
[2019.02.13-16.27.58:215][671]LogModuleManager: Shutting down and abandoning module VREditor (228)
[2019.02.13-16.27.58:215][671]LogModuleManager: Shutting down and abandoning module StringTableEditor (226)
[2019.02.13-16.27.58:216][671]LogModuleManager: Shutting down and abandoning module GameplayTasksEditor (224)
[2019.02.13-16.27.58:216][671]LogModuleManager: Shutting down and abandoning module BehaviorTreeEditor (222)
[2019.02.13-16.27.58:217][671]LogModuleManager: Shutting down and abandoning module FunctionalTesting (220)
[2019.02.13-16.27.58:218][671]LogModuleManager: Shutting down and abandoning module CollisionAnalyzer (218)
[2019.02.13-16.27.58:219][671]LogModuleManager: Shutting down and abandoning module WorkspaceMenuStructure (217)
[2019.02.13-16.27.58:219][671]LogModuleManager: Shutting down and abandoning module UMG (214)
[2019.02.13-16.27.58:219][671]LogModuleManager: Shutting down and abandoning module UMGEditor (213)
[2019.02.13-16.27.58:219][671]LogModuleManager: Shutting down and abandoning module Sequencer (212)
[2019.02.13-16.27.58:220][671]LogModuleManager: Shutting down and abandoning module MessageLog (209)
[2019.02.13-16.27.58:220][671]LogModuleManager: Shutting down and abandoning module SlateReflector (204)
[2019.02.13-16.27.58:223][671]LogModuleManager: Shutting down and abandoning module Slate (202)
[2019.02.13-16.27.58:223][671]LogModuleManager: Shutting down and abandoning module EditorStyle (200)
[2019.02.13-16.27.58:226][671]LogModuleManager: Shutting down and abandoning module MRMesh (198)
[2019.02.13-16.27.58:226][671]LogModuleManager: Shutting down and abandoning module SourceCodeAccess (196)
[2019.02.13-16.27.58:227][671]LogModuleManager: Shutting down and abandoning module HeadMountedDisplay (194)
[2019.02.13-16.27.58:227][671]LogModuleManager: Shutting down and abandoning module XAudio2 (192)
[2019.02.13-16.27.58:227][671]LogModuleManager: Shutting down and abandoning module Networking (190)
[2019.02.13-16.27.58:227][671]LogModuleManager: Shutting down and abandoning module Core (188)
[2019.02.13-16.27.58:227][671]LogModuleManager: Shutting down and abandoning module LevelSequence (186)
[2019.02.13-16.27.58:227][671]LogModuleManager: Shutting down and abandoning module KismetCompiler (184)
[2019.02.13-16.27.58:227][671]LogModuleManager: Shutting down and abandoning module MeshUtilities (182)
[2019.02.13-16.27.58:228][671]LogModuleManager: Shutting down and abandoning module MeshMergeUtilities (181)
[2019.02.13-16.27.58:228][671]LogModuleManager: Shutting down and abandoning module MeshReductionInterface (180)
[2019.02.13-16.27.58:228][671]LogModuleManager: Shutting down and abandoning module SimplygonSwarm (179)
[2019.02.13-16.27.58:229][671]LogModuleManager: Shutting down and abandoning module ProxyLODMeshReduction (177)
[2019.02.13-16.27.58:229][671]LogModuleManager: Shutting down and abandoning module SimplygonMeshReduction (175)
[2019.02.13-16.27.58:229][671]LogModuleManager: Shutting down and abandoning module QuadricMeshReduction (173)
[2019.02.13-16.27.58:230][671]LogModuleManager: Shutting down and abandoning module MaterialBaking (169)
[2019.02.13-16.27.58:231][671]LogModuleManager: Shutting down and abandoning module DirectoryWatcher (165)
[2019.02.13-16.27.58:231][671]LogModuleManager: Shutting down and abandoning module DerivedDataCache (162)
[2019.02.13-16.27.58:232][671]LogDerivedDataCache: Shutdown
[2019.02.13-16.27.58:232][671]LogModuleManager: Shutting down and abandoning module XGEController (160)
[2019.02.13-16.27.58:233][671]LogXGEController: Cleaning working directory: C:/Users/Malo/AppData/Local/Temp/UnrealXGEWorkingDir/
[2019.02.13-16.27.58:233][671]LogModuleManager: Shutting down and abandoning module TargetPlatform (158)
[2019.02.13-16.27.58:233][671]LogModuleManager: Shutting down and abandoning module VulkanShaderFormat (157)
[2019.02.13-16.27.58:234][671]LogModuleManager: Shutting down and abandoning module ShaderFormatVectorVM (155)
[2019.02.13-16.27.58:235][671]LogModuleManager: Shutting down and abandoning module ShaderFormatOpenGL (153)
[2019.02.13-16.27.58:235][671]LogModuleManager: Shutting down and abandoning module ShaderFormatD3D (151)
[2019.02.13-16.27.58:235][671]LogModuleManager: Shutting down and abandoning module MetalShaderFormat (149)
[2019.02.13-16.27.58:236][671]LogModuleManager: Shutting down and abandoning module TextureFormatUncompressed (147)
[2019.02.13-16.27.58:236][671]LogModuleManager: Shutting down and abandoning module TextureFormatPVR (145)
[2019.02.13-16.27.58:236][671]LogModuleManager: Shutting down and abandoning module TextureFormatDXT (143)
[2019.02.13-16.27.58:236][671]LogModuleManager: Shutting down and abandoning module TextureFormatIntelISPCTexComp (141)
[2019.02.13-16.27.58:237][671]LogModuleManager: Shutting down and abandoning module TextureFormatASTC (139)
[2019.02.13-16.27.58:237][671]LogModuleManager: Shutting down and abandoning module ImageWrapper (138)
[2019.02.13-16.27.58:237][671]LogModuleManager: Shutting down and abandoning module TextureFormatAndroid (135)
[2019.02.13-16.27.58:237][671]LogModuleManager: Shutting down and abandoning module AudioFormatOpus (133)
[2019.02.13-16.27.58:237][671]LogModuleManager: Shutting down and abandoning module AudioFormatOgg (131)
[2019.02.13-16.27.58:237][671]LogModuleManager: Shutting down and abandoning module AudioFormatADPCM (129)
[2019.02.13-16.27.58:237][671]LogModuleManager: Shutting down and abandoning module LuminTargetPlatform (127)
[2019.02.13-16.27.58:237][671]LogModuleManager: Shutting down and abandoning module LinuxTargetPlatform (125)
[2019.02.13-16.27.58:237][671]LogModuleManager: Shutting down and abandoning module LinuxServerTargetPlatform (123)
[2019.02.13-16.27.58:237][671]LogModuleManager: Shutting down and abandoning module LinuxNoEditorTargetPlatform (121)
[2019.02.13-16.27.58:238][671]LogModuleManager: Shutting down and abandoning module LinuxClientTargetPlatform (119)
[2019.02.13-16.27.58:238][671]LogModuleManager: Shutting down and abandoning module TVOSTargetPlatform (117)
[2019.02.13-16.27.58:247][671]LogModuleManager: Shutting down and abandoning module Messaging (115)
[2019.02.13-16.27.58:247][671]LogModuleManager: Shutting down and abandoning module IOSTargetPlatform (113)
[2019.02.13-16.27.58:254][671]LogModuleManager: Shutting down and abandoning module HTML5TargetPlatform (111)
[2019.02.13-16.27.58:254][671]LogModuleManager: Shutting down and abandoning module AndroidTargetPlatform (109)
[2019.02.13-16.27.58:293][671]LogModuleManager: Shutting down and abandoning module WindowsTargetPlatform (107)
[2019.02.13-16.27.58:293][671]LogModuleManager: Shutting down and abandoning module WindowsServerTargetPlatform (105)
[2019.02.13-16.27.58:293][671]LogModuleManager: Shutting down and abandoning module WindowsNoEditorTargetPlatform (103)
[2019.02.13-16.27.58:293][671]LogModuleManager: Shutting down and abandoning module WindowsClientTargetPlatform (101)
[2019.02.13-16.27.58:293][671]LogModuleManager: Shutting down and abandoning module MacTargetPlatform (99)
[2019.02.13-16.27.58:294][671]LogModuleManager: Shutting down and abandoning module MacServerTargetPlatform (97)
[2019.02.13-16.27.58:294][671]LogModuleManager: Shutting down and abandoning module MacNoEditorTargetPlatform (95)
[2019.02.13-16.27.58:294][671]LogModuleManager: Shutting down and abandoning module MacClientTargetPlatform (93)
[2019.02.13-16.27.58:294][671]LogModuleManager: Shutting down and abandoning module AllDesktopTargetPlatform (91)
[2019.02.13-16.27.58:294][671]LogModuleManager: Shutting down and abandoning module InputCore (88)
[2019.02.13-16.27.58:294][671]LogModuleManager: Shutting down and abandoning module Settings (86)
[2019.02.13-16.27.58:294][671]LogModuleManager: Shutting down and abandoning module PhysXCooking (84)
[2019.02.13-16.27.58:294][671]LogModuleManager: Shutting down and abandoning module OculusHMD (82)
[2019.02.13-16.27.58:294][671]LogModuleManager: Shutting down and abandoning module ExampleDeviceProfileSelector (80)
[2019.02.13-16.27.58:294][671]LogModuleManager: Shutting down and abandoning module LauncherChunkInstaller (78)
[2019.02.13-16.27.58:294][671]LogModuleManager: Shutting down and abandoning module OnlineBlueprintSupport (76)
[2019.02.13-16.27.58:294][671]LogModuleManager: Shutting down and abandoning module OnlineSubsystem (72)
[2019.02.13-16.27.58:298][671]LogModuleManager: Shutting down and abandoning module XMPP (65)
[2019.02.13-16.27.58:300][671]LogModuleManager: Shutting down and abandoning module WebSockets (64)
[2019.02.13-16.27.58:325][671]LogModuleManager: Shutting down and abandoning module HTTP (61)
[2019.02.13-16.27.58:326][671]LogHttp: Display: Http module shutting down, but needs to wait on 1 outstanding Http requests:
[2019.02.13-16.27.58:326][671]LogHttp: Display: 	verb=[POST] url=[https://datarouter.ol.epicgames.com/datarouter/api/v1/public/data?SessionID=%7B94D7F5C0-4F24-798C-FC8C-F383C693536A%7D&AppID=UEEditor.Rocket.Release&AppVersion=4.20.3-4369336%2B%2B%2BUE4%2BRelease-4.20&UserID=a4d8b5eb44ce9fb17b7240bbdca66db1%7Ce13323db472b437e907144303bb07345%7C256f2a14-a5f3-4699-86f1-9ff3e8e37f47&AppEnvironment=datacollector-binary&UploadType=eteventstream] status=Processing
[2019.02.13-16.27.58:356][671]LogModuleManager: Shutting down and abandoning module SSL (60)
[2019.02.13-16.27.58:359][671]LogModuleManager: Shutting down and abandoning module MagicLeapEmulator (56)
[2019.02.13-16.27.58:359][671]LogModuleManager: Shutting down and abandoning module MagicLeapPrivileges (54)
[2019.02.13-16.27.58:359][671]LogModuleManager: Shutting down and abandoning module MagicLeapIdentity (52)
[2019.02.13-16.27.58:359][671]LogModuleManager: Shutting down and abandoning module MagicLeapHelperVulkan (50)
[2019.02.13-16.27.58:359][671]LogModuleManager: Shutting down and abandoning module MagicLeapHelperOpenGL (48)
[2019.02.13-16.27.58:359][671]LogModuleManager: Shutting down and abandoning module MagicLeapSecureStorage (46)
[2019.02.13-16.27.58:359][671]LogModuleManager: Shutting down and abandoning module MagicLeapGestures (44)
[2019.02.13-16.27.58:359][671]LogModuleManager: Shutting down and abandoning module MagicLeapEyeTracker (42)
[2019.02.13-16.27.58:359][671]LogModuleManager: Shutting down and abandoning module MagicLeapController (40)
[2019.02.13-16.27.58:360][671]LogSlate: Slate User Destroyed.  User Index 0, Is Virtual User: 0
[2019.02.13-16.27.58:360][671]LogModuleManager: Shutting down and abandoning module MagicLeap (38)
[2019.02.13-16.27.58:361][671]LogModuleManager: Shutting down and abandoning module AnimationModifiers (36)
[2019.02.13-16.27.58:362][671]LogModuleManager: Shutting down and abandoning module PropertyEditor (35)
[2019.02.13-16.27.58:362][671]LogModuleManager: Shutting down and abandoning module AudioEditor (32)
[2019.02.13-16.27.58:362][671]LogModuleManager: Shutting down and abandoning module TextureCompressor (30)
[2019.02.13-16.27.58:364][671]LogModuleManager: Shutting down and abandoning module ShaderCore (28)
[2019.02.13-16.27.58:364][671]LogModuleManager: Shutting down and abandoning module Landscape (26)
[2019.02.13-16.27.58:364][671]LogModuleManager: Shutting down and abandoning module SlateRHIRenderer (24)
[2019.02.13-16.27.58:367][671]LogModuleManager: Shutting down and abandoning module OpenGLDrv (22)
[2019.02.13-16.27.58:368][671]LogModuleManager: Shutting down and abandoning module D3D11RHI (20)
[2019.02.13-16.27.58:368][671]LogModuleManager: Shutting down and abandoning module AnimGraphRuntime (18)
[2019.02.13-16.27.58:368][671]LogModuleManager: Shutting down and abandoning module Renderer (16)
[2019.02.13-16.27.58:368][671]LogModuleManager: Shutting down and abandoning module Engine (14)
[2019.02.13-16.27.58:368][671]LogModuleManager: Shutting down and abandoning module CoreUObject (12)
[2019.02.13-16.27.58:368][671]LogModuleManager: Shutting down and abandoning module NetworkFile (10)
[2019.02.13-16.27.58:368][671]LogModuleManager: Shutting down and abandoning module CookedIterativeFile (8)
[2019.02.13-16.27.58:368][671]LogModuleManager: Shutting down and abandoning module StreamingFile (6)
[2019.02.13-16.27.58:368][671]LogModuleManager: Shutting down and abandoning module SandboxFile (4)
[2019.02.13-16.27.58:368][671]LogModuleManager: Shutting down and abandoning module PakFile (2)
[2019.02.13-16.27.58:373][671]LogExit: Exiting.
[2019.02.13-16.27.58:387][671]Log file closed, 02/13/19 17:27:58
