Log file open, 03/27/19 20:56:58
LogWindows: Failed to load 'aqProf.dll' (GetLastError=126)
LogWindows: File 'aqProf.dll' does not exist
LogWindows: Failed to load 'VtuneApi.dll' (GetLastError=126)
LogWindows: File 'VtuneApi.dll' does not exist
LogWindows: Failed to load 'VtuneApi32e.dll' (GetLastError=126)
LogWindows: File 'VtuneApi32e.dll' does not exist
LogInit: Display: Running engine without a game
LogPlatformFile: Not using cached read wrapper
LogInit: Display: Loading recent project file: C:/Users/Malo/Documents/GitHub/ProjetsHub2018/FPSUnreal/PeopleWithGuns/PeopleWithGuns.uproject
LogTaskGraph: Started task graph with 5 named threads and 11 total threads with 3 sets of task threads.
LogStats: Stats thread started at 0.806685
LogD3D11RHI: Loaded GFSDK_Aftermath_Lib.x64.dll
LogICUInternationalization: Display: ICU TimeZone Detection - Raw Offset: +1:00, Platform Override: ''
LogPluginManager: Mounting plugin Paper2D
LogPluginManager: Mounting plugin AISupport
LogPluginManager: Mounting plugin LightPropagationVolume
LogPluginManager: Mounting plugin CLionSourceCodeAccess
LogPluginManager: Mounting plugin CodeLiteSourceCodeAccess
LogPluginManager: Mounting plugin GitSourceControl
LogPluginManager: Mounting plugin KDevelopSourceCodeAccess
LogPluginManager: Mounting plugin NullSourceCodeAccess
LogPluginManager: Mounting plugin PerforceSourceControl
LogPluginManager: Mounting plugin SubversionSourceControl
LogPluginManager: Mounting plugin UObjectPlugin
LogPluginManager: Mounting plugin VisualStudioCodeSourceCodeAccess
LogPluginManager: Mounting plugin VisualStudioSourceCodeAccess
LogPluginManager: Mounting plugin XCodeSourceCodeAccess
LogPluginManager: Mounting plugin AssetManagerEditor
LogPluginManager: Mounting plugin CryptoKeys
LogPluginManager: Mounting plugin DataValidation
LogPluginManager: Mounting plugin FacialAnimation
LogPluginManager: Mounting plugin GameplayTagsEditor
LogPluginManager: Mounting plugin MacGraphicsSwitching
LogPluginManager: Mounting plugin MeshEditor
LogPluginManager: Mounting plugin MobileLauncherProfileWizard
LogPluginManager: Mounting plugin PluginBrowser
LogPluginManager: Mounting plugin SpeedTreeImporter
LogPluginManager: Mounting plugin DatasmithContent
LogPluginManager: Mounting plugin AlembicImporter
LogPluginManager: Mounting plugin AppleImageUtils
LogPluginManager: Mounting plugin AppleVision
LogPluginManager: Mounting plugin BackChannel
LogPluginManager: Mounting plugin CharacterAI
LogPluginManager: Mounting plugin GeometryCache
LogPluginManager: Mounting plugin HTML5Networking
LogPluginManager: Mounting plugin ProxyLODPlugin
LogPluginManager: Mounting plugin MagicLeap
LogPluginManager: Mounting plugin MagicLeapEmulator
LogPluginManager: Mounting plugin MagicLeapMedia
LogPluginManager: Mounting plugin AndroidMedia
LogPluginManager: Mounting plugin AvfMedia
LogPluginManager: Mounting plugin ImgMedia
LogPluginManager: Mounting plugin LinearTimecode
LogPluginManager: Mounting plugin MediaCompositing
LogPluginManager: Mounting plugin MediaPlayerEditor
LogPluginManager: Mounting plugin WmfMedia
LogPluginManager: Mounting plugin TcpMessaging
LogPluginManager: Mounting plugin UdpMessaging
LogPluginManager: Mounting plugin ActorSequence
LogPluginManager: Mounting plugin LevelSequenceEditor
LogPluginManager: Mounting plugin MatineeToLevelSequence
LogPluginManager: Mounting plugin NetcodeUnitTest
LogPluginManager: Mounting plugin NUTUnrealEngine4
LogPluginManager: Mounting plugin OnlineSubsystemGooglePlay
LogPluginManager: Mounting plugin OnlineSubsystemIOS
LogPluginManager: Mounting plugin OnlineSubsystem
LogPluginManager: Mounting plugin OnlineSubsystemNull
LogPluginManager: Mounting plugin OnlineSubsystemSteam
LogPluginManager: Mounting plugin OnlineSubsystemUtils
LogPluginManager: Mounting plugin LauncherChunkInstaller
LogPluginManager: Mounting plugin AndroidDeviceProfileSelector
LogPluginManager: Mounting plugin AndroidMoviePlayer
LogPluginManager: Mounting plugin AndroidPermission
LogPluginManager: Mounting plugin AppleMoviePlayer
LogPluginManager: Mounting plugin ArchVisCharacter
LogPluginManager: Mounting plugin AudioCapture
LogPluginManager: Mounting plugin CableComponent
LogPluginManager: Mounting plugin CustomMeshComponent
LogPluginManager: Mounting plugin EditableMesh
LogPluginManager: Mounting plugin ExampleDeviceProfileSelector
LogPluginManager: Mounting plugin GoogleCloudMessaging
LogPluginManager: Mounting plugin ImmediatePhysics
LogPluginManager: Mounting plugin IOSDeviceProfileSelector
LogPluginManager: Mounting plugin LinuxDeviceProfileSelector
LogPluginManager: Mounting plugin LocationServicesBPLibrary
LogPluginManager: Mounting plugin MobilePatchingUtils
LogPluginManager: Mounting plugin OculusVR
LogPluginManager: Plugin shader directory ../../../Engine/Plugins/Runtime/Oculus/OculusVR/Shaders found
LogPluginManager: Mapping shader source directory ../../../Engine/Plugins/Runtime/Oculus/OculusVR/Shaders to virtual directory /Plugin/OculusVR
LogPluginManager: Mounting plugin PhysXVehicles
LogPluginManager: Mounting plugin ProceduralMeshComponent
LogPluginManager: Mounting plugin RuntimePhysXCooking
LogPluginManager: Mounting plugin WindowsMoviePlayer
LogStreaming: Display: Took  0.188s to configure plugins.
LogInit: Using libcurl 7.55.1-DEV
LogInit:  - built for x86_64-pc-win32
LogInit:  - supports SSL with OpenSSL/1.0.2h
LogInit:  - supports HTTP deflate (compression) using libz 1.2.8
LogInit:  - other features:
LogInit:      CURL_VERSION_SSL
LogInit:      CURL_VERSION_LIBZ
LogInit:      CURL_VERSION_IPV6
LogInit:      CURL_VERSION_ASYNCHDNS
LogInit:      CURL_VERSION_LARGEFILE
LogInit:      CURL_VERSION_IDN
LogInit:  CurlRequestOptions (configurable via config and command line):
LogInit:  - bVerifyPeer = false  - Libcurl will NOT verify peer certificate
LogInit:  - bUseHttpProxy = false  - Libcurl will NOT use HTTP proxy
LogInit:  - bDontReuseConnections = false  - Libcurl will reuse connections
LogInit:  - CertBundlePath = nullptr  - Libcurl will use whatever was configured at build time.
LogInit:  - MaxHostConnections = 16  - Libcurl will limit the number of connections to a host
LogInit:  - LocalHostAddr = Default
LogInit:  - BufferSize = 65536
LogOnline: Display: STEAM: Loading Steam SDK 1.39
LogOnline: Warning: STEAM: Steam API disabled!
LogOnline: Display: STEAM: OnlineSubsystemSteam::Shutdown()
LogInit: WinSock: version 1.1 (2.2), MaxSocks=32767, MaxUdp=65467
LogInit: Build: ++UE4+Release-4.20-CL-4369336
LogInit: Engine Version: 4.20.3-4369336+++UE4+Release-4.20
LogInit: Compatible Engine Version: 4.20.0-4212847+++UE4+Release-4.20
LogInit: Net CL: 4212847
LogInit: OS: Windows 10 (), CPU: Intel(R) Core(TM) i7-6500U CPU @ 2.50GHz, GPU: Intel(R) HD Graphics 520
LogInit: Compiled (64-bit): Sep 17 2018 12:26:19
LogInit: Compiled with Visual C++: 19.13.26129.00
LogInit: Build Configuration: Development
LogInit: Branch Name: ++UE4+Release-4.20
LogInit: Command Line: -EpicPortal  -epicusername="Hookibibi" -epicuserid=e13323db472b437e907144303bb07345 -epiclocale=fr-FR
LogInit: Base Directory: R:/UE_4.20/Engine/Binaries/Win64/
LogInit: Installed Engine Build: 1
LogDevObjectVersion: Number of dev versions registered: 20
LogDevObjectVersion:   Dev-Blueprints (B0D832E4-1F89-4F0D-ACCF-7EB736FD4AA2): 10
LogDevObjectVersion:   Dev-Build (E1C64328-A22C-4D53-A36C-8E866417BD8C): 0
LogDevObjectVersion:   Dev-Core (375EC13C-06E4-48FB-B500-84F0262A717E): 2
LogDevObjectVersion:   Dev-Editor (E4B068ED-F494-42E9-A231-DA0B2E46BB41): 24
LogDevObjectVersion:   Dev-Framework (CFFC743F-43B0-4480-9391-14DF171D2073): 34
LogDevObjectVersion:   Dev-Mobile (B02B49B5-BB20-44E9-A304-32B752E40360): 2
LogDevObjectVersion:   Dev-Networking (A4E4105C-59A1-49B5-A7C5-40C4547EDFEE): 0
LogDevObjectVersion:   Dev-Online (39C831C9-5AE6-47DC-9A44-9C173E1C8E7C): 0
LogDevObjectVersion:   Dev-Physics (78F01B33-EBEA-4F98-B9B4-84EACCB95AA2): 0
LogDevObjectVersion:   Dev-Platform (6631380F-2D4D-43E0-8009-CF276956A95A): 0
LogDevObjectVersion:   Dev-Rendering (12F88B9F-8875-4AFC-A67C-D90C383ABD29): 26
LogDevObjectVersion:   Dev-Sequencer (7B5AE74C-D270-4C10-A958-57980B212A5A): 9
LogDevObjectVersion:   Dev-VR (D7296918-1DD6-4BDD-9DE2-64A83CC13884): 2
LogDevObjectVersion:   Dev-LoadTimes (C2A15278-BFE7-4AFE-6C17-90FF531DF755): 1
LogDevObjectVersion:   Private-Geometry (6EACA3D4-40EC-4CC1-B786-8BED09428FC5): 3
LogDevObjectVersion:   Dev-AnimPhys (29E575DD-E0A3-4627-9D10-D276232CDCEA): 17
LogDevObjectVersion:   Dev-ReflectionCapture (6B266CEC-1EC7-4B8F-A30B-E4D90942FC07): 1
LogDevObjectVersion:   Dev-Automation (0DF73D61-A23F-47EA-B727-89E90C41499A): 1
LogDevObjectVersion:   FortniteMain (601D1886-AC64-4F84-AA16-D3DE0DEAC7D6): 12
LogDevObjectVersion:   Dev-Enterprise (9DFFBCD6-494F-0158-E221-12823C92A888): 1
LogStreaming: Display: Took  0.003s to delete old logs.
LogInit: Presizing for max 8388607 objects, including 0 objects not considered by GC, pre-allocating 0 bytes for permanent pool.
LogInit: Object subsystem initialized
[2019.03.27-19.56.59:985][  0]LogInit: Selected Device Profile: [Windows]
[2019.03.27-19.56.59:985][  0]LogInit: Applying CVar settings loaded from the selected device profile: [Windows]
[2019.03.27-19.57.00:017][  0]LogHAL: Display: Platform has ~ 8 GB [8464732160 / 8589934592 / 8], which maps to Default [LargestMinGB=32, LargerMinGB=12, DefaultMinGB=8, SmallerMinGB=6, SmallestMinGB=0)
[2019.03.27-19.57.00:017][  0]LogInit: Setting Device Profile CVar: [[r.Vulkan.UseRealUBs:1]]
[2019.03.27-19.57.00:018][  0]LogInit: Going up to parent DeviceProfile []
[2019.03.27-19.57.00:024][  0]LogInit: Computer: DESKTOP-FT66DED
[2019.03.27-19.57.00:024][  0]LogInit: User: Malo
[2019.03.27-19.57.00:024][  0]LogInit: CPU Page size=4096, Cores=2
[2019.03.27-19.57.00:024][  0]LogInit: High frequency timer resolution =10.000000 MHz
[2019.03.27-19.57.00:024][  0]LogMemory: Memory total: Physical=7.9GB (8GB approx)
[2019.03.27-19.57.00:024][  0]LogMemory: Platform Memory Stats for Windows
[2019.03.27-19.57.00:024][  0]LogMemory: Process Physical Memory: 100.57 MB used, 100.57 MB peak
[2019.03.27-19.57.00:024][  0]LogMemory: Process Virtual Memory: 96.36 MB used, 96.36 MB peak
[2019.03.27-19.57.00:024][  0]LogMemory: Physical Memory: 5743.72 MB used,  2328.88 MB free, 8072.60 MB total
[2019.03.27-19.57.00:024][  0]LogMemory: Virtual Memory: 4628.76 MB used,  2328.88 MB free, 134217728.00 MB total
[2019.03.27-19.57.00:288][  0]LogInit: Using OS detected language (fr-FR).
[2019.03.27-19.57.00:288][  0]LogInit: Using OS detected locale (fr-FR).
[2019.03.27-19.57.00:291][  0]LogTextLocalizationManager: No specific localization for 'fr-FR' exists, so the 'fr' localization will be used.
[2019.03.27-19.57.00:325][  0]LogStreaming: Display: Took  0.036s to InitEngineTextLocalization.
[2019.03.27-19.57.00:325][  0]LogInit: Setting process to per monitor DPI aware
[2019.03.27-19.57.00:443][  0]LogSlate: New Slate User Created.  User Index 0, Is Virtual User: 0
[2019.03.27-19.57.00:443][  0]LogSlate: Slate User Registered.  User Index 0, Is Virtual User: 0
[2019.03.27-19.57.03:383][  0]LogD3D11RHI: D3D11 adapters:
[2019.03.27-19.57.03:395][  0]LogD3D11RHI:    0. 'Intel(R) HD Graphics 520' (Feature Level 11_0)
[2019.03.27-19.57.03:395][  0]LogD3D11RHI:       128/0/4036 MB DedicatedVideo/DedicatedSystem/SharedSystem, Outputs:1, VendorId:0x8086
[2019.03.27-19.57.03:398][  0]LogD3D11RHI:    1. 'Microsoft Basic Render Driver' (Feature Level 11_0)
[2019.03.27-19.57.03:398][  0]LogD3D11RHI:       0/0/4036 MB DedicatedVideo/DedicatedSystem/SharedSystem, Outputs:0, VendorId:0x1414
[2019.03.27-19.57.03:398][  0]LogD3D11RHI: Chosen D3D11 Adapter: 0
[2019.03.27-19.57.03:404][  0]LogD3D11RHI: Creating new Direct3DDevice
[2019.03.27-19.57.03:405][  0]LogD3D11RHI:     GPU DeviceId: 0x1916 (for the marketing name, search the web for "GPU Device Id")
[2019.03.27-19.57.03:405][  0]LogWindows: EnumDisplayDevices:
[2019.03.27-19.57.03:405][  0]LogWindows:    0. 'Intel(R) HD Graphics 520' (P:1 D:1)
[2019.03.27-19.57.03:406][  0]LogWindows:    1. 'Intel(R) HD Graphics 520' (P:0 D:0)
[2019.03.27-19.57.03:406][  0]LogWindows:    2. 'Intel(R) HD Graphics 520' (P:0 D:0)
[2019.03.27-19.57.03:407][  0]LogWindows: DebugString: FoundDriverCount:3 
[2019.03.27-19.57.03:407][  0]LogD3D11RHI:     Adapter Name: Intel(R) HD Graphics 520
[2019.03.27-19.57.03:407][  0]LogD3D11RHI:   Driver Version: 22.20.16.4771 (internal:22.20.16.4771, unified:22.20.16.4771)
[2019.03.27-19.57.03:407][  0]LogD3D11RHI:      Driver Date: 8-13-2017
[2019.03.27-19.57.03:407][  0]LogRHI: Texture pool is 1502 MB (70% of 2146 MB)
[2019.03.27-19.57.03:417][  0]LogD3D11RHI: Async texture creation enabled
[2019.03.27-19.57.03:437][  0]LogD3D11RHI: GPU Timing Frequency: 12.000000 (Debug: 2 0)
[2019.03.27-19.57.03:441][  0]LogShaderCompilers: Guid format shader working directory is -26 characters bigger than the processId version (C:/Users/Malo/Documents/GitHub/ProjetsHub2018/FPSUnreal/PeopleWithGuns/Intermediate/Shaders/WorkingDirectory/10620/).
[2019.03.27-19.57.03:442][  0]LogShaderCompilers: Cleaned the shader compiler working directory 'C:/Users/Malo/AppData/Local/Temp/UnrealShaderWorkingDir/E6C51E5D43B62CBEAFF92ABB793F5C4F/'.
[2019.03.27-19.57.04:264][  0]LogTemp: Display: Loaded TP AllDesktopTargetPlatform
[2019.03.27-19.57.04:297][  0]LogTemp: Display: Loaded TP MacClientTargetPlatform
[2019.03.27-19.57.04:327][  0]LogTemp: Display: Loaded TP MacNoEditorTargetPlatform
[2019.03.27-19.57.04:357][  0]LogTemp: Display: Loaded TP MacServerTargetPlatform
[2019.03.27-19.57.04:392][  0]LogTemp: Display: Loaded TP MacTargetPlatform
[2019.03.27-19.57.04:421][  0]LogTemp: Display: Loaded TP WindowsClientTargetPlatform
[2019.03.27-19.57.04:452][  0]LogTemp: Display: Loaded TP WindowsNoEditorTargetPlatform
[2019.03.27-19.57.04:483][  0]LogTemp: Display: Loaded TP WindowsServerTargetPlatform
[2019.03.27-19.57.04:504][  0]LogTemp: Display: Loaded TP WindowsTargetPlatform
[2019.03.27-19.57.04:639][  0]LogTemp: Display: Loaded TP AndroidTargetPlatform
[2019.03.27-19.57.04:639][  0]LogTemp: Display: Loaded TP AndroidTargetPlatform
[2019.03.27-19.57.04:639][  0]LogTemp: Display: Loaded TP AndroidTargetPlatform
[2019.03.27-19.57.04:639][  0]LogTemp: Display: Loaded TP AndroidTargetPlatform
[2019.03.27-19.57.04:639][  0]LogTemp: Display: Loaded TP AndroidTargetPlatform
[2019.03.27-19.57.04:639][  0]LogTemp: Display: Loaded TP AndroidTargetPlatform
[2019.03.27-19.57.04:639][  0]LogTemp: Display: Loaded TP AndroidTargetPlatform
[2019.03.27-19.57.04:639][  0]LogTemp: Display: Loaded TP AndroidTargetPlatform
[2019.03.27-19.57.04:639][  0]LogTemp: Display: Loaded TP AndroidTargetPlatform
[2019.03.27-19.57.04:639][  0]LogTemp: Display: Loaded TP AndroidTargetPlatform
[2019.03.27-19.57.04:639][  0]LogTemp: Display: Loaded TP AndroidTargetPlatform
[2019.03.27-19.57.04:639][  0]LogTemp: Display: Loaded TP AndroidTargetPlatform
[2019.03.27-19.57.04:639][  0]LogTemp: Display: Loaded TP AndroidTargetPlatform
[2019.03.27-19.57.04:639][  0]LogTemp: Display: Loaded TP AndroidTargetPlatform
[2019.03.27-19.57.04:639][  0]LogTemp: Display: Loaded TP AndroidTargetPlatform
[2019.03.27-19.57.04:639][  0]LogTemp: Display: Loaded TP AndroidTargetPlatform
[2019.03.27-19.57.04:639][  0]LogTemp: Display: Loaded TP AndroidTargetPlatform
[2019.03.27-19.57.04:639][  0]LogTemp: Display: Loaded TP AndroidTargetPlatform
[2019.03.27-19.57.04:653][  0]LogTemp: Display: Loaded TP HTML5TargetPlatform
[2019.03.27-19.57.04:770][  0]LogTemp: Display: Loaded TP IOSTargetPlatform
[2019.03.27-19.57.04:770][  0]LogTemp: Display: Loaded TP IOSTargetPlatform
[2019.03.27-19.57.04:813][  0]LogTemp: Display: Loaded TP TVOSTargetPlatform
[2019.03.27-19.57.04:813][  0]LogTemp: Display: Loaded TP TVOSTargetPlatform
[2019.03.27-19.57.04:842][  0]LogTemp: Display: Loaded TP LinuxClientTargetPlatform
[2019.03.27-19.57.04:869][  0]LogTemp: Display: Loaded TP LinuxNoEditorTargetPlatform
[2019.03.27-19.57.04:903][  0]LogTemp: Display: Loaded TP LinuxServerTargetPlatform
[2019.03.27-19.57.04:943][  0]LogTemp: Display: Loaded TP LinuxTargetPlatform
[2019.03.27-19.57.04:967][  0]LogTemp: Display: Loaded TP LuminTargetPlatform
[2019.03.27-19.57.04:967][  0]LogTargetPlatformManager: Display: Building Assets For Windows
[2019.03.27-19.57.05:366][  0]LogXGEController: Cleaning working directory: C:/Users/Malo/AppData/Local/Temp/UnrealXGEWorkingDir/
[2019.03.27-19.57.05:366][  0]LogXGEController: Cannot use XGE Controller as Incredibuild is not installed on this machine.
[2019.03.27-19.57.05:366][  0]LogShaderCompilers: Cannot use XGE Shader Compiler as Incredibuild is not installed on this machine.
[2019.03.27-19.57.05:366][  0]LogShaderCompilers: Display: Using Local Shader Compiler.
[2019.03.27-19.57.07:927][  0]LogDerivedDataCache: Display: Max Cache Size: 512 MB
[2019.03.27-19.57.08:389][  0]LogDerivedDataCache: Loaded boot cache 0.46s 70MB C:/Users/Malo/AppData/Local/UnrealEngine/4.20/DerivedDataCache/Boot.ddc.
[2019.03.27-19.57.08:390][  0]LogDerivedDataCache: Display: Loaded Boot cache: C:/Users/Malo/AppData/Local/UnrealEngine/4.20/DerivedDataCache/Boot.ddc
[2019.03.27-19.57.08:390][  0]LogDerivedDataCache: FDerivedDataBackendGraph:  Pak pak cache file C:/Users/Malo/Documents/GitHub/ProjetsHub2018/FPSUnreal/PeopleWithGuns/DerivedDataCache/DDC.ddp not found, will not use a pak cache.
[2019.03.27-19.57.08:390][  0]LogDerivedDataCache: Unable to find inner node Pak for hierarchical cache Hierarchy.
[2019.03.27-19.57.08:390][  0]LogDerivedDataCache: FDerivedDataBackendGraph:  CompressedPak pak cache file C:/Users/Malo/Documents/GitHub/ProjetsHub2018/FPSUnreal/PeopleWithGuns/DerivedDataCache/Compressed.ddp not found, will not use a pak cache.
[2019.03.27-19.57.08:390][  0]LogDerivedDataCache: Unable to find inner node CompressedPak for hierarchical cache Hierarchy.
[2019.03.27-19.57.08:426][  0]LogDerivedDataCache: Display: Pak cache opened for reading ../../../Engine/DerivedDataCache/Compressed.ddp.
[2019.03.27-19.57.08:440][  0]LogDerivedDataCache: Using Local data cache path C:/Users/Malo/AppData/Local/UnrealEngine/Common/DerivedDataCache: Writable
[2019.03.27-19.57.08:440][  0]LogDerivedDataCache: Shared data cache path not found in *engine.ini, will not use an Shared cache.
[2019.03.27-19.57.08:440][  0]LogDerivedDataCache: Unable to find inner node Shared for hierarchical cache Hierarchy.
[2019.03.27-19.57.08:470][  0]LogMaterial: Verifying Global Shaders for PCD3D_SM5
[2019.03.27-19.57.08:477][  0]LogSlate: Using FreeType 2.6.0
[2019.03.27-19.57.08:493][  0]LogSlate: SlateFontServices - WITH_FREETYPE: 1, WITH_HARFBUZZ: 1
[2019.03.27-19.57.08:869][  0]LogAssetRegistry: FAssetRegistry took 0.0319 seconds to start up
[2019.03.27-19.57.09:607][  0]LogInit: Selected Device Profile: [Windows]
[2019.03.27-19.57.10:035][  0]LogSimplygon: Simplygon DLL not present - disabling.
[2019.03.27-19.57.10:079][  0]LogMeshReduction: Using SimplygonSwarm for distributed automatic mesh merging
[2019.03.27-19.57.10:079][  0]LogMeshReduction: Using ProxyLODMeshReduction for automatic mesh merging
[2019.03.27-19.57.10:080][  0]LogMeshReduction: Using QuadricMeshReduction for automatic static mesh reduction
[2019.03.27-19.57.10:080][  0]LogMeshReduction: No automatic skeletal mesh reduction module available
[2019.03.27-19.57.10:258][  0]LogNetVersion: PeopleWithGuns 1.0.0, NetCL: 4212847, EngineNetVer: 5, GameNetVer: 0 (Checksum: 1271298656)
[2019.03.27-19.57.12:068][  0]LogPackageLocalizationCache: Processed 10 localized package path(s) for 2 prioritized culture(s) in 0.169673 seconds
[2019.03.27-19.57.12:079][  0]LogUObjectArray: 38209 objects as part of root set at end of initial load.
[2019.03.27-19.57.12:079][  0]LogUObjectAllocator: 6663656 out of 0 bytes used by permanent object pool.
[2019.03.27-19.57.12:079][  0]LogUObjectArray: CloseDisregardForGC: 0/0 objects in disregard for GC pool
[2019.03.27-19.57.18:405][  0]LogTcpMessaging: Initializing TcpMessaging bridge
[2019.03.27-19.57.18:434][  0]LogUdpMessaging: Initializing bridge on interface 0.0.0.0:0 to multicast group 230.0.0.1:6666.
[2019.03.27-19.57.19:119][  0]SourceControl: Source control is disabled
[2019.03.27-19.57.19:119][  0]SourceControl: Source control is disabled
[2019.03.27-19.57.19:149][  0]SourceControl: Source control is disabled
[2019.03.27-19.57.19:168][  0]SourceControl: Source control is disabled
[2019.03.27-19.57.20:041][  0]LogAndroidPermission: UAndroidPermissionCallbackProxy::GetInstance
[2019.03.27-19.57.20:371][  0]LogOcInput: OculusInput pre-init called
[2019.03.27-19.57.20:576][  0]LogEngine: Initializing Engine...
[2019.03.27-19.57.20:581][  0]LogStats: UGameplayTagsManager::ConstructGameplayTagTree: ImportINI prefixes -  0.000 s
[2019.03.27-19.57.20:581][  0]LogStats: UGameplayTagsManager::ConstructGameplayTagTree: Construct from data asset -  0.000 s
[2019.03.27-19.57.20:581][  0]LogStats: UGameplayTagsManager::ConstructGameplayTagTree: ImportINI -  0.000 s
[2019.03.27-19.57.20:581][  0]LogStats: UGameplayTagsManager::ConstructGameplayTagTree: GameplayTagTreeChangedEvent.Broadcast -  0.000 s
[2019.03.27-19.57.21:073][  0]LogInit: Initializing FReadOnlyCVARCache
[2019.03.27-19.57.21:216][  0]LogAIModule: Creating AISystem for world Untitled
[2019.03.27-19.57.21:393][  0]LogInit: XAudio2 using 'Casque (Conexant ISST Audio)' : 2 channels at 48 kHz using 32 bits per sample (channel mask 0x3)
[2019.03.27-19.57.21:424][  0]LogInit: FAudioDevice initialized.
[2019.03.27-19.57.21:425][  0]LogNetVersion: Set ProjectVersion to 1.0.0.0. Version Checksum will be recalculated on next use.
[2019.03.27-19.57.21:514][  0]LogDerivedDataCache: Saved boot cache 0.09s 70MB C:/Users/Malo/AppData/Local/UnrealEngine/4.20/DerivedDataCache/Boot.ddc.
[2019.03.27-19.57.21:518][  0]LogInit: Texture streaming: Enabled
[2019.03.27-19.57.21:599][  0]LogEngineSessionManager: EngineSessionManager initialized
[2019.03.27-19.57.21:643][  0]LogInit: Transaction tracking system initialized
[2019.03.27-19.57.21:759][  0]BlueprintLog: New page: Editor Load
[2019.03.27-19.57.22:322][  0]LocalizationService: Localization service is disabled
[2019.03.27-19.57.23:581][  0]LogCook: Display: Max memory allowance for cook 16384mb min free memory 0mb
[2019.03.27-19.57.23:582][  0]LogCook: Display: Mobile HDR setting 1
[2019.03.27-19.57.23:583][  0]LogGameplayTags: Display: UGameplayTagsManager::DoneAddingNativeTags. DelegateIsBound: 0
[2019.03.27-19.57.23:583][  0]LogStats: UGameplayTagsManager::ConstructGameplayTagTree: ImportINI prefixes -  0.000 s
[2019.03.27-19.57.23:583][  0]LogStats: UGameplayTagsManager::ConstructGameplayTagTree: Construct from data asset -  0.000 s
[2019.03.27-19.57.23:584][  0]LogStats: UGameplayTagsManager::ConstructGameplayTagTree: ImportINI -  0.000 s
[2019.03.27-19.57.23:584][  0]LogStats: UGameplayTagsManager::ConstructGameplayTagTree: GameplayTagTreeChangedEvent.Broadcast -  0.000 s
[2019.03.27-19.57.23:701][  0]LogFileCache: Scanning file cache for directory 'C:/Users/Malo/Documents/GitHub/ProjetsHub2018/FPSUnreal/PeopleWithGuns/Content/' took 0.08s
[2019.03.27-19.57.24:564][  0]SourceControl: Source control is disabled
[2019.03.27-19.57.24:566][  0]Cmd: MAP LOAD FILE="C:/Users/Malo/Documents/GitHub/ProjetsHub2018/FPSUnreal/PeopleWithGuns/Content/ThirdPersonBP/Maps/MainMenu.umap" TEMPLATE=0 SHOWPROGRESS=1 FEATURELEVEL=3
[2019.03.27-19.57.24:576][  0]LightingResults: New page: Lighting Build
[2019.03.27-19.57.24:593][  0]MapCheck: New page: Map Check
[2019.03.27-19.57.24:593][  0]LightingResults: New page: Lighting Build
[2019.03.27-19.57.25:336][  0]LogAIModule: Creating AISystem for world MainMenu
[2019.03.27-19.57.25:345][  0]LogEditorServer: Finished looking for orphan Actors (0.000 secs)
[2019.03.27-19.57.25:392][  0]Cmd: MAP CHECKDEP NOCLEARLOG
[2019.03.27-19.57.25:476][  0]MapCheck: Map check complete: 0 Error(s), 0 Warning(s), took 83,98ms to complete.
[2019.03.27-19.57.25:476][  0]LogFileHelpers: Loading map 'MainMenu' took 0.911
[2019.03.27-19.57.25:749][  0]LogSlate: Updating window title bar state: overlay mode, drag disabled, window buttons hidden, title bar hidden
[2019.03.27-19.57.25:767][  0]LogSlate: Updating window title bar state: overlay mode, drag disabled, window buttons hidden, title bar hidden
[2019.03.27-19.57.25:779][  0]LogSlate: Updating window title bar state: overlay mode, drag disabled, window buttons hidden, title bar hidden
[2019.03.27-19.57.25:793][  0]LogSlate: Updating window title bar state: overlay mode, drag disabled, window buttons hidden, title bar hidden
[2019.03.27-19.57.25:828][  0]LogCollectionManager: Loaded 0 collections in 0.001744 seconds
[2019.03.27-19.57.25:893][  0]LogFileCache: Scanning file cache for directory 'C:/Users/Malo/Documents/GitHub/ProjetsHub2018/FPSUnreal/PeopleWithGuns/Saved/Collections/' took 0.01s
[2019.03.27-19.57.25:893][  0]LogFileCache: Scanning file cache for directory 'C:/Users/Malo/Documents/GitHub/ProjetsHub2018/FPSUnreal/PeopleWithGuns/Content/Developers/Malo/Collections/' took 0.01s
[2019.03.27-19.57.25:893][  0]LogFileCache: Scanning file cache for directory 'C:/Users/Malo/Documents/GitHub/ProjetsHub2018/FPSUnreal/PeopleWithGuns/Content/Collections/' took 0.01s
[2019.03.27-19.57.25:893][  0]LogCollectionManager: Rebuilt the GUID cache for 0 collections in 0.000001 seconds
[2019.03.27-19.57.25:915][  0]LogContentBrowser: Native class hierarchy populated in 0.0201 seconds. Added 2572 classes and 602 folders.
[2019.03.27-19.57.25:933][  0]LogContentBrowser: Native class hierarchy updated for 'WidgetCarousel' in 0.0004 seconds. Added 0 classes and 0 folders.
[2019.03.27-19.57.26:434][  0]LogContentBrowser: Native class hierarchy updated for 'AddContentDialog' in 0.0004 seconds. Added 0 classes and 0 folders.
[2019.03.27-19.57.26:460][  0]LogContentBrowser: Native class hierarchy updated for 'SceneOutliner' in 0.0004 seconds. Added 1 classes and 2 folders.
[2019.03.27-19.57.26:701][  0]LogSlate: Took 0.007876 seconds to synchronously load lazily loaded font '../../../Engine/Content/Slate/Fonts/Roboto-Regular.ttf' (155K)
[2019.03.27-19.57.26:718][  0]LogSlate: Took 0.004832 seconds to synchronously load lazily loaded font '../../../Engine/Content/Slate/Fonts/Roboto-Bold.ttf' (160K)
[2019.03.27-19.57.26:729][  0]LogSlate: Took 0.006841 seconds to synchronously load lazily loaded font '../../../Engine/Content/Editor/Slate/Fonts/FontAwesome.ttf' (139K)
[2019.03.27-19.57.26:878][  0]LogRenderer: Reallocating scene render targets to support 1528x536 Format 9 NumSamples 1 (Frame:1).
[2019.03.27-19.57.28:371][  0]LogContentBrowser: Native class hierarchy updated for 'HierarchicalLODOutliner' in 0.0005 seconds. Added 0 classes and 0 folders.
[2019.03.27-19.57.28:371][  0]LogLoad: (Engine Initialization) Total time: 34.70 seconds
[2019.03.27-19.57.28:371][  0]LogLoad: (Engine Initialization) Total Blueprint compile time: 0.00 seconds
[2019.03.27-19.57.28:426][  0]LogContentStreaming: Texture pool size now 800 MB
[2019.03.27-19.57.28:497][  0]LogRenderer: Reallocating scene render targets to support 1528x552 Format 9 NumSamples 1 (Frame:2).
[2019.03.27-19.57.28:877][  0]LogSlate: Took 0.006535 seconds to synchronously load lazily loaded font '../../../Engine/Content/Slate/Fonts/Roboto-Light.ttf' (167K)
[2019.03.27-19.57.29:101][  5]LogAssetRegistry: Asset discovery search completed in 20.2543 seconds
[2019.03.27-19.57.29:103][  5]LogCollectionManager: Rebuilt the object cache for 0 collections in 0.000001 seconds (found 0 objects)
[2019.03.27-19.57.29:104][  5]LogCollectionManager: Fixed up redirectors for 0 collections in 0.000975 seconds (updated 0 objects)
[2019.03.27-19.57.31:435][  7]LogSlate: Took 0.000245 seconds to synchronously load lazily loaded font '../../../Engine/Content/Slate/Fonts/Roboto-Light.ttf' (167K)
[2019.03.27-19.57.31:442][  7]LogAssetEditorManager: Opening Asset editor for Blueprint /Game/ThirdPersonBP/Blueprints/Character/ThirdPersonCharacter.ThirdPersonCharacter
[2019.03.27-19.57.32:252][  7]LogContentBrowser: Native class hierarchy updated for 'BlueprintGraph' in 0.0009 seconds. Added 116 classes and 0 folders.
[2019.03.27-19.57.33:511][  7]LogAssetEditorManager: Opening Asset editor for Blueprint /Game/ThirdPersonBP/Blueprints/Weapon/Projectile_Base.Projectile_Base
[2019.03.27-19.57.34:178][  7]LogSlate: Took 0.009038 seconds to synchronously load lazily loaded font '../../../Engine/Content/Slate/Fonts/Roboto-BoldCondensed.ttf' (158K)
[2019.03.27-20.03.52:976][226]LogSlate: FSceneViewport::OnFocusLost() reason 0
[2019.03.27-20.03.54:904][389]LogRenderer: Reallocating scene render targets to support 1528x712 Format 9 NumSamples 1 (Frame:1).
[2019.03.27-20.06.12:824][526]LogSlate: Took 0.008309 seconds to synchronously load lazily loaded font '../../../Engine/Content/Slate/Fonts/Roboto-Italic.ttf' (157K)
